CRITICAL - 2022-02-10 00:12:14 --> Class 'App\Controllers\User' not found
#0 C:\xampp\htdocs\ci2\system\CodeIgniter.php(801): App\Controllers\userController->__construct()
#1 C:\xampp\htdocs\ci2\system\CodeIgniter.php(401): CodeIgniter\CodeIgniter->createController()
#2 C:\xampp\htdocs\ci2\system\CodeIgniter.php(318): CodeIgniter\CodeIgniter->handleRequest(NULL, Object(Config\Cache), false)
#3 C:\xampp\htdocs\ci2\public\index.php(37): CodeIgniter\CodeIgniter->run()
#4 {main}
CRITICAL - 2022-02-10 03:55:05 --> Class 'App\Libraries\CustomOauthStorage' not found
#0 C:\xampp\htdocs\ci2\app\Libraries\Oauth.php(15): App\Libraries\Oauth->init()
#1 C:\xampp\htdocs\ci2\app\Controllers\userController.php(62): App\Libraries\Oauth->__construct()
#2 C:\xampp\htdocs\ci2\system\CodeIgniter.php(824): App\Controllers\userController->login_api()
#3 C:\xampp\htdocs\ci2\system\CodeIgniter.php(410): CodeIgniter\CodeIgniter->runController(Object(App\Controllers\userController))
#4 C:\xampp\htdocs\ci2\system\CodeIgniter.php(318): CodeIgniter\CodeIgniter->handleRequest(NULL, Object(Config\Cache), false)
#5 C:\xampp\htdocs\ci2\public\index.php(37): CodeIgniter\CodeIgniter->run()
#6 {main}
CRITICAL - 2022-02-10 03:55:25 --> Undefined index: id
#0 C:\xampp\htdocs\ci2\app\Controllers\userController.php(163): CodeIgniter\Debug\Exceptions->errorHandler(8, 'Undefined index...', 'C:\\xampp\\htdocs...', 163, Array)
#1 C:\xampp\htdocs\ci2\system\CodeIgniter.php(824): App\Controllers\userController->login()
#2 C:\xampp\htdocs\ci2\system\CodeIgniter.php(410): CodeIgniter\CodeIgniter->runController(Object(App\Controllers\userController))
#3 C:\xampp\htdocs\ci2\system\CodeIgniter.php(318): CodeIgniter\CodeIgniter->handleRequest(NULL, Object(Config\Cache), false)
#4 C:\xampp\htdocs\ci2\public\index.php(37): CodeIgniter\CodeIgniter->run()
#5 {main}
