CRITICAL - 2022-06-21 02:15:53 --> Call to a member function with() on string
#0 C:\Users\muhammad_aftabuddin\Documents\Internship\system\CodeIgniter.php(824): App\Controllers\ReimburseController->approve()
#1 C:\Users\muhammad_aftabuddin\Documents\Internship\system\CodeIgniter.php(410): CodeIgniter\CodeIgniter->runController(Object(App\Controllers\ReimburseController))
#2 C:\Users\muhammad_aftabuddin\Documents\Internship\system\CodeIgniter.php(318): CodeIgniter\CodeIgniter->handleRequest(NULL, Object(Config\Cache), false)
#3 C:\Users\muhammad_aftabuddin\Documents\Internship\public\index.php(37): CodeIgniter\CodeIgniter->run()
#4 C:\Users\muhammad_aftabuddin\Documents\Internship\system\Commands\Server\rewrite.php(43): require_once('C:\\Users\\muhamm...')
#5 {main}
CRITICAL - 2022-06-21 02:16:15 --> Undefined variable: keyword
#0 C:\Users\muhammad_aftabuddin\Documents\Internship\app\Views\reimburse\approve.php(44): CodeIgniter\Debug\Exceptions->errorHandler(8, 'Undefined varia...', 'C:\\Users\\muhamm...', 44, Array)
#1 C:\Users\muhammad_aftabuddin\Documents\Internship\system\View\View.php(214): include('C:\\Users\\muhamm...')
#2 C:\Users\muhammad_aftabuddin\Documents\Internship\system\View\View.php(217): CodeIgniter\View\View->CodeIgniter\View\{closure}()
#3 C:\Users\muhammad_aftabuddin\Documents\Internship\system\Common.php(1097): CodeIgniter\View\View->render('reimburse/appro...', Array, true)
#4 C:\Users\muhammad_aftabuddin\Documents\Internship\app\Controllers\ReimburseController.php(73): view('reimburse/appro...')
#5 C:\Users\muhammad_aftabuddin\Documents\Internship\system\CodeIgniter.php(824): App\Controllers\ReimburseController->approve()
#6 C:\Users\muhammad_aftabuddin\Documents\Internship\system\CodeIgniter.php(410): CodeIgniter\CodeIgniter->runController(Object(App\Controllers\ReimburseController))
#7 C:\Users\muhammad_aftabuddin\Documents\Internship\system\CodeIgniter.php(318): CodeIgniter\CodeIgniter->handleRequest(NULL, Object(Config\Cache), false)
#8 C:\Users\muhammad_aftabuddin\Documents\Internship\public\index.php(37): CodeIgniter\CodeIgniter->run()
#9 C:\Users\muhammad_aftabuddin\Documents\Internship\system\Commands\Server\rewrite.php(43): require_once('C:\\Users\\muhamm...')
#10 {main}
CRITICAL - 2022-06-21 02:18:45 --> Undefined variable: session
#0 C:\Users\muhammad_aftabuddin\Documents\Internship\app\Controllers\ReimburseController.php(72): CodeIgniter\Debug\Exceptions->errorHandler(8, 'Undefined varia...', 'C:\\Users\\muhamm...', 72, Array)
#1 C:\Users\muhammad_aftabuddin\Documents\Internship\system\CodeIgniter.php(824): App\Controllers\ReimburseController->approve()
#2 C:\Users\muhammad_aftabuddin\Documents\Internship\system\CodeIgniter.php(410): CodeIgniter\CodeIgniter->runController(Object(App\Controllers\ReimburseController))
#3 C:\Users\muhammad_aftabuddin\Documents\Internship\system\CodeIgniter.php(318): CodeIgniter\CodeIgniter->handleRequest(NULL, Object(Config\Cache), false)
#4 C:\Users\muhammad_aftabuddin\Documents\Internship\public\index.php(37): CodeIgniter\CodeIgniter->run()
#5 C:\Users\muhammad_aftabuddin\Documents\Internship\system\Commands\Server\rewrite.php(43): require_once('C:\\Users\\muhamm...')
#6 {main}
CRITICAL - 2022-06-21 02:19:09 --> Call to a member function setFlashdata() on string
#0 C:\Users\muhammad_aftabuddin\Documents\Internship\system\CodeIgniter.php(824): App\Controllers\ReimburseController->approve()
#1 C:\Users\muhammad_aftabuddin\Documents\Internship\system\CodeIgniter.php(410): CodeIgniter\CodeIgniter->runController(Object(App\Controllers\ReimburseController))
#2 C:\Users\muhammad_aftabuddin\Documents\Internship\system\CodeIgniter.php(318): CodeIgniter\CodeIgniter->handleRequest(NULL, Object(Config\Cache), false)
#3 C:\Users\muhammad_aftabuddin\Documents\Internship\public\index.php(37): CodeIgniter\CodeIgniter->run()
#4 C:\Users\muhammad_aftabuddin\Documents\Internship\system\Commands\Server\rewrite.php(43): require_once('C:\\Users\\muhamm...')
#5 {main}
CRITICAL - 2022-06-21 02:22:04 --> Undefined variable: session
#0 C:\Users\muhammad_aftabuddin\Documents\Internship\app\Controllers\ReimburseController.php(72): CodeIgniter\Debug\Exceptions->errorHandler(8, 'Undefined varia...', 'C:\\Users\\muhamm...', 72, Array)
#1 C:\Users\muhammad_aftabuddin\Documents\Internship\system\CodeIgniter.php(824): App\Controllers\ReimburseController->approve()
#2 C:\Users\muhammad_aftabuddin\Documents\Internship\system\CodeIgniter.php(410): CodeIgniter\CodeIgniter->runController(Object(App\Controllers\ReimburseController))
#3 C:\Users\muhammad_aftabuddin\Documents\Internship\system\CodeIgniter.php(318): CodeIgniter\CodeIgniter->handleRequest(NULL, Object(Config\Cache), false)
#4 C:\Users\muhammad_aftabuddin\Documents\Internship\public\index.php(37): CodeIgniter\CodeIgniter->run()
#5 C:\Users\muhammad_aftabuddin\Documents\Internship\system\Commands\Server\rewrite.php(43): require_once('C:\\Users\\muhamm...')
#6 {main}
