CRITICAL - 2022-02-06 09:09:44 --> Call to undefined function user()
#0 C:\xampp\htdocs\ci2\system\View\View.php(214): include()
#1 C:\xampp\htdocs\ci2\system\View\View.php(217): CodeIgniter\View\View->CodeIgniter\View\{closure}()
#2 C:\xampp\htdocs\ci2\system\View\View.php(432): CodeIgniter\View\View->render('layouts/compone...', NULL, true)
#3 C:\xampp\htdocs\ci2\app\Views\layouts\admin.php(31): CodeIgniter\View\View->include('layouts/compone...')
#4 C:\xampp\htdocs\ci2\system\View\View.php(214): include('C:\\xampp\\htdocs...')
#5 C:\xampp\htdocs\ci2\system\View\View.php(217): CodeIgniter\View\View->CodeIgniter\View\{closure}()
#6 C:\xampp\htdocs\ci2\system\View\View.php(230): CodeIgniter\View\View->render('layouts/admin', Array, true)
#7 C:\xampp\htdocs\ci2\system\Common.php(1097): CodeIgniter\View\View->render('dashboard', Array, true)
#8 C:\xampp\htdocs\ci2\app\Controllers\Home.php(22): view('dashboard')
#9 C:\xampp\htdocs\ci2\system\CodeIgniter.php(824): App\Controllers\Home->dashboard()
#10 C:\xampp\htdocs\ci2\system\CodeIgniter.php(410): CodeIgniter\CodeIgniter->runController(Object(App\Controllers\Home))
#11 C:\xampp\htdocs\ci2\system\CodeIgniter.php(318): CodeIgniter\CodeIgniter->handleRequest(NULL, Object(Config\Cache), false)
#12 C:\xampp\htdocs\ci2\public\index.php(37): CodeIgniter\CodeIgniter->run()
#13 {main}
CRITICAL - 2022-02-06 09:11:21 --> Call to undefined function user()
#0 C:\xampp\htdocs\ci2\system\View\View.php(214): include()
#1 C:\xampp\htdocs\ci2\system\View\View.php(217): CodeIgniter\View\View->CodeIgniter\View\{closure}()
#2 C:\xampp\htdocs\ci2\system\View\View.php(432): CodeIgniter\View\View->render('layouts/compone...', NULL, true)
#3 C:\xampp\htdocs\ci2\app\Views\layouts\admin.php(31): CodeIgniter\View\View->include('layouts/compone...')
#4 C:\xampp\htdocs\ci2\system\View\View.php(214): include('C:\\xampp\\htdocs...')
#5 C:\xampp\htdocs\ci2\system\View\View.php(217): CodeIgniter\View\View->CodeIgniter\View\{closure}()
#6 C:\xampp\htdocs\ci2\system\View\View.php(230): CodeIgniter\View\View->render('layouts/admin', Array, true)
#7 C:\xampp\htdocs\ci2\system\Common.php(1097): CodeIgniter\View\View->render('dashboard', Array, true)
#8 C:\xampp\htdocs\ci2\app\Controllers\Home.php(22): view('dashboard')
#9 C:\xampp\htdocs\ci2\system\CodeIgniter.php(824): App\Controllers\Home->dashboard()
#10 C:\xampp\htdocs\ci2\system\CodeIgniter.php(410): CodeIgniter\CodeIgniter->runController(Object(App\Controllers\Home))
#11 C:\xampp\htdocs\ci2\system\CodeIgniter.php(318): CodeIgniter\CodeIgniter->handleRequest(NULL, Object(Config\Cache), false)
#12 C:\xampp\htdocs\ci2\public\index.php(37): CodeIgniter\CodeIgniter->run()
#13 {main}
CRITICAL - 2022-02-06 09:11:23 --> Call to undefined function user()
#0 C:\xampp\htdocs\ci2\system\View\View.php(214): include()
#1 C:\xampp\htdocs\ci2\system\View\View.php(217): CodeIgniter\View\View->CodeIgniter\View\{closure}()
#2 C:\xampp\htdocs\ci2\system\View\View.php(432): CodeIgniter\View\View->render('layouts/compone...', NULL, true)
#3 C:\xampp\htdocs\ci2\app\Views\layouts\admin.php(31): CodeIgniter\View\View->include('layouts/compone...')
#4 C:\xampp\htdocs\ci2\system\View\View.php(214): include('C:\\xampp\\htdocs...')
#5 C:\xampp\htdocs\ci2\system\View\View.php(217): CodeIgniter\View\View->CodeIgniter\View\{closure}()
#6 C:\xampp\htdocs\ci2\system\View\View.php(230): CodeIgniter\View\View->render('layouts/admin', Array, true)
#7 C:\xampp\htdocs\ci2\system\Common.php(1097): CodeIgniter\View\View->render('dashboard', Array, true)
#8 C:\xampp\htdocs\ci2\app\Controllers\Home.php(22): view('dashboard')
#9 C:\xampp\htdocs\ci2\system\CodeIgniter.php(824): App\Controllers\Home->dashboard()
#10 C:\xampp\htdocs\ci2\system\CodeIgniter.php(410): CodeIgniter\CodeIgniter->runController(Object(App\Controllers\Home))
#11 C:\xampp\htdocs\ci2\system\CodeIgniter.php(318): CodeIgniter\CodeIgniter->handleRequest(NULL, Object(Config\Cache), false)
#12 C:\xampp\htdocs\ci2\public\index.php(37): CodeIgniter\CodeIgniter->run()
#13 {main}
CRITICAL - 2022-02-06 09:12:10 --> Call to undefined function user()
#0 C:\xampp\htdocs\ci2\system\View\View.php(214): include()
#1 C:\xampp\htdocs\ci2\system\View\View.php(217): CodeIgniter\View\View->CodeIgniter\View\{closure}()
#2 C:\xampp\htdocs\ci2\system\View\View.php(432): CodeIgniter\View\View->render('layouts/compone...', NULL, true)
#3 C:\xampp\htdocs\ci2\app\Views\layouts\admin.php(31): CodeIgniter\View\View->include('layouts/compone...')
#4 C:\xampp\htdocs\ci2\system\View\View.php(214): include('C:\\xampp\\htdocs...')
#5 C:\xampp\htdocs\ci2\system\View\View.php(217): CodeIgniter\View\View->CodeIgniter\View\{closure}()
#6 C:\xampp\htdocs\ci2\system\View\View.php(230): CodeIgniter\View\View->render('layouts/admin', Array, true)
#7 C:\xampp\htdocs\ci2\system\Common.php(1097): CodeIgniter\View\View->render('dashboard', Array, true)
#8 C:\xampp\htdocs\ci2\app\Controllers\Home.php(22): view('dashboard')
#9 C:\xampp\htdocs\ci2\system\CodeIgniter.php(824): App\Controllers\Home->dashboard()
#10 C:\xampp\htdocs\ci2\system\CodeIgniter.php(410): CodeIgniter\CodeIgniter->runController(Object(App\Controllers\Home))
#11 C:\xampp\htdocs\ci2\system\CodeIgniter.php(318): CodeIgniter\CodeIgniter->handleRequest(NULL, Object(Config\Cache), false)
#12 C:\xampp\htdocs\ci2\public\index.php(37): CodeIgniter\CodeIgniter->run()
#13 {main}
ERROR - 2022-02-06 09:35:22 --> Error connecting to the database: No connection could be made because the target machine actively refused it.

CRITICAL - 2022-02-06 09:35:22 --> Unable to connect to the database.
Main connection [MySQLi]: No connection could be made because the target machine actively refused it.

#0 C:\xampp\htdocs\ci2\system\Database\BaseConnection.php(577): CodeIgniter\Database\BaseConnection->initialize()
#1 C:\xampp\htdocs\ci2\system\Database\BaseBuilder.php(1443): CodeIgniter\Database\BaseConnection->query('SELECT *\nFROM `...', Array, false)
#2 C:\xampp\htdocs\ci2\system\Model.php(183): CodeIgniter\Database\BaseBuilder->get()
#3 C:\xampp\htdocs\ci2\system\BaseModel.php(584): CodeIgniter\Model->doFindAll(0, 0)
#4 C:\xampp\htdocs\ci2\app\Controllers\OrderController.php(22): CodeIgniter\BaseModel->findAll()
#5 C:\xampp\htdocs\ci2\system\CodeIgniter.php(824): App\Controllers\OrderController->get_order()
#6 C:\xampp\htdocs\ci2\system\CodeIgniter.php(410): CodeIgniter\CodeIgniter->runController(Object(App\Controllers\OrderController))
#7 C:\xampp\htdocs\ci2\system\CodeIgniter.php(318): CodeIgniter\CodeIgniter->handleRequest(NULL, Object(Config\Cache), false)
#8 C:\xampp\htdocs\ci2\public\index.php(37): CodeIgniter\CodeIgniter->run()
#9 C:\xampp\htdocs\ci2\system\Commands\Server\rewrite.php(43): require_once('C:\\xampp\\htdocs...')
#10 {main}
CRITICAL - 2022-02-06 10:28:30 --> Class 'Myth\Auth\Authentication\Passwords\ValidationRules' not found
#0 C:\xampp\htdocs\ci2\system\Validation\Validation.php(115): CodeIgniter\Validation\Validation->loadRuleSets()
#1 C:\xampp\htdocs\ci2\system\Controller.php(160): CodeIgniter\Validation\Validation->run()
#2 C:\xampp\htdocs\ci2\app\Controllers\userController.php(66): CodeIgniter\Controller->validate(Array, Array)
#3 C:\xampp\htdocs\ci2\system\CodeIgniter.php(824): App\Controllers\userController->login()
#4 C:\xampp\htdocs\ci2\system\CodeIgniter.php(410): CodeIgniter\CodeIgniter->runController(Object(App\Controllers\userController))
#5 C:\xampp\htdocs\ci2\system\CodeIgniter.php(318): CodeIgniter\CodeIgniter->handleRequest(NULL, Object(Config\Cache), false)
#6 C:\xampp\htdocs\ci2\public\index.php(37): CodeIgniter\CodeIgniter->run()
#7 {main}
CRITICAL - 2022-02-06 18:51:40 --> Class 'Myth\Auth\Authentication\Passwords\ValidationRules' not found
#0 C:\xampp\htdocs\ci2\system\Validation\Validation.php(115): CodeIgniter\Validation\Validation->loadRuleSets()
#1 C:\xampp\htdocs\ci2\system\Controller.php(160): CodeIgniter\Validation\Validation->run()
#2 C:\xampp\htdocs\ci2\app\Controllers\userController.php(66): CodeIgniter\Controller->validate(Array, Array)
#3 C:\xampp\htdocs\ci2\system\CodeIgniter.php(824): App\Controllers\userController->login()
#4 C:\xampp\htdocs\ci2\system\CodeIgniter.php(410): CodeIgniter\CodeIgniter->runController(Object(App\Controllers\userController))
#5 C:\xampp\htdocs\ci2\system\CodeIgniter.php(318): CodeIgniter\CodeIgniter->handleRequest(NULL, Object(Config\Cache), false)
#6 C:\xampp\htdocs\ci2\public\index.php(37): CodeIgniter\CodeIgniter->run()
#7 {main}
CRITICAL - 2022-02-06 18:54:51 --> Call to undefined function set_value()
#0 C:\xampp\htdocs\ci2\system\View\View.php(214): include()
#1 C:\xampp\htdocs\ci2\system\View\View.php(217): CodeIgniter\View\View->CodeIgniter\View\{closure}()
#2 C:\xampp\htdocs\ci2\system\Common.php(1097): CodeIgniter\View\View->render('login', Array, true)
#3 C:\xampp\htdocs\ci2\app\Controllers\userController.php(16): view('login')
#4 C:\xampp\htdocs\ci2\system\CodeIgniter.php(824): App\Controllers\userController->index()
#5 C:\xampp\htdocs\ci2\system\CodeIgniter.php(410): CodeIgniter\CodeIgniter->runController(Object(App\Controllers\userController))
#6 C:\xampp\htdocs\ci2\system\CodeIgniter.php(318): CodeIgniter\CodeIgniter->handleRequest(NULL, Object(Config\Cache), false)
#7 C:\xampp\htdocs\ci2\public\index.php(37): CodeIgniter\CodeIgniter->run()
#8 {main}
CRITICAL - 2022-02-06 18:58:46 --> Call to undefined function set_value()
#0 C:\xampp\htdocs\ci2\system\View\View.php(214): include()
#1 C:\xampp\htdocs\ci2\system\View\View.php(217): CodeIgniter\View\View->CodeIgniter\View\{closure}()
#2 C:\xampp\htdocs\ci2\system\Common.php(1097): CodeIgniter\View\View->render('login', Array, true)
#3 C:\xampp\htdocs\ci2\app\Controllers\userController.php(16): view('login')
#4 C:\xampp\htdocs\ci2\system\CodeIgniter.php(824): App\Controllers\userController->index()
#5 C:\xampp\htdocs\ci2\system\CodeIgniter.php(410): CodeIgniter\CodeIgniter->runController(Object(App\Controllers\userController))
#6 C:\xampp\htdocs\ci2\system\CodeIgniter.php(318): CodeIgniter\CodeIgniter->handleRequest(NULL, Object(Config\Cache), false)
#7 C:\xampp\htdocs\ci2\public\index.php(37): CodeIgniter\CodeIgniter->run()
#8 {main}
CRITICAL - 2022-02-06 18:59:42 --> Call to undefined function set_value()
#0 C:\xampp\htdocs\ci2\system\View\View.php(214): include()
#1 C:\xampp\htdocs\ci2\system\View\View.php(217): CodeIgniter\View\View->CodeIgniter\View\{closure}()
#2 C:\xampp\htdocs\ci2\system\Common.php(1097): CodeIgniter\View\View->render('login', Array, true)
#3 C:\xampp\htdocs\ci2\app\Controllers\userController.php(16): view('login')
#4 C:\xampp\htdocs\ci2\system\CodeIgniter.php(824): App\Controllers\userController->index()
#5 C:\xampp\htdocs\ci2\system\CodeIgniter.php(410): CodeIgniter\CodeIgniter->runController(Object(App\Controllers\userController))
#6 C:\xampp\htdocs\ci2\system\CodeIgniter.php(318): CodeIgniter\CodeIgniter->handleRequest(NULL, Object(Config\Cache), false)
#7 C:\xampp\htdocs\ci2\public\index.php(37): CodeIgniter\CodeIgniter->run()
#8 {main}
CRITICAL - 2022-02-06 19:43:00 --> Invalid file: register.php
#0 C:\xampp\htdocs\ci2\system\View\View.php(198): CodeIgniter\Exceptions\FrameworkException::forInvalidFile('register.php')
#1 C:\xampp\htdocs\ci2\system\Common.php(1097): CodeIgniter\View\View->render('register', Array, true)
#2 C:\xampp\htdocs\ci2\app\Controllers\RegisterController.php(12): view('register')
#3 C:\xampp\htdocs\ci2\system\CodeIgniter.php(824): App\Controllers\RegisterController->index()
#4 C:\xampp\htdocs\ci2\system\CodeIgniter.php(410): CodeIgniter\CodeIgniter->runController(Object(App\Controllers\RegisterController))
#5 C:\xampp\htdocs\ci2\system\CodeIgniter.php(318): CodeIgniter\CodeIgniter->handleRequest(NULL, Object(Config\Cache), false)
#6 C:\xampp\htdocs\ci2\public\index.php(37): CodeIgniter\CodeIgniter->run()
#7 {main}
ERROR - 2022-02-06 20:08:50 --> Column 'nama_user' cannot be null
CRITICAL - 2022-02-06 20:08:50 --> Column 'nama_user' cannot be null
#0 C:\xampp\htdocs\ci2\system\Database\MySQLi\Connection.php(292): mysqli->query('INSERT INTO `us...', 0)
#1 C:\xampp\htdocs\ci2\system\Database\BaseConnection.php(670): CodeIgniter\Database\MySQLi\Connection->execute('INSERT INTO `us...')
#2 C:\xampp\htdocs\ci2\system\Database\BaseConnection.php(598): CodeIgniter\Database\BaseConnection->simpleQuery('INSERT INTO `us...')
#3 C:\xampp\htdocs\ci2\system\Database\BaseBuilder.php(1759): CodeIgniter\Database\BaseConnection->query('INSERT INTO `us...', Array, false)
#4 C:\xampp\htdocs\ci2\system\Model.php(239): CodeIgniter\Database\BaseBuilder->insert()
#5 C:\xampp\htdocs\ci2\system\BaseModel.php(738): CodeIgniter\Model->doInsert(Array)
#6 C:\xampp\htdocs\ci2\system\Model.php(620): CodeIgniter\BaseModel->insert(Array, true)
#7 C:\xampp\htdocs\ci2\app\Controllers\userController.php(185): CodeIgniter\Model->insert(Array)
#8 C:\xampp\htdocs\ci2\system\CodeIgniter.php(824): App\Controllers\userController->register_user()
#9 C:\xampp\htdocs\ci2\system\CodeIgniter.php(410): CodeIgniter\CodeIgniter->runController(Object(App\Controllers\userController))
#10 C:\xampp\htdocs\ci2\system\CodeIgniter.php(318): CodeIgniter\CodeIgniter->handleRequest(NULL, Object(Config\Cache), false)
#11 C:\xampp\htdocs\ci2\public\index.php(37): CodeIgniter\CodeIgniter->run()
#12 {main}
ERROR - 2022-02-06 20:09:32 --> Column 'nama_user' cannot be null
CRITICAL - 2022-02-06 20:09:32 --> Column 'nama_user' cannot be null
#0 C:\xampp\htdocs\ci2\system\Database\MySQLi\Connection.php(292): mysqli->query('INSERT INTO `us...', 0)
#1 C:\xampp\htdocs\ci2\system\Database\BaseConnection.php(670): CodeIgniter\Database\MySQLi\Connection->execute('INSERT INTO `us...')
#2 C:\xampp\htdocs\ci2\system\Database\BaseConnection.php(598): CodeIgniter\Database\BaseConnection->simpleQuery('INSERT INTO `us...')
#3 C:\xampp\htdocs\ci2\system\Database\BaseBuilder.php(1759): CodeIgniter\Database\BaseConnection->query('INSERT INTO `us...', Array, false)
#4 C:\xampp\htdocs\ci2\system\Model.php(239): CodeIgniter\Database\BaseBuilder->insert()
#5 C:\xampp\htdocs\ci2\system\BaseModel.php(738): CodeIgniter\Model->doInsert(Array)
#6 C:\xampp\htdocs\ci2\system\Model.php(620): CodeIgniter\BaseModel->insert(Array, true)
#7 C:\xampp\htdocs\ci2\app\Controllers\userController.php(185): CodeIgniter\Model->insert(Array)
#8 C:\xampp\htdocs\ci2\system\CodeIgniter.php(824): App\Controllers\userController->register_user()
#9 C:\xampp\htdocs\ci2\system\CodeIgniter.php(410): CodeIgniter\CodeIgniter->runController(Object(App\Controllers\userController))
#10 C:\xampp\htdocs\ci2\system\CodeIgniter.php(318): CodeIgniter\CodeIgniter->handleRequest(NULL, Object(Config\Cache), false)
#11 C:\xampp\htdocs\ci2\public\index.php(37): CodeIgniter\CodeIgniter->run()
#12 {main}
ERROR - 2022-02-06 20:09:55 --> Column 'nama_user' cannot be null
CRITICAL - 2022-02-06 20:09:55 --> Column 'nama_user' cannot be null
#0 C:\xampp\htdocs\ci2\system\Database\MySQLi\Connection.php(292): mysqli->query('INSERT INTO `us...', 0)
#1 C:\xampp\htdocs\ci2\system\Database\BaseConnection.php(670): CodeIgniter\Database\MySQLi\Connection->execute('INSERT INTO `us...')
#2 C:\xampp\htdocs\ci2\system\Database\BaseConnection.php(598): CodeIgniter\Database\BaseConnection->simpleQuery('INSERT INTO `us...')
#3 C:\xampp\htdocs\ci2\system\Database\BaseBuilder.php(1759): CodeIgniter\Database\BaseConnection->query('INSERT INTO `us...', Array, false)
#4 C:\xampp\htdocs\ci2\system\Model.php(239): CodeIgniter\Database\BaseBuilder->insert()
#5 C:\xampp\htdocs\ci2\system\BaseModel.php(738): CodeIgniter\Model->doInsert(Array)
#6 C:\xampp\htdocs\ci2\system\Model.php(620): CodeIgniter\BaseModel->insert(Array, true)
#7 C:\xampp\htdocs\ci2\app\Controllers\userController.php(185): CodeIgniter\Model->insert(Array)
#8 C:\xampp\htdocs\ci2\system\CodeIgniter.php(824): App\Controllers\userController->register_user()
#9 C:\xampp\htdocs\ci2\system\CodeIgniter.php(410): CodeIgniter\CodeIgniter->runController(Object(App\Controllers\userController))
#10 C:\xampp\htdocs\ci2\system\CodeIgniter.php(318): CodeIgniter\CodeIgniter->handleRequest(NULL, Object(Config\Cache), false)
#11 C:\xampp\htdocs\ci2\public\index.php(37): CodeIgniter\CodeIgniter->run()
#12 {main}
CRITICAL - 2022-02-06 20:14:03 --> Class 'Myth\Auth\Authentication\Passwords\ValidationRules' not found
#0 C:\xampp\htdocs\ci2\system\Validation\Validation.php(115): CodeIgniter\Validation\Validation->loadRuleSets()
#1 C:\xampp\htdocs\ci2\system\Controller.php(160): CodeIgniter\Validation\Validation->run()
#2 C:\xampp\htdocs\ci2\app\Controllers\RegisterController.php(27): CodeIgniter\Controller->validate(Array)
#3 C:\xampp\htdocs\ci2\system\CodeIgniter.php(824): App\Controllers\RegisterController->authregister()
#4 C:\xampp\htdocs\ci2\system\CodeIgniter.php(410): CodeIgniter\CodeIgniter->runController(Object(App\Controllers\RegisterController))
#5 C:\xampp\htdocs\ci2\system\CodeIgniter.php(318): CodeIgniter\CodeIgniter->handleRequest(NULL, Object(Config\Cache), false)
#6 C:\xampp\htdocs\ci2\public\index.php(37): CodeIgniter\CodeIgniter->run()
#7 {main}
CRITICAL - 2022-02-06 20:14:21 --> Class 'Myth\Auth\Authentication\Passwords\ValidationRules' not found
#0 C:\xampp\htdocs\ci2\system\Validation\Validation.php(115): CodeIgniter\Validation\Validation->loadRuleSets()
#1 C:\xampp\htdocs\ci2\system\Controller.php(160): CodeIgniter\Validation\Validation->run()
#2 C:\xampp\htdocs\ci2\app\Controllers\RegisterController.php(27): CodeIgniter\Controller->validate(Array)
#3 C:\xampp\htdocs\ci2\system\CodeIgniter.php(824): App\Controllers\RegisterController->authregister()
#4 C:\xampp\htdocs\ci2\system\CodeIgniter.php(410): CodeIgniter\CodeIgniter->runController(Object(App\Controllers\RegisterController))
#5 C:\xampp\htdocs\ci2\system\CodeIgniter.php(318): CodeIgniter\CodeIgniter->handleRequest(NULL, Object(Config\Cache), false)
#6 C:\xampp\htdocs\ci2\public\index.php(37): CodeIgniter\CodeIgniter->run()
#7 {main}
ERROR - 2022-02-06 20:23:54 --> Unknown column 'user_email' in 'where clause'
CRITICAL - 2022-02-06 20:23:54 --> Unknown column 'user_email' in 'where clause'
#0 C:\xampp\htdocs\ci2\system\Database\MySQLi\Connection.php(292): mysqli->query('SELECT 1\nFROM `...', 0)
#1 C:\xampp\htdocs\ci2\system\Database\BaseConnection.php(670): CodeIgniter\Database\MySQLi\Connection->execute('SELECT 1\nFROM `...')
#2 C:\xampp\htdocs\ci2\system\Database\BaseConnection.php(598): CodeIgniter\Database\BaseConnection->simpleQuery('SELECT 1\nFROM `...')
#3 C:\xampp\htdocs\ci2\system\Database\BaseBuilder.php(1443): CodeIgniter\Database\BaseConnection->query('SELECT 1\nFROM `...', Array, false)
#4 C:\xampp\htdocs\ci2\system\Validation\Rules.php(161): CodeIgniter\Database\BaseBuilder->get()
#5 C:\xampp\htdocs\ci2\system\Validation\Validation.php(277): CodeIgniter\Validation\Rules->is_unique('gita.refina5@gm...', 'user_email', Array, NULL)
#6 C:\xampp\htdocs\ci2\system\Validation\Validation.php(151): CodeIgniter\Validation\Validation->processRules('email', 'email', 'gita.refina5@gm...', Array, Array)
#7 C:\xampp\htdocs\ci2\system\Controller.php(160): CodeIgniter\Validation\Validation->run()
#8 C:\xampp\htdocs\ci2\app\Controllers\RegisterController.php(27): CodeIgniter\Controller->validate(Array)
#9 C:\xampp\htdocs\ci2\system\CodeIgniter.php(824): App\Controllers\RegisterController->authregister()
#10 C:\xampp\htdocs\ci2\system\CodeIgniter.php(410): CodeIgniter\CodeIgniter->runController(Object(App\Controllers\RegisterController))
#11 C:\xampp\htdocs\ci2\system\CodeIgniter.php(318): CodeIgniter\CodeIgniter->handleRequest(NULL, Object(Config\Cache), false)
#12 C:\xampp\htdocs\ci2\public\index.php(37): CodeIgniter\CodeIgniter->run()
#13 {main}
ERROR - 2022-02-06 20:24:10 --> Unknown column 'user_email' in 'where clause'
CRITICAL - 2022-02-06 20:24:10 --> Unknown column 'user_email' in 'where clause'
#0 C:\xampp\htdocs\ci2\system\Database\MySQLi\Connection.php(292): mysqli->query('SELECT 1\nFROM `...', 0)
#1 C:\xampp\htdocs\ci2\system\Database\BaseConnection.php(670): CodeIgniter\Database\MySQLi\Connection->execute('SELECT 1\nFROM `...')
#2 C:\xampp\htdocs\ci2\system\Database\BaseConnection.php(598): CodeIgniter\Database\BaseConnection->simpleQuery('SELECT 1\nFROM `...')
#3 C:\xampp\htdocs\ci2\system\Database\BaseBuilder.php(1443): CodeIgniter\Database\BaseConnection->query('SELECT 1\nFROM `...', Array, false)
#4 C:\xampp\htdocs\ci2\system\Validation\Rules.php(161): CodeIgniter\Database\BaseBuilder->get()
#5 C:\xampp\htdocs\ci2\system\Validation\Validation.php(277): CodeIgniter\Validation\Rules->is_unique('gita.refina5@gm...', 'user_email', Array, NULL)
#6 C:\xampp\htdocs\ci2\system\Validation\Validation.php(151): CodeIgniter\Validation\Validation->processRules('email', 'email', 'gita.refina5@gm...', Array, Array)
#7 C:\xampp\htdocs\ci2\system\Controller.php(160): CodeIgniter\Validation\Validation->run()
#8 C:\xampp\htdocs\ci2\app\Controllers\RegisterController.php(27): CodeIgniter\Controller->validate(Array)
#9 C:\xampp\htdocs\ci2\system\CodeIgniter.php(824): App\Controllers\RegisterController->authregister()
#10 C:\xampp\htdocs\ci2\system\CodeIgniter.php(410): CodeIgniter\CodeIgniter->runController(Object(App\Controllers\RegisterController))
#11 C:\xampp\htdocs\ci2\system\CodeIgniter.php(318): CodeIgniter\CodeIgniter->handleRequest(NULL, Object(Config\Cache), false)
#12 C:\xampp\htdocs\ci2\public\index.php(37): CodeIgniter\CodeIgniter->run()
#13 {main}
CRITICAL - 2022-02-06 20:50:21 --> Array to string conversion
#0 C:\xampp\htdocs\ci2\app\Views\login.php(43): CodeIgniter\Debug\Exceptions->errorHandler(8, 'Array to string...', 'C:\\xampp\\htdocs...', 43, Array)
#1 C:\xampp\htdocs\ci2\system\View\View.php(214): include('C:\\xampp\\htdocs...')
#2 C:\xampp\htdocs\ci2\system\View\View.php(217): CodeIgniter\View\View->CodeIgniter\View\{closure}()
#3 C:\xampp\htdocs\ci2\system\Common.php(1097): CodeIgniter\View\View->render('login', Array, true)
#4 C:\xampp\htdocs\ci2\app\Controllers\userController.php(16): view('login')
#5 C:\xampp\htdocs\ci2\system\CodeIgniter.php(824): App\Controllers\userController->index()
#6 C:\xampp\htdocs\ci2\system\CodeIgniter.php(410): CodeIgniter\CodeIgniter->runController(Object(App\Controllers\userController))
#7 C:\xampp\htdocs\ci2\system\CodeIgniter.php(318): CodeIgniter\CodeIgniter->handleRequest(NULL, Object(Config\Cache), false)
#8 C:\xampp\htdocs\ci2\public\index.php(37): CodeIgniter\CodeIgniter->run()
#9 {main}
CRITICAL - 2022-02-06 20:52:37 --> Cannot use object of type CodeIgniter\HTTP\Response as array
#0 C:\xampp\htdocs\ci2\system\CodeIgniter.php(824): App\Controllers\userController->login()
#1 C:\xampp\htdocs\ci2\system\CodeIgniter.php(410): CodeIgniter\CodeIgniter->runController(Object(App\Controllers\userController))
#2 C:\xampp\htdocs\ci2\system\CodeIgniter.php(318): CodeIgniter\CodeIgniter->handleRequest(NULL, Object(Config\Cache), false)
#3 C:\xampp\htdocs\ci2\public\index.php(37): CodeIgniter\CodeIgniter->run()
#4 {main}
CRITICAL - 2022-02-06 20:52:49 --> Cannot use object of type CodeIgniter\HTTP\Response as array
#0 C:\xampp\htdocs\ci2\system\CodeIgniter.php(824): App\Controllers\userController->login()
#1 C:\xampp\htdocs\ci2\system\CodeIgniter.php(410): CodeIgniter\CodeIgniter->runController(Object(App\Controllers\userController))
#2 C:\xampp\htdocs\ci2\system\CodeIgniter.php(318): CodeIgniter\CodeIgniter->handleRequest(NULL, Object(Config\Cache), false)
#3 C:\xampp\htdocs\ci2\public\index.php(37): CodeIgniter\CodeIgniter->run()
#4 {main}
ERROR - 2022-02-06 21:03:14 --> Unknown column 'user_email' in 'where clause'
CRITICAL - 2022-02-06 21:03:14 --> Unknown column 'user_email' in 'where clause'
#0 C:\xampp\htdocs\ci2\system\Database\MySQLi\Connection.php(292): mysqli->query('SELECT *\nFROM `...', 0)
#1 C:\xampp\htdocs\ci2\system\Database\BaseConnection.php(670): CodeIgniter\Database\MySQLi\Connection->execute('SELECT *\nFROM `...')
#2 C:\xampp\htdocs\ci2\system\Database\BaseConnection.php(598): CodeIgniter\Database\BaseConnection->simpleQuery('SELECT *\nFROM `...')
#3 C:\xampp\htdocs\ci2\system\Database\BaseBuilder.php(1443): CodeIgniter\Database\BaseConnection->query('SELECT *\nFROM `...', Array, false)
#4 C:\xampp\htdocs\ci2\system\Model.php(210): CodeIgniter\Database\BaseBuilder->get()
#5 C:\xampp\htdocs\ci2\system\BaseModel.php(622): CodeIgniter\Model->doFirst()
#6 C:\xampp\htdocs\ci2\app\Controllers\userController.php(26): CodeIgniter\BaseModel->first()
#7 C:\xampp\htdocs\ci2\system\CodeIgniter.php(824): App\Controllers\userController->auth()
#8 C:\xampp\htdocs\ci2\system\CodeIgniter.php(410): CodeIgniter\CodeIgniter->runController(Object(App\Controllers\userController))
#9 C:\xampp\htdocs\ci2\system\CodeIgniter.php(318): CodeIgniter\CodeIgniter->handleRequest(NULL, Object(Config\Cache), false)
#10 C:\xampp\htdocs\ci2\public\index.php(37): CodeIgniter\CodeIgniter->run()
#11 {main}
ERROR - 2022-02-06 21:04:03 --> Unknown column 'user_email' in 'where clause'
CRITICAL - 2022-02-06 21:04:03 --> Unknown column 'user_email' in 'where clause'
#0 C:\xampp\htdocs\ci2\system\Database\MySQLi\Connection.php(292): mysqli->query('SELECT *\nFROM `...', 0)
#1 C:\xampp\htdocs\ci2\system\Database\BaseConnection.php(670): CodeIgniter\Database\MySQLi\Connection->execute('SELECT *\nFROM `...')
#2 C:\xampp\htdocs\ci2\system\Database\BaseConnection.php(598): CodeIgniter\Database\BaseConnection->simpleQuery('SELECT *\nFROM `...')
#3 C:\xampp\htdocs\ci2\system\Database\BaseBuilder.php(1443): CodeIgniter\Database\BaseConnection->query('SELECT *\nFROM `...', Array, false)
#4 C:\xampp\htdocs\ci2\system\Model.php(210): CodeIgniter\Database\BaseBuilder->get()
#5 C:\xampp\htdocs\ci2\system\BaseModel.php(622): CodeIgniter\Model->doFirst()
#6 C:\xampp\htdocs\ci2\app\Controllers\userController.php(26): CodeIgniter\BaseModel->first()
#7 C:\xampp\htdocs\ci2\system\CodeIgniter.php(824): App\Controllers\userController->auth()
#8 C:\xampp\htdocs\ci2\system\CodeIgniter.php(410): CodeIgniter\CodeIgniter->runController(Object(App\Controllers\userController))
#9 C:\xampp\htdocs\ci2\system\CodeIgniter.php(318): CodeIgniter\CodeIgniter->handleRequest(NULL, Object(Config\Cache), false)
#10 C:\xampp\htdocs\ci2\public\index.php(37): CodeIgniter\CodeIgniter->run()
#11 {main}
CRITICAL - 2022-02-06 21:04:20 --> Undefined index: user_password
#0 C:\xampp\htdocs\ci2\app\Controllers\userController.php(28): CodeIgniter\Debug\Exceptions->errorHandler(8, 'Undefined index...', 'C:\\xampp\\htdocs...', 28, Array)
#1 C:\xampp\htdocs\ci2\system\CodeIgniter.php(824): App\Controllers\userController->auth()
#2 C:\xampp\htdocs\ci2\system\CodeIgniter.php(410): CodeIgniter\CodeIgniter->runController(Object(App\Controllers\userController))
#3 C:\xampp\htdocs\ci2\system\CodeIgniter.php(318): CodeIgniter\CodeIgniter->handleRequest(NULL, Object(Config\Cache), false)
#4 C:\xampp\htdocs\ci2\public\index.php(37): CodeIgniter\CodeIgniter->run()
#5 {main}
CRITICAL - 2022-02-06 21:42:32 --> Undefined index: nama
#0 C:\xampp\htdocs\ci2\app\Views\driver.php(28): CodeIgniter\Debug\Exceptions->errorHandler(8, 'Undefined index...', 'C:\\xampp\\htdocs...', 28, Array)
#1 C:\xampp\htdocs\ci2\system\View\View.php(214): include('C:\\xampp\\htdocs...')
#2 C:\xampp\htdocs\ci2\system\View\View.php(217): CodeIgniter\View\View->CodeIgniter\View\{closure}()
#3 C:\xampp\htdocs\ci2\system\Common.php(1097): CodeIgniter\View\View->render('driver', Array, true)
#4 C:\xampp\htdocs\ci2\app\Controllers\Home.php(42): view('driver', Array)
#5 C:\xampp\htdocs\ci2\system\CodeIgniter.php(824): App\Controllers\Home->driver()
#6 C:\xampp\htdocs\ci2\system\CodeIgniter.php(410): CodeIgniter\CodeIgniter->runController(Object(App\Controllers\Home))
#7 C:\xampp\htdocs\ci2\system\CodeIgniter.php(318): CodeIgniter\CodeIgniter->handleRequest(NULL, Object(Config\Cache), false)
#8 C:\xampp\htdocs\ci2\public\index.php(37): CodeIgniter\CodeIgniter->run()
#9 {main}
