CRITICAL - 2022-08-16 03:03:42 --> syntax error, unexpected '||' (T_BOOLEAN_OR)
#0 C:\xampp73\htdocs\order_mobil\system\View\View.php(217): CodeIgniter\View\View->CodeIgniter\View\{closure}()
#1 C:\xampp73\htdocs\order_mobil\system\View\View.php(432): CodeIgniter\View\View->render('layouts/compone...', NULL, true)
#2 C:\xampp73\htdocs\order_mobil\app\Views\layouts\admin.php(26): CodeIgniter\View\View->include('layouts/compone...')
#3 C:\xampp73\htdocs\order_mobil\system\View\View.php(214): include('C:\\xampp73\\htdo...')
#4 C:\xampp73\htdocs\order_mobil\system\View\View.php(217): CodeIgniter\View\View->CodeIgniter\View\{closure}()
#5 C:\xampp73\htdocs\order_mobil\system\View\View.php(230): CodeIgniter\View\View->render('layouts/admin', Array, true)
#6 C:\xampp73\htdocs\order_mobil\system\Common.php(1097): CodeIgniter\View\View->render('dashboard', Array, true)
#7 C:\xampp73\htdocs\order_mobil\app\Controllers\Home.php(24): view('dashboard')
#8 C:\xampp73\htdocs\order_mobil\system\CodeIgniter.php(824): App\Controllers\Home->dashboard()
#9 C:\xampp73\htdocs\order_mobil\system\CodeIgniter.php(410): CodeIgniter\CodeIgniter->runController(Object(App\Controllers\Home))
#10 C:\xampp73\htdocs\order_mobil\system\CodeIgniter.php(318): CodeIgniter\CodeIgniter->handleRequest(NULL, Object(Config\Cache), false)
#11 C:\xampp73\htdocs\order_mobil\index.php(37): CodeIgniter\CodeIgniter->run()
#12 {main}
CRITICAL - 2022-08-16 03:03:59 --> syntax error, unexpected '||' (T_BOOLEAN_OR)
#0 C:\xampp73\htdocs\order_mobil\system\View\View.php(217): CodeIgniter\View\View->CodeIgniter\View\{closure}()
#1 C:\xampp73\htdocs\order_mobil\system\View\View.php(432): CodeIgniter\View\View->render('layouts/compone...', NULL, true)
#2 C:\xampp73\htdocs\order_mobil\app\Views\layouts\admin.php(26): CodeIgniter\View\View->include('layouts/compone...')
#3 C:\xampp73\htdocs\order_mobil\system\View\View.php(214): include('C:\\xampp73\\htdo...')
#4 C:\xampp73\htdocs\order_mobil\system\View\View.php(217): CodeIgniter\View\View->CodeIgniter\View\{closure}()
#5 C:\xampp73\htdocs\order_mobil\system\View\View.php(230): CodeIgniter\View\View->render('layouts/admin', Array, true)
#6 C:\xampp73\htdocs\order_mobil\system\Common.php(1097): CodeIgniter\View\View->render('dashboard', Array, true)
#7 C:\xampp73\htdocs\order_mobil\app\Controllers\Home.php(24): view('dashboard')
#8 C:\xampp73\htdocs\order_mobil\system\CodeIgniter.php(824): App\Controllers\Home->dashboard()
#9 C:\xampp73\htdocs\order_mobil\system\CodeIgniter.php(410): CodeIgniter\CodeIgniter->runController(Object(App\Controllers\Home))
#10 C:\xampp73\htdocs\order_mobil\system\CodeIgniter.php(318): CodeIgniter\CodeIgniter->handleRequest(NULL, Object(Config\Cache), false)
#11 C:\xampp73\htdocs\order_mobil\index.php(37): CodeIgniter\CodeIgniter->run()
#12 {main}
CRITICAL - 2022-08-16 03:04:28 --> syntax error, unexpected 'or' (T_LOGICAL_OR)
#0 C:\xampp73\htdocs\order_mobil\system\View\View.php(217): CodeIgniter\View\View->CodeIgniter\View\{closure}()
#1 C:\xampp73\htdocs\order_mobil\system\View\View.php(432): CodeIgniter\View\View->render('layouts/compone...', NULL, true)
#2 C:\xampp73\htdocs\order_mobil\app\Views\layouts\admin.php(26): CodeIgniter\View\View->include('layouts/compone...')
#3 C:\xampp73\htdocs\order_mobil\system\View\View.php(214): include('C:\\xampp73\\htdo...')
#4 C:\xampp73\htdocs\order_mobil\system\View\View.php(217): CodeIgniter\View\View->CodeIgniter\View\{closure}()
#5 C:\xampp73\htdocs\order_mobil\system\View\View.php(230): CodeIgniter\View\View->render('layouts/admin', Array, true)
#6 C:\xampp73\htdocs\order_mobil\system\Common.php(1097): CodeIgniter\View\View->render('dashboard', Array, true)
#7 C:\xampp73\htdocs\order_mobil\app\Controllers\Home.php(24): view('dashboard')
#8 C:\xampp73\htdocs\order_mobil\system\CodeIgniter.php(824): App\Controllers\Home->dashboard()
#9 C:\xampp73\htdocs\order_mobil\system\CodeIgniter.php(410): CodeIgniter\CodeIgniter->runController(Object(App\Controllers\Home))
#10 C:\xampp73\htdocs\order_mobil\system\CodeIgniter.php(318): CodeIgniter\CodeIgniter->handleRequest(NULL, Object(Config\Cache), false)
#11 C:\xampp73\htdocs\order_mobil\index.php(37): CodeIgniter\CodeIgniter->run()
#12 {main}
