CRITICAL - 2022-07-20 01:39:01 --> Class 'PhpOffice\PhpSpreadsheet\Style\Protection' not found
#0 C:\xampp73\htdocs\order_mobil\vendor\phpoffice\phpspreadsheet\src\PhpSpreadsheet\Spreadsheet.php(493): PhpOffice\PhpSpreadsheet\Style\Style->__construct(true)
#1 C:\xampp73\htdocs\order_mobil\app\Controllers\ReimburseController.php(30): PhpOffice\PhpSpreadsheet\Spreadsheet->__construct()
#2 C:\xampp73\htdocs\order_mobil\system\CodeIgniter.php(801): App\Controllers\ReimburseController->__construct()
#3 C:\xampp73\htdocs\order_mobil\system\CodeIgniter.php(401): CodeIgniter\CodeIgniter->createController()
#4 C:\xampp73\htdocs\order_mobil\system\CodeIgniter.php(318): CodeIgniter\CodeIgniter->handleRequest(NULL, Object(Config\Cache), false)
#5 C:\xampp73\htdocs\order_mobil\index.php(37): CodeIgniter\CodeIgniter->run()
#6 {main}
CRITICAL - 2022-07-20 01:39:02 --> Class 'PhpOffice\PhpSpreadsheet\Style\Protection' not found
#0 C:\xampp73\htdocs\order_mobil\vendor\phpoffice\phpspreadsheet\src\PhpSpreadsheet\Spreadsheet.php(493): PhpOffice\PhpSpreadsheet\Style\Style->__construct(true)
#1 C:\xampp73\htdocs\order_mobil\app\Controllers\ReimburseController.php(30): PhpOffice\PhpSpreadsheet\Spreadsheet->__construct()
#2 C:\xampp73\htdocs\order_mobil\system\CodeIgniter.php(801): App\Controllers\ReimburseController->__construct()
#3 C:\xampp73\htdocs\order_mobil\system\CodeIgniter.php(401): CodeIgniter\CodeIgniter->createController()
#4 C:\xampp73\htdocs\order_mobil\system\CodeIgniter.php(318): CodeIgniter\CodeIgniter->handleRequest(NULL, Object(Config\Cache), false)
#5 C:\xampp73\htdocs\order_mobil\index.php(37): CodeIgniter\CodeIgniter->run()
#6 {main}
CRITICAL - 2022-07-20 01:40:19 --> Class 'PhpOffice\PhpSpreadsheet\Style\Protection' not found
#0 C:\xampp73\htdocs\order_mobil\vendor\phpoffice\phpspreadsheet\src\PhpSpreadsheet\Spreadsheet.php(493): PhpOffice\PhpSpreadsheet\Style\Style->__construct(true)
#1 C:\xampp73\htdocs\order_mobil\app\Controllers\ReimburseController.php(30): PhpOffice\PhpSpreadsheet\Spreadsheet->__construct()
#2 C:\xampp73\htdocs\order_mobil\system\CodeIgniter.php(801): App\Controllers\ReimburseController->__construct()
#3 C:\xampp73\htdocs\order_mobil\system\CodeIgniter.php(401): CodeIgniter\CodeIgniter->createController()
#4 C:\xampp73\htdocs\order_mobil\system\CodeIgniter.php(318): CodeIgniter\CodeIgniter->handleRequest(NULL, Object(Config\Cache), false)
#5 C:\xampp73\htdocs\order_mobil\index.php(37): CodeIgniter\CodeIgniter->run()
#6 {main}
CRITICAL - 2022-07-20 01:40:28 --> Class 'PhpOffice\PhpSpreadsheet\Style\Protection' not found
#0 C:\xampp73\htdocs\order_mobil\vendor\phpoffice\phpspreadsheet\src\PhpSpreadsheet\Spreadsheet.php(493): PhpOffice\PhpSpreadsheet\Style\Style->__construct(true)
#1 C:\xampp73\htdocs\order_mobil\app\Controllers\ReimburseController.php(30): PhpOffice\PhpSpreadsheet\Spreadsheet->__construct()
#2 C:\xampp73\htdocs\order_mobil\system\CodeIgniter.php(801): App\Controllers\ReimburseController->__construct()
#3 C:\xampp73\htdocs\order_mobil\system\CodeIgniter.php(401): CodeIgniter\CodeIgniter->createController()
#4 C:\xampp73\htdocs\order_mobil\system\CodeIgniter.php(318): CodeIgniter\CodeIgniter->handleRequest(NULL, Object(Config\Cache), false)
#5 C:\xampp73\htdocs\order_mobil\index.php(37): CodeIgniter\CodeIgniter->run()
#6 {main}
CRITICAL - 2022-07-20 01:40:37 --> Class 'PhpOffice\PhpSpreadsheet\Style\Protection' not found
#0 C:\xampp73\htdocs\order_mobil\vendor\phpoffice\phpspreadsheet\src\PhpSpreadsheet\Spreadsheet.php(493): PhpOffice\PhpSpreadsheet\Style\Style->__construct(true)
#1 C:\xampp73\htdocs\order_mobil\app\Controllers\ReimburseController.php(30): PhpOffice\PhpSpreadsheet\Spreadsheet->__construct()
#2 C:\xampp73\htdocs\order_mobil\system\CodeIgniter.php(801): App\Controllers\ReimburseController->__construct()
#3 C:\xampp73\htdocs\order_mobil\system\CodeIgniter.php(401): CodeIgniter\CodeIgniter->createController()
#4 C:\xampp73\htdocs\order_mobil\system\CodeIgniter.php(318): CodeIgniter\CodeIgniter->handleRequest(NULL, Object(Config\Cache), false)
#5 C:\xampp73\htdocs\order_mobil\index.php(37): CodeIgniter\CodeIgniter->run()
#6 {main}
CRITICAL - 2022-07-20 01:40:43 --> Class 'PhpOffice\PhpSpreadsheet\Style\Protection' not found
#0 C:\xampp73\htdocs\order_mobil\vendor\phpoffice\phpspreadsheet\src\PhpSpreadsheet\Spreadsheet.php(493): PhpOffice\PhpSpreadsheet\Style\Style->__construct(true)
#1 C:\xampp73\htdocs\order_mobil\app\Controllers\ReimburseController.php(30): PhpOffice\PhpSpreadsheet\Spreadsheet->__construct()
#2 C:\xampp73\htdocs\order_mobil\system\CodeIgniter.php(801): App\Controllers\ReimburseController->__construct()
#3 C:\xampp73\htdocs\order_mobil\system\CodeIgniter.php(401): CodeIgniter\CodeIgniter->createController()
#4 C:\xampp73\htdocs\order_mobil\system\CodeIgniter.php(318): CodeIgniter\CodeIgniter->handleRequest(NULL, Object(Config\Cache), false)
#5 C:\xampp73\htdocs\order_mobil\index.php(37): CodeIgniter\CodeIgniter->run()
#6 {main}
CRITICAL - 2022-07-20 02:44:22 --> Class 'PhpOffice\PhpSpreadsheet\Style\Protection' not found
#0 C:\xampp73\htdocs\order_mobil\vendor\phpoffice\phpspreadsheet\src\PhpSpreadsheet\Spreadsheet.php(493): PhpOffice\PhpSpreadsheet\Style\Style->__construct(true)
#1 C:\xampp73\htdocs\order_mobil\app\Controllers\ReimburseController.php(30): PhpOffice\PhpSpreadsheet\Spreadsheet->__construct()
#2 C:\xampp73\htdocs\order_mobil\system\CodeIgniter.php(801): App\Controllers\ReimburseController->__construct()
#3 C:\xampp73\htdocs\order_mobil\system\CodeIgniter.php(401): CodeIgniter\CodeIgniter->createController()
#4 C:\xampp73\htdocs\order_mobil\system\CodeIgniter.php(318): CodeIgniter\CodeIgniter->handleRequest(NULL, Object(Config\Cache), false)
#5 C:\xampp73\htdocs\order_mobil\index.php(37): CodeIgniter\CodeIgniter->run()
#6 {main}
CRITICAL - 2022-07-20 02:44:23 --> Class 'PhpOffice\PhpSpreadsheet\Style\Protection' not found
#0 C:\xampp73\htdocs\order_mobil\vendor\phpoffice\phpspreadsheet\src\PhpSpreadsheet\Spreadsheet.php(493): PhpOffice\PhpSpreadsheet\Style\Style->__construct(true)
#1 C:\xampp73\htdocs\order_mobil\app\Controllers\ReimburseController.php(30): PhpOffice\PhpSpreadsheet\Spreadsheet->__construct()
#2 C:\xampp73\htdocs\order_mobil\system\CodeIgniter.php(801): App\Controllers\ReimburseController->__construct()
#3 C:\xampp73\htdocs\order_mobil\system\CodeIgniter.php(401): CodeIgniter\CodeIgniter->createController()
#4 C:\xampp73\htdocs\order_mobil\system\CodeIgniter.php(318): CodeIgniter\CodeIgniter->handleRequest(NULL, Object(Config\Cache), false)
#5 C:\xampp73\htdocs\order_mobil\index.php(37): CodeIgniter\CodeIgniter->run()
#6 {main}
CRITICAL - 2022-07-20 02:44:28 --> Class 'PhpOffice\PhpSpreadsheet\Style\Protection' not found
#0 C:\xampp73\htdocs\order_mobil\vendor\phpoffice\phpspreadsheet\src\PhpSpreadsheet\Spreadsheet.php(493): PhpOffice\PhpSpreadsheet\Style\Style->__construct(true)
#1 C:\xampp73\htdocs\order_mobil\app\Controllers\ReimburseController.php(30): PhpOffice\PhpSpreadsheet\Spreadsheet->__construct()
#2 C:\xampp73\htdocs\order_mobil\system\CodeIgniter.php(801): App\Controllers\ReimburseController->__construct()
#3 C:\xampp73\htdocs\order_mobil\system\CodeIgniter.php(401): CodeIgniter\CodeIgniter->createController()
#4 C:\xampp73\htdocs\order_mobil\system\CodeIgniter.php(318): CodeIgniter\CodeIgniter->handleRequest(NULL, Object(Config\Cache), false)
#5 C:\xampp73\htdocs\order_mobil\index.php(37): CodeIgniter\CodeIgniter->run()
#6 {main}
CRITICAL - 2022-07-20 02:56:53 --> Class 'PhpOffice\PhpSpreadsheet\Style\Protection' not found
#0 C:\xampp73\htdocs\order_mobil\vendor\phpoffice\phpspreadsheet\src\PhpSpreadsheet\Spreadsheet.php(493): PhpOffice\PhpSpreadsheet\Style\Style->__construct(true)
#1 C:\xampp73\htdocs\order_mobil\app\Controllers\ReimburseController.php(28): PhpOffice\PhpSpreadsheet\Spreadsheet->__construct()
#2 C:\xampp73\htdocs\order_mobil\system\CodeIgniter.php(801): App\Controllers\ReimburseController->__construct()
#3 C:\xampp73\htdocs\order_mobil\system\CodeIgniter.php(401): CodeIgniter\CodeIgniter->createController()
#4 C:\xampp73\htdocs\order_mobil\system\CodeIgniter.php(318): CodeIgniter\CodeIgniter->handleRequest(NULL, Object(Config\Cache), false)
#5 C:\xampp73\htdocs\order_mobil\index.php(37): CodeIgniter\CodeIgniter->run()
#6 {main}
CRITICAL - 2022-07-20 03:10:31 --> Class 'PhpOffice\PhpSpreadsheet\Style\Protection' not found
#0 C:\xampp73\htdocs\order_mobil\vendor\phpoffice\phpspreadsheet\src\PhpSpreadsheet\Spreadsheet.php(493): PhpOffice\PhpSpreadsheet\Style\Style->__construct(true)
#1 C:\xampp73\htdocs\order_mobil\app\Controllers\ReimburseController.php(28): PhpOffice\PhpSpreadsheet\Spreadsheet->__construct()
#2 C:\xampp73\htdocs\order_mobil\system\CodeIgniter.php(801): App\Controllers\ReimburseController->__construct()
#3 C:\xampp73\htdocs\order_mobil\system\CodeIgniter.php(401): CodeIgniter\CodeIgniter->createController()
#4 C:\xampp73\htdocs\order_mobil\system\CodeIgniter.php(318): CodeIgniter\CodeIgniter->handleRequest(NULL, Object(Config\Cache), false)
#5 C:\xampp73\htdocs\order_mobil\index.php(37): CodeIgniter\CodeIgniter->run()
#6 {main}
CRITICAL - 2022-07-20 03:10:35 --> Class 'PhpOffice\PhpSpreadsheet\Style\Protection' not found
#0 C:\xampp73\htdocs\order_mobil\vendor\phpoffice\phpspreadsheet\src\PhpSpreadsheet\Spreadsheet.php(493): PhpOffice\PhpSpreadsheet\Style\Style->__construct(true)
#1 C:\xampp73\htdocs\order_mobil\app\Controllers\ReimburseController.php(28): PhpOffice\PhpSpreadsheet\Spreadsheet->__construct()
#2 C:\xampp73\htdocs\order_mobil\system\CodeIgniter.php(801): App\Controllers\ReimburseController->__construct()
#3 C:\xampp73\htdocs\order_mobil\system\CodeIgniter.php(401): CodeIgniter\CodeIgniter->createController()
#4 C:\xampp73\htdocs\order_mobil\system\CodeIgniter.php(318): CodeIgniter\CodeIgniter->handleRequest(NULL, Object(Config\Cache), false)
#5 C:\xampp73\htdocs\order_mobil\index.php(37): CodeIgniter\CodeIgniter->run()
#6 {main}
CRITICAL - 2022-07-20 03:11:12 --> Class 'PhpOffice\PhpSpreadsheet\Style\Protection' not found
#0 C:\xampp73\htdocs\order_mobil\vendor\phpoffice\phpspreadsheet\src\PhpSpreadsheet\Spreadsheet.php(493): PhpOffice\PhpSpreadsheet\Style\Style->__construct(true)
#1 C:\xampp73\htdocs\order_mobil\app\Controllers\ReimburseController.php(28): PhpOffice\PhpSpreadsheet\Spreadsheet->__construct()
#2 C:\xampp73\htdocs\order_mobil\system\CodeIgniter.php(801): App\Controllers\ReimburseController->__construct()
#3 C:\xampp73\htdocs\order_mobil\system\CodeIgniter.php(401): CodeIgniter\CodeIgniter->createController()
#4 C:\xampp73\htdocs\order_mobil\system\CodeIgniter.php(318): CodeIgniter\CodeIgniter->handleRequest(NULL, Object(Config\Cache), false)
#5 C:\xampp73\htdocs\order_mobil\index.php(37): CodeIgniter\CodeIgniter->run()
#6 {main}
CRITICAL - 2022-07-20 03:12:14 --> Class 'PhpOffice\PhpSpreadsheet\Style\Protection' not found
#0 C:\xampp73\htdocs\order_mobil\vendor\phpoffice\phpspreadsheet\src\PhpSpreadsheet\Spreadsheet.php(493): PhpOffice\PhpSpreadsheet\Style\Style->__construct(true)
#1 C:\xampp73\htdocs\order_mobil\app\Controllers\ReimburseController.php(28): PhpOffice\PhpSpreadsheet\Spreadsheet->__construct()
#2 C:\xampp73\htdocs\order_mobil\system\CodeIgniter.php(801): App\Controllers\ReimburseController->__construct()
#3 C:\xampp73\htdocs\order_mobil\system\CodeIgniter.php(401): CodeIgniter\CodeIgniter->createController()
#4 C:\xampp73\htdocs\order_mobil\system\CodeIgniter.php(318): CodeIgniter\CodeIgniter->handleRequest(NULL, Object(Config\Cache), false)
#5 C:\xampp73\htdocs\order_mobil\index.php(37): CodeIgniter\CodeIgniter->run()
#6 {main}
CRITICAL - 2022-07-20 03:12:58 --> Class 'PhpOffice\PhpSpreadsheet\Style\Protection' not found
#0 C:\xampp73\htdocs\order_mobil\vendor\phpoffice\phpspreadsheet\src\PhpSpreadsheet\Spreadsheet.php(493): PhpOffice\PhpSpreadsheet\Style\Style->__construct(true)
#1 C:\xampp73\htdocs\order_mobil\app\Controllers\ReimburseController.php(28): PhpOffice\PhpSpreadsheet\Spreadsheet->__construct()
#2 C:\xampp73\htdocs\order_mobil\system\CodeIgniter.php(801): App\Controllers\ReimburseController->__construct()
#3 C:\xampp73\htdocs\order_mobil\system\CodeIgniter.php(401): CodeIgniter\CodeIgniter->createController()
#4 C:\xampp73\htdocs\order_mobil\system\CodeIgniter.php(318): CodeIgniter\CodeIgniter->handleRequest(NULL, Object(Config\Cache), false)
#5 C:\xampp73\htdocs\order_mobil\index.php(37): CodeIgniter\CodeIgniter->run()
#6 {main}
CRITICAL - 2022-07-20 03:19:43 --> Class 'PhpOffice\PhpSpreadsheet\Style\Protection' not found
#0 C:\xampp73\htdocs\order_mobil\vendor\phpoffice\phpspreadsheet\src\PhpSpreadsheet\Spreadsheet.php(493): PhpOffice\PhpSpreadsheet\Style\Style->__construct(true)
#1 C:\xampp73\htdocs\order_mobil\app\Controllers\ReimburseController.php(28): PhpOffice\PhpSpreadsheet\Spreadsheet->__construct()
#2 C:\xampp73\htdocs\order_mobil\system\CodeIgniter.php(801): App\Controllers\ReimburseController->__construct()
#3 C:\xampp73\htdocs\order_mobil\system\CodeIgniter.php(401): CodeIgniter\CodeIgniter->createController()
#4 C:\xampp73\htdocs\order_mobil\system\CodeIgniter.php(318): CodeIgniter\CodeIgniter->handleRequest(NULL, Object(Config\Cache), false)
#5 C:\xampp73\htdocs\order_mobil\index.php(37): CodeIgniter\CodeIgniter->run()
#6 {main}
CRITICAL - 2022-07-20 03:19:45 --> Class 'PhpOffice\PhpSpreadsheet\Style\Protection' not found
#0 C:\xampp73\htdocs\order_mobil\vendor\phpoffice\phpspreadsheet\src\PhpSpreadsheet\Spreadsheet.php(493): PhpOffice\PhpSpreadsheet\Style\Style->__construct(true)
#1 C:\xampp73\htdocs\order_mobil\app\Controllers\ReimburseController.php(28): PhpOffice\PhpSpreadsheet\Spreadsheet->__construct()
#2 C:\xampp73\htdocs\order_mobil\system\CodeIgniter.php(801): App\Controllers\ReimburseController->__construct()
#3 C:\xampp73\htdocs\order_mobil\system\CodeIgniter.php(401): CodeIgniter\CodeIgniter->createController()
#4 C:\xampp73\htdocs\order_mobil\system\CodeIgniter.php(318): CodeIgniter\CodeIgniter->handleRequest(NULL, Object(Config\Cache), false)
#5 C:\xampp73\htdocs\order_mobil\index.php(37): CodeIgniter\CodeIgniter->run()
#6 {main}
CRITICAL - 2022-07-20 03:21:30 --> Class 'PhpOffice\PhpSpreadsheet\Style\Protection' not found
#0 C:\xampp73\htdocs\order_mobil\vendor\phpoffice\phpspreadsheet\src\PhpSpreadsheet\Spreadsheet.php(493): PhpOffice\PhpSpreadsheet\Style\Style->__construct(true)
#1 C:\xampp73\htdocs\order_mobil\app\Controllers\ReimburseController.php(28): PhpOffice\PhpSpreadsheet\Spreadsheet->__construct()
#2 C:\xampp73\htdocs\order_mobil\system\CodeIgniter.php(801): App\Controllers\ReimburseController->__construct()
#3 C:\xampp73\htdocs\order_mobil\system\CodeIgniter.php(401): CodeIgniter\CodeIgniter->createController()
#4 C:\xampp73\htdocs\order_mobil\system\CodeIgniter.php(318): CodeIgniter\CodeIgniter->handleRequest(NULL, Object(Config\Cache), false)
#5 C:\xampp73\htdocs\order_mobil\index.php(37): CodeIgniter\CodeIgniter->run()
#6 {main}
CRITICAL - 2022-07-20 03:21:40 --> Class 'PhpOffice\PhpSpreadsheet\Style\Protection' not found
#0 C:\xampp73\htdocs\order_mobil\vendor\phpoffice\phpspreadsheet\src\PhpSpreadsheet\Spreadsheet.php(493): PhpOffice\PhpSpreadsheet\Style\Style->__construct(true)
#1 C:\xampp73\htdocs\order_mobil\app\Controllers\ReimburseController.php(28): PhpOffice\PhpSpreadsheet\Spreadsheet->__construct()
#2 C:\xampp73\htdocs\order_mobil\system\CodeIgniter.php(801): App\Controllers\ReimburseController->__construct()
#3 C:\xampp73\htdocs\order_mobil\system\CodeIgniter.php(401): CodeIgniter\CodeIgniter->createController()
#4 C:\xampp73\htdocs\order_mobil\system\CodeIgniter.php(318): CodeIgniter\CodeIgniter->handleRequest(NULL, Object(Config\Cache), false)
#5 C:\xampp73\htdocs\order_mobil\index.php(37): CodeIgniter\CodeIgniter->run()
#6 {main}
CRITICAL - 2022-07-20 03:21:49 --> Class 'PhpOffice\PhpSpreadsheet\Style\Protection' not found
#0 C:\xampp73\htdocs\order_mobil\vendor\phpoffice\phpspreadsheet\src\PhpSpreadsheet\Spreadsheet.php(493): PhpOffice\PhpSpreadsheet\Style\Style->__construct(true)
#1 C:\xampp73\htdocs\order_mobil\app\Controllers\ReimburseController.php(28): PhpOffice\PhpSpreadsheet\Spreadsheet->__construct()
#2 C:\xampp73\htdocs\order_mobil\system\CodeIgniter.php(801): App\Controllers\ReimburseController->__construct()
#3 C:\xampp73\htdocs\order_mobil\system\CodeIgniter.php(401): CodeIgniter\CodeIgniter->createController()
#4 C:\xampp73\htdocs\order_mobil\system\CodeIgniter.php(318): CodeIgniter\CodeIgniter->handleRequest(NULL, Object(Config\Cache), false)
#5 C:\xampp73\htdocs\order_mobil\index.php(37): CodeIgniter\CodeIgniter->run()
#6 {main}
CRITICAL - 2022-07-20 03:26:02 --> Class 'PhpOffice\PhpSpreadsheet\Style\Protection' not found
#0 C:\xampp73\htdocs\order_mobil\vendor\phpoffice\phpspreadsheet\src\PhpSpreadsheet\Spreadsheet.php(493): PhpOffice\PhpSpreadsheet\Style\Style->__construct(true)
#1 C:\xampp73\htdocs\order_mobil\app\Controllers\ReimburseController.php(28): PhpOffice\PhpSpreadsheet\Spreadsheet->__construct()
#2 C:\xampp73\htdocs\order_mobil\system\CodeIgniter.php(801): App\Controllers\ReimburseController->__construct()
#3 C:\xampp73\htdocs\order_mobil\system\CodeIgniter.php(401): CodeIgniter\CodeIgniter->createController()
#4 C:\xampp73\htdocs\order_mobil\system\CodeIgniter.php(318): CodeIgniter\CodeIgniter->handleRequest(NULL, Object(Config\Cache), false)
#5 C:\xampp73\htdocs\order_mobil\index.php(37): CodeIgniter\CodeIgniter->run()
#6 {main}
CRITICAL - 2022-07-20 03:27:54 --> App\Controllers\ReimburseController cannot use PhpOffice\PhpSpreadsheet\Spreadsheet - it is not a trait
#0 [internal function]: CodeIgniter\Debug\Exceptions->shutdownHandler()
#1 {main}
CRITICAL - 2022-07-20 03:31:31 --> App\Controllers\ReimburseController cannot use PhpOffice\PhpSpreadsheet\Spreadsheet - it is not a trait
#0 [internal function]: CodeIgniter\Debug\Exceptions->shutdownHandler()
#1 {main}
CRITICAL - 2022-07-20 03:31:51 --> Class 'PhpOffice\PhpSpreadsheet\Style\Protection' not found
#0 C:\xampp73\htdocs\order_mobil\vendor\phpoffice\phpspreadsheet\src\PhpSpreadsheet\Spreadsheet.php(493): PhpOffice\PhpSpreadsheet\Style\Style->__construct(true)
#1 C:\xampp73\htdocs\order_mobil\app\Controllers\ReimburseController.php(30): PhpOffice\PhpSpreadsheet\Spreadsheet->__construct()
#2 C:\xampp73\htdocs\order_mobil\system\CodeIgniter.php(801): App\Controllers\ReimburseController->__construct()
#3 C:\xampp73\htdocs\order_mobil\system\CodeIgniter.php(401): CodeIgniter\CodeIgniter->createController()
#4 C:\xampp73\htdocs\order_mobil\system\CodeIgniter.php(318): CodeIgniter\CodeIgniter->handleRequest(NULL, Object(Config\Cache), false)
#5 C:\xampp73\htdocs\order_mobil\index.php(37): CodeIgniter\CodeIgniter->run()
#6 {main}
CRITICAL - 2022-07-20 03:32:10 --> Class 'PhpOffice\PhpSpreadsheet\Style\Protection' not found
#0 C:\xampp73\htdocs\order_mobil\vendor\phpoffice\phpspreadsheet\src\PhpSpreadsheet\Spreadsheet.php(493): PhpOffice\PhpSpreadsheet\Style\Style->__construct(true)
#1 C:\xampp73\htdocs\order_mobil\app\Controllers\ReimburseController.php(30): PhpOffice\PhpSpreadsheet\Spreadsheet->__construct()
#2 C:\xampp73\htdocs\order_mobil\system\CodeIgniter.php(801): App\Controllers\ReimburseController->__construct()
#3 C:\xampp73\htdocs\order_mobil\system\CodeIgniter.php(401): CodeIgniter\CodeIgniter->createController()
#4 C:\xampp73\htdocs\order_mobil\system\CodeIgniter.php(318): CodeIgniter\CodeIgniter->handleRequest(NULL, Object(Config\Cache), false)
#5 C:\xampp73\htdocs\order_mobil\index.php(37): CodeIgniter\CodeIgniter->run()
#6 {main}
CRITICAL - 2022-07-20 03:34:33 --> Class 'PhpOffice\PhpSpreadsheet\Style\Protection' not found
#0 C:\xampp73\htdocs\order_mobil\vendor\phpoffice\phpspreadsheet\src\PhpSpreadsheet\Spreadsheet.php(493): PhpOffice\PhpSpreadsheet\Style\Style->__construct(true)
#1 C:\xampp73\htdocs\order_mobil\app\Controllers\ReimburseController.php(30): PhpOffice\PhpSpreadsheet\Spreadsheet->__construct()
#2 C:\xampp73\htdocs\order_mobil\system\CodeIgniter.php(801): App\Controllers\ReimburseController->__construct()
#3 C:\xampp73\htdocs\order_mobil\system\CodeIgniter.php(401): CodeIgniter\CodeIgniter->createController()
#4 C:\xampp73\htdocs\order_mobil\system\CodeIgniter.php(318): CodeIgniter\CodeIgniter->handleRequest(NULL, Object(Config\Cache), false)
#5 C:\xampp73\htdocs\order_mobil\index.php(37): CodeIgniter\CodeIgniter->run()
#6 {main}
CRITICAL - 2022-07-20 03:38:55 --> Class 'PhpOffice\PhpSpreadsheet\Style\Protection' not found
#0 C:\xampp73\htdocs\order_mobil\vendor\phpoffice\phpspreadsheet\src\PhpSpreadsheet\Spreadsheet.php(493): PhpOffice\PhpSpreadsheet\Style\Style->__construct(true)
#1 C:\xampp73\htdocs\order_mobil\app\Controllers\ReimburseController.php(30): PhpOffice\PhpSpreadsheet\Spreadsheet->__construct()
#2 C:\xampp73\htdocs\order_mobil\system\CodeIgniter.php(801): App\Controllers\ReimburseController->__construct()
#3 C:\xampp73\htdocs\order_mobil\system\CodeIgniter.php(401): CodeIgniter\CodeIgniter->createController()
#4 C:\xampp73\htdocs\order_mobil\system\CodeIgniter.php(318): CodeIgniter\CodeIgniter->handleRequest(NULL, Object(Config\Cache), false)
#5 C:\xampp73\htdocs\order_mobil\index.php(37): CodeIgniter\CodeIgniter->run()
#6 {main}
CRITICAL - 2022-07-20 03:40:47 --> Class 'PhpOffice\PhpSpreadsheet\Style\Protection' not found
#0 C:\xampp73\htdocs\order_mobil\vendor\phpoffice\phpspreadsheet\src\PhpSpreadsheet\Spreadsheet.php(493): PhpOffice\PhpSpreadsheet\Style\Style->__construct(true)
#1 C:\xampp73\htdocs\order_mobil\app\Controllers\ReimburseController.php(30): PhpOffice\PhpSpreadsheet\Spreadsheet->__construct()
#2 C:\xampp73\htdocs\order_mobil\system\CodeIgniter.php(801): App\Controllers\ReimburseController->__construct()
#3 C:\xampp73\htdocs\order_mobil\system\CodeIgniter.php(401): CodeIgniter\CodeIgniter->createController()
#4 C:\xampp73\htdocs\order_mobil\system\CodeIgniter.php(318): CodeIgniter\CodeIgniter->handleRequest(NULL, Object(Config\Cache), false)
#5 C:\xampp73\htdocs\order_mobil\index.php(37): CodeIgniter\CodeIgniter->run()
#6 {main}
ERROR - 2022-07-20 03:55:09 --> Cannot add or update a child row: a foreign key constraint fails (`bcas_mobil`.`reimburse`, CONSTRAINT `reimburse_id_pemesanan_foreign` FOREIGN KEY (`id_pemesanan`) REFERENCES `pemesanan` (`id`))
CRITICAL - 2022-07-20 03:55:09 --> Cannot add or update a child row: a foreign key constraint fails (`bcas_mobil`.`reimburse`, CONSTRAINT `reimburse_id_pemesanan_foreign` FOREIGN KEY (`id_pemesanan`) REFERENCES `pemesanan` (`id`))
#0 C:\xampp73\htdocs\order_mobil\system\Database\MySQLi\Connection.php(292): mysqli->query('INSERT INTO `re...', 0)
#1 C:\xampp73\htdocs\order_mobil\system\Database\BaseConnection.php(670): CodeIgniter\Database\MySQLi\Connection->execute('INSERT INTO `re...')
#2 C:\xampp73\htdocs\order_mobil\system\Database\BaseConnection.php(598): CodeIgniter\Database\BaseConnection->simpleQuery('INSERT INTO `re...')
#3 C:\xampp73\htdocs\order_mobil\system\Database\BaseBuilder.php(1759): CodeIgniter\Database\BaseConnection->query('INSERT INTO `re...', Array, false)
#4 C:\xampp73\htdocs\order_mobil\system\Model.php(239): CodeIgniter\Database\BaseBuilder->insert()
#5 C:\xampp73\htdocs\order_mobil\system\BaseModel.php(738): CodeIgniter\Model->doInsert(Array)
#6 C:\xampp73\htdocs\order_mobil\system\Model.php(620): CodeIgniter\BaseModel->insert(Array, true)
#7 C:\xampp73\htdocs\order_mobil\app\Controllers\OrderController.php(209): CodeIgniter\Model->insert(Array)
#8 C:\xampp73\htdocs\order_mobil\system\CodeIgniter.php(824): App\Controllers\OrderController->uploadImage()
#9 C:\xampp73\htdocs\order_mobil\system\CodeIgniter.php(410): CodeIgniter\CodeIgniter->runController(Object(App\Controllers\OrderController))
#10 C:\xampp73\htdocs\order_mobil\system\CodeIgniter.php(318): CodeIgniter\CodeIgniter->handleRequest(NULL, Object(Config\Cache), false)
#11 C:\xampp73\htdocs\order_mobil\index.php(37): CodeIgniter\CodeIgniter->run()
#12 {main}
ERROR - 2022-07-20 03:55:11 --> Cannot add or update a child row: a foreign key constraint fails (`bcas_mobil`.`reimburse`, CONSTRAINT `reimburse_id_pemesanan_foreign` FOREIGN KEY (`id_pemesanan`) REFERENCES `pemesanan` (`id`))
CRITICAL - 2022-07-20 03:55:11 --> Cannot add or update a child row: a foreign key constraint fails (`bcas_mobil`.`reimburse`, CONSTRAINT `reimburse_id_pemesanan_foreign` FOREIGN KEY (`id_pemesanan`) REFERENCES `pemesanan` (`id`))
#0 C:\xampp73\htdocs\order_mobil\system\Database\MySQLi\Connection.php(292): mysqli->query('INSERT INTO `re...', 0)
#1 C:\xampp73\htdocs\order_mobil\system\Database\BaseConnection.php(670): CodeIgniter\Database\MySQLi\Connection->execute('INSERT INTO `re...')
#2 C:\xampp73\htdocs\order_mobil\system\Database\BaseConnection.php(598): CodeIgniter\Database\BaseConnection->simpleQuery('INSERT INTO `re...')
#3 C:\xampp73\htdocs\order_mobil\system\Database\BaseBuilder.php(1759): CodeIgniter\Database\BaseConnection->query('INSERT INTO `re...', Array, false)
#4 C:\xampp73\htdocs\order_mobil\system\Model.php(239): CodeIgniter\Database\BaseBuilder->insert()
#5 C:\xampp73\htdocs\order_mobil\system\BaseModel.php(738): CodeIgniter\Model->doInsert(Array)
#6 C:\xampp73\htdocs\order_mobil\system\Model.php(620): CodeIgniter\BaseModel->insert(Array, true)
#7 C:\xampp73\htdocs\order_mobil\app\Controllers\OrderController.php(209): CodeIgniter\Model->insert(Array)
#8 C:\xampp73\htdocs\order_mobil\system\CodeIgniter.php(824): App\Controllers\OrderController->uploadImage()
#9 C:\xampp73\htdocs\order_mobil\system\CodeIgniter.php(410): CodeIgniter\CodeIgniter->runController(Object(App\Controllers\OrderController))
#10 C:\xampp73\htdocs\order_mobil\system\CodeIgniter.php(318): CodeIgniter\CodeIgniter->handleRequest(NULL, Object(Config\Cache), false)
#11 C:\xampp73\htdocs\order_mobil\index.php(37): CodeIgniter\CodeIgniter->run()
#12 {main}
ERROR - 2022-07-20 03:55:12 --> Cannot add or update a child row: a foreign key constraint fails (`bcas_mobil`.`reimburse`, CONSTRAINT `reimburse_id_pemesanan_foreign` FOREIGN KEY (`id_pemesanan`) REFERENCES `pemesanan` (`id`))
CRITICAL - 2022-07-20 03:55:12 --> Cannot add or update a child row: a foreign key constraint fails (`bcas_mobil`.`reimburse`, CONSTRAINT `reimburse_id_pemesanan_foreign` FOREIGN KEY (`id_pemesanan`) REFERENCES `pemesanan` (`id`))
#0 C:\xampp73\htdocs\order_mobil\system\Database\MySQLi\Connection.php(292): mysqli->query('INSERT INTO `re...', 0)
#1 C:\xampp73\htdocs\order_mobil\system\Database\BaseConnection.php(670): CodeIgniter\Database\MySQLi\Connection->execute('INSERT INTO `re...')
#2 C:\xampp73\htdocs\order_mobil\system\Database\BaseConnection.php(598): CodeIgniter\Database\BaseConnection->simpleQuery('INSERT INTO `re...')
#3 C:\xampp73\htdocs\order_mobil\system\Database\BaseBuilder.php(1759): CodeIgniter\Database\BaseConnection->query('INSERT INTO `re...', Array, false)
#4 C:\xampp73\htdocs\order_mobil\system\Model.php(239): CodeIgniter\Database\BaseBuilder->insert()
#5 C:\xampp73\htdocs\order_mobil\system\BaseModel.php(738): CodeIgniter\Model->doInsert(Array)
#6 C:\xampp73\htdocs\order_mobil\system\Model.php(620): CodeIgniter\BaseModel->insert(Array, true)
#7 C:\xampp73\htdocs\order_mobil\app\Controllers\OrderController.php(209): CodeIgniter\Model->insert(Array)
#8 C:\xampp73\htdocs\order_mobil\system\CodeIgniter.php(824): App\Controllers\OrderController->uploadImage()
#9 C:\xampp73\htdocs\order_mobil\system\CodeIgniter.php(410): CodeIgniter\CodeIgniter->runController(Object(App\Controllers\OrderController))
#10 C:\xampp73\htdocs\order_mobil\system\CodeIgniter.php(318): CodeIgniter\CodeIgniter->handleRequest(NULL, Object(Config\Cache), false)
#11 C:\xampp73\htdocs\order_mobil\index.php(37): CodeIgniter\CodeIgniter->run()
#12 {main}
ERROR - 2022-07-20 03:55:17 --> Cannot add or update a child row: a foreign key constraint fails (`bcas_mobil`.`reimburse`, CONSTRAINT `reimburse_id_pemesanan_foreign` FOREIGN KEY (`id_pemesanan`) REFERENCES `pemesanan` (`id`))
CRITICAL - 2022-07-20 03:55:17 --> Cannot add or update a child row: a foreign key constraint fails (`bcas_mobil`.`reimburse`, CONSTRAINT `reimburse_id_pemesanan_foreign` FOREIGN KEY (`id_pemesanan`) REFERENCES `pemesanan` (`id`))
#0 C:\xampp73\htdocs\order_mobil\system\Database\MySQLi\Connection.php(292): mysqli->query('INSERT INTO `re...', 0)
#1 C:\xampp73\htdocs\order_mobil\system\Database\BaseConnection.php(670): CodeIgniter\Database\MySQLi\Connection->execute('INSERT INTO `re...')
#2 C:\xampp73\htdocs\order_mobil\system\Database\BaseConnection.php(598): CodeIgniter\Database\BaseConnection->simpleQuery('INSERT INTO `re...')
#3 C:\xampp73\htdocs\order_mobil\system\Database\BaseBuilder.php(1759): CodeIgniter\Database\BaseConnection->query('INSERT INTO `re...', Array, false)
#4 C:\xampp73\htdocs\order_mobil\system\Model.php(239): CodeIgniter\Database\BaseBuilder->insert()
#5 C:\xampp73\htdocs\order_mobil\system\BaseModel.php(738): CodeIgniter\Model->doInsert(Array)
#6 C:\xampp73\htdocs\order_mobil\system\Model.php(620): CodeIgniter\BaseModel->insert(Array, true)
#7 C:\xampp73\htdocs\order_mobil\app\Controllers\OrderController.php(209): CodeIgniter\Model->insert(Array)
#8 C:\xampp73\htdocs\order_mobil\system\CodeIgniter.php(824): App\Controllers\OrderController->uploadImage()
#9 C:\xampp73\htdocs\order_mobil\system\CodeIgniter.php(410): CodeIgniter\CodeIgniter->runController(Object(App\Controllers\OrderController))
#10 C:\xampp73\htdocs\order_mobil\system\CodeIgniter.php(318): CodeIgniter\CodeIgniter->handleRequest(NULL, Object(Config\Cache), false)
#11 C:\xampp73\htdocs\order_mobil\index.php(37): CodeIgniter\CodeIgniter->run()
#12 {main}
ERROR - 2022-07-20 03:55:54 --> Column 'id_pemesanan' cannot be null
CRITICAL - 2022-07-20 03:55:54 --> Column 'id_pemesanan' cannot be null
#0 C:\xampp73\htdocs\order_mobil\system\Database\MySQLi\Connection.php(292): mysqli->query('INSERT INTO `re...', 0)
#1 C:\xampp73\htdocs\order_mobil\system\Database\BaseConnection.php(670): CodeIgniter\Database\MySQLi\Connection->execute('INSERT INTO `re...')
#2 C:\xampp73\htdocs\order_mobil\system\Database\BaseConnection.php(598): CodeIgniter\Database\BaseConnection->simpleQuery('INSERT INTO `re...')
#3 C:\xampp73\htdocs\order_mobil\system\Database\BaseBuilder.php(1759): CodeIgniter\Database\BaseConnection->query('INSERT INTO `re...', Array, false)
#4 C:\xampp73\htdocs\order_mobil\system\Model.php(239): CodeIgniter\Database\BaseBuilder->insert()
#5 C:\xampp73\htdocs\order_mobil\system\BaseModel.php(738): CodeIgniter\Model->doInsert(Array)
#6 C:\xampp73\htdocs\order_mobil\system\Model.php(620): CodeIgniter\BaseModel->insert(Array, true)
#7 C:\xampp73\htdocs\order_mobil\app\Controllers\OrderController.php(209): CodeIgniter\Model->insert(Array)
#8 C:\xampp73\htdocs\order_mobil\system\CodeIgniter.php(824): App\Controllers\OrderController->uploadImage()
#9 C:\xampp73\htdocs\order_mobil\system\CodeIgniter.php(410): CodeIgniter\CodeIgniter->runController(Object(App\Controllers\OrderController))
#10 C:\xampp73\htdocs\order_mobil\system\CodeIgniter.php(318): CodeIgniter\CodeIgniter->handleRequest(NULL, Object(Config\Cache), false)
#11 C:\xampp73\htdocs\order_mobil\index.php(37): CodeIgniter\CodeIgniter->run()
#12 {main}
ERROR - 2022-07-20 04:00:49 --> Column 'id_pemesanan' cannot be null
CRITICAL - 2022-07-20 04:00:49 --> Column 'id_pemesanan' cannot be null
#0 C:\xampp73\htdocs\order_mobil\system\Database\MySQLi\Connection.php(292): mysqli->query('INSERT INTO `re...', 0)
#1 C:\xampp73\htdocs\order_mobil\system\Database\BaseConnection.php(670): CodeIgniter\Database\MySQLi\Connection->execute('INSERT INTO `re...')
#2 C:\xampp73\htdocs\order_mobil\system\Database\BaseConnection.php(598): CodeIgniter\Database\BaseConnection->simpleQuery('INSERT INTO `re...')
#3 C:\xampp73\htdocs\order_mobil\system\Database\BaseBuilder.php(1759): CodeIgniter\Database\BaseConnection->query('INSERT INTO `re...', Array, false)
#4 C:\xampp73\htdocs\order_mobil\system\Model.php(239): CodeIgniter\Database\BaseBuilder->insert()
#5 C:\xampp73\htdocs\order_mobil\system\BaseModel.php(738): CodeIgniter\Model->doInsert(Array)
#6 C:\xampp73\htdocs\order_mobil\system\Model.php(620): CodeIgniter\BaseModel->insert(Array, true)
#7 C:\xampp73\htdocs\order_mobil\app\Controllers\OrderController.php(209): CodeIgniter\Model->insert(Array)
#8 C:\xampp73\htdocs\order_mobil\system\CodeIgniter.php(824): App\Controllers\OrderController->uploadImage()
#9 C:\xampp73\htdocs\order_mobil\system\CodeIgniter.php(410): CodeIgniter\CodeIgniter->runController(Object(App\Controllers\OrderController))
#10 C:\xampp73\htdocs\order_mobil\system\CodeIgniter.php(318): CodeIgniter\CodeIgniter->handleRequest(NULL, Object(Config\Cache), false)
#11 C:\xampp73\htdocs\order_mobil\index.php(37): CodeIgniter\CodeIgniter->run()
#12 {main}
ERROR - 2022-07-20 04:00:51 --> Column 'id_pemesanan' cannot be null
CRITICAL - 2022-07-20 04:00:51 --> Column 'id_pemesanan' cannot be null
#0 C:\xampp73\htdocs\order_mobil\system\Database\MySQLi\Connection.php(292): mysqli->query('INSERT INTO `re...', 0)
#1 C:\xampp73\htdocs\order_mobil\system\Database\BaseConnection.php(670): CodeIgniter\Database\MySQLi\Connection->execute('INSERT INTO `re...')
#2 C:\xampp73\htdocs\order_mobil\system\Database\BaseConnection.php(598): CodeIgniter\Database\BaseConnection->simpleQuery('INSERT INTO `re...')
#3 C:\xampp73\htdocs\order_mobil\system\Database\BaseBuilder.php(1759): CodeIgniter\Database\BaseConnection->query('INSERT INTO `re...', Array, false)
#4 C:\xampp73\htdocs\order_mobil\system\Model.php(239): CodeIgniter\Database\BaseBuilder->insert()
#5 C:\xampp73\htdocs\order_mobil\system\BaseModel.php(738): CodeIgniter\Model->doInsert(Array)
#6 C:\xampp73\htdocs\order_mobil\system\Model.php(620): CodeIgniter\BaseModel->insert(Array, true)
#7 C:\xampp73\htdocs\order_mobil\app\Controllers\OrderController.php(209): CodeIgniter\Model->insert(Array)
#8 C:\xampp73\htdocs\order_mobil\system\CodeIgniter.php(824): App\Controllers\OrderController->uploadImage()
#9 C:\xampp73\htdocs\order_mobil\system\CodeIgniter.php(410): CodeIgniter\CodeIgniter->runController(Object(App\Controllers\OrderController))
#10 C:\xampp73\htdocs\order_mobil\system\CodeIgniter.php(318): CodeIgniter\CodeIgniter->handleRequest(NULL, Object(Config\Cache), false)
#11 C:\xampp73\htdocs\order_mobil\index.php(37): CodeIgniter\CodeIgniter->run()
#12 {main}
ERROR - 2022-07-20 04:17:46 --> Column 'id_pemesanan' cannot be null
CRITICAL - 2022-07-20 04:17:46 --> Column 'id_pemesanan' cannot be null
#0 C:\xampp73\htdocs\order_mobil\system\Database\MySQLi\Connection.php(292): mysqli->query('INSERT INTO `re...', 0)
#1 C:\xampp73\htdocs\order_mobil\system\Database\BaseConnection.php(670): CodeIgniter\Database\MySQLi\Connection->execute('INSERT INTO `re...')
#2 C:\xampp73\htdocs\order_mobil\system\Database\BaseConnection.php(598): CodeIgniter\Database\BaseConnection->simpleQuery('INSERT INTO `re...')
#3 C:\xampp73\htdocs\order_mobil\system\Database\BaseBuilder.php(1759): CodeIgniter\Database\BaseConnection->query('INSERT INTO `re...', Array, false)
#4 C:\xampp73\htdocs\order_mobil\system\Model.php(239): CodeIgniter\Database\BaseBuilder->insert()
#5 C:\xampp73\htdocs\order_mobil\system\BaseModel.php(738): CodeIgniter\Model->doInsert(Array)
#6 C:\xampp73\htdocs\order_mobil\system\Model.php(620): CodeIgniter\BaseModel->insert(Array, true)
#7 C:\xampp73\htdocs\order_mobil\app\Controllers\OrderController.php(209): CodeIgniter\Model->insert(Array)
#8 C:\xampp73\htdocs\order_mobil\system\CodeIgniter.php(824): App\Controllers\OrderController->uploadImage()
#9 C:\xampp73\htdocs\order_mobil\system\CodeIgniter.php(410): CodeIgniter\CodeIgniter->runController(Object(App\Controllers\OrderController))
#10 C:\xampp73\htdocs\order_mobil\system\CodeIgniter.php(318): CodeIgniter\CodeIgniter->handleRequest(NULL, Object(Config\Cache), false)
#11 C:\xampp73\htdocs\order_mobil\index.php(37): CodeIgniter\CodeIgniter->run()
#12 {main}
ERROR - 2022-07-20 07:06:35 --> Column 'id_pemesanan' cannot be null
CRITICAL - 2022-07-20 07:06:35 --> Column 'id_pemesanan' cannot be null
#0 C:\xampp73\htdocs\order_mobil\system\Database\MySQLi\Connection.php(292): mysqli->query('INSERT INTO `re...', 0)
#1 C:\xampp73\htdocs\order_mobil\system\Database\BaseConnection.php(670): CodeIgniter\Database\MySQLi\Connection->execute('INSERT INTO `re...')
#2 C:\xampp73\htdocs\order_mobil\system\Database\BaseConnection.php(598): CodeIgniter\Database\BaseConnection->simpleQuery('INSERT INTO `re...')
#3 C:\xampp73\htdocs\order_mobil\system\Database\BaseBuilder.php(1759): CodeIgniter\Database\BaseConnection->query('INSERT INTO `re...', Array, false)
#4 C:\xampp73\htdocs\order_mobil\system\Model.php(239): CodeIgniter\Database\BaseBuilder->insert()
#5 C:\xampp73\htdocs\order_mobil\system\BaseModel.php(738): CodeIgniter\Model->doInsert(Array)
#6 C:\xampp73\htdocs\order_mobil\system\Model.php(620): CodeIgniter\BaseModel->insert(Array, true)
#7 C:\xampp73\htdocs\order_mobil\app\Controllers\OrderController.php(209): CodeIgniter\Model->insert(Array)
#8 C:\xampp73\htdocs\order_mobil\system\CodeIgniter.php(824): App\Controllers\OrderController->uploadImage()
#9 C:\xampp73\htdocs\order_mobil\system\CodeIgniter.php(410): CodeIgniter\CodeIgniter->runController(Object(App\Controllers\OrderController))
#10 C:\xampp73\htdocs\order_mobil\system\CodeIgniter.php(318): CodeIgniter\CodeIgniter->handleRequest(NULL, Object(Config\Cache), false)
#11 C:\xampp73\htdocs\order_mobil\index.php(37): CodeIgniter\CodeIgniter->run()
#12 {main}
ERROR - 2022-07-20 09:03:40 --> Cannot add or update a child row: a foreign key constraint fails (`bcas_mobil`.`reimburse`, CONSTRAINT `reimburse_id_pemesanan_foreign` FOREIGN KEY (`id_pemesanan`) REFERENCES `pemesanan` (`id`))
CRITICAL - 2022-07-20 09:03:40 --> Cannot add or update a child row: a foreign key constraint fails (`bcas_mobil`.`reimburse`, CONSTRAINT `reimburse_id_pemesanan_foreign` FOREIGN KEY (`id_pemesanan`) REFERENCES `pemesanan` (`id`))
#0 C:\xampp73\htdocs\order_mobil\system\Database\MySQLi\Connection.php(292): mysqli->query('INSERT INTO `re...', 0)
#1 C:\xampp73\htdocs\order_mobil\system\Database\BaseConnection.php(670): CodeIgniter\Database\MySQLi\Connection->execute('INSERT INTO `re...')
#2 C:\xampp73\htdocs\order_mobil\system\Database\BaseConnection.php(598): CodeIgniter\Database\BaseConnection->simpleQuery('INSERT INTO `re...')
#3 C:\xampp73\htdocs\order_mobil\system\Database\BaseBuilder.php(1759): CodeIgniter\Database\BaseConnection->query('INSERT INTO `re...', Array, false)
#4 C:\xampp73\htdocs\order_mobil\system\Model.php(239): CodeIgniter\Database\BaseBuilder->insert()
#5 C:\xampp73\htdocs\order_mobil\system\BaseModel.php(738): CodeIgniter\Model->doInsert(Array)
#6 C:\xampp73\htdocs\order_mobil\system\Model.php(620): CodeIgniter\BaseModel->insert(Array, true)
#7 C:\xampp73\htdocs\order_mobil\app\Controllers\OrderController.php(209): CodeIgniter\Model->insert(Array)
#8 C:\xampp73\htdocs\order_mobil\system\CodeIgniter.php(824): App\Controllers\OrderController->uploadImage()
#9 C:\xampp73\htdocs\order_mobil\system\CodeIgniter.php(410): CodeIgniter\CodeIgniter->runController(Object(App\Controllers\OrderController))
#10 C:\xampp73\htdocs\order_mobil\system\CodeIgniter.php(318): CodeIgniter\CodeIgniter->handleRequest(NULL, Object(Config\Cache), false)
#11 C:\xampp73\htdocs\order_mobil\index.php(37): CodeIgniter\CodeIgniter->run()
#12 {main}
ERROR - 2022-07-20 09:03:41 --> Cannot add or update a child row: a foreign key constraint fails (`bcas_mobil`.`reimburse`, CONSTRAINT `reimburse_id_pemesanan_foreign` FOREIGN KEY (`id_pemesanan`) REFERENCES `pemesanan` (`id`))
CRITICAL - 2022-07-20 09:03:41 --> Cannot add or update a child row: a foreign key constraint fails (`bcas_mobil`.`reimburse`, CONSTRAINT `reimburse_id_pemesanan_foreign` FOREIGN KEY (`id_pemesanan`) REFERENCES `pemesanan` (`id`))
#0 C:\xampp73\htdocs\order_mobil\system\Database\MySQLi\Connection.php(292): mysqli->query('INSERT INTO `re...', 0)
#1 C:\xampp73\htdocs\order_mobil\system\Database\BaseConnection.php(670): CodeIgniter\Database\MySQLi\Connection->execute('INSERT INTO `re...')
#2 C:\xampp73\htdocs\order_mobil\system\Database\BaseConnection.php(598): CodeIgniter\Database\BaseConnection->simpleQuery('INSERT INTO `re...')
#3 C:\xampp73\htdocs\order_mobil\system\Database\BaseBuilder.php(1759): CodeIgniter\Database\BaseConnection->query('INSERT INTO `re...', Array, false)
#4 C:\xampp73\htdocs\order_mobil\system\Model.php(239): CodeIgniter\Database\BaseBuilder->insert()
#5 C:\xampp73\htdocs\order_mobil\system\BaseModel.php(738): CodeIgniter\Model->doInsert(Array)
#6 C:\xampp73\htdocs\order_mobil\system\Model.php(620): CodeIgniter\BaseModel->insert(Array, true)
#7 C:\xampp73\htdocs\order_mobil\app\Controllers\OrderController.php(209): CodeIgniter\Model->insert(Array)
#8 C:\xampp73\htdocs\order_mobil\system\CodeIgniter.php(824): App\Controllers\OrderController->uploadImage()
#9 C:\xampp73\htdocs\order_mobil\system\CodeIgniter.php(410): CodeIgniter\CodeIgniter->runController(Object(App\Controllers\OrderController))
#10 C:\xampp73\htdocs\order_mobil\system\CodeIgniter.php(318): CodeIgniter\CodeIgniter->handleRequest(NULL, Object(Config\Cache), false)
#11 C:\xampp73\htdocs\order_mobil\index.php(37): CodeIgniter\CodeIgniter->run()
#12 {main}
ERROR - 2022-07-20 09:03:42 --> Cannot add or update a child row: a foreign key constraint fails (`bcas_mobil`.`reimburse`, CONSTRAINT `reimburse_id_pemesanan_foreign` FOREIGN KEY (`id_pemesanan`) REFERENCES `pemesanan` (`id`))
CRITICAL - 2022-07-20 09:03:42 --> Cannot add or update a child row: a foreign key constraint fails (`bcas_mobil`.`reimburse`, CONSTRAINT `reimburse_id_pemesanan_foreign` FOREIGN KEY (`id_pemesanan`) REFERENCES `pemesanan` (`id`))
#0 C:\xampp73\htdocs\order_mobil\system\Database\MySQLi\Connection.php(292): mysqli->query('INSERT INTO `re...', 0)
#1 C:\xampp73\htdocs\order_mobil\system\Database\BaseConnection.php(670): CodeIgniter\Database\MySQLi\Connection->execute('INSERT INTO `re...')
#2 C:\xampp73\htdocs\order_mobil\system\Database\BaseConnection.php(598): CodeIgniter\Database\BaseConnection->simpleQuery('INSERT INTO `re...')
#3 C:\xampp73\htdocs\order_mobil\system\Database\BaseBuilder.php(1759): CodeIgniter\Database\BaseConnection->query('INSERT INTO `re...', Array, false)
#4 C:\xampp73\htdocs\order_mobil\system\Model.php(239): CodeIgniter\Database\BaseBuilder->insert()
#5 C:\xampp73\htdocs\order_mobil\system\BaseModel.php(738): CodeIgniter\Model->doInsert(Array)
#6 C:\xampp73\htdocs\order_mobil\system\Model.php(620): CodeIgniter\BaseModel->insert(Array, true)
#7 C:\xampp73\htdocs\order_mobil\app\Controllers\OrderController.php(209): CodeIgniter\Model->insert(Array)
#8 C:\xampp73\htdocs\order_mobil\system\CodeIgniter.php(824): App\Controllers\OrderController->uploadImage()
#9 C:\xampp73\htdocs\order_mobil\system\CodeIgniter.php(410): CodeIgniter\CodeIgniter->runController(Object(App\Controllers\OrderController))
#10 C:\xampp73\htdocs\order_mobil\system\CodeIgniter.php(318): CodeIgniter\CodeIgniter->handleRequest(NULL, Object(Config\Cache), false)
#11 C:\xampp73\htdocs\order_mobil\index.php(37): CodeIgniter\CodeIgniter->run()
#12 {main}
ERROR - 2022-07-20 09:03:43 --> Cannot add or update a child row: a foreign key constraint fails (`bcas_mobil`.`reimburse`, CONSTRAINT `reimburse_id_pemesanan_foreign` FOREIGN KEY (`id_pemesanan`) REFERENCES `pemesanan` (`id`))
CRITICAL - 2022-07-20 09:03:43 --> Cannot add or update a child row: a foreign key constraint fails (`bcas_mobil`.`reimburse`, CONSTRAINT `reimburse_id_pemesanan_foreign` FOREIGN KEY (`id_pemesanan`) REFERENCES `pemesanan` (`id`))
#0 C:\xampp73\htdocs\order_mobil\system\Database\MySQLi\Connection.php(292): mysqli->query('INSERT INTO `re...', 0)
#1 C:\xampp73\htdocs\order_mobil\system\Database\BaseConnection.php(670): CodeIgniter\Database\MySQLi\Connection->execute('INSERT INTO `re...')
#2 C:\xampp73\htdocs\order_mobil\system\Database\BaseConnection.php(598): CodeIgniter\Database\BaseConnection->simpleQuery('INSERT INTO `re...')
#3 C:\xampp73\htdocs\order_mobil\system\Database\BaseBuilder.php(1759): CodeIgniter\Database\BaseConnection->query('INSERT INTO `re...', Array, false)
#4 C:\xampp73\htdocs\order_mobil\system\Model.php(239): CodeIgniter\Database\BaseBuilder->insert()
#5 C:\xampp73\htdocs\order_mobil\system\BaseModel.php(738): CodeIgniter\Model->doInsert(Array)
#6 C:\xampp73\htdocs\order_mobil\system\Model.php(620): CodeIgniter\BaseModel->insert(Array, true)
#7 C:\xampp73\htdocs\order_mobil\app\Controllers\OrderController.php(209): CodeIgniter\Model->insert(Array)
#8 C:\xampp73\htdocs\order_mobil\system\CodeIgniter.php(824): App\Controllers\OrderController->uploadImage()
#9 C:\xampp73\htdocs\order_mobil\system\CodeIgniter.php(410): CodeIgniter\CodeIgniter->runController(Object(App\Controllers\OrderController))
#10 C:\xampp73\htdocs\order_mobil\system\CodeIgniter.php(318): CodeIgniter\CodeIgniter->handleRequest(NULL, Object(Config\Cache), false)
#11 C:\xampp73\htdocs\order_mobil\index.php(37): CodeIgniter\CodeIgniter->run()
#12 {main}
ERROR - 2022-07-20 09:03:44 --> Cannot add or update a child row: a foreign key constraint fails (`bcas_mobil`.`reimburse`, CONSTRAINT `reimburse_id_pemesanan_foreign` FOREIGN KEY (`id_pemesanan`) REFERENCES `pemesanan` (`id`))
CRITICAL - 2022-07-20 09:03:44 --> Cannot add or update a child row: a foreign key constraint fails (`bcas_mobil`.`reimburse`, CONSTRAINT `reimburse_id_pemesanan_foreign` FOREIGN KEY (`id_pemesanan`) REFERENCES `pemesanan` (`id`))
#0 C:\xampp73\htdocs\order_mobil\system\Database\MySQLi\Connection.php(292): mysqli->query('INSERT INTO `re...', 0)
#1 C:\xampp73\htdocs\order_mobil\system\Database\BaseConnection.php(670): CodeIgniter\Database\MySQLi\Connection->execute('INSERT INTO `re...')
#2 C:\xampp73\htdocs\order_mobil\system\Database\BaseConnection.php(598): CodeIgniter\Database\BaseConnection->simpleQuery('INSERT INTO `re...')
#3 C:\xampp73\htdocs\order_mobil\system\Database\BaseBuilder.php(1759): CodeIgniter\Database\BaseConnection->query('INSERT INTO `re...', Array, false)
#4 C:\xampp73\htdocs\order_mobil\system\Model.php(239): CodeIgniter\Database\BaseBuilder->insert()
#5 C:\xampp73\htdocs\order_mobil\system\BaseModel.php(738): CodeIgniter\Model->doInsert(Array)
#6 C:\xampp73\htdocs\order_mobil\system\Model.php(620): CodeIgniter\BaseModel->insert(Array, true)
#7 C:\xampp73\htdocs\order_mobil\app\Controllers\OrderController.php(209): CodeIgniter\Model->insert(Array)
#8 C:\xampp73\htdocs\order_mobil\system\CodeIgniter.php(824): App\Controllers\OrderController->uploadImage()
#9 C:\xampp73\htdocs\order_mobil\system\CodeIgniter.php(410): CodeIgniter\CodeIgniter->runController(Object(App\Controllers\OrderController))
#10 C:\xampp73\htdocs\order_mobil\system\CodeIgniter.php(318): CodeIgniter\CodeIgniter->handleRequest(NULL, Object(Config\Cache), false)
#11 C:\xampp73\htdocs\order_mobil\index.php(37): CodeIgniter\CodeIgniter->run()
#12 {main}
ERROR - 2022-07-20 09:03:44 --> Cannot add or update a child row: a foreign key constraint fails (`bcas_mobil`.`reimburse`, CONSTRAINT `reimburse_id_pemesanan_foreign` FOREIGN KEY (`id_pemesanan`) REFERENCES `pemesanan` (`id`))
CRITICAL - 2022-07-20 09:03:44 --> Cannot add or update a child row: a foreign key constraint fails (`bcas_mobil`.`reimburse`, CONSTRAINT `reimburse_id_pemesanan_foreign` FOREIGN KEY (`id_pemesanan`) REFERENCES `pemesanan` (`id`))
#0 C:\xampp73\htdocs\order_mobil\system\Database\MySQLi\Connection.php(292): mysqli->query('INSERT INTO `re...', 0)
#1 C:\xampp73\htdocs\order_mobil\system\Database\BaseConnection.php(670): CodeIgniter\Database\MySQLi\Connection->execute('INSERT INTO `re...')
#2 C:\xampp73\htdocs\order_mobil\system\Database\BaseConnection.php(598): CodeIgniter\Database\BaseConnection->simpleQuery('INSERT INTO `re...')
#3 C:\xampp73\htdocs\order_mobil\system\Database\BaseBuilder.php(1759): CodeIgniter\Database\BaseConnection->query('INSERT INTO `re...', Array, false)
#4 C:\xampp73\htdocs\order_mobil\system\Model.php(239): CodeIgniter\Database\BaseBuilder->insert()
#5 C:\xampp73\htdocs\order_mobil\system\BaseModel.php(738): CodeIgniter\Model->doInsert(Array)
#6 C:\xampp73\htdocs\order_mobil\system\Model.php(620): CodeIgniter\BaseModel->insert(Array, true)
#7 C:\xampp73\htdocs\order_mobil\app\Controllers\OrderController.php(209): CodeIgniter\Model->insert(Array)
#8 C:\xampp73\htdocs\order_mobil\system\CodeIgniter.php(824): App\Controllers\OrderController->uploadImage()
#9 C:\xampp73\htdocs\order_mobil\system\CodeIgniter.php(410): CodeIgniter\CodeIgniter->runController(Object(App\Controllers\OrderController))
#10 C:\xampp73\htdocs\order_mobil\system\CodeIgniter.php(318): CodeIgniter\CodeIgniter->handleRequest(NULL, Object(Config\Cache), false)
#11 C:\xampp73\htdocs\order_mobil\index.php(37): CodeIgniter\CodeIgniter->run()
#12 {main}
ERROR - 2022-07-20 09:03:44 --> Cannot add or update a child row: a foreign key constraint fails (`bcas_mobil`.`reimburse`, CONSTRAINT `reimburse_id_pemesanan_foreign` FOREIGN KEY (`id_pemesanan`) REFERENCES `pemesanan` (`id`))
CRITICAL - 2022-07-20 09:03:44 --> Cannot add or update a child row: a foreign key constraint fails (`bcas_mobil`.`reimburse`, CONSTRAINT `reimburse_id_pemesanan_foreign` FOREIGN KEY (`id_pemesanan`) REFERENCES `pemesanan` (`id`))
#0 C:\xampp73\htdocs\order_mobil\system\Database\MySQLi\Connection.php(292): mysqli->query('INSERT INTO `re...', 0)
#1 C:\xampp73\htdocs\order_mobil\system\Database\BaseConnection.php(670): CodeIgniter\Database\MySQLi\Connection->execute('INSERT INTO `re...')
#2 C:\xampp73\htdocs\order_mobil\system\Database\BaseConnection.php(598): CodeIgniter\Database\BaseConnection->simpleQuery('INSERT INTO `re...')
#3 C:\xampp73\htdocs\order_mobil\system\Database\BaseBuilder.php(1759): CodeIgniter\Database\BaseConnection->query('INSERT INTO `re...', Array, false)
#4 C:\xampp73\htdocs\order_mobil\system\Model.php(239): CodeIgniter\Database\BaseBuilder->insert()
#5 C:\xampp73\htdocs\order_mobil\system\BaseModel.php(738): CodeIgniter\Model->doInsert(Array)
#6 C:\xampp73\htdocs\order_mobil\system\Model.php(620): CodeIgniter\BaseModel->insert(Array, true)
#7 C:\xampp73\htdocs\order_mobil\app\Controllers\OrderController.php(209): CodeIgniter\Model->insert(Array)
#8 C:\xampp73\htdocs\order_mobil\system\CodeIgniter.php(824): App\Controllers\OrderController->uploadImage()
#9 C:\xampp73\htdocs\order_mobil\system\CodeIgniter.php(410): CodeIgniter\CodeIgniter->runController(Object(App\Controllers\OrderController))
#10 C:\xampp73\htdocs\order_mobil\system\CodeIgniter.php(318): CodeIgniter\CodeIgniter->handleRequest(NULL, Object(Config\Cache), false)
#11 C:\xampp73\htdocs\order_mobil\index.php(37): CodeIgniter\CodeIgniter->run()
#12 {main}
ERROR - 2022-07-20 09:05:44 --> Column 'id_pemesanan' cannot be null
CRITICAL - 2022-07-20 09:05:44 --> Column 'id_pemesanan' cannot be null
#0 C:\xampp73\htdocs\order_mobil\system\Database\MySQLi\Connection.php(292): mysqli->query('INSERT INTO `re...', 0)
#1 C:\xampp73\htdocs\order_mobil\system\Database\BaseConnection.php(670): CodeIgniter\Database\MySQLi\Connection->execute('INSERT INTO `re...')
#2 C:\xampp73\htdocs\order_mobil\system\Database\BaseConnection.php(598): CodeIgniter\Database\BaseConnection->simpleQuery('INSERT INTO `re...')
#3 C:\xampp73\htdocs\order_mobil\system\Database\BaseBuilder.php(1759): CodeIgniter\Database\BaseConnection->query('INSERT INTO `re...', Array, false)
#4 C:\xampp73\htdocs\order_mobil\system\Model.php(239): CodeIgniter\Database\BaseBuilder->insert()
#5 C:\xampp73\htdocs\order_mobil\system\BaseModel.php(738): CodeIgniter\Model->doInsert(Array)
#6 C:\xampp73\htdocs\order_mobil\system\Model.php(620): CodeIgniter\BaseModel->insert(Array, true)
#7 C:\xampp73\htdocs\order_mobil\app\Controllers\OrderController.php(209): CodeIgniter\Model->insert(Array)
#8 C:\xampp73\htdocs\order_mobil\system\CodeIgniter.php(824): App\Controllers\OrderController->uploadImage()
#9 C:\xampp73\htdocs\order_mobil\system\CodeIgniter.php(410): CodeIgniter\CodeIgniter->runController(Object(App\Controllers\OrderController))
#10 C:\xampp73\htdocs\order_mobil\system\CodeIgniter.php(318): CodeIgniter\CodeIgniter->handleRequest(NULL, Object(Config\Cache), false)
#11 C:\xampp73\htdocs\order_mobil\index.php(37): CodeIgniter\CodeIgniter->run()
#12 {main}
ERROR - 2022-07-20 09:06:15 --> Cannot add or update a child row: a foreign key constraint fails (`bcas_mobil`.`reimburse`, CONSTRAINT `reimburse_id_pemesanan_foreign` FOREIGN KEY (`id_pemesanan`) REFERENCES `pemesanan` (`id`))
CRITICAL - 2022-07-20 09:06:15 --> Cannot add or update a child row: a foreign key constraint fails (`bcas_mobil`.`reimburse`, CONSTRAINT `reimburse_id_pemesanan_foreign` FOREIGN KEY (`id_pemesanan`) REFERENCES `pemesanan` (`id`))
#0 C:\xampp73\htdocs\order_mobil\system\Database\MySQLi\Connection.php(292): mysqli->query('INSERT INTO `re...', 0)
#1 C:\xampp73\htdocs\order_mobil\system\Database\BaseConnection.php(670): CodeIgniter\Database\MySQLi\Connection->execute('INSERT INTO `re...')
#2 C:\xampp73\htdocs\order_mobil\system\Database\BaseConnection.php(598): CodeIgniter\Database\BaseConnection->simpleQuery('INSERT INTO `re...')
#3 C:\xampp73\htdocs\order_mobil\system\Database\BaseBuilder.php(1759): CodeIgniter\Database\BaseConnection->query('INSERT INTO `re...', Array, false)
#4 C:\xampp73\htdocs\order_mobil\system\Model.php(239): CodeIgniter\Database\BaseBuilder->insert()
#5 C:\xampp73\htdocs\order_mobil\system\BaseModel.php(738): CodeIgniter\Model->doInsert(Array)
#6 C:\xampp73\htdocs\order_mobil\system\Model.php(620): CodeIgniter\BaseModel->insert(Array, true)
#7 C:\xampp73\htdocs\order_mobil\app\Controllers\OrderController.php(209): CodeIgniter\Model->insert(Array)
#8 C:\xampp73\htdocs\order_mobil\system\CodeIgniter.php(824): App\Controllers\OrderController->uploadImage()
#9 C:\xampp73\htdocs\order_mobil\system\CodeIgniter.php(410): CodeIgniter\CodeIgniter->runController(Object(App\Controllers\OrderController))
#10 C:\xampp73\htdocs\order_mobil\system\CodeIgniter.php(318): CodeIgniter\CodeIgniter->handleRequest(NULL, Object(Config\Cache), false)
#11 C:\xampp73\htdocs\order_mobil\index.php(37): CodeIgniter\CodeIgniter->run()
#12 {main}
ERROR - 2022-07-20 09:42:45 --> Cannot add or update a child row: a foreign key constraint fails (`bcas_mobil`.`reimburse`, CONSTRAINT `reimburse_id_pemesanan_foreign` FOREIGN KEY (`id_pemesanan`) REFERENCES `pemesanan` (`id`))
CRITICAL - 2022-07-20 09:42:45 --> Cannot add or update a child row: a foreign key constraint fails (`bcas_mobil`.`reimburse`, CONSTRAINT `reimburse_id_pemesanan_foreign` FOREIGN KEY (`id_pemesanan`) REFERENCES `pemesanan` (`id`))
#0 C:\xampp73\htdocs\order_mobil\system\Database\MySQLi\Connection.php(292): mysqli->query('INSERT INTO `re...', 0)
#1 C:\xampp73\htdocs\order_mobil\system\Database\BaseConnection.php(670): CodeIgniter\Database\MySQLi\Connection->execute('INSERT INTO `re...')
#2 C:\xampp73\htdocs\order_mobil\system\Database\BaseConnection.php(598): CodeIgniter\Database\BaseConnection->simpleQuery('INSERT INTO `re...')
#3 C:\xampp73\htdocs\order_mobil\system\Database\BaseBuilder.php(1759): CodeIgniter\Database\BaseConnection->query('INSERT INTO `re...', Array, false)
#4 C:\xampp73\htdocs\order_mobil\system\Model.php(239): CodeIgniter\Database\BaseBuilder->insert()
#5 C:\xampp73\htdocs\order_mobil\system\BaseModel.php(738): CodeIgniter\Model->doInsert(Array)
#6 C:\xampp73\htdocs\order_mobil\system\Model.php(620): CodeIgniter\BaseModel->insert(Array, true)
#7 C:\xampp73\htdocs\order_mobil\app\Controllers\OrderController.php(209): CodeIgniter\Model->insert(Array)
#8 C:\xampp73\htdocs\order_mobil\system\CodeIgniter.php(824): App\Controllers\OrderController->uploadImage()
#9 C:\xampp73\htdocs\order_mobil\system\CodeIgniter.php(410): CodeIgniter\CodeIgniter->runController(Object(App\Controllers\OrderController))
#10 C:\xampp73\htdocs\order_mobil\system\CodeIgniter.php(318): CodeIgniter\CodeIgniter->handleRequest(NULL, Object(Config\Cache), false)
#11 C:\xampp73\htdocs\order_mobil\index.php(37): CodeIgniter\CodeIgniter->run()
#12 {main}
ERROR - 2022-07-20 09:43:31 --> Cannot add or update a child row: a foreign key constraint fails (`bcas_mobil`.`reimburse`, CONSTRAINT `reimburse_id_pemesanan_foreign` FOREIGN KEY (`id_pemesanan`) REFERENCES `pemesanan` (`id`))
CRITICAL - 2022-07-20 09:43:31 --> Cannot add or update a child row: a foreign key constraint fails (`bcas_mobil`.`reimburse`, CONSTRAINT `reimburse_id_pemesanan_foreign` FOREIGN KEY (`id_pemesanan`) REFERENCES `pemesanan` (`id`))
#0 C:\xampp73\htdocs\order_mobil\system\Database\MySQLi\Connection.php(292): mysqli->query('INSERT INTO `re...', 0)
#1 C:\xampp73\htdocs\order_mobil\system\Database\BaseConnection.php(670): CodeIgniter\Database\MySQLi\Connection->execute('INSERT INTO `re...')
#2 C:\xampp73\htdocs\order_mobil\system\Database\BaseConnection.php(598): CodeIgniter\Database\BaseConnection->simpleQuery('INSERT INTO `re...')
#3 C:\xampp73\htdocs\order_mobil\system\Database\BaseBuilder.php(1759): CodeIgniter\Database\BaseConnection->query('INSERT INTO `re...', Array, false)
#4 C:\xampp73\htdocs\order_mobil\system\Model.php(239): CodeIgniter\Database\BaseBuilder->insert()
#5 C:\xampp73\htdocs\order_mobil\system\BaseModel.php(738): CodeIgniter\Model->doInsert(Array)
#6 C:\xampp73\htdocs\order_mobil\system\Model.php(620): CodeIgniter\BaseModel->insert(Array, true)
#7 C:\xampp73\htdocs\order_mobil\app\Controllers\OrderController.php(209): CodeIgniter\Model->insert(Array)
#8 C:\xampp73\htdocs\order_mobil\system\CodeIgniter.php(824): App\Controllers\OrderController->uploadImage()
#9 C:\xampp73\htdocs\order_mobil\system\CodeIgniter.php(410): CodeIgniter\CodeIgniter->runController(Object(App\Controllers\OrderController))
#10 C:\xampp73\htdocs\order_mobil\system\CodeIgniter.php(318): CodeIgniter\CodeIgniter->handleRequest(NULL, Object(Config\Cache), false)
#11 C:\xampp73\htdocs\order_mobil\index.php(37): CodeIgniter\CodeIgniter->run()
#12 {main}
CRITICAL - 2022-07-20 09:47:32 --> The original file is not a valid file.
#0 C:\xampp73\htdocs\order_mobil\system\HTTP\Files\UploadedFile.php(137): CodeIgniter\HTTP\Exceptions\HTTPException::forInvalidFile()
#1 C:\xampp73\htdocs\order_mobil\app\Controllers\OrderController.php(200): CodeIgniter\HTTP\Files\UploadedFile->move('template/assets...', '1658328452_file')
#2 C:\xampp73\htdocs\order_mobil\system\CodeIgniter.php(824): App\Controllers\OrderController->uploadImage()
#3 C:\xampp73\htdocs\order_mobil\system\CodeIgniter.php(410): CodeIgniter\CodeIgniter->runController(Object(App\Controllers\OrderController))
#4 C:\xampp73\htdocs\order_mobil\system\CodeIgniter.php(318): CodeIgniter\CodeIgniter->handleRequest(NULL, Object(Config\Cache), false)
#5 C:\xampp73\htdocs\order_mobil\index.php(37): CodeIgniter\CodeIgniter->run()
#6 {main}
CRITICAL - 2022-07-20 21:58:43 --> regex:/^.*(?=.{3,})(?=.* is not a valid rule.
#0 C:\xampp73\htdocs\order_mobil\system\Validation\Validation.php(285): CodeIgniter\Validation\Exceptions\ValidationException::forRuleNotFound('regex:/^.*(?=.{...')
#1 C:\xampp73\htdocs\order_mobil\system\Validation\Validation.php(151): CodeIgniter\Validation\Validation->processRules('password', 'password', 'Syariah@1', Array, Array)
#2 C:\xampp73\htdocs\order_mobil\system\Controller.php(160): CodeIgniter\Validation\Validation->run()
#3 C:\xampp73\htdocs\order_mobil\app\Controllers\UserController.php(121): CodeIgniter\Controller->validate(Array)
#4 C:\xampp73\htdocs\order_mobil\system\CodeIgniter.php(824): App\Controllers\UserController->authregister()
#5 C:\xampp73\htdocs\order_mobil\system\CodeIgniter.php(410): CodeIgniter\CodeIgniter->runController(Object(App\Controllers\UserController))
#6 C:\xampp73\htdocs\order_mobil\system\CodeIgniter.php(318): CodeIgniter\CodeIgniter->handleRequest(NULL, Object(Config\Cache), false)
#7 C:\xampp73\htdocs\order_mobil\index.php(37): CodeIgniter\CodeIgniter->run()
#8 {main}
ERROR - 2022-07-20 23:23:18 --> Cannot add or update a child row: a foreign key constraint fails (`bcas_mobil`.`reimburse`, CONSTRAINT `reimburse_id_pemesanan_foreign` FOREIGN KEY (`id_pemesanan`) REFERENCES `pemesanan` (`id`))
CRITICAL - 2022-07-20 23:23:18 --> Cannot add or update a child row: a foreign key constraint fails (`bcas_mobil`.`reimburse`, CONSTRAINT `reimburse_id_pemesanan_foreign` FOREIGN KEY (`id_pemesanan`) REFERENCES `pemesanan` (`id`))
#0 C:\xampp73\htdocs\order_mobil\system\Database\MySQLi\Connection.php(292): mysqli->query('INSERT INTO `re...', 0)
#1 C:\xampp73\htdocs\order_mobil\system\Database\BaseConnection.php(670): CodeIgniter\Database\MySQLi\Connection->execute('INSERT INTO `re...')
#2 C:\xampp73\htdocs\order_mobil\system\Database\BaseConnection.php(598): CodeIgniter\Database\BaseConnection->simpleQuery('INSERT INTO `re...')
#3 C:\xampp73\htdocs\order_mobil\system\Database\BaseBuilder.php(1759): CodeIgniter\Database\BaseConnection->query('INSERT INTO `re...', Array, false)
#4 C:\xampp73\htdocs\order_mobil\system\Model.php(239): CodeIgniter\Database\BaseBuilder->insert()
#5 C:\xampp73\htdocs\order_mobil\system\BaseModel.php(738): CodeIgniter\Model->doInsert(Array)
#6 C:\xampp73\htdocs\order_mobil\system\Model.php(620): CodeIgniter\BaseModel->insert(Array, true)
#7 C:\xampp73\htdocs\order_mobil\app\Controllers\OrderController.php(209): CodeIgniter\Model->insert(Array)
#8 C:\xampp73\htdocs\order_mobil\system\CodeIgniter.php(824): App\Controllers\OrderController->uploadImage()
#9 C:\xampp73\htdocs\order_mobil\system\CodeIgniter.php(410): CodeIgniter\CodeIgniter->runController(Object(App\Controllers\OrderController))
#10 C:\xampp73\htdocs\order_mobil\system\CodeIgniter.php(318): CodeIgniter\CodeIgniter->handleRequest(NULL, Object(Config\Cache), false)
#11 C:\xampp73\htdocs\order_mobil\index.php(37): CodeIgniter\CodeIgniter->run()
#12 {main}
ERROR - 2022-07-20 23:23:21 --> Cannot add or update a child row: a foreign key constraint fails (`bcas_mobil`.`reimburse`, CONSTRAINT `reimburse_id_pemesanan_foreign` FOREIGN KEY (`id_pemesanan`) REFERENCES `pemesanan` (`id`))
CRITICAL - 2022-07-20 23:23:21 --> Cannot add or update a child row: a foreign key constraint fails (`bcas_mobil`.`reimburse`, CONSTRAINT `reimburse_id_pemesanan_foreign` FOREIGN KEY (`id_pemesanan`) REFERENCES `pemesanan` (`id`))
#0 C:\xampp73\htdocs\order_mobil\system\Database\MySQLi\Connection.php(292): mysqli->query('INSERT INTO `re...', 0)
#1 C:\xampp73\htdocs\order_mobil\system\Database\BaseConnection.php(670): CodeIgniter\Database\MySQLi\Connection->execute('INSERT INTO `re...')
#2 C:\xampp73\htdocs\order_mobil\system\Database\BaseConnection.php(598): CodeIgniter\Database\BaseConnection->simpleQuery('INSERT INTO `re...')
#3 C:\xampp73\htdocs\order_mobil\system\Database\BaseBuilder.php(1759): CodeIgniter\Database\BaseConnection->query('INSERT INTO `re...', Array, false)
#4 C:\xampp73\htdocs\order_mobil\system\Model.php(239): CodeIgniter\Database\BaseBuilder->insert()
#5 C:\xampp73\htdocs\order_mobil\system\BaseModel.php(738): CodeIgniter\Model->doInsert(Array)
#6 C:\xampp73\htdocs\order_mobil\system\Model.php(620): CodeIgniter\BaseModel->insert(Array, true)
#7 C:\xampp73\htdocs\order_mobil\app\Controllers\OrderController.php(209): CodeIgniter\Model->insert(Array)
#8 C:\xampp73\htdocs\order_mobil\system\CodeIgniter.php(824): App\Controllers\OrderController->uploadImage()
#9 C:\xampp73\htdocs\order_mobil\system\CodeIgniter.php(410): CodeIgniter\CodeIgniter->runController(Object(App\Controllers\OrderController))
#10 C:\xampp73\htdocs\order_mobil\system\CodeIgniter.php(318): CodeIgniter\CodeIgniter->handleRequest(NULL, Object(Config\Cache), false)
#11 C:\xampp73\htdocs\order_mobil\index.php(37): CodeIgniter\CodeIgniter->run()
#12 {main}
ERROR - 2022-07-20 23:23:22 --> Cannot add or update a child row: a foreign key constraint fails (`bcas_mobil`.`reimburse`, CONSTRAINT `reimburse_id_pemesanan_foreign` FOREIGN KEY (`id_pemesanan`) REFERENCES `pemesanan` (`id`))
CRITICAL - 2022-07-20 23:23:22 --> Cannot add or update a child row: a foreign key constraint fails (`bcas_mobil`.`reimburse`, CONSTRAINT `reimburse_id_pemesanan_foreign` FOREIGN KEY (`id_pemesanan`) REFERENCES `pemesanan` (`id`))
#0 C:\xampp73\htdocs\order_mobil\system\Database\MySQLi\Connection.php(292): mysqli->query('INSERT INTO `re...', 0)
#1 C:\xampp73\htdocs\order_mobil\system\Database\BaseConnection.php(670): CodeIgniter\Database\MySQLi\Connection->execute('INSERT INTO `re...')
#2 C:\xampp73\htdocs\order_mobil\system\Database\BaseConnection.php(598): CodeIgniter\Database\BaseConnection->simpleQuery('INSERT INTO `re...')
#3 C:\xampp73\htdocs\order_mobil\system\Database\BaseBuilder.php(1759): CodeIgniter\Database\BaseConnection->query('INSERT INTO `re...', Array, false)
#4 C:\xampp73\htdocs\order_mobil\system\Model.php(239): CodeIgniter\Database\BaseBuilder->insert()
#5 C:\xampp73\htdocs\order_mobil\system\BaseModel.php(738): CodeIgniter\Model->doInsert(Array)
#6 C:\xampp73\htdocs\order_mobil\system\Model.php(620): CodeIgniter\BaseModel->insert(Array, true)
#7 C:\xampp73\htdocs\order_mobil\app\Controllers\OrderController.php(209): CodeIgniter\Model->insert(Array)
#8 C:\xampp73\htdocs\order_mobil\system\CodeIgniter.php(824): App\Controllers\OrderController->uploadImage()
#9 C:\xampp73\htdocs\order_mobil\system\CodeIgniter.php(410): CodeIgniter\CodeIgniter->runController(Object(App\Controllers\OrderController))
#10 C:\xampp73\htdocs\order_mobil\system\CodeIgniter.php(318): CodeIgniter\CodeIgniter->handleRequest(NULL, Object(Config\Cache), false)
#11 C:\xampp73\htdocs\order_mobil\index.php(37): CodeIgniter\CodeIgniter->run()
#12 {main}
