CRITICAL - 2023-01-04 09:03:36 --> Undefined variable: data_divisi
#0 C:\xampp73\htdocs\order_mobil\app\Views\order.php(65): CodeIgniter\Debug\Exceptions->errorHandler(8, 'Undefined varia...', 'C:\\xampp73\\htdo...', 65, Array)
#1 C:\xampp73\htdocs\order_mobil\system\View\View.php(214): include('C:\\xampp73\\htdo...')
#2 C:\xampp73\htdocs\order_mobil\system\View\View.php(217): CodeIgniter\View\View->CodeIgniter\View\{closure}()
#3 C:\xampp73\htdocs\order_mobil\system\Common.php(1097): CodeIgniter\View\View->render('order', Array, true)
#4 C:\xampp73\htdocs\order_mobil\app\Controllers\Home.php(95): view('order', Array)
#5 C:\xampp73\htdocs\order_mobil\system\CodeIgniter.php(824): App\Controllers\Home->order()
#6 C:\xampp73\htdocs\order_mobil\system\CodeIgniter.php(410): CodeIgniter\CodeIgniter->runController(Object(App\Controllers\Home))
#7 C:\xampp73\htdocs\order_mobil\system\CodeIgniter.php(318): CodeIgniter\CodeIgniter->handleRequest(NULL, Object(Config\Cache), false)
#8 C:\xampp73\htdocs\order_mobil\index.php(37): CodeIgniter\CodeIgniter->run()
#9 {main}
CRITICAL - 2023-01-04 09:03:41 --> Undefined variable: data_divisi
#0 C:\xampp73\htdocs\order_mobil\app\Views\order.php(65): CodeIgniter\Debug\Exceptions->errorHandler(8, 'Undefined varia...', 'C:\\xampp73\\htdo...', 65, Array)
#1 C:\xampp73\htdocs\order_mobil\system\View\View.php(214): include('C:\\xampp73\\htdo...')
#2 C:\xampp73\htdocs\order_mobil\system\View\View.php(217): CodeIgniter\View\View->CodeIgniter\View\{closure}()
#3 C:\xampp73\htdocs\order_mobil\system\Common.php(1097): CodeIgniter\View\View->render('order', Array, true)
#4 C:\xampp73\htdocs\order_mobil\app\Controllers\Home.php(95): view('order', Array)
#5 C:\xampp73\htdocs\order_mobil\system\CodeIgniter.php(824): App\Controllers\Home->order()
#6 C:\xampp73\htdocs\order_mobil\system\CodeIgniter.php(410): CodeIgniter\CodeIgniter->runController(Object(App\Controllers\Home))
#7 C:\xampp73\htdocs\order_mobil\system\CodeIgniter.php(318): CodeIgniter\CodeIgniter->handleRequest(NULL, Object(Config\Cache), false)
#8 C:\xampp73\htdocs\order_mobil\index.php(37): CodeIgniter\CodeIgniter->run()
#9 {main}
CRITICAL - 2023-01-04 09:30:54 --> Undefined variable: data_divisi
#0 C:\xampp73\htdocs\order_mobil\app\Views\order.php(65): CodeIgniter\Debug\Exceptions->errorHandler(8, 'Undefined varia...', 'C:\\xampp73\\htdo...', 65, Array)
#1 C:\xampp73\htdocs\order_mobil\system\View\View.php(214): include('C:\\xampp73\\htdo...')
#2 C:\xampp73\htdocs\order_mobil\system\View\View.php(217): CodeIgniter\View\View->CodeIgniter\View\{closure}()
#3 C:\xampp73\htdocs\order_mobil\system\Common.php(1097): CodeIgniter\View\View->render('order', Array, true)
#4 C:\xampp73\htdocs\order_mobil\app\Controllers\Home.php(95): view('order', Array)
#5 C:\xampp73\htdocs\order_mobil\system\CodeIgniter.php(824): App\Controllers\Home->order()
#6 C:\xampp73\htdocs\order_mobil\system\CodeIgniter.php(410): CodeIgniter\CodeIgniter->runController(Object(App\Controllers\Home))
#7 C:\xampp73\htdocs\order_mobil\system\CodeIgniter.php(318): CodeIgniter\CodeIgniter->handleRequest(NULL, Object(Config\Cache), false)
#8 C:\xampp73\htdocs\order_mobil\index.php(37): CodeIgniter\CodeIgniter->run()
#9 {main}
CRITICAL - 2023-01-04 09:47:58 --> Undefined variable: data_divisi
#0 C:\xampp73\htdocs\order_mobil\app\Views\order.php(65): CodeIgniter\Debug\Exceptions->errorHandler(8, 'Undefined varia...', 'C:\\xampp73\\htdo...', 65, Array)
#1 C:\xampp73\htdocs\order_mobil\system\View\View.php(214): include('C:\\xampp73\\htdo...')
#2 C:\xampp73\htdocs\order_mobil\system\View\View.php(217): CodeIgniter\View\View->CodeIgniter\View\{closure}()
#3 C:\xampp73\htdocs\order_mobil\system\Common.php(1097): CodeIgniter\View\View->render('order', Array, true)
#4 C:\xampp73\htdocs\order_mobil\app\Controllers\Home.php(95): view('order', Array)
#5 C:\xampp73\htdocs\order_mobil\system\CodeIgniter.php(824): App\Controllers\Home->order()
#6 C:\xampp73\htdocs\order_mobil\system\CodeIgniter.php(410): CodeIgniter\CodeIgniter->runController(Object(App\Controllers\Home))
#7 C:\xampp73\htdocs\order_mobil\system\CodeIgniter.php(318): CodeIgniter\CodeIgniter->handleRequest(NULL, Object(Config\Cache), false)
#8 C:\xampp73\htdocs\order_mobil\index.php(37): CodeIgniter\CodeIgniter->run()
#9 {main}
ERROR - 2023-01-04 09:56:54 --> You have an error in your SQL syntax; check the manual that corresponds to your MariaDB server version for the right syntax to use near '' at line 1
CRITICAL - 2023-01-04 09:56:54 --> You have an error in your SQL syntax; check the manual that corresponds to your MariaDB server version for the right syntax to use near '' at line 1
#0 C:\xampp73\htdocs\order_mobil\system\Database\MySQLi\Connection.php(292): mysqli->query('SELECT id_divis...', 0)
#1 C:\xampp73\htdocs\order_mobil\system\Database\BaseConnection.php(670): CodeIgniter\Database\MySQLi\Connection->execute('SELECT id_divis...')
#2 C:\xampp73\htdocs\order_mobil\system\Database\BaseConnection.php(598): CodeIgniter\Database\BaseConnection->simpleQuery('SELECT id_divis...')
#3 C:\xampp73\htdocs\order_mobil\system\Model.php(721): CodeIgniter\Database\BaseConnection->query('SELECT id_divis...')
#4 C:\xampp73\htdocs\order_mobil\app\Controllers\Home.php(87): CodeIgniter\Model->__call('query', Array)
#5 C:\xampp73\htdocs\order_mobil\system\CodeIgniter.php(824): App\Controllers\Home->order()
#6 C:\xampp73\htdocs\order_mobil\system\CodeIgniter.php(410): CodeIgniter\CodeIgniter->runController(Object(App\Controllers\Home))
#7 C:\xampp73\htdocs\order_mobil\system\CodeIgniter.php(318): CodeIgniter\CodeIgniter->handleRequest(NULL, Object(Config\Cache), false)
#8 C:\xampp73\htdocs\order_mobil\index.php(37): CodeIgniter\CodeIgniter->run()
#9 {main}
ERROR - 2023-01-04 10:01:32 --> You have an error in your SQL syntax; check the manual that corresponds to your MariaDB server version for the right syntax to use near '' at line 1
CRITICAL - 2023-01-04 10:01:32 --> You have an error in your SQL syntax; check the manual that corresponds to your MariaDB server version for the right syntax to use near '' at line 1
#0 C:\xampp73\htdocs\order_mobil\system\Database\MySQLi\Connection.php(292): mysqli->query('SELECT id_divis...', 0)
#1 C:\xampp73\htdocs\order_mobil\system\Database\BaseConnection.php(670): CodeIgniter\Database\MySQLi\Connection->execute('SELECT id_divis...')
#2 C:\xampp73\htdocs\order_mobil\system\Database\BaseConnection.php(598): CodeIgniter\Database\BaseConnection->simpleQuery('SELECT id_divis...')
#3 C:\xampp73\htdocs\order_mobil\system\Model.php(721): CodeIgniter\Database\BaseConnection->query('SELECT id_divis...')
#4 C:\xampp73\htdocs\order_mobil\app\Controllers\Home.php(87): CodeIgniter\Model->__call('query', Array)
#5 C:\xampp73\htdocs\order_mobil\system\CodeIgniter.php(824): App\Controllers\Home->order()
#6 C:\xampp73\htdocs\order_mobil\system\CodeIgniter.php(410): CodeIgniter\CodeIgniter->runController(Object(App\Controllers\Home))
#7 C:\xampp73\htdocs\order_mobil\system\CodeIgniter.php(318): CodeIgniter\CodeIgniter->handleRequest(NULL, Object(Config\Cache), false)
#8 C:\xampp73\htdocs\order_mobil\index.php(37): CodeIgniter\CodeIgniter->run()
#9 {main}
ERROR - 2023-01-04 10:01:50 --> Unknown column 'githa_refina' in 'where clause'
CRITICAL - 2023-01-04 10:01:50 --> Unknown column 'githa_refina' in 'where clause'
#0 C:\xampp73\htdocs\order_mobil\system\Database\MySQLi\Connection.php(292): mysqli->query('SELECT id_divis...', 0)
#1 C:\xampp73\htdocs\order_mobil\system\Database\BaseConnection.php(670): CodeIgniter\Database\MySQLi\Connection->execute('SELECT id_divis...')
#2 C:\xampp73\htdocs\order_mobil\system\Database\BaseConnection.php(598): CodeIgniter\Database\BaseConnection->simpleQuery('SELECT id_divis...')
#3 C:\xampp73\htdocs\order_mobil\system\Model.php(721): CodeIgniter\Database\BaseConnection->query('SELECT id_divis...')
#4 C:\xampp73\htdocs\order_mobil\app\Controllers\Home.php(87): CodeIgniter\Model->__call('query', Array)
#5 C:\xampp73\htdocs\order_mobil\system\CodeIgniter.php(824): App\Controllers\Home->order()
#6 C:\xampp73\htdocs\order_mobil\system\CodeIgniter.php(410): CodeIgniter\CodeIgniter->runController(Object(App\Controllers\Home))
#7 C:\xampp73\htdocs\order_mobil\system\CodeIgniter.php(318): CodeIgniter\CodeIgniter->handleRequest(NULL, Object(Config\Cache), false)
#8 C:\xampp73\htdocs\order_mobil\index.php(37): CodeIgniter\CodeIgniter->run()
#9 {main}
CRITICAL - 2023-01-04 10:02:07 --> Undefined offset: 0
#0 C:\xampp73\htdocs\order_mobil\app\Controllers\Home.php(88): CodeIgniter\Debug\Exceptions->errorHandler(8, 'Undefined offse...', 'C:\\xampp73\\htdo...', 88, Array)
#1 C:\xampp73\htdocs\order_mobil\system\CodeIgniter.php(824): App\Controllers\Home->order()
#2 C:\xampp73\htdocs\order_mobil\system\CodeIgniter.php(410): CodeIgniter\CodeIgniter->runController(Object(App\Controllers\Home))
#3 C:\xampp73\htdocs\order_mobil\system\CodeIgniter.php(318): CodeIgniter\CodeIgniter->handleRequest(NULL, Object(Config\Cache), false)
#4 C:\xampp73\htdocs\order_mobil\index.php(37): CodeIgniter\CodeIgniter->run()
#5 {main}
CRITICAL - 2023-01-04 10:02:23 --> Undefined index: id_divisi
#0 C:\xampp73\htdocs\order_mobil\app\Controllers\Home.php(88): CodeIgniter\Debug\Exceptions->errorHandler(8, 'Undefined index...', 'C:\\xampp73\\htdo...', 88, Array)
#1 C:\xampp73\htdocs\order_mobil\system\CodeIgniter.php(824): App\Controllers\Home->order()
#2 C:\xampp73\htdocs\order_mobil\system\CodeIgniter.php(410): CodeIgniter\CodeIgniter->runController(Object(App\Controllers\Home))
#3 C:\xampp73\htdocs\order_mobil\system\CodeIgniter.php(318): CodeIgniter\CodeIgniter->handleRequest(NULL, Object(Config\Cache), false)
#4 C:\xampp73\htdocs\order_mobil\index.php(37): CodeIgniter\CodeIgniter->run()
#5 {main}
CRITICAL - 2023-01-04 10:03:37 --> Undefined index: id_divisi
#0 C:\xampp73\htdocs\order_mobil\app\Controllers\Home.php(88): CodeIgniter\Debug\Exceptions->errorHandler(8, 'Undefined index...', 'C:\\xampp73\\htdo...', 88, Array)
#1 C:\xampp73\htdocs\order_mobil\system\CodeIgniter.php(824): App\Controllers\Home->order()
#2 C:\xampp73\htdocs\order_mobil\system\CodeIgniter.php(410): CodeIgniter\CodeIgniter->runController(Object(App\Controllers\Home))
#3 C:\xampp73\htdocs\order_mobil\system\CodeIgniter.php(318): CodeIgniter\CodeIgniter->handleRequest(NULL, Object(Config\Cache), false)
#4 C:\xampp73\htdocs\order_mobil\index.php(37): CodeIgniter\CodeIgniter->run()
#5 {main}
CRITICAL - 2023-01-04 10:53:11 --> Undefined index: divisi
#0 C:\xampp73\htdocs\order_mobil\app\Views\list_user.php(49): CodeIgniter\Debug\Exceptions->errorHandler(8, 'Undefined index...', 'C:\\xampp73\\htdo...', 49, Array)
#1 C:\xampp73\htdocs\order_mobil\system\View\View.php(214): include('C:\\xampp73\\htdo...')
#2 C:\xampp73\htdocs\order_mobil\system\View\View.php(217): CodeIgniter\View\View->CodeIgniter\View\{closure}()
#3 C:\xampp73\htdocs\order_mobil\system\Common.php(1097): CodeIgniter\View\View->render('list_user', Array, true)
#4 C:\xampp73\htdocs\order_mobil\app\Controllers\UserController.php(342): view('list_user', Array)
#5 C:\xampp73\htdocs\order_mobil\system\CodeIgniter.php(824): App\Controllers\UserController->list_user()
#6 C:\xampp73\htdocs\order_mobil\system\CodeIgniter.php(410): CodeIgniter\CodeIgniter->runController(Object(App\Controllers\UserController))
#7 C:\xampp73\htdocs\order_mobil\system\CodeIgniter.php(318): CodeIgniter\CodeIgniter->handleRequest(NULL, Object(Config\Cache), false)
#8 C:\xampp73\htdocs\order_mobil\index.php(37): CodeIgniter\CodeIgniter->run()
#9 {main}
CRITICAL - 2023-01-04 10:53:12 --> Undefined index: divisi
#0 C:\xampp73\htdocs\order_mobil\app\Views\list_user.php(49): CodeIgniter\Debug\Exceptions->errorHandler(8, 'Undefined index...', 'C:\\xampp73\\htdo...', 49, Array)
#1 C:\xampp73\htdocs\order_mobil\system\View\View.php(214): include('C:\\xampp73\\htdo...')
#2 C:\xampp73\htdocs\order_mobil\system\View\View.php(217): CodeIgniter\View\View->CodeIgniter\View\{closure}()
#3 C:\xampp73\htdocs\order_mobil\system\Common.php(1097): CodeIgniter\View\View->render('list_user', Array, true)
#4 C:\xampp73\htdocs\order_mobil\app\Controllers\UserController.php(342): view('list_user', Array)
#5 C:\xampp73\htdocs\order_mobil\system\CodeIgniter.php(824): App\Controllers\UserController->list_user()
#6 C:\xampp73\htdocs\order_mobil\system\CodeIgniter.php(410): CodeIgniter\CodeIgniter->runController(Object(App\Controllers\UserController))
#7 C:\xampp73\htdocs\order_mobil\system\CodeIgniter.php(318): CodeIgniter\CodeIgniter->handleRequest(NULL, Object(Config\Cache), false)
#8 C:\xampp73\htdocs\order_mobil\index.php(37): CodeIgniter\CodeIgniter->run()
#9 {main}
ERROR - 2023-01-04 15:09:55 --> Cannot add or update a child row: a foreign key constraint fails (`bcas_mobil`.`orders`, CONSTRAINT `orders_ibfk_1` FOREIGN KEY (`id_divisi`) REFERENCES `divisi` (`id_divisi`))
CRITICAL - 2023-01-04 15:09:55 --> Cannot add or update a child row: a foreign key constraint fails (`bcas_mobil`.`orders`, CONSTRAINT `orders_ibfk_1` FOREIGN KEY (`id_divisi`) REFERENCES `divisi` (`id_divisi`))
#0 C:\xampp73\htdocs\order_mobil\system\Database\MySQLi\Connection.php(292): mysqli->query('INSERT INTO `or...', 0)
#1 C:\xampp73\htdocs\order_mobil\system\Database\BaseConnection.php(670): CodeIgniter\Database\MySQLi\Connection->execute('INSERT INTO `or...')
#2 C:\xampp73\htdocs\order_mobil\system\Database\BaseConnection.php(598): CodeIgniter\Database\BaseConnection->simpleQuery('INSERT INTO `or...')
#3 C:\xampp73\htdocs\order_mobil\system\Database\BaseBuilder.php(1759): CodeIgniter\Database\BaseConnection->query('INSERT INTO `or...', Array, false)
#4 C:\xampp73\htdocs\order_mobil\system\Model.php(239): CodeIgniter\Database\BaseBuilder->insert()
#5 C:\xampp73\htdocs\order_mobil\system\BaseModel.php(738): CodeIgniter\Model->doInsert(Array)
#6 C:\xampp73\htdocs\order_mobil\system\Model.php(620): CodeIgniter\BaseModel->insert(Array, true)
#7 C:\xampp73\htdocs\order_mobil\app\Controllers\OrderController.php(248): CodeIgniter\Model->insert(Array)
#8 C:\xampp73\htdocs\order_mobil\system\CodeIgniter.php(824): App\Controllers\OrderController->request_order()
#9 C:\xampp73\htdocs\order_mobil\system\CodeIgniter.php(410): CodeIgniter\CodeIgniter->runController(Object(App\Controllers\OrderController))
#10 C:\xampp73\htdocs\order_mobil\system\CodeIgniter.php(318): CodeIgniter\CodeIgniter->handleRequest(NULL, Object(Config\Cache), false)
#11 C:\xampp73\htdocs\order_mobil\index.php(37): CodeIgniter\CodeIgniter->run()
#12 {main}
ERROR - 2023-01-04 15:10:12 --> Cannot add or update a child row: a foreign key constraint fails (`bcas_mobil`.`orders`, CONSTRAINT `orders_ibfk_1` FOREIGN KEY (`id_divisi`) REFERENCES `divisi` (`id_divisi`))
CRITICAL - 2023-01-04 15:10:12 --> Cannot add or update a child row: a foreign key constraint fails (`bcas_mobil`.`orders`, CONSTRAINT `orders_ibfk_1` FOREIGN KEY (`id_divisi`) REFERENCES `divisi` (`id_divisi`))
#0 C:\xampp73\htdocs\order_mobil\system\Database\MySQLi\Connection.php(292): mysqli->query('INSERT INTO `or...', 0)
#1 C:\xampp73\htdocs\order_mobil\system\Database\BaseConnection.php(670): CodeIgniter\Database\MySQLi\Connection->execute('INSERT INTO `or...')
#2 C:\xampp73\htdocs\order_mobil\system\Database\BaseConnection.php(598): CodeIgniter\Database\BaseConnection->simpleQuery('INSERT INTO `or...')
#3 C:\xampp73\htdocs\order_mobil\system\Database\BaseBuilder.php(1759): CodeIgniter\Database\BaseConnection->query('INSERT INTO `or...', Array, false)
#4 C:\xampp73\htdocs\order_mobil\system\Model.php(239): CodeIgniter\Database\BaseBuilder->insert()
#5 C:\xampp73\htdocs\order_mobil\system\BaseModel.php(738): CodeIgniter\Model->doInsert(Array)
#6 C:\xampp73\htdocs\order_mobil\system\Model.php(620): CodeIgniter\BaseModel->insert(Array, true)
#7 C:\xampp73\htdocs\order_mobil\app\Controllers\OrderController.php(248): CodeIgniter\Model->insert(Array)
#8 C:\xampp73\htdocs\order_mobil\system\CodeIgniter.php(824): App\Controllers\OrderController->request_order()
#9 C:\xampp73\htdocs\order_mobil\system\CodeIgniter.php(410): CodeIgniter\CodeIgniter->runController(Object(App\Controllers\OrderController))
#10 C:\xampp73\htdocs\order_mobil\system\CodeIgniter.php(318): CodeIgniter\CodeIgniter->handleRequest(NULL, Object(Config\Cache), false)
#11 C:\xampp73\htdocs\order_mobil\index.php(37): CodeIgniter\CodeIgniter->run()
#12 {main}
CRITICAL - 2023-01-04 15:39:38 --> CodeIgniter\Autoloader\Autoloader::main(): Failed opening required 'C:\xampp73\htdocs\order_mobil\app\\libraries\mailerku/PHPMailer.php' (include_path='C:\xampp73\php\PEAR')
#0 [internal function]: CodeIgniter\Debug\Exceptions->shutdownHandler()
#1 {main}
CRITICAL - 2023-01-04 15:40:22 --> CodeIgniter\Autoloader\Autoloader::main(): Failed opening required 'C:\xampp73\htdocs\order_mobil\app\\libraries\mailerku/PHPMailer.php' (include_path='C:\xampp73\php\PEAR')
#0 [internal function]: CodeIgniter\Debug\Exceptions->shutdownHandler()
#1 {main}
CRITICAL - 2023-01-04 16:16:42 --> Undefined index: waktu_end
#0 C:\xampp73\htdocs\order_mobil\app\Views\history_approve.php(36): CodeIgniter\Debug\Exceptions->errorHandler(8, 'Undefined index...', 'C:\\xampp73\\htdo...', 36, Array)
#1 C:\xampp73\htdocs\order_mobil\system\View\View.php(214): include('C:\\xampp73\\htdo...')
#2 C:\xampp73\htdocs\order_mobil\system\View\View.php(217): CodeIgniter\View\View->CodeIgniter\View\{closure}()
#3 C:\xampp73\htdocs\order_mobil\system\Common.php(1097): CodeIgniter\View\View->render('history_approve', Array, true)
#4 C:\xampp73\htdocs\order_mobil\app\Controllers\Home.php(346): view('history_approve', Array)
#5 C:\xampp73\htdocs\order_mobil\system\CodeIgniter.php(824): App\Controllers\Home->approve()
#6 C:\xampp73\htdocs\order_mobil\system\CodeIgniter.php(410): CodeIgniter\CodeIgniter->runController(Object(App\Controllers\Home))
#7 C:\xampp73\htdocs\order_mobil\system\CodeIgniter.php(318): CodeIgniter\CodeIgniter->handleRequest(NULL, Object(Config\Cache), false)
#8 C:\xampp73\htdocs\order_mobil\index.php(37): CodeIgniter\CodeIgniter->run()
#9 {main}
CRITICAL - 2023-01-04 16:50:08 --> Undefined index: waktu_end
#0 C:\xampp73\htdocs\order_mobil\app\Views\history_approve.php(36): CodeIgniter\Debug\Exceptions->errorHandler(8, 'Undefined index...', 'C:\\xampp73\\htdo...', 36, Array)
#1 C:\xampp73\htdocs\order_mobil\system\View\View.php(214): include('C:\\xampp73\\htdo...')
#2 C:\xampp73\htdocs\order_mobil\system\View\View.php(217): CodeIgniter\View\View->CodeIgniter\View\{closure}()
#3 C:\xampp73\htdocs\order_mobil\system\Common.php(1097): CodeIgniter\View\View->render('history_approve', Array, true)
#4 C:\xampp73\htdocs\order_mobil\app\Controllers\Home.php(346): view('history_approve', Array)
#5 C:\xampp73\htdocs\order_mobil\system\CodeIgniter.php(824): App\Controllers\Home->approve()
#6 C:\xampp73\htdocs\order_mobil\system\CodeIgniter.php(410): CodeIgniter\CodeIgniter->runController(Object(App\Controllers\Home))
#7 C:\xampp73\htdocs\order_mobil\system\CodeIgniter.php(318): CodeIgniter\CodeIgniter->handleRequest(NULL, Object(Config\Cache), false)
#8 C:\xampp73\htdocs\order_mobil\index.php(37): CodeIgniter\CodeIgniter->run()
#9 {main}
CRITICAL - 2023-01-04 16:53:38 --> Undefined index: waktu_end
#0 C:\xampp73\htdocs\order_mobil\app\Views\history_approve.php(36): CodeIgniter\Debug\Exceptions->errorHandler(8, 'Undefined index...', 'C:\\xampp73\\htdo...', 36, Array)
#1 C:\xampp73\htdocs\order_mobil\system\View\View.php(214): include('C:\\xampp73\\htdo...')
#2 C:\xampp73\htdocs\order_mobil\system\View\View.php(217): CodeIgniter\View\View->CodeIgniter\View\{closure}()
#3 C:\xampp73\htdocs\order_mobil\system\Common.php(1097): CodeIgniter\View\View->render('history_approve', Array, true)
#4 C:\xampp73\htdocs\order_mobil\app\Controllers\Home.php(346): view('history_approve', Array)
#5 C:\xampp73\htdocs\order_mobil\system\CodeIgniter.php(824): App\Controllers\Home->approve()
#6 C:\xampp73\htdocs\order_mobil\system\CodeIgniter.php(410): CodeIgniter\CodeIgniter->runController(Object(App\Controllers\Home))
#7 C:\xampp73\htdocs\order_mobil\system\CodeIgniter.php(318): CodeIgniter\CodeIgniter->handleRequest(NULL, Object(Config\Cache), false)
#8 C:\xampp73\htdocs\order_mobil\index.php(37): CodeIgniter\CodeIgniter->run()
#9 {main}
CRITICAL - 2023-01-04 16:55:20 --> Undefined index: waktu_end
#0 C:\xampp73\htdocs\order_mobil\app\Views\history_approve.php(36): CodeIgniter\Debug\Exceptions->errorHandler(8, 'Undefined index...', 'C:\\xampp73\\htdo...', 36, Array)
#1 C:\xampp73\htdocs\order_mobil\system\View\View.php(214): include('C:\\xampp73\\htdo...')
#2 C:\xampp73\htdocs\order_mobil\system\View\View.php(217): CodeIgniter\View\View->CodeIgniter\View\{closure}()
#3 C:\xampp73\htdocs\order_mobil\system\Common.php(1097): CodeIgniter\View\View->render('history_approve', Array, true)
#4 C:\xampp73\htdocs\order_mobil\app\Controllers\Home.php(346): view('history_approve', Array)
#5 C:\xampp73\htdocs\order_mobil\system\CodeIgniter.php(824): App\Controllers\Home->approve()
#6 C:\xampp73\htdocs\order_mobil\system\CodeIgniter.php(410): CodeIgniter\CodeIgniter->runController(Object(App\Controllers\Home))
#7 C:\xampp73\htdocs\order_mobil\system\CodeIgniter.php(318): CodeIgniter\CodeIgniter->handleRequest(NULL, Object(Config\Cache), false)
#8 C:\xampp73\htdocs\order_mobil\index.php(37): CodeIgniter\CodeIgniter->run()
#9 {main}
ERROR - 2023-01-04 17:06:11 --> You have an error in your SQL syntax; check the manual that corresponds to your MariaDB server version for the right syntax to use near '' at line 1
CRITICAL - 2023-01-04 17:06:11 --> You have an error in your SQL syntax; check the manual that corresponds to your MariaDB server version for the right syntax to use near '' at line 1
#0 C:\xampp73\htdocs\order_mobil\system\Database\MySQLi\Connection.php(292): mysqli->query('SELECT * FROM u...', 0)
#1 C:\xampp73\htdocs\order_mobil\system\Database\BaseConnection.php(670): CodeIgniter\Database\MySQLi\Connection->execute('SELECT * FROM u...')
#2 C:\xampp73\htdocs\order_mobil\system\Database\BaseConnection.php(598): CodeIgniter\Database\BaseConnection->simpleQuery('SELECT * FROM u...')
#3 C:\xampp73\htdocs\order_mobil\system\Model.php(721): CodeIgniter\Database\BaseConnection->query('SELECT * FROM u...')
#4 C:\xampp73\htdocs\order_mobil\app\Views\list_user.php(38): CodeIgniter\Model->__call('query', Array)
#5 C:\xampp73\htdocs\order_mobil\system\View\View.php(214): include('C:\\xampp73\\htdo...')
#6 C:\xampp73\htdocs\order_mobil\system\View\View.php(217): CodeIgniter\View\View->CodeIgniter\View\{closure}()
#7 C:\xampp73\htdocs\order_mobil\system\Common.php(1097): CodeIgniter\View\View->render('list_user', Array, true)
#8 C:\xampp73\htdocs\order_mobil\app\Controllers\UserController.php(311): view('list_user', Array)
#9 C:\xampp73\htdocs\order_mobil\system\CodeIgniter.php(824): App\Controllers\UserController->list_user()
#10 C:\xampp73\htdocs\order_mobil\system\CodeIgniter.php(410): CodeIgniter\CodeIgniter->runController(Object(App\Controllers\UserController))
#11 C:\xampp73\htdocs\order_mobil\system\CodeIgniter.php(318): CodeIgniter\CodeIgniter->handleRequest(NULL, Object(Config\Cache), false)
#12 C:\xampp73\htdocs\order_mobil\index.php(37): CodeIgniter\CodeIgniter->run()
#13 {main}
ERROR - 2023-01-04 17:06:27 --> You have an error in your SQL syntax; check the manual that corresponds to your MariaDB server version for the right syntax to use near '' at line 1
CRITICAL - 2023-01-04 17:06:27 --> You have an error in your SQL syntax; check the manual that corresponds to your MariaDB server version for the right syntax to use near '' at line 1
#0 C:\xampp73\htdocs\order_mobil\system\Database\MySQLi\Connection.php(292): mysqli->query('SELECT * FROM u...', 0)
#1 C:\xampp73\htdocs\order_mobil\system\Database\BaseConnection.php(670): CodeIgniter\Database\MySQLi\Connection->execute('SELECT * FROM u...')
#2 C:\xampp73\htdocs\order_mobil\system\Database\BaseConnection.php(598): CodeIgniter\Database\BaseConnection->simpleQuery('SELECT * FROM u...')
#3 C:\xampp73\htdocs\order_mobil\system\Model.php(721): CodeIgniter\Database\BaseConnection->query('SELECT * FROM u...')
#4 C:\xampp73\htdocs\order_mobil\app\Views\list_user.php(38): CodeIgniter\Model->__call('query', Array)
#5 C:\xampp73\htdocs\order_mobil\system\View\View.php(214): include('C:\\xampp73\\htdo...')
#6 C:\xampp73\htdocs\order_mobil\system\View\View.php(217): CodeIgniter\View\View->CodeIgniter\View\{closure}()
#7 C:\xampp73\htdocs\order_mobil\system\Common.php(1097): CodeIgniter\View\View->render('list_user', Array, true)
#8 C:\xampp73\htdocs\order_mobil\app\Controllers\UserController.php(311): view('list_user', Array)
#9 C:\xampp73\htdocs\order_mobil\system\CodeIgniter.php(824): App\Controllers\UserController->list_user()
#10 C:\xampp73\htdocs\order_mobil\system\CodeIgniter.php(410): CodeIgniter\CodeIgniter->runController(Object(App\Controllers\UserController))
#11 C:\xampp73\htdocs\order_mobil\system\CodeIgniter.php(318): CodeIgniter\CodeIgniter->handleRequest(NULL, Object(Config\Cache), false)
#12 C:\xampp73\htdocs\order_mobil\index.php(37): CodeIgniter\CodeIgniter->run()
#13 {main}
ERROR - 2023-01-04 17:06:58 --> You have an error in your SQL syntax; check the manual that corresponds to your MariaDB server version for the right syntax to use near '' at line 1
CRITICAL - 2023-01-04 17:06:58 --> You have an error in your SQL syntax; check the manual that corresponds to your MariaDB server version for the right syntax to use near '' at line 1
#0 C:\xampp73\htdocs\order_mobil\system\Database\MySQLi\Connection.php(292): mysqli->query('SELECT * FROM u...', 0)
#1 C:\xampp73\htdocs\order_mobil\system\Database\BaseConnection.php(670): CodeIgniter\Database\MySQLi\Connection->execute('SELECT * FROM u...')
#2 C:\xampp73\htdocs\order_mobil\system\Database\BaseConnection.php(598): CodeIgniter\Database\BaseConnection->simpleQuery('SELECT * FROM u...')
#3 C:\xampp73\htdocs\order_mobil\system\Model.php(721): CodeIgniter\Database\BaseConnection->query('SELECT * FROM u...')
#4 C:\xampp73\htdocs\order_mobil\app\Views\list_user.php(38): CodeIgniter\Model->__call('query', Array)
#5 C:\xampp73\htdocs\order_mobil\system\View\View.php(214): include('C:\\xampp73\\htdo...')
#6 C:\xampp73\htdocs\order_mobil\system\View\View.php(217): CodeIgniter\View\View->CodeIgniter\View\{closure}()
#7 C:\xampp73\htdocs\order_mobil\system\Common.php(1097): CodeIgniter\View\View->render('list_user', Array, true)
#8 C:\xampp73\htdocs\order_mobil\app\Controllers\UserController.php(311): view('list_user', Array)
#9 C:\xampp73\htdocs\order_mobil\system\CodeIgniter.php(824): App\Controllers\UserController->list_user()
#10 C:\xampp73\htdocs\order_mobil\system\CodeIgniter.php(410): CodeIgniter\CodeIgniter->runController(Object(App\Controllers\UserController))
#11 C:\xampp73\htdocs\order_mobil\system\CodeIgniter.php(318): CodeIgniter\CodeIgniter->handleRequest(NULL, Object(Config\Cache), false)
#12 C:\xampp73\htdocs\order_mobil\index.php(37): CodeIgniter\CodeIgniter->run()
#13 {main}
ERROR - 2023-01-04 17:07:01 --> You have an error in your SQL syntax; check the manual that corresponds to your MariaDB server version for the right syntax to use near '' at line 1
CRITICAL - 2023-01-04 17:07:01 --> You have an error in your SQL syntax; check the manual that corresponds to your MariaDB server version for the right syntax to use near '' at line 1
#0 C:\xampp73\htdocs\order_mobil\system\Database\MySQLi\Connection.php(292): mysqli->query('SELECT * FROM u...', 0)
#1 C:\xampp73\htdocs\order_mobil\system\Database\BaseConnection.php(670): CodeIgniter\Database\MySQLi\Connection->execute('SELECT * FROM u...')
#2 C:\xampp73\htdocs\order_mobil\system\Database\BaseConnection.php(598): CodeIgniter\Database\BaseConnection->simpleQuery('SELECT * FROM u...')
#3 C:\xampp73\htdocs\order_mobil\system\Model.php(721): CodeIgniter\Database\BaseConnection->query('SELECT * FROM u...')
#4 C:\xampp73\htdocs\order_mobil\app\Views\list_user.php(38): CodeIgniter\Model->__call('query', Array)
#5 C:\xampp73\htdocs\order_mobil\system\View\View.php(214): include('C:\\xampp73\\htdo...')
#6 C:\xampp73\htdocs\order_mobil\system\View\View.php(217): CodeIgniter\View\View->CodeIgniter\View\{closure}()
#7 C:\xampp73\htdocs\order_mobil\system\Common.php(1097): CodeIgniter\View\View->render('list_user', Array, true)
#8 C:\xampp73\htdocs\order_mobil\app\Controllers\UserController.php(311): view('list_user', Array)
#9 C:\xampp73\htdocs\order_mobil\system\CodeIgniter.php(824): App\Controllers\UserController->list_user()
#10 C:\xampp73\htdocs\order_mobil\system\CodeIgniter.php(410): CodeIgniter\CodeIgniter->runController(Object(App\Controllers\UserController))
#11 C:\xampp73\htdocs\order_mobil\system\CodeIgniter.php(318): CodeIgniter\CodeIgniter->handleRequest(NULL, Object(Config\Cache), false)
#12 C:\xampp73\htdocs\order_mobil\index.php(37): CodeIgniter\CodeIgniter->run()
#13 {main}
ERROR - 2023-01-04 17:07:44 --> You have an error in your SQL syntax; check the manual that corresponds to your MariaDB server version for the right syntax to use near '' at line 1
CRITICAL - 2023-01-04 17:07:44 --> You have an error in your SQL syntax; check the manual that corresponds to your MariaDB server version for the right syntax to use near '' at line 1
#0 C:\xampp73\htdocs\order_mobil\system\Database\MySQLi\Connection.php(292): mysqli->query('SELECT * FROM u...', 0)
#1 C:\xampp73\htdocs\order_mobil\system\Database\BaseConnection.php(670): CodeIgniter\Database\MySQLi\Connection->execute('SELECT * FROM u...')
#2 C:\xampp73\htdocs\order_mobil\system\Database\BaseConnection.php(598): CodeIgniter\Database\BaseConnection->simpleQuery('SELECT * FROM u...')
#3 C:\xampp73\htdocs\order_mobil\system\Model.php(721): CodeIgniter\Database\BaseConnection->query('SELECT * FROM u...')
#4 C:\xampp73\htdocs\order_mobil\app\Views\list_user.php(38): CodeIgniter\Model->__call('query', Array)
#5 C:\xampp73\htdocs\order_mobil\system\View\View.php(214): include('C:\\xampp73\\htdo...')
#6 C:\xampp73\htdocs\order_mobil\system\View\View.php(217): CodeIgniter\View\View->CodeIgniter\View\{closure}()
#7 C:\xampp73\htdocs\order_mobil\system\Common.php(1097): CodeIgniter\View\View->render('list_user', Array, true)
#8 C:\xampp73\htdocs\order_mobil\app\Controllers\UserController.php(311): view('list_user', Array)
#9 C:\xampp73\htdocs\order_mobil\system\CodeIgniter.php(824): App\Controllers\UserController->list_user()
#10 C:\xampp73\htdocs\order_mobil\system\CodeIgniter.php(410): CodeIgniter\CodeIgniter->runController(Object(App\Controllers\UserController))
#11 C:\xampp73\htdocs\order_mobil\system\CodeIgniter.php(318): CodeIgniter\CodeIgniter->handleRequest(NULL, Object(Config\Cache), false)
#12 C:\xampp73\htdocs\order_mobil\index.php(37): CodeIgniter\CodeIgniter->run()
#13 {main}
ERROR - 2023-01-04 17:11:41 --> You have an error in your SQL syntax; check the manual that corresponds to your MariaDB server version for the right syntax to use near '' at line 1
CRITICAL - 2023-01-04 17:11:41 --> You have an error in your SQL syntax; check the manual that corresponds to your MariaDB server version for the right syntax to use near '' at line 1
#0 C:\xampp73\htdocs\order_mobil\system\Database\MySQLi\Connection.php(292): mysqli->query('SELECT * FROM u...', 0)
#1 C:\xampp73\htdocs\order_mobil\system\Database\BaseConnection.php(670): CodeIgniter\Database\MySQLi\Connection->execute('SELECT * FROM u...')
#2 C:\xampp73\htdocs\order_mobil\system\Database\BaseConnection.php(598): CodeIgniter\Database\BaseConnection->simpleQuery('SELECT * FROM u...')
#3 C:\xampp73\htdocs\order_mobil\system\Model.php(721): CodeIgniter\Database\BaseConnection->query('SELECT * FROM u...')
#4 C:\xampp73\htdocs\order_mobil\app\Views\list_user.php(38): CodeIgniter\Model->__call('query', Array)
#5 C:\xampp73\htdocs\order_mobil\system\View\View.php(214): include('C:\\xampp73\\htdo...')
#6 C:\xampp73\htdocs\order_mobil\system\View\View.php(217): CodeIgniter\View\View->CodeIgniter\View\{closure}()
#7 C:\xampp73\htdocs\order_mobil\system\Common.php(1097): CodeIgniter\View\View->render('list_user', Array, true)
#8 C:\xampp73\htdocs\order_mobil\app\Controllers\UserController.php(311): view('list_user', Array)
#9 C:\xampp73\htdocs\order_mobil\system\CodeIgniter.php(824): App\Controllers\UserController->list_user()
#10 C:\xampp73\htdocs\order_mobil\system\CodeIgniter.php(410): CodeIgniter\CodeIgniter->runController(Object(App\Controllers\UserController))
#11 C:\xampp73\htdocs\order_mobil\system\CodeIgniter.php(318): CodeIgniter\CodeIgniter->handleRequest(NULL, Object(Config\Cache), false)
#12 C:\xampp73\htdocs\order_mobil\index.php(37): CodeIgniter\CodeIgniter->run()
#13 {main}
ERROR - 2023-01-04 17:11:49 --> You have an error in your SQL syntax; check the manual that corresponds to your MariaDB server version for the right syntax to use near '' at line 1
CRITICAL - 2023-01-04 17:11:49 --> You have an error in your SQL syntax; check the manual that corresponds to your MariaDB server version for the right syntax to use near '' at line 1
#0 C:\xampp73\htdocs\order_mobil\system\Database\MySQLi\Connection.php(292): mysqli->query('SELECT * FROM u...', 0)
#1 C:\xampp73\htdocs\order_mobil\system\Database\BaseConnection.php(670): CodeIgniter\Database\MySQLi\Connection->execute('SELECT * FROM u...')
#2 C:\xampp73\htdocs\order_mobil\system\Database\BaseConnection.php(598): CodeIgniter\Database\BaseConnection->simpleQuery('SELECT * FROM u...')
#3 C:\xampp73\htdocs\order_mobil\system\Model.php(721): CodeIgniter\Database\BaseConnection->query('SELECT * FROM u...')
#4 C:\xampp73\htdocs\order_mobil\app\Views\list_user.php(38): CodeIgniter\Model->__call('query', Array)
#5 C:\xampp73\htdocs\order_mobil\system\View\View.php(214): include('C:\\xampp73\\htdo...')
#6 C:\xampp73\htdocs\order_mobil\system\View\View.php(217): CodeIgniter\View\View->CodeIgniter\View\{closure}()
#7 C:\xampp73\htdocs\order_mobil\system\Common.php(1097): CodeIgniter\View\View->render('list_user', Array, true)
#8 C:\xampp73\htdocs\order_mobil\app\Controllers\UserController.php(311): view('list_user', Array)
#9 C:\xampp73\htdocs\order_mobil\system\CodeIgniter.php(824): App\Controllers\UserController->list_user()
#10 C:\xampp73\htdocs\order_mobil\system\CodeIgniter.php(410): CodeIgniter\CodeIgniter->runController(Object(App\Controllers\UserController))
#11 C:\xampp73\htdocs\order_mobil\system\CodeIgniter.php(318): CodeIgniter\CodeIgniter->handleRequest(NULL, Object(Config\Cache), false)
#12 C:\xampp73\htdocs\order_mobil\index.php(37): CodeIgniter\CodeIgniter->run()
#13 {main}
ERROR - 2023-01-04 17:12:03 --> You have an error in your SQL syntax; check the manual that corresponds to your MariaDB server version for the right syntax to use near '' at line 1
CRITICAL - 2023-01-04 17:12:03 --> You have an error in your SQL syntax; check the manual that corresponds to your MariaDB server version for the right syntax to use near '' at line 1
#0 C:\xampp73\htdocs\order_mobil\system\Database\MySQLi\Connection.php(292): mysqli->query('SELECT * FROM u...', 0)
#1 C:\xampp73\htdocs\order_mobil\system\Database\BaseConnection.php(670): CodeIgniter\Database\MySQLi\Connection->execute('SELECT * FROM u...')
#2 C:\xampp73\htdocs\order_mobil\system\Database\BaseConnection.php(598): CodeIgniter\Database\BaseConnection->simpleQuery('SELECT * FROM u...')
#3 C:\xampp73\htdocs\order_mobil\system\Model.php(721): CodeIgniter\Database\BaseConnection->query('SELECT * FROM u...')
#4 C:\xampp73\htdocs\order_mobil\app\Views\list_user.php(38): CodeIgniter\Model->__call('query', Array)
#5 C:\xampp73\htdocs\order_mobil\system\View\View.php(214): include('C:\\xampp73\\htdo...')
#6 C:\xampp73\htdocs\order_mobil\system\View\View.php(217): CodeIgniter\View\View->CodeIgniter\View\{closure}()
#7 C:\xampp73\htdocs\order_mobil\system\Common.php(1097): CodeIgniter\View\View->render('list_user', Array, true)
#8 C:\xampp73\htdocs\order_mobil\app\Controllers\UserController.php(311): view('list_user', Array)
#9 C:\xampp73\htdocs\order_mobil\system\CodeIgniter.php(824): App\Controllers\UserController->list_user()
#10 C:\xampp73\htdocs\order_mobil\system\CodeIgniter.php(410): CodeIgniter\CodeIgniter->runController(Object(App\Controllers\UserController))
#11 C:\xampp73\htdocs\order_mobil\system\CodeIgniter.php(318): CodeIgniter\CodeIgniter->handleRequest(NULL, Object(Config\Cache), false)
#12 C:\xampp73\htdocs\order_mobil\index.php(37): CodeIgniter\CodeIgniter->run()
#13 {main}
ERROR - 2023-01-04 17:12:04 --> You have an error in your SQL syntax; check the manual that corresponds to your MariaDB server version for the right syntax to use near '' at line 1
CRITICAL - 2023-01-04 17:12:04 --> You have an error in your SQL syntax; check the manual that corresponds to your MariaDB server version for the right syntax to use near '' at line 1
#0 C:\xampp73\htdocs\order_mobil\system\Database\MySQLi\Connection.php(292): mysqli->query('SELECT * FROM u...', 0)
#1 C:\xampp73\htdocs\order_mobil\system\Database\BaseConnection.php(670): CodeIgniter\Database\MySQLi\Connection->execute('SELECT * FROM u...')
#2 C:\xampp73\htdocs\order_mobil\system\Database\BaseConnection.php(598): CodeIgniter\Database\BaseConnection->simpleQuery('SELECT * FROM u...')
#3 C:\xampp73\htdocs\order_mobil\system\Model.php(721): CodeIgniter\Database\BaseConnection->query('SELECT * FROM u...')
#4 C:\xampp73\htdocs\order_mobil\app\Views\list_user.php(38): CodeIgniter\Model->__call('query', Array)
#5 C:\xampp73\htdocs\order_mobil\system\View\View.php(214): include('C:\\xampp73\\htdo...')
#6 C:\xampp73\htdocs\order_mobil\system\View\View.php(217): CodeIgniter\View\View->CodeIgniter\View\{closure}()
#7 C:\xampp73\htdocs\order_mobil\system\Common.php(1097): CodeIgniter\View\View->render('list_user', Array, true)
#8 C:\xampp73\htdocs\order_mobil\app\Controllers\UserController.php(311): view('list_user', Array)
#9 C:\xampp73\htdocs\order_mobil\system\CodeIgniter.php(824): App\Controllers\UserController->list_user()
#10 C:\xampp73\htdocs\order_mobil\system\CodeIgniter.php(410): CodeIgniter\CodeIgniter->runController(Object(App\Controllers\UserController))
#11 C:\xampp73\htdocs\order_mobil\system\CodeIgniter.php(318): CodeIgniter\CodeIgniter->handleRequest(NULL, Object(Config\Cache), false)
#12 C:\xampp73\htdocs\order_mobil\index.php(37): CodeIgniter\CodeIgniter->run()
#13 {main}
CRITICAL - 2023-01-04 17:12:50 --> Undefined variable: data_user
#0 C:\xampp73\htdocs\order_mobil\app\Views\list_user.php(34): CodeIgniter\Debug\Exceptions->errorHandler(8, 'Undefined varia...', 'C:\\xampp73\\htdo...', 34, Array)
#1 C:\xampp73\htdocs\order_mobil\system\View\View.php(214): include('C:\\xampp73\\htdo...')
#2 C:\xampp73\htdocs\order_mobil\system\View\View.php(217): CodeIgniter\View\View->CodeIgniter\View\{closure}()
#3 C:\xampp73\htdocs\order_mobil\system\Common.php(1097): CodeIgniter\View\View->render('list_user', Array, true)
#4 C:\xampp73\htdocs\order_mobil\app\Controllers\UserController.php(311): view('list_user', Array)
#5 C:\xampp73\htdocs\order_mobil\system\CodeIgniter.php(824): App\Controllers\UserController->list_user()
#6 C:\xampp73\htdocs\order_mobil\system\CodeIgniter.php(410): CodeIgniter\CodeIgniter->runController(Object(App\Controllers\UserController))
#7 C:\xampp73\htdocs\order_mobil\system\CodeIgniter.php(318): CodeIgniter\CodeIgniter->handleRequest(NULL, Object(Config\Cache), false)
#8 C:\xampp73\htdocs\order_mobil\index.php(37): CodeIgniter\CodeIgniter->run()
#9 {main}
CRITICAL - 2023-01-04 17:13:14 --> Undefined variable: data_user
#0 C:\xampp73\htdocs\order_mobil\app\Views\list_user.php(34): CodeIgniter\Debug\Exceptions->errorHandler(8, 'Undefined varia...', 'C:\\xampp73\\htdo...', 34, Array)
#1 C:\xampp73\htdocs\order_mobil\system\View\View.php(214): include('C:\\xampp73\\htdo...')
#2 C:\xampp73\htdocs\order_mobil\system\View\View.php(217): CodeIgniter\View\View->CodeIgniter\View\{closure}()
#3 C:\xampp73\htdocs\order_mobil\system\Common.php(1097): CodeIgniter\View\View->render('list_user', Array, true)
#4 C:\xampp73\htdocs\order_mobil\app\Controllers\UserController.php(311): view('list_user', Array)
#5 C:\xampp73\htdocs\order_mobil\system\CodeIgniter.php(824): App\Controllers\UserController->list_user()
#6 C:\xampp73\htdocs\order_mobil\system\CodeIgniter.php(410): CodeIgniter\CodeIgniter->runController(Object(App\Controllers\UserController))
#7 C:\xampp73\htdocs\order_mobil\system\CodeIgniter.php(318): CodeIgniter\CodeIgniter->handleRequest(NULL, Object(Config\Cache), false)
#8 C:\xampp73\htdocs\order_mobil\index.php(37): CodeIgniter\CodeIgniter->run()
#9 {main}
ERROR - 2023-01-04 17:13:44 --> You have an error in your SQL syntax; check the manual that corresponds to your MariaDB server version for the right syntax to use near '' at line 1
CRITICAL - 2023-01-04 17:13:44 --> You have an error in your SQL syntax; check the manual that corresponds to your MariaDB server version for the right syntax to use near '' at line 1
#0 C:\xampp73\htdocs\order_mobil\system\Database\MySQLi\Connection.php(292): mysqli->query('SELECT * FROM u...', 0)
#1 C:\xampp73\htdocs\order_mobil\system\Database\BaseConnection.php(670): CodeIgniter\Database\MySQLi\Connection->execute('SELECT * FROM u...')
#2 C:\xampp73\htdocs\order_mobil\system\Database\BaseConnection.php(598): CodeIgniter\Database\BaseConnection->simpleQuery('SELECT * FROM u...')
#3 C:\xampp73\htdocs\order_mobil\system\Model.php(721): CodeIgniter\Database\BaseConnection->query('SELECT * FROM u...')
#4 C:\xampp73\htdocs\order_mobil\app\Views\list_user.php(38): CodeIgniter\Model->__call('query', Array)
#5 C:\xampp73\htdocs\order_mobil\system\View\View.php(214): include('C:\\xampp73\\htdo...')
#6 C:\xampp73\htdocs\order_mobil\system\View\View.php(217): CodeIgniter\View\View->CodeIgniter\View\{closure}()
#7 C:\xampp73\htdocs\order_mobil\system\Common.php(1097): CodeIgniter\View\View->render('list_user', Array, true)
#8 C:\xampp73\htdocs\order_mobil\app\Controllers\UserController.php(311): view('list_user', Array)
#9 C:\xampp73\htdocs\order_mobil\system\CodeIgniter.php(824): App\Controllers\UserController->list_user()
#10 C:\xampp73\htdocs\order_mobil\system\CodeIgniter.php(410): CodeIgniter\CodeIgniter->runController(Object(App\Controllers\UserController))
#11 C:\xampp73\htdocs\order_mobil\system\CodeIgniter.php(318): CodeIgniter\CodeIgniter->handleRequest(NULL, Object(Config\Cache), false)
#12 C:\xampp73\htdocs\order_mobil\index.php(37): CodeIgniter\CodeIgniter->run()
#13 {main}
ERROR - 2023-01-04 17:26:21 --> You have an error in your SQL syntax; check the manual that corresponds to your MariaDB server version for the right syntax to use near '' at line 1
CRITICAL - 2023-01-04 17:26:21 --> You have an error in your SQL syntax; check the manual that corresponds to your MariaDB server version for the right syntax to use near '' at line 1
#0 C:\xampp73\htdocs\order_mobil\system\Database\MySQLi\Connection.php(292): mysqli->query('SELECT * FROM u...', 0)
#1 C:\xampp73\htdocs\order_mobil\system\Database\BaseConnection.php(670): CodeIgniter\Database\MySQLi\Connection->execute('SELECT * FROM u...')
#2 C:\xampp73\htdocs\order_mobil\system\Database\BaseConnection.php(598): CodeIgniter\Database\BaseConnection->simpleQuery('SELECT * FROM u...')
#3 C:\xampp73\htdocs\order_mobil\system\Model.php(721): CodeIgniter\Database\BaseConnection->query('SELECT * FROM u...')
#4 C:\xampp73\htdocs\order_mobil\app\Views\list_user.php(38): CodeIgniter\Model->__call('query', Array)
#5 C:\xampp73\htdocs\order_mobil\system\View\View.php(214): include('C:\\xampp73\\htdo...')
#6 C:\xampp73\htdocs\order_mobil\system\View\View.php(217): CodeIgniter\View\View->CodeIgniter\View\{closure}()
#7 C:\xampp73\htdocs\order_mobil\system\Common.php(1097): CodeIgniter\View\View->render('list_user', Array, true)
#8 C:\xampp73\htdocs\order_mobil\app\Controllers\UserController.php(311): view('list_user', Array)
#9 C:\xampp73\htdocs\order_mobil\system\CodeIgniter.php(824): App\Controllers\UserController->list_user()
#10 C:\xampp73\htdocs\order_mobil\system\CodeIgniter.php(410): CodeIgniter\CodeIgniter->runController(Object(App\Controllers\UserController))
#11 C:\xampp73\htdocs\order_mobil\system\CodeIgniter.php(318): CodeIgniter\CodeIgniter->handleRequest(NULL, Object(Config\Cache), false)
#12 C:\xampp73\htdocs\order_mobil\index.php(37): CodeIgniter\CodeIgniter->run()
#13 {main}
ERROR - 2023-01-04 17:26:34 --> You have an error in your SQL syntax; check the manual that corresponds to your MariaDB server version for the right syntax to use near '' at line 1
CRITICAL - 2023-01-04 17:26:34 --> You have an error in your SQL syntax; check the manual that corresponds to your MariaDB server version for the right syntax to use near '' at line 1
#0 C:\xampp73\htdocs\order_mobil\system\Database\MySQLi\Connection.php(292): mysqli->query('SELECT * FROM u...', 0)
#1 C:\xampp73\htdocs\order_mobil\system\Database\BaseConnection.php(670): CodeIgniter\Database\MySQLi\Connection->execute('SELECT * FROM u...')
#2 C:\xampp73\htdocs\order_mobil\system\Database\BaseConnection.php(598): CodeIgniter\Database\BaseConnection->simpleQuery('SELECT * FROM u...')
#3 C:\xampp73\htdocs\order_mobil\system\Model.php(721): CodeIgniter\Database\BaseConnection->query('SELECT * FROM u...')
#4 C:\xampp73\htdocs\order_mobil\app\Views\list_user.php(38): CodeIgniter\Model->__call('query', Array)
#5 C:\xampp73\htdocs\order_mobil\system\View\View.php(214): include('C:\\xampp73\\htdo...')
#6 C:\xampp73\htdocs\order_mobil\system\View\View.php(217): CodeIgniter\View\View->CodeIgniter\View\{closure}()
#7 C:\xampp73\htdocs\order_mobil\system\Common.php(1097): CodeIgniter\View\View->render('list_user', Array, true)
#8 C:\xampp73\htdocs\order_mobil\app\Controllers\UserController.php(311): view('list_user', Array)
#9 C:\xampp73\htdocs\order_mobil\system\CodeIgniter.php(824): App\Controllers\UserController->list_user()
#10 C:\xampp73\htdocs\order_mobil\system\CodeIgniter.php(410): CodeIgniter\CodeIgniter->runController(Object(App\Controllers\UserController))
#11 C:\xampp73\htdocs\order_mobil\system\CodeIgniter.php(318): CodeIgniter\CodeIgniter->handleRequest(NULL, Object(Config\Cache), false)
#12 C:\xampp73\htdocs\order_mobil\index.php(37): CodeIgniter\CodeIgniter->run()
#13 {main}
ERROR - 2023-01-04 17:26:35 --> You have an error in your SQL syntax; check the manual that corresponds to your MariaDB server version for the right syntax to use near '' at line 1
CRITICAL - 2023-01-04 17:26:35 --> You have an error in your SQL syntax; check the manual that corresponds to your MariaDB server version for the right syntax to use near '' at line 1
#0 C:\xampp73\htdocs\order_mobil\system\Database\MySQLi\Connection.php(292): mysqli->query('SELECT * FROM u...', 0)
#1 C:\xampp73\htdocs\order_mobil\system\Database\BaseConnection.php(670): CodeIgniter\Database\MySQLi\Connection->execute('SELECT * FROM u...')
#2 C:\xampp73\htdocs\order_mobil\system\Database\BaseConnection.php(598): CodeIgniter\Database\BaseConnection->simpleQuery('SELECT * FROM u...')
#3 C:\xampp73\htdocs\order_mobil\system\Model.php(721): CodeIgniter\Database\BaseConnection->query('SELECT * FROM u...')
#4 C:\xampp73\htdocs\order_mobil\app\Views\list_user.php(38): CodeIgniter\Model->__call('query', Array)
#5 C:\xampp73\htdocs\order_mobil\system\View\View.php(214): include('C:\\xampp73\\htdo...')
#6 C:\xampp73\htdocs\order_mobil\system\View\View.php(217): CodeIgniter\View\View->CodeIgniter\View\{closure}()
#7 C:\xampp73\htdocs\order_mobil\system\Common.php(1097): CodeIgniter\View\View->render('list_user', Array, true)
#8 C:\xampp73\htdocs\order_mobil\app\Controllers\UserController.php(311): view('list_user', Array)
#9 C:\xampp73\htdocs\order_mobil\system\CodeIgniter.php(824): App\Controllers\UserController->list_user()
#10 C:\xampp73\htdocs\order_mobil\system\CodeIgniter.php(410): CodeIgniter\CodeIgniter->runController(Object(App\Controllers\UserController))
#11 C:\xampp73\htdocs\order_mobil\system\CodeIgniter.php(318): CodeIgniter\CodeIgniter->handleRequest(NULL, Object(Config\Cache), false)
#12 C:\xampp73\htdocs\order_mobil\index.php(37): CodeIgniter\CodeIgniter->run()
#13 {main}
CRITICAL - 2023-01-04 17:27:50 --> Undefined variable: data_user
#0 C:\xampp73\htdocs\order_mobil\app\Views\list_user.php(34): CodeIgniter\Debug\Exceptions->errorHandler(8, 'Undefined varia...', 'C:\\xampp73\\htdo...', 34, Array)
#1 C:\xampp73\htdocs\order_mobil\system\View\View.php(214): include('C:\\xampp73\\htdo...')
#2 C:\xampp73\htdocs\order_mobil\system\View\View.php(217): CodeIgniter\View\View->CodeIgniter\View\{closure}()
#3 C:\xampp73\htdocs\order_mobil\system\Common.php(1097): CodeIgniter\View\View->render('list_user', Array, true)
#4 C:\xampp73\htdocs\order_mobil\app\Controllers\UserController.php(311): view('list_user', Array)
#5 C:\xampp73\htdocs\order_mobil\system\CodeIgniter.php(824): App\Controllers\UserController->list_user()
#6 C:\xampp73\htdocs\order_mobil\system\CodeIgniter.php(410): CodeIgniter\CodeIgniter->runController(Object(App\Controllers\UserController))
#7 C:\xampp73\htdocs\order_mobil\system\CodeIgniter.php(318): CodeIgniter\CodeIgniter->handleRequest(NULL, Object(Config\Cache), false)
#8 C:\xampp73\htdocs\order_mobil\index.php(37): CodeIgniter\CodeIgniter->run()
#9 {main}
CRITICAL - 2023-01-04 17:43:15 --> Undefined variable: userid
#0 C:\xampp73\htdocs\order_mobil\app\Views\list_user.php(41): CodeIgniter\Debug\Exceptions->errorHandler(8, 'Undefined varia...', 'C:\\xampp73\\htdo...', 41, Array)
#1 C:\xampp73\htdocs\order_mobil\system\View\View.php(214): include('C:\\xampp73\\htdo...')
#2 C:\xampp73\htdocs\order_mobil\system\View\View.php(217): CodeIgniter\View\View->CodeIgniter\View\{closure}()
#3 C:\xampp73\htdocs\order_mobil\system\Common.php(1097): CodeIgniter\View\View->render('list_user', Array, true)
#4 C:\xampp73\htdocs\order_mobil\app\Controllers\UserController.php(311): view('list_user', Array)
#5 C:\xampp73\htdocs\order_mobil\system\CodeIgniter.php(824): App\Controllers\UserController->list_user()
#6 C:\xampp73\htdocs\order_mobil\system\CodeIgniter.php(410): CodeIgniter\CodeIgniter->runController(Object(App\Controllers\UserController))
#7 C:\xampp73\htdocs\order_mobil\system\CodeIgniter.php(318): CodeIgniter\CodeIgniter->handleRequest(NULL, Object(Config\Cache), false)
#8 C:\xampp73\htdocs\order_mobil\index.php(37): CodeIgniter\CodeIgniter->run()
#9 {main}
ERROR - 2023-01-04 17:43:46 --> Unknown column 'userid' in 'where clause'
CRITICAL - 2023-01-04 17:43:46 --> Unknown column 'userid' in 'where clause'
#0 C:\xampp73\htdocs\order_mobil\system\Database\MySQLi\Connection.php(292): mysqli->query('SELECT * FROM d...', 0)
#1 C:\xampp73\htdocs\order_mobil\system\Database\BaseConnection.php(670): CodeIgniter\Database\MySQLi\Connection->execute('SELECT * FROM d...')
#2 C:\xampp73\htdocs\order_mobil\system\Database\BaseConnection.php(598): CodeIgniter\Database\BaseConnection->simpleQuery('SELECT * FROM d...')
#3 C:\xampp73\htdocs\order_mobil\system\Model.php(721): CodeIgniter\Database\BaseConnection->query('SELECT * FROM d...')
#4 C:\xampp73\htdocs\order_mobil\app\Views\list_user.php(41): CodeIgniter\Model->__call('query', Array)
#5 C:\xampp73\htdocs\order_mobil\system\View\View.php(214): include('C:\\xampp73\\htdo...')
#6 C:\xampp73\htdocs\order_mobil\system\View\View.php(217): CodeIgniter\View\View->CodeIgniter\View\{closure}()
#7 C:\xampp73\htdocs\order_mobil\system\Common.php(1097): CodeIgniter\View\View->render('list_user', Array, true)
#8 C:\xampp73\htdocs\order_mobil\app\Controllers\UserController.php(311): view('list_user', Array)
#9 C:\xampp73\htdocs\order_mobil\system\CodeIgniter.php(824): App\Controllers\UserController->list_user()
#10 C:\xampp73\htdocs\order_mobil\system\CodeIgniter.php(410): CodeIgniter\CodeIgniter->runController(Object(App\Controllers\UserController))
#11 C:\xampp73\htdocs\order_mobil\system\CodeIgniter.php(318): CodeIgniter\CodeIgniter->handleRequest(NULL, Object(Config\Cache), false)
#12 C:\xampp73\htdocs\order_mobil\index.php(37): CodeIgniter\CodeIgniter->run()
#13 {main}
ERROR - 2023-01-04 17:44:10 --> Unknown column 'userid' in 'where clause'
CRITICAL - 2023-01-04 17:44:10 --> Unknown column 'userid' in 'where clause'
#0 C:\xampp73\htdocs\order_mobil\system\Database\MySQLi\Connection.php(292): mysqli->query('SELECT * FROM d...', 0)
#1 C:\xampp73\htdocs\order_mobil\system\Database\BaseConnection.php(670): CodeIgniter\Database\MySQLi\Connection->execute('SELECT * FROM d...')
#2 C:\xampp73\htdocs\order_mobil\system\Database\BaseConnection.php(598): CodeIgniter\Database\BaseConnection->simpleQuery('SELECT * FROM d...')
#3 C:\xampp73\htdocs\order_mobil\system\Model.php(721): CodeIgniter\Database\BaseConnection->query('SELECT * FROM d...')
#4 C:\xampp73\htdocs\order_mobil\app\Views\list_user.php(41): CodeIgniter\Model->__call('query', Array)
#5 C:\xampp73\htdocs\order_mobil\system\View\View.php(214): include('C:\\xampp73\\htdo...')
#6 C:\xampp73\htdocs\order_mobil\system\View\View.php(217): CodeIgniter\View\View->CodeIgniter\View\{closure}()
#7 C:\xampp73\htdocs\order_mobil\system\Common.php(1097): CodeIgniter\View\View->render('list_user', Array, true)
#8 C:\xampp73\htdocs\order_mobil\app\Controllers\UserController.php(311): view('list_user', Array)
#9 C:\xampp73\htdocs\order_mobil\system\CodeIgniter.php(824): App\Controllers\UserController->list_user()
#10 C:\xampp73\htdocs\order_mobil\system\CodeIgniter.php(410): CodeIgniter\CodeIgniter->runController(Object(App\Controllers\UserController))
#11 C:\xampp73\htdocs\order_mobil\system\CodeIgniter.php(318): CodeIgniter\CodeIgniter->handleRequest(NULL, Object(Config\Cache), false)
#12 C:\xampp73\htdocs\order_mobil\index.php(37): CodeIgniter\CodeIgniter->run()
#13 {main}
ERROR - 2023-01-04 17:44:28 --> Unknown column 'userid' in 'where clause'
CRITICAL - 2023-01-04 17:44:28 --> Unknown column 'userid' in 'where clause'
#0 C:\xampp73\htdocs\order_mobil\system\Database\MySQLi\Connection.php(292): mysqli->query('SELECT * FROM d...', 0)
#1 C:\xampp73\htdocs\order_mobil\system\Database\BaseConnection.php(670): CodeIgniter\Database\MySQLi\Connection->execute('SELECT * FROM d...')
#2 C:\xampp73\htdocs\order_mobil\system\Database\BaseConnection.php(598): CodeIgniter\Database\BaseConnection->simpleQuery('SELECT * FROM d...')
#3 C:\xampp73\htdocs\order_mobil\system\Model.php(721): CodeIgniter\Database\BaseConnection->query('SELECT * FROM d...')
#4 C:\xampp73\htdocs\order_mobil\app\Views\list_user.php(41): CodeIgniter\Model->__call('query', Array)
#5 C:\xampp73\htdocs\order_mobil\system\View\View.php(214): include('C:\\xampp73\\htdo...')
#6 C:\xampp73\htdocs\order_mobil\system\View\View.php(217): CodeIgniter\View\View->CodeIgniter\View\{closure}()
#7 C:\xampp73\htdocs\order_mobil\system\Common.php(1097): CodeIgniter\View\View->render('list_user', Array, true)
#8 C:\xampp73\htdocs\order_mobil\app\Controllers\UserController.php(311): view('list_user', Array)
#9 C:\xampp73\htdocs\order_mobil\system\CodeIgniter.php(824): App\Controllers\UserController->list_user()
#10 C:\xampp73\htdocs\order_mobil\system\CodeIgniter.php(410): CodeIgniter\CodeIgniter->runController(Object(App\Controllers\UserController))
#11 C:\xampp73\htdocs\order_mobil\system\CodeIgniter.php(318): CodeIgniter\CodeIgniter->handleRequest(NULL, Object(Config\Cache), false)
#12 C:\xampp73\htdocs\order_mobil\index.php(37): CodeIgniter\CodeIgniter->run()
#13 {main}
CRITICAL - 2023-01-04 17:44:49 --> Undefined offset: 0
#0 C:\xampp73\htdocs\order_mobil\app\Views\list_user.php(40): CodeIgniter\Debug\Exceptions->errorHandler(8, 'Undefined offse...', 'C:\\xampp73\\htdo...', 40, Array)
#1 C:\xampp73\htdocs\order_mobil\system\View\View.php(214): include('C:\\xampp73\\htdo...')
#2 C:\xampp73\htdocs\order_mobil\system\View\View.php(217): CodeIgniter\View\View->CodeIgniter\View\{closure}()
#3 C:\xampp73\htdocs\order_mobil\system\Common.php(1097): CodeIgniter\View\View->render('list_user', Array, true)
#4 C:\xampp73\htdocs\order_mobil\app\Controllers\UserController.php(311): view('list_user', Array)
#5 C:\xampp73\htdocs\order_mobil\system\CodeIgniter.php(824): App\Controllers\UserController->list_user()
#6 C:\xampp73\htdocs\order_mobil\system\CodeIgniter.php(410): CodeIgniter\CodeIgniter->runController(Object(App\Controllers\UserController))
#7 C:\xampp73\htdocs\order_mobil\system\CodeIgniter.php(318): CodeIgniter\CodeIgniter->handleRequest(NULL, Object(Config\Cache), false)
#8 C:\xampp73\htdocs\order_mobil\index.php(37): CodeIgniter\CodeIgniter->run()
#9 {main}
