CRITICAL - 2022-02-07 00:09:37 --> Undefined property: App\Controllers\OrderController::$Driver_model
#0 C:\xampp\htdocs\ci2\app\Controllers\OrderController.php(27): CodeIgniter\Debug\Exceptions->errorHandler(8, 'Undefined prope...', 'C:\\xampp\\htdocs...', 27, Array)
#1 C:\xampp\htdocs\ci2\system\CodeIgniter.php(824): App\Controllers\OrderController->index()
#2 C:\xampp\htdocs\ci2\system\CodeIgniter.php(410): CodeIgniter\CodeIgniter->runController(Object(App\Controllers\OrderController))
#3 C:\xampp\htdocs\ci2\system\CodeIgniter.php(318): CodeIgniter\CodeIgniter->handleRequest(NULL, Object(Config\Cache), false)
#4 C:\xampp\htdocs\ci2\public\index.php(37): CodeIgniter\CodeIgniter->run()
#5 {main}
CRITICAL - 2022-02-07 01:41:05 --> There is no data to insert.
#0 C:\xampp\htdocs\ci2\system\BaseModel.php(1574): CodeIgniter\Database\Exceptions\DataException::forEmptyDataset('insert')
#1 C:\xampp\htdocs\ci2\system\BaseModel.php(704): CodeIgniter\BaseModel->transformDataToArray(NULL, 'insert')
#2 C:\xampp\htdocs\ci2\system\Model.php(620): CodeIgniter\BaseModel->insert(NULL, true)
#3 C:\xampp\htdocs\ci2\app\Controllers\OrderController.php(87): CodeIgniter\Model->insert(NULL)
#4 C:\xampp\htdocs\ci2\system\CodeIgniter.php(824): App\Controllers\OrderController->insert_order('1')
#5 C:\xampp\htdocs\ci2\system\CodeIgniter.php(410): CodeIgniter\CodeIgniter->runController(Object(App\Controllers\OrderController))
#6 C:\xampp\htdocs\ci2\system\CodeIgniter.php(318): CodeIgniter\CodeIgniter->handleRequest(NULL, Object(Config\Cache), false)
#7 C:\xampp\htdocs\ci2\public\index.php(37): CodeIgniter\CodeIgniter->run()
#8 {main}
CRITICAL - 2022-02-07 01:43:20 --> There is no data to insert.
#0 C:\xampp\htdocs\ci2\system\BaseModel.php(1574): CodeIgniter\Database\Exceptions\DataException::forEmptyDataset('insert')
#1 C:\xampp\htdocs\ci2\system\BaseModel.php(704): CodeIgniter\BaseModel->transformDataToArray(NULL, 'insert')
#2 C:\xampp\htdocs\ci2\system\Model.php(620): CodeIgniter\BaseModel->insert(NULL, true)
#3 C:\xampp\htdocs\ci2\app\Controllers\OrderController.php(87): CodeIgniter\Model->insert(NULL)
#4 C:\xampp\htdocs\ci2\system\CodeIgniter.php(824): App\Controllers\OrderController->insert_order('1')
#5 C:\xampp\htdocs\ci2\system\CodeIgniter.php(410): CodeIgniter\CodeIgniter->runController(Object(App\Controllers\OrderController))
#6 C:\xampp\htdocs\ci2\system\CodeIgniter.php(318): CodeIgniter\CodeIgniter->handleRequest(NULL, Object(Config\Cache), false)
#7 C:\xampp\htdocs\ci2\public\index.php(37): CodeIgniter\CodeIgniter->run()
#8 {main}
CRITICAL - 2022-02-07 01:59:26 --> Call to a member function setContentType() on null
#0 C:\xampp\htdocs\ci2\system\API\ResponseTrait.php(99): App\Controllers\NotificationController->format(Array)
#1 C:\xampp\htdocs\ci2\system\API\ResponseTrait.php(152): App\Controllers\NotificationController->respond(Array, 201, '201')
#2 C:\xampp\htdocs\ci2\app\Controllers\NotificationController.php(48): App\Controllers\NotificationController->respondCreated(Array, '201')
#3 C:\xampp\htdocs\ci2\app\Controllers\NotificationController.php(17): App\Controllers\NotificationController->sendNotification(NULL, Array)
#4 C:\xampp\htdocs\ci2\app\Controllers\OrderController.php(96): App\Controllers\NotificationController->send(NULL)
#5 C:\xampp\htdocs\ci2\system\CodeIgniter.php(824): App\Controllers\OrderController->insert_order('1')
#6 C:\xampp\htdocs\ci2\system\CodeIgniter.php(410): CodeIgniter\CodeIgniter->runController(Object(App\Controllers\OrderController))
#7 C:\xampp\htdocs\ci2\system\CodeIgniter.php(318): CodeIgniter\CodeIgniter->handleRequest(NULL, Object(Config\Cache), false)
#8 C:\xampp\htdocs\ci2\public\index.php(37): CodeIgniter\CodeIgniter->run()
#9 {main}
CRITICAL - 2022-02-07 02:00:30 --> Undefined variable: order
#0 C:\xampp\htdocs\ci2\app\Views\order.php(27): CodeIgniter\Debug\Exceptions->errorHandler(8, 'Undefined varia...', 'C:\\xampp\\htdocs...', 27, Array)
#1 C:\xampp\htdocs\ci2\system\View\View.php(214): include('C:\\xampp\\htdocs...')
#2 C:\xampp\htdocs\ci2\system\View\View.php(217): CodeIgniter\View\View->CodeIgniter\View\{closure}()
#3 C:\xampp\htdocs\ci2\system\Common.php(1097): CodeIgniter\View\View->render('order', Array, true)
#4 C:\xampp\htdocs\ci2\app\Controllers\OrderController.php(94): view('order')
#5 C:\xampp\htdocs\ci2\system\CodeIgniter.php(824): App\Controllers\OrderController->insert_order('1')
#6 C:\xampp\htdocs\ci2\system\CodeIgniter.php(410): CodeIgniter\CodeIgniter->runController(Object(App\Controllers\OrderController))
#7 C:\xampp\htdocs\ci2\system\CodeIgniter.php(318): CodeIgniter\CodeIgniter->handleRequest(NULL, Object(Config\Cache), false)
#8 C:\xampp\htdocs\ci2\public\index.php(37): CodeIgniter\CodeIgniter->run()
#9 {main}
CRITICAL - 2022-02-07 02:01:11 --> Undefined variable: driver
#0 C:\xampp\htdocs\ci2\app\Views\order.php(27): CodeIgniter\Debug\Exceptions->errorHandler(8, 'Undefined varia...', 'C:\\xampp\\htdocs...', 27, Array)
#1 C:\xampp\htdocs\ci2\system\View\View.php(214): include('C:\\xampp\\htdocs...')
#2 C:\xampp\htdocs\ci2\system\View\View.php(217): CodeIgniter\View\View->CodeIgniter\View\{closure}()
#3 C:\xampp\htdocs\ci2\system\Common.php(1097): CodeIgniter\View\View->render('order', Array, true)
#4 C:\xampp\htdocs\ci2\app\Controllers\OrderController.php(94): view('order')
#5 C:\xampp\htdocs\ci2\system\CodeIgniter.php(824): App\Controllers\OrderController->insert_order('1')
#6 C:\xampp\htdocs\ci2\system\CodeIgniter.php(410): CodeIgniter\CodeIgniter->runController(Object(App\Controllers\OrderController))
#7 C:\xampp\htdocs\ci2\system\CodeIgniter.php(318): CodeIgniter\CodeIgniter->handleRequest(NULL, Object(Config\Cache), false)
#8 C:\xampp\htdocs\ci2\public\index.php(37): CodeIgniter\CodeIgniter->run()
#9 {main}
CRITICAL - 2022-02-07 02:04:40 --> Undefined variable: driver
#0 C:\xampp\htdocs\ci2\app\Views\order.php(27): CodeIgniter\Debug\Exceptions->errorHandler(8, 'Undefined varia...', 'C:\\xampp\\htdocs...', 27, Array)
#1 C:\xampp\htdocs\ci2\system\View\View.php(214): include('C:\\xampp\\htdocs...')
#2 C:\xampp\htdocs\ci2\system\View\View.php(217): CodeIgniter\View\View->CodeIgniter\View\{closure}()
#3 C:\xampp\htdocs\ci2\system\Common.php(1097): CodeIgniter\View\View->render('order', Array, true)
#4 C:\xampp\htdocs\ci2\app\Controllers\Home.php(32): view('order', Array)
#5 C:\xampp\htdocs\ci2\system\CodeIgniter.php(824): App\Controllers\Home->order()
#6 C:\xampp\htdocs\ci2\system\CodeIgniter.php(410): CodeIgniter\CodeIgniter->runController(Object(App\Controllers\Home))
#7 C:\xampp\htdocs\ci2\system\CodeIgniter.php(318): CodeIgniter\CodeIgniter->handleRequest(NULL, Object(Config\Cache), false)
#8 C:\xampp\htdocs\ci2\public\index.php(37): CodeIgniter\CodeIgniter->run()
#9 {main}
CRITICAL - 2022-02-07 02:06:05 --> Undefined variable: order
#0 C:\xampp\htdocs\ci2\app\Views\pick_driver.php(25): CodeIgniter\Debug\Exceptions->errorHandler(8, 'Undefined varia...', 'C:\\xampp\\htdocs...', 25, Array)
#1 C:\xampp\htdocs\ci2\system\View\View.php(214): include('C:\\xampp\\htdocs...')
#2 C:\xampp\htdocs\ci2\system\View\View.php(217): CodeIgniter\View\View->CodeIgniter\View\{closure}()
#3 C:\xampp\htdocs\ci2\system\Common.php(1097): CodeIgniter\View\View->render('pick_driver', Array, true)
#4 C:\xampp\htdocs\ci2\app\Controllers\OrderController.php(34): view('pick_driver', Array)
#5 C:\xampp\htdocs\ci2\system\CodeIgniter.php(824): App\Controllers\OrderController->index()
#6 C:\xampp\htdocs\ci2\system\CodeIgniter.php(410): CodeIgniter\CodeIgniter->runController(Object(App\Controllers\OrderController))
#7 C:\xampp\htdocs\ci2\system\CodeIgniter.php(318): CodeIgniter\CodeIgniter->handleRequest(NULL, Object(Config\Cache), false)
#8 C:\xampp\htdocs\ci2\public\index.php(37): CodeIgniter\CodeIgniter->run()
#9 {main}
CRITICAL - 2022-02-07 02:14:44 --> There is no data to insert.
#0 C:\xampp\htdocs\ci2\system\BaseModel.php(718): CodeIgniter\Database\Exceptions\DataException::forEmptyDataset('insert')
#1 C:\xampp\htdocs\ci2\system\Model.php(620): CodeIgniter\BaseModel->insert(Array, false)
#2 C:\xampp\htdocs\ci2\system\BaseModel.php(658): CodeIgniter\Model->insert(Array, false)
#3 C:\xampp\htdocs\ci2\app\Controllers\OrderController.php(87): CodeIgniter\BaseModel->save(Array)
#4 C:\xampp\htdocs\ci2\system\CodeIgniter.php(824): App\Controllers\OrderController->insert_order('1')
#5 C:\xampp\htdocs\ci2\system\CodeIgniter.php(410): CodeIgniter\CodeIgniter->runController(Object(App\Controllers\OrderController))
#6 C:\xampp\htdocs\ci2\system\CodeIgniter.php(318): CodeIgniter\CodeIgniter->handleRequest(NULL, Object(Config\Cache), false)
#7 C:\xampp\htdocs\ci2\public\index.php(37): CodeIgniter\CodeIgniter->run()
#8 {main}
CRITICAL - 2022-02-07 02:16:45 --> There is no data to insert.
#0 C:\xampp\htdocs\ci2\system\BaseModel.php(718): CodeIgniter\Database\Exceptions\DataException::forEmptyDataset('insert')
#1 C:\xampp\htdocs\ci2\system\Model.php(620): CodeIgniter\BaseModel->insert(Array, false)
#2 C:\xampp\htdocs\ci2\system\BaseModel.php(658): CodeIgniter\Model->insert(Array, false)
#3 C:\xampp\htdocs\ci2\app\Controllers\OrderController.php(89): CodeIgniter\BaseModel->save(Array)
#4 C:\xampp\htdocs\ci2\system\CodeIgniter.php(824): App\Controllers\OrderController->insert_order('1')
#5 C:\xampp\htdocs\ci2\system\CodeIgniter.php(410): CodeIgniter\CodeIgniter->runController(Object(App\Controllers\OrderController))
#6 C:\xampp\htdocs\ci2\system\CodeIgniter.php(318): CodeIgniter\CodeIgniter->handleRequest(NULL, Object(Config\Cache), false)
#7 C:\xampp\htdocs\ci2\public\index.php(37): CodeIgniter\CodeIgniter->run()
#8 {main}
CRITICAL - 2022-02-07 02:24:52 --> There is no data to insert.
#0 C:\xampp\htdocs\ci2\system\BaseModel.php(718): CodeIgniter\Database\Exceptions\DataException::forEmptyDataset('insert')
#1 C:\xampp\htdocs\ci2\system\Model.php(620): CodeIgniter\BaseModel->insert(Array, true)
#2 C:\xampp\htdocs\ci2\app\Controllers\OrderController.php(89): CodeIgniter\Model->insert(Array)
#3 C:\xampp\htdocs\ci2\system\CodeIgniter.php(824): App\Controllers\OrderController->insert_order('1')
#4 C:\xampp\htdocs\ci2\system\CodeIgniter.php(410): CodeIgniter\CodeIgniter->runController(Object(App\Controllers\OrderController))
#5 C:\xampp\htdocs\ci2\system\CodeIgniter.php(318): CodeIgniter\CodeIgniter->handleRequest(NULL, Object(Config\Cache), false)
#6 C:\xampp\htdocs\ci2\public\index.php(37): CodeIgniter\CodeIgniter->run()
#7 {main}
CRITICAL - 2022-02-07 02:25:20 --> There is no data to insert.
#0 C:\xampp\htdocs\ci2\system\BaseModel.php(718): CodeIgniter\Database\Exceptions\DataException::forEmptyDataset('insert')
#1 C:\xampp\htdocs\ci2\system\Model.php(620): CodeIgniter\BaseModel->insert(Array, false)
#2 C:\xampp\htdocs\ci2\system\BaseModel.php(658): CodeIgniter\Model->insert(Array, false)
#3 C:\xampp\htdocs\ci2\app\Controllers\OrderController.php(89): CodeIgniter\BaseModel->save(Array)
#4 C:\xampp\htdocs\ci2\system\CodeIgniter.php(824): App\Controllers\OrderController->insert_order('1')
#5 C:\xampp\htdocs\ci2\system\CodeIgniter.php(410): CodeIgniter\CodeIgniter->runController(Object(App\Controllers\OrderController))
#6 C:\xampp\htdocs\ci2\system\CodeIgniter.php(318): CodeIgniter\CodeIgniter->handleRequest(NULL, Object(Config\Cache), false)
#7 C:\xampp\htdocs\ci2\public\index.php(37): CodeIgniter\CodeIgniter->run()
#8 {main}
CRITICAL - 2022-02-07 02:31:25 --> There is no data to insert.
#0 C:\xampp\htdocs\ci2\system\BaseModel.php(718): CodeIgniter\Database\Exceptions\DataException::forEmptyDataset('insert')
#1 C:\xampp\htdocs\ci2\system\Model.php(620): CodeIgniter\BaseModel->insert(Array, true)
#2 C:\xampp\htdocs\ci2\app\Controllers\OrderController.php(90): CodeIgniter\Model->insert(Array)
#3 C:\xampp\htdocs\ci2\system\CodeIgniter.php(824): App\Controllers\OrderController->insert_order('1')
#4 C:\xampp\htdocs\ci2\system\CodeIgniter.php(410): CodeIgniter\CodeIgniter->runController(Object(App\Controllers\OrderController))
#5 C:\xampp\htdocs\ci2\system\CodeIgniter.php(318): CodeIgniter\CodeIgniter->handleRequest(NULL, Object(Config\Cache), false)
#6 C:\xampp\htdocs\ci2\public\index.php(37): CodeIgniter\CodeIgniter->run()
#7 {main}
CRITICAL - 2022-02-07 02:33:09 --> Undefined variable: 
#0 C:\xampp\htdocs\ci2\app\Controllers\OrderController.php(100): CodeIgniter\Debug\Exceptions->errorHandler(8, 'Undefined varia...', 'C:\\xampp\\htdocs...', 100, Array)
#1 C:\xampp\htdocs\ci2\system\CodeIgniter.php(824): App\Controllers\OrderController->insert_order('1')
#2 C:\xampp\htdocs\ci2\system\CodeIgniter.php(410): CodeIgniter\CodeIgniter->runController(Object(App\Controllers\OrderController))
#3 C:\xampp\htdocs\ci2\system\CodeIgniter.php(318): CodeIgniter\CodeIgniter->handleRequest(NULL, Object(Config\Cache), false)
#4 C:\xampp\htdocs\ci2\public\index.php(37): CodeIgniter\CodeIgniter->run()
#5 {main}
CRITICAL - 2022-02-07 02:37:30 --> Undefined variable: 13
#0 C:\xampp\htdocs\ci2\app\Controllers\OrderController.php(83): CodeIgniter\Debug\Exceptions->errorHandler(8, 'Undefined varia...', 'C:\\xampp\\htdocs...', 83, Array)
#1 C:\xampp\htdocs\ci2\system\CodeIgniter.php(824): App\Controllers\OrderController->insert_order('1')
#2 C:\xampp\htdocs\ci2\system\CodeIgniter.php(410): CodeIgniter\CodeIgniter->runController(Object(App\Controllers\OrderController))
#3 C:\xampp\htdocs\ci2\system\CodeIgniter.php(318): CodeIgniter\CodeIgniter->handleRequest(NULL, Object(Config\Cache), false)
#4 C:\xampp\htdocs\ci2\public\index.php(37): CodeIgniter\CodeIgniter->run()
#5 {main}
CRITICAL - 2022-02-07 02:50:25 --> Undefined index: id
#0 C:\xampp\htdocs\ci2\app\Views\order.php(37): CodeIgniter\Debug\Exceptions->errorHandler(8, 'Undefined index...', 'C:\\xampp\\htdocs...', 37, Array)
#1 C:\xampp\htdocs\ci2\system\View\View.php(214): include('C:\\xampp\\htdocs...')
#2 C:\xampp\htdocs\ci2\system\View\View.php(217): CodeIgniter\View\View->CodeIgniter\View\{closure}()
#3 C:\xampp\htdocs\ci2\system\Common.php(1097): CodeIgniter\View\View->render('order', Array, true)
#4 C:\xampp\htdocs\ci2\app\Controllers\Home.php(32): view('order', Array)
#5 C:\xampp\htdocs\ci2\system\CodeIgniter.php(824): App\Controllers\Home->order()
#6 C:\xampp\htdocs\ci2\system\CodeIgniter.php(410): CodeIgniter\CodeIgniter->runController(Object(App\Controllers\Home))
#7 C:\xampp\htdocs\ci2\system\CodeIgniter.php(318): CodeIgniter\CodeIgniter->handleRequest(NULL, Object(Config\Cache), false)
#8 C:\xampp\htdocs\ci2\public\index.php(37): CodeIgniter\CodeIgniter->run()
#9 {main}
CRITICAL - 2022-02-07 02:55:27 --> Undefined index: id
#0 C:\xampp\htdocs\ci2\app\Views\order.php(37): CodeIgniter\Debug\Exceptions->errorHandler(8, 'Undefined index...', 'C:\\xampp\\htdocs...', 37, Array)
#1 C:\xampp\htdocs\ci2\system\View\View.php(214): include('C:\\xampp\\htdocs...')
#2 C:\xampp\htdocs\ci2\system\View\View.php(217): CodeIgniter\View\View->CodeIgniter\View\{closure}()
#3 C:\xampp\htdocs\ci2\system\Common.php(1097): CodeIgniter\View\View->render('order', Array, true)
#4 C:\xampp\htdocs\ci2\app\Controllers\Home.php(32): view('order', Array)
#5 C:\xampp\htdocs\ci2\system\CodeIgniter.php(824): App\Controllers\Home->order()
#6 C:\xampp\htdocs\ci2\system\CodeIgniter.php(410): CodeIgniter\CodeIgniter->runController(Object(App\Controllers\Home))
#7 C:\xampp\htdocs\ci2\system\CodeIgniter.php(318): CodeIgniter\CodeIgniter->handleRequest(NULL, Object(Config\Cache), false)
#8 C:\xampp\htdocs\ci2\public\index.php(37): CodeIgniter\CodeIgniter->run()
#9 {main}
CRITICAL - 2022-02-07 02:58:27 --> Undefined index: id
#0 C:\xampp\htdocs\ci2\app\Views\order.php(37): CodeIgniter\Debug\Exceptions->errorHandler(8, 'Undefined index...', 'C:\\xampp\\htdocs...', 37, Array)
#1 C:\xampp\htdocs\ci2\system\View\View.php(214): include('C:\\xampp\\htdocs...')
#2 C:\xampp\htdocs\ci2\system\View\View.php(217): CodeIgniter\View\View->CodeIgniter\View\{closure}()
#3 C:\xampp\htdocs\ci2\system\Common.php(1097): CodeIgniter\View\View->render('order', Array, true)
#4 C:\xampp\htdocs\ci2\app\Controllers\Home.php(32): view('order', Array)
#5 C:\xampp\htdocs\ci2\system\CodeIgniter.php(824): App\Controllers\Home->order()
#6 C:\xampp\htdocs\ci2\system\CodeIgniter.php(410): CodeIgniter\CodeIgniter->runController(Object(App\Controllers\Home))
#7 C:\xampp\htdocs\ci2\system\CodeIgniter.php(318): CodeIgniter\CodeIgniter->handleRequest(NULL, Object(Config\Cache), false)
#8 C:\xampp\htdocs\ci2\public\index.php(37): CodeIgniter\CodeIgniter->run()
#9 {main}
CRITICAL - 2022-02-07 03:02:27 --> There is no data to insert.
#0 C:\xampp\htdocs\ci2\system\BaseModel.php(718): CodeIgniter\Database\Exceptions\DataException::forEmptyDataset('insert')
#1 C:\xampp\htdocs\ci2\system\Model.php(620): CodeIgniter\BaseModel->insert(Array, true)
#2 C:\xampp\htdocs\ci2\app\Controllers\OrderController.php(94): CodeIgniter\Model->insert(Array)
#3 C:\xampp\htdocs\ci2\system\CodeIgniter.php(824): App\Controllers\OrderController->insert_order('1')
#4 C:\xampp\htdocs\ci2\system\CodeIgniter.php(410): CodeIgniter\CodeIgniter->runController(Object(App\Controllers\OrderController))
#5 C:\xampp\htdocs\ci2\system\CodeIgniter.php(318): CodeIgniter\CodeIgniter->handleRequest(NULL, Object(Config\Cache), false)
#6 C:\xampp\htdocs\ci2\public\index.php(37): CodeIgniter\CodeIgniter->run()
#7 {main}
ERROR - 2022-02-07 20:59:51 --> Cannot add or update a child row: a foreign key constraint fails (`bcas_magang`.`pemesanan`, CONSTRAINT `pemesanan_ibfk_4` FOREIGN KEY (`id_user`) REFERENCES `oauth_user` (`id_user`))
CRITICAL - 2022-02-07 20:59:51 --> Cannot add or update a child row: a foreign key constraint fails (`bcas_magang`.`pemesanan`, CONSTRAINT `pemesanan_ibfk_4` FOREIGN KEY (`id_user`) REFERENCES `oauth_user` (`id_user`))
#0 C:\xampp\htdocs\ci2\system\Database\MySQLi\Connection.php(292): mysqli->query('INSERT INTO `pe...', 0)
#1 C:\xampp\htdocs\ci2\system\Database\BaseConnection.php(670): CodeIgniter\Database\MySQLi\Connection->execute('INSERT INTO `pe...')
#2 C:\xampp\htdocs\ci2\system\Database\BaseConnection.php(598): CodeIgniter\Database\BaseConnection->simpleQuery('INSERT INTO `pe...')
#3 C:\xampp\htdocs\ci2\system\Database\BaseBuilder.php(1759): CodeIgniter\Database\BaseConnection->query('INSERT INTO `pe...', Array, false)
#4 C:\xampp\htdocs\ci2\system\Model.php(239): CodeIgniter\Database\BaseBuilder->insert()
#5 C:\xampp\htdocs\ci2\system\BaseModel.php(738): CodeIgniter\Model->doInsert(Array)
#6 C:\xampp\htdocs\ci2\system\Model.php(620): CodeIgniter\BaseModel->insert(Array, true)
#7 C:\xampp\htdocs\ci2\app\Controllers\OrderController.php(93): CodeIgniter\Model->insert(Array)
#8 C:\xampp\htdocs\ci2\system\CodeIgniter.php(824): App\Controllers\OrderController->insert_order('1')
#9 C:\xampp\htdocs\ci2\system\CodeIgniter.php(410): CodeIgniter\CodeIgniter->runController(Object(App\Controllers\OrderController))
#10 C:\xampp\htdocs\ci2\system\CodeIgniter.php(318): CodeIgniter\CodeIgniter->handleRequest(NULL, Object(Config\Cache), false)
#11 C:\xampp\htdocs\ci2\public\index.php(37): CodeIgniter\CodeIgniter->run()
#12 {main}
ERROR - 2022-02-07 21:00:54 --> Cannot add or update a child row: a foreign key constraint fails (`bcas_magang`.`pemesanan`, CONSTRAINT `pemesanan_ibfk_4` FOREIGN KEY (`id_user`) REFERENCES `oauth_user` (`id_user`))
CRITICAL - 2022-02-07 21:00:54 --> Cannot add or update a child row: a foreign key constraint fails (`bcas_magang`.`pemesanan`, CONSTRAINT `pemesanan_ibfk_4` FOREIGN KEY (`id_user`) REFERENCES `oauth_user` (`id_user`))
#0 C:\xampp\htdocs\ci2\system\Database\MySQLi\Connection.php(292): mysqli->query('INSERT INTO `pe...', 0)
#1 C:\xampp\htdocs\ci2\system\Database\BaseConnection.php(670): CodeIgniter\Database\MySQLi\Connection->execute('INSERT INTO `pe...')
#2 C:\xampp\htdocs\ci2\system\Database\BaseConnection.php(598): CodeIgniter\Database\BaseConnection->simpleQuery('INSERT INTO `pe...')
#3 C:\xampp\htdocs\ci2\system\Database\BaseBuilder.php(1759): CodeIgniter\Database\BaseConnection->query('INSERT INTO `pe...', Array, false)
#4 C:\xampp\htdocs\ci2\system\Model.php(239): CodeIgniter\Database\BaseBuilder->insert()
#5 C:\xampp\htdocs\ci2\system\BaseModel.php(738): CodeIgniter\Model->doInsert(Array)
#6 C:\xampp\htdocs\ci2\system\Model.php(620): CodeIgniter\BaseModel->insert(Array, true)
#7 C:\xampp\htdocs\ci2\app\Controllers\OrderController.php(93): CodeIgniter\Model->insert(Array)
#8 C:\xampp\htdocs\ci2\system\CodeIgniter.php(824): App\Controllers\OrderController->insert_order('1')
#9 C:\xampp\htdocs\ci2\system\CodeIgniter.php(410): CodeIgniter\CodeIgniter->runController(Object(App\Controllers\OrderController))
#10 C:\xampp\htdocs\ci2\system\CodeIgniter.php(318): CodeIgniter\CodeIgniter->handleRequest(NULL, Object(Config\Cache), false)
#11 C:\xampp\htdocs\ci2\public\index.php(37): CodeIgniter\CodeIgniter->run()
#12 {main}
ERROR - 2022-02-07 21:59:14 --> Cannot add or update a child row: a foreign key constraint fails (`bcas_magang`.`pemesanan`, CONSTRAINT `pemesanan_ibfk_4` FOREIGN KEY (`id_user`) REFERENCES `oauth_user` (`id_user`))
CRITICAL - 2022-02-07 21:59:14 --> Cannot add or update a child row: a foreign key constraint fails (`bcas_magang`.`pemesanan`, CONSTRAINT `pemesanan_ibfk_4` FOREIGN KEY (`id_user`) REFERENCES `oauth_user` (`id_user`))
#0 C:\xampp\htdocs\ci2\system\Database\MySQLi\Connection.php(292): mysqli->query('INSERT INTO `pe...', 0)
#1 C:\xampp\htdocs\ci2\system\Database\BaseConnection.php(670): CodeIgniter\Database\MySQLi\Connection->execute('INSERT INTO `pe...')
#2 C:\xampp\htdocs\ci2\system\Database\BaseConnection.php(598): CodeIgniter\Database\BaseConnection->simpleQuery('INSERT INTO `pe...')
#3 C:\xampp\htdocs\ci2\system\Database\BaseBuilder.php(1759): CodeIgniter\Database\BaseConnection->query('INSERT INTO `pe...', Array, false)
#4 C:\xampp\htdocs\ci2\system\Model.php(239): CodeIgniter\Database\BaseBuilder->insert()
#5 C:\xampp\htdocs\ci2\system\BaseModel.php(738): CodeIgniter\Model->doInsert(Array)
#6 C:\xampp\htdocs\ci2\system\Model.php(620): CodeIgniter\BaseModel->insert(Array, true)
#7 C:\xampp\htdocs\ci2\app\Controllers\OrderController.php(93): CodeIgniter\Model->insert(Array)
#8 C:\xampp\htdocs\ci2\system\CodeIgniter.php(824): App\Controllers\OrderController->insert_order('1')
#9 C:\xampp\htdocs\ci2\system\CodeIgniter.php(410): CodeIgniter\CodeIgniter->runController(Object(App\Controllers\OrderController))
#10 C:\xampp\htdocs\ci2\system\CodeIgniter.php(318): CodeIgniter\CodeIgniter->handleRequest(NULL, Object(Config\Cache), false)
#11 C:\xampp\htdocs\ci2\public\index.php(37): CodeIgniter\CodeIgniter->run()
#12 {main}
