ERROR - 2022-02-23 01:08:56 --> Cannot add or update a child row: a foreign key constraint fails (`bcas_magang`.`orders`, CONSTRAINT `orders_ibfk_1` FOREIGN KEY (`id_user`) REFERENCES `oauth_user` (`id_user`))
CRITICAL - 2022-02-23 01:08:56 --> Cannot add or update a child row: a foreign key constraint fails (`bcas_magang`.`orders`, CONSTRAINT `orders_ibfk_1` FOREIGN KEY (`id_user`) REFERENCES `oauth_user` (`id_user`))
#0 C:\xampp\htdocs\ci2\system\Database\MySQLi\Connection.php(292): mysqli->query('INSERT INTO `or...', 0)
#1 C:\xampp\htdocs\ci2\system\Database\BaseConnection.php(670): CodeIgniter\Database\MySQLi\Connection->execute('INSERT INTO `or...')
#2 C:\xampp\htdocs\ci2\system\Database\BaseConnection.php(598): CodeIgniter\Database\BaseConnection->simpleQuery('INSERT INTO `or...')
#3 C:\xampp\htdocs\ci2\system\Database\BaseBuilder.php(1759): CodeIgniter\Database\BaseConnection->query('INSERT INTO `or...', Array, false)
#4 C:\xampp\htdocs\ci2\system\Model.php(239): CodeIgniter\Database\BaseBuilder->insert()
#5 C:\xampp\htdocs\ci2\system\BaseModel.php(738): CodeIgniter\Model->doInsert(Array)
#6 C:\xampp\htdocs\ci2\system\Model.php(620): CodeIgniter\BaseModel->insert(Array, true)
#7 C:\xampp\htdocs\ci2\app\Controllers\OrderController.php(102): CodeIgniter\Model->insert(Object(stdClass))
#8 C:\xampp\htdocs\ci2\system\CodeIgniter.php(824): App\Controllers\OrderController->post_order()
#9 C:\xampp\htdocs\ci2\system\CodeIgniter.php(410): CodeIgniter\CodeIgniter->runController(Object(App\Controllers\OrderController))
#10 C:\xampp\htdocs\ci2\system\CodeIgniter.php(318): CodeIgniter\CodeIgniter->handleRequest(NULL, Object(Config\Cache), false)
#11 C:\xampp\htdocs\ci2\public\index.php(37): CodeIgniter\CodeIgniter->run()
#12 {main}
ERROR - 2022-02-23 01:09:17 --> Cannot add or update a child row: a foreign key constraint fails (`bcas_magang`.`orders`, CONSTRAINT `orders_ibfk_1` FOREIGN KEY (`id_user`) REFERENCES `oauth_user` (`id_user`))
CRITICAL - 2022-02-23 01:09:17 --> Cannot add or update a child row: a foreign key constraint fails (`bcas_magang`.`orders`, CONSTRAINT `orders_ibfk_1` FOREIGN KEY (`id_user`) REFERENCES `oauth_user` (`id_user`))
#0 C:\xampp\htdocs\ci2\system\Database\MySQLi\Connection.php(292): mysqli->query('INSERT INTO `or...', 0)
#1 C:\xampp\htdocs\ci2\system\Database\BaseConnection.php(670): CodeIgniter\Database\MySQLi\Connection->execute('INSERT INTO `or...')
#2 C:\xampp\htdocs\ci2\system\Database\BaseConnection.php(598): CodeIgniter\Database\BaseConnection->simpleQuery('INSERT INTO `or...')
#3 C:\xampp\htdocs\ci2\system\Database\BaseBuilder.php(1759): CodeIgniter\Database\BaseConnection->query('INSERT INTO `or...', Array, false)
#4 C:\xampp\htdocs\ci2\system\Model.php(239): CodeIgniter\Database\BaseBuilder->insert()
#5 C:\xampp\htdocs\ci2\system\BaseModel.php(738): CodeIgniter\Model->doInsert(Array)
#6 C:\xampp\htdocs\ci2\system\Model.php(620): CodeIgniter\BaseModel->insert(Array, true)
#7 C:\xampp\htdocs\ci2\app\Controllers\OrderController.php(102): CodeIgniter\Model->insert(Object(stdClass))
#8 C:\xampp\htdocs\ci2\system\CodeIgniter.php(824): App\Controllers\OrderController->post_order()
#9 C:\xampp\htdocs\ci2\system\CodeIgniter.php(410): CodeIgniter\CodeIgniter->runController(Object(App\Controllers\OrderController))
#10 C:\xampp\htdocs\ci2\system\CodeIgniter.php(318): CodeIgniter\CodeIgniter->handleRequest(NULL, Object(Config\Cache), false)
#11 C:\xampp\htdocs\ci2\public\index.php(37): CodeIgniter\CodeIgniter->run()
#12 {main}
ERROR - 2022-02-23 02:25:49 --> Cannot add or update a child row: a foreign key constraint fails (`bcas_magang`.`orders`, CONSTRAINT `orders_ibfk_1` FOREIGN KEY (`id_user`) REFERENCES `oauth_user` (`id_user`))
CRITICAL - 2022-02-23 02:25:49 --> Cannot add or update a child row: a foreign key constraint fails (`bcas_magang`.`orders`, CONSTRAINT `orders_ibfk_1` FOREIGN KEY (`id_user`) REFERENCES `oauth_user` (`id_user`))
#0 C:\xampp\htdocs\ci2\system\Database\MySQLi\Connection.php(292): mysqli->query('INSERT INTO `or...', 0)
#1 C:\xampp\htdocs\ci2\system\Database\BaseConnection.php(670): CodeIgniter\Database\MySQLi\Connection->execute('INSERT INTO `or...')
#2 C:\xampp\htdocs\ci2\system\Database\BaseConnection.php(598): CodeIgniter\Database\BaseConnection->simpleQuery('INSERT INTO `or...')
#3 C:\xampp\htdocs\ci2\system\Database\BaseBuilder.php(1759): CodeIgniter\Database\BaseConnection->query('INSERT INTO `or...', Array, false)
#4 C:\xampp\htdocs\ci2\system\Model.php(239): CodeIgniter\Database\BaseBuilder->insert()
#5 C:\xampp\htdocs\ci2\system\BaseModel.php(738): CodeIgniter\Model->doInsert(Array)
#6 C:\xampp\htdocs\ci2\system\Model.php(620): CodeIgniter\BaseModel->insert(Array, true)
#7 C:\xampp\htdocs\ci2\app\Controllers\OrderController.php(102): CodeIgniter\Model->insert(Object(stdClass))
#8 C:\xampp\htdocs\ci2\system\CodeIgniter.php(824): App\Controllers\OrderController->post_order()
#9 C:\xampp\htdocs\ci2\system\CodeIgniter.php(410): CodeIgniter\CodeIgniter->runController(Object(App\Controllers\OrderController))
#10 C:\xampp\htdocs\ci2\system\CodeIgniter.php(318): CodeIgniter\CodeIgniter->handleRequest(NULL, Object(Config\Cache), false)
#11 C:\xampp\htdocs\ci2\public\index.php(37): CodeIgniter\CodeIgniter->run()
#12 {main}
ERROR - 2022-02-23 02:38:15 --> Cannot add or update a child row: a foreign key constraint fails (`bcas_magang`.`orders`, CONSTRAINT `orders_ibfk_1` FOREIGN KEY (`id_user`) REFERENCES `oauth_user` (`id_user`))
CRITICAL - 2022-02-23 02:38:15 --> Cannot add or update a child row: a foreign key constraint fails (`bcas_magang`.`orders`, CONSTRAINT `orders_ibfk_1` FOREIGN KEY (`id_user`) REFERENCES `oauth_user` (`id_user`))
#0 C:\xampp\htdocs\ci2\system\Database\MySQLi\Connection.php(292): mysqli->query('INSERT INTO `or...', 0)
#1 C:\xampp\htdocs\ci2\system\Database\BaseConnection.php(670): CodeIgniter\Database\MySQLi\Connection->execute('INSERT INTO `or...')
#2 C:\xampp\htdocs\ci2\system\Database\BaseConnection.php(598): CodeIgniter\Database\BaseConnection->simpleQuery('INSERT INTO `or...')
#3 C:\xampp\htdocs\ci2\system\Database\BaseBuilder.php(1759): CodeIgniter\Database\BaseConnection->query('INSERT INTO `or...', Array, false)
#4 C:\xampp\htdocs\ci2\system\Model.php(239): CodeIgniter\Database\BaseBuilder->insert()
#5 C:\xampp\htdocs\ci2\system\BaseModel.php(738): CodeIgniter\Model->doInsert(Array)
#6 C:\xampp\htdocs\ci2\system\Model.php(620): CodeIgniter\BaseModel->insert(Array, true)
#7 C:\xampp\htdocs\ci2\app\Controllers\OrderController.php(102): CodeIgniter\Model->insert(Object(stdClass))
#8 C:\xampp\htdocs\ci2\system\CodeIgniter.php(824): App\Controllers\OrderController->post_order()
#9 C:\xampp\htdocs\ci2\system\CodeIgniter.php(410): CodeIgniter\CodeIgniter->runController(Object(App\Controllers\OrderController))
#10 C:\xampp\htdocs\ci2\system\CodeIgniter.php(318): CodeIgniter\CodeIgniter->handleRequest(NULL, Object(Config\Cache), false)
#11 C:\xampp\htdocs\ci2\public\index.php(37): CodeIgniter\CodeIgniter->run()
#12 {main}
ERROR - 2022-02-23 02:47:47 --> Cannot add or update a child row: a foreign key constraint fails (`bcas_magang`.`orders`, CONSTRAINT `orders_ibfk_1` FOREIGN KEY (`id_user`) REFERENCES `oauth_user` (`id_user`))
CRITICAL - 2022-02-23 02:47:47 --> Cannot add or update a child row: a foreign key constraint fails (`bcas_magang`.`orders`, CONSTRAINT `orders_ibfk_1` FOREIGN KEY (`id_user`) REFERENCES `oauth_user` (`id_user`))
#0 C:\xampp\htdocs\ci2\system\Database\MySQLi\Connection.php(292): mysqli->query('INSERT INTO `or...', 0)
#1 C:\xampp\htdocs\ci2\system\Database\BaseConnection.php(670): CodeIgniter\Database\MySQLi\Connection->execute('INSERT INTO `or...')
#2 C:\xampp\htdocs\ci2\system\Database\BaseConnection.php(598): CodeIgniter\Database\BaseConnection->simpleQuery('INSERT INTO `or...')
#3 C:\xampp\htdocs\ci2\system\Database\BaseBuilder.php(1759): CodeIgniter\Database\BaseConnection->query('INSERT INTO `or...', Array, false)
#4 C:\xampp\htdocs\ci2\system\Model.php(239): CodeIgniter\Database\BaseBuilder->insert()
#5 C:\xampp\htdocs\ci2\system\BaseModel.php(738): CodeIgniter\Model->doInsert(Array)
#6 C:\xampp\htdocs\ci2\system\Model.php(620): CodeIgniter\BaseModel->insert(Array, true)
#7 C:\xampp\htdocs\ci2\app\Controllers\OrderController.php(102): CodeIgniter\Model->insert(Object(stdClass))
#8 C:\xampp\htdocs\ci2\system\CodeIgniter.php(824): App\Controllers\OrderController->post_order()
#9 C:\xampp\htdocs\ci2\system\CodeIgniter.php(410): CodeIgniter\CodeIgniter->runController(Object(App\Controllers\OrderController))
#10 C:\xampp\htdocs\ci2\system\CodeIgniter.php(318): CodeIgniter\CodeIgniter->handleRequest(NULL, Object(Config\Cache), false)
#11 C:\xampp\htdocs\ci2\public\index.php(37): CodeIgniter\CodeIgniter->run()
#12 {main}
ERROR - 2022-02-23 02:51:49 --> Cannot add or update a child row: a foreign key constraint fails (`bcas_magang`.`orders`, CONSTRAINT `orders_ibfk_1` FOREIGN KEY (`id_user`) REFERENCES `oauth_user` (`id_user`))
CRITICAL - 2022-02-23 02:51:49 --> Cannot add or update a child row: a foreign key constraint fails (`bcas_magang`.`orders`, CONSTRAINT `orders_ibfk_1` FOREIGN KEY (`id_user`) REFERENCES `oauth_user` (`id_user`))
#0 C:\xampp\htdocs\ci2\system\Database\MySQLi\Connection.php(292): mysqli->query('INSERT INTO `or...', 0)
#1 C:\xampp\htdocs\ci2\system\Database\BaseConnection.php(670): CodeIgniter\Database\MySQLi\Connection->execute('INSERT INTO `or...')
#2 C:\xampp\htdocs\ci2\system\Database\BaseConnection.php(598): CodeIgniter\Database\BaseConnection->simpleQuery('INSERT INTO `or...')
#3 C:\xampp\htdocs\ci2\system\Database\BaseBuilder.php(1759): CodeIgniter\Database\BaseConnection->query('INSERT INTO `or...', Array, false)
#4 C:\xampp\htdocs\ci2\system\Model.php(239): CodeIgniter\Database\BaseBuilder->insert()
#5 C:\xampp\htdocs\ci2\system\BaseModel.php(738): CodeIgniter\Model->doInsert(Array)
#6 C:\xampp\htdocs\ci2\system\Model.php(620): CodeIgniter\BaseModel->insert(Array, true)
#7 C:\xampp\htdocs\ci2\app\Controllers\OrderController.php(102): CodeIgniter\Model->insert(Object(stdClass))
#8 C:\xampp\htdocs\ci2\system\CodeIgniter.php(824): App\Controllers\OrderController->post_order()
#9 C:\xampp\htdocs\ci2\system\CodeIgniter.php(410): CodeIgniter\CodeIgniter->runController(Object(App\Controllers\OrderController))
#10 C:\xampp\htdocs\ci2\system\CodeIgniter.php(318): CodeIgniter\CodeIgniter->handleRequest(NULL, Object(Config\Cache), false)
#11 C:\xampp\htdocs\ci2\public\index.php(37): CodeIgniter\CodeIgniter->run()
#12 {main}
ERROR - 2022-02-23 03:03:41 --> Cannot add or update a child row: a foreign key constraint fails (`bcas_magang`.`orders`, CONSTRAINT `orders_ibfk_1` FOREIGN KEY (`id_user`) REFERENCES `oauth_user` (`id_user`))
CRITICAL - 2022-02-23 03:03:41 --> Cannot add or update a child row: a foreign key constraint fails (`bcas_magang`.`orders`, CONSTRAINT `orders_ibfk_1` FOREIGN KEY (`id_user`) REFERENCES `oauth_user` (`id_user`))
#0 C:\xampp\htdocs\ci2\system\Database\MySQLi\Connection.php(292): mysqli->query('INSERT INTO `or...', 0)
#1 C:\xampp\htdocs\ci2\system\Database\BaseConnection.php(670): CodeIgniter\Database\MySQLi\Connection->execute('INSERT INTO `or...')
#2 C:\xampp\htdocs\ci2\system\Database\BaseConnection.php(598): CodeIgniter\Database\BaseConnection->simpleQuery('INSERT INTO `or...')
#3 C:\xampp\htdocs\ci2\system\Database\BaseBuilder.php(1759): CodeIgniter\Database\BaseConnection->query('INSERT INTO `or...', Array, false)
#4 C:\xampp\htdocs\ci2\system\Model.php(239): CodeIgniter\Database\BaseBuilder->insert()
#5 C:\xampp\htdocs\ci2\system\BaseModel.php(738): CodeIgniter\Model->doInsert(Array)
#6 C:\xampp\htdocs\ci2\system\Model.php(620): CodeIgniter\BaseModel->insert(Array, true)
#7 C:\xampp\htdocs\ci2\app\Controllers\OrderController.php(102): CodeIgniter\Model->insert(Object(stdClass))
#8 C:\xampp\htdocs\ci2\system\CodeIgniter.php(824): App\Controllers\OrderController->post_order()
#9 C:\xampp\htdocs\ci2\system\CodeIgniter.php(410): CodeIgniter\CodeIgniter->runController(Object(App\Controllers\OrderController))
#10 C:\xampp\htdocs\ci2\system\CodeIgniter.php(318): CodeIgniter\CodeIgniter->handleRequest(NULL, Object(Config\Cache), false)
#11 C:\xampp\htdocs\ci2\public\index.php(37): CodeIgniter\CodeIgniter->run()
#12 {main}
ERROR - 2022-02-23 03:03:41 --> Cannot add or update a child row: a foreign key constraint fails (`bcas_magang`.`orders`, CONSTRAINT `orders_ibfk_1` FOREIGN KEY (`id_user`) REFERENCES `oauth_user` (`id_user`))
CRITICAL - 2022-02-23 03:03:41 --> Cannot add or update a child row: a foreign key constraint fails (`bcas_magang`.`orders`, CONSTRAINT `orders_ibfk_1` FOREIGN KEY (`id_user`) REFERENCES `oauth_user` (`id_user`))
#0 C:\xampp\htdocs\ci2\system\Database\MySQLi\Connection.php(292): mysqli->query('INSERT INTO `or...', 0)
#1 C:\xampp\htdocs\ci2\system\Database\BaseConnection.php(670): CodeIgniter\Database\MySQLi\Connection->execute('INSERT INTO `or...')
#2 C:\xampp\htdocs\ci2\system\Database\BaseConnection.php(598): CodeIgniter\Database\BaseConnection->simpleQuery('INSERT INTO `or...')
#3 C:\xampp\htdocs\ci2\system\Database\BaseBuilder.php(1759): CodeIgniter\Database\BaseConnection->query('INSERT INTO `or...', Array, false)
#4 C:\xampp\htdocs\ci2\system\Model.php(239): CodeIgniter\Database\BaseBuilder->insert()
#5 C:\xampp\htdocs\ci2\system\BaseModel.php(738): CodeIgniter\Model->doInsert(Array)
#6 C:\xampp\htdocs\ci2\system\Model.php(620): CodeIgniter\BaseModel->insert(Array, true)
#7 C:\xampp\htdocs\ci2\app\Controllers\OrderController.php(102): CodeIgniter\Model->insert(Object(stdClass))
#8 C:\xampp\htdocs\ci2\system\CodeIgniter.php(824): App\Controllers\OrderController->post_order()
#9 C:\xampp\htdocs\ci2\system\CodeIgniter.php(410): CodeIgniter\CodeIgniter->runController(Object(App\Controllers\OrderController))
#10 C:\xampp\htdocs\ci2\system\CodeIgniter.php(318): CodeIgniter\CodeIgniter->handleRequest(NULL, Object(Config\Cache), false)
#11 C:\xampp\htdocs\ci2\public\index.php(37): CodeIgniter\CodeIgniter->run()
#12 {main}
