CRITICAL - 2023-01-05 08:54:17 --> Undefined index: id
#0 C:\xampp73\htdocs\order_mobil\app\Views\order.php(66): CodeIgniter\Debug\Exceptions->errorHandler(8, 'Undefined index...', 'C:\\xampp73\\htdo...', 66, Array)
#1 C:\xampp73\htdocs\order_mobil\system\View\View.php(214): include('C:\\xampp73\\htdo...')
#2 C:\xampp73\htdocs\order_mobil\system\View\View.php(217): CodeIgniter\View\View->CodeIgniter\View\{closure}()
#3 C:\xampp73\htdocs\order_mobil\system\Common.php(1097): CodeIgniter\View\View->render('order', Array, true)
#4 C:\xampp73\htdocs\order_mobil\app\Controllers\Home.php(101): view('order', Array)
#5 C:\xampp73\htdocs\order_mobil\system\CodeIgniter.php(824): App\Controllers\Home->order()
#6 C:\xampp73\htdocs\order_mobil\system\CodeIgniter.php(410): CodeIgniter\CodeIgniter->runController(Object(App\Controllers\Home))
#7 C:\xampp73\htdocs\order_mobil\system\CodeIgniter.php(318): CodeIgniter\CodeIgniter->handleRequest(NULL, Object(Config\Cache), false)
#8 C:\xampp73\htdocs\order_mobil\index.php(37): CodeIgniter\CodeIgniter->run()
#9 {main}
ERROR - 2023-01-05 09:34:47 --> You have an error in your SQL syntax; check the manual that corresponds to your MariaDB server version for the right syntax to use near 'right join atasan on atasan.id_divisi = departemen.id_divisi' at line 1
CRITICAL - 2023-01-05 09:34:47 --> You have an error in your SQL syntax; check the manual that corresponds to your MariaDB server version for the right syntax to use near 'right join atasan on atasan.id_divisi = departemen.id_divisi' at line 1
#0 C:\xampp73\htdocs\order_mobil\system\Database\MySQLi\Connection.php(292): mysqli->query('SELECT * FROM `...', 0)
#1 C:\xampp73\htdocs\order_mobil\system\Database\BaseConnection.php(670): CodeIgniter\Database\MySQLi\Connection->execute('SELECT * FROM `...')
#2 C:\xampp73\htdocs\order_mobil\system\Database\BaseConnection.php(598): CodeIgniter\Database\BaseConnection->simpleQuery('SELECT * FROM `...')
#3 C:\xampp73\htdocs\order_mobil\system\Model.php(721): CodeIgniter\Database\BaseConnection->query('SELECT * FROM `...')
#4 C:\xampp73\htdocs\order_mobil\app\Controllers\Home.php(89): CodeIgniter\Model->__call('query', Array)
#5 C:\xampp73\htdocs\order_mobil\system\CodeIgniter.php(824): App\Controllers\Home->order()
#6 C:\xampp73\htdocs\order_mobil\system\CodeIgniter.php(410): CodeIgniter\CodeIgniter->runController(Object(App\Controllers\Home))
#7 C:\xampp73\htdocs\order_mobil\system\CodeIgniter.php(318): CodeIgniter\CodeIgniter->handleRequest(NULL, Object(Config\Cache), false)
#8 C:\xampp73\htdocs\order_mobil\index.php(37): CodeIgniter\CodeIgniter->run()
#9 {main}
ERROR - 2023-01-05 11:19:44 --> You have an error in your SQL syntax; check the manual that corresponds to your MariaDB server version for the right syntax to use near '<script>document.getElementByID('dept').value</script>' at line 1
CRITICAL - 2023-01-05 11:19:44 --> You have an error in your SQL syntax; check the manual that corresponds to your MariaDB server version for the right syntax to use near '<script>document.getElementByID('dept').value</script>' at line 1
#0 C:\xampp73\htdocs\order_mobil\system\Database\MySQLi\Connection.php(292): mysqli->query('SELECT * FROM a...', 0)
#1 C:\xampp73\htdocs\order_mobil\system\Database\BaseConnection.php(670): CodeIgniter\Database\MySQLi\Connection->execute('SELECT * FROM a...')
#2 C:\xampp73\htdocs\order_mobil\system\Database\BaseConnection.php(598): CodeIgniter\Database\BaseConnection->simpleQuery('SELECT * FROM a...')
#3 C:\xampp73\htdocs\order_mobil\system\Model.php(721): CodeIgniter\Database\BaseConnection->query('SELECT * FROM a...')
#4 C:\xampp73\htdocs\order_mobil\app\Views\order.php(74): CodeIgniter\Model->__call('query', Array)
#5 C:\xampp73\htdocs\order_mobil\system\View\View.php(214): include('C:\\xampp73\\htdo...')
#6 C:\xampp73\htdocs\order_mobil\system\View\View.php(217): CodeIgniter\View\View->CodeIgniter\View\{closure}()
#7 C:\xampp73\htdocs\order_mobil\system\Common.php(1097): CodeIgniter\View\View->render('order', Array, true)
#8 C:\xampp73\htdocs\order_mobil\app\Controllers\Home.php(103): view('order', Array)
#9 C:\xampp73\htdocs\order_mobil\system\CodeIgniter.php(824): App\Controllers\Home->order()
#10 C:\xampp73\htdocs\order_mobil\system\CodeIgniter.php(410): CodeIgniter\CodeIgniter->runController(Object(App\Controllers\Home))
#11 C:\xampp73\htdocs\order_mobil\system\CodeIgniter.php(318): CodeIgniter\CodeIgniter->handleRequest(NULL, Object(Config\Cache), false)
#12 C:\xampp73\htdocs\order_mobil\index.php(37): CodeIgniter\CodeIgniter->run()
#13 {main}
ERROR - 2023-01-05 11:24:38 --> You have an error in your SQL syntax; check the manual that corresponds to your MariaDB server version for the right syntax to use near '<script>document.getElementByID('dept').value</script>' at line 1
CRITICAL - 2023-01-05 11:24:38 --> You have an error in your SQL syntax; check the manual that corresponds to your MariaDB server version for the right syntax to use near '<script>document.getElementByID('dept').value</script>' at line 1
#0 C:\xampp73\htdocs\order_mobil\system\Database\MySQLi\Connection.php(292): mysqli->query('SELECT * FROM a...', 0)
#1 C:\xampp73\htdocs\order_mobil\system\Database\BaseConnection.php(670): CodeIgniter\Database\MySQLi\Connection->execute('SELECT * FROM a...')
#2 C:\xampp73\htdocs\order_mobil\system\Database\BaseConnection.php(598): CodeIgniter\Database\BaseConnection->simpleQuery('SELECT * FROM a...')
#3 C:\xampp73\htdocs\order_mobil\system\Model.php(721): CodeIgniter\Database\BaseConnection->query('SELECT * FROM a...')
#4 C:\xampp73\htdocs\order_mobil\app\Views\order.php(78): CodeIgniter\Model->__call('query', Array)
#5 C:\xampp73\htdocs\order_mobil\system\View\View.php(214): include('C:\\xampp73\\htdo...')
#6 C:\xampp73\htdocs\order_mobil\system\View\View.php(217): CodeIgniter\View\View->CodeIgniter\View\{closure}()
#7 C:\xampp73\htdocs\order_mobil\system\Common.php(1097): CodeIgniter\View\View->render('order', Array, true)
#8 C:\xampp73\htdocs\order_mobil\app\Controllers\Home.php(103): view('order', Array)
#9 C:\xampp73\htdocs\order_mobil\system\CodeIgniter.php(824): App\Controllers\Home->order()
#10 C:\xampp73\htdocs\order_mobil\system\CodeIgniter.php(410): CodeIgniter\CodeIgniter->runController(Object(App\Controllers\Home))
#11 C:\xampp73\htdocs\order_mobil\system\CodeIgniter.php(318): CodeIgniter\CodeIgniter->handleRequest(NULL, Object(Config\Cache), false)
#12 C:\xampp73\htdocs\order_mobil\index.php(37): CodeIgniter\CodeIgniter->run()
#13 {main}
CRITICAL - 2023-01-05 11:25:08 --> Undefined index: dept
#0 C:\xampp73\htdocs\order_mobil\app\Views\order.php(74): CodeIgniter\Debug\Exceptions->errorHandler(8, 'Undefined index...', 'C:\\xampp73\\htdo...', 74, Array)
#1 C:\xampp73\htdocs\order_mobil\system\View\View.php(214): include('C:\\xampp73\\htdo...')
#2 C:\xampp73\htdocs\order_mobil\system\View\View.php(217): CodeIgniter\View\View->CodeIgniter\View\{closure}()
#3 C:\xampp73\htdocs\order_mobil\system\Common.php(1097): CodeIgniter\View\View->render('order', Array, true)
#4 C:\xampp73\htdocs\order_mobil\app\Controllers\Home.php(103): view('order', Array)
#5 C:\xampp73\htdocs\order_mobil\system\CodeIgniter.php(824): App\Controllers\Home->order()
#6 C:\xampp73\htdocs\order_mobil\system\CodeIgniter.php(410): CodeIgniter\CodeIgniter->runController(Object(App\Controllers\Home))
#7 C:\xampp73\htdocs\order_mobil\system\CodeIgniter.php(318): CodeIgniter\CodeIgniter->handleRequest(NULL, Object(Config\Cache), false)
#8 C:\xampp73\htdocs\order_mobil\index.php(37): CodeIgniter\CodeIgniter->run()
#9 {main}
CRITICAL - 2023-01-05 11:40:30 --> Undefined index: dept
#0 C:\xampp73\htdocs\order_mobil\app\Views\order.php(69): CodeIgniter\Debug\Exceptions->errorHandler(8, 'Undefined index...', 'C:\\xampp73\\htdo...', 69, Array)
#1 C:\xampp73\htdocs\order_mobil\system\View\View.php(214): include('C:\\xampp73\\htdo...')
#2 C:\xampp73\htdocs\order_mobil\system\View\View.php(217): CodeIgniter\View\View->CodeIgniter\View\{closure}()
#3 C:\xampp73\htdocs\order_mobil\system\Common.php(1097): CodeIgniter\View\View->render('order', Array, true)
#4 C:\xampp73\htdocs\order_mobil\app\Controllers\Home.php(103): view('order', Array)
#5 C:\xampp73\htdocs\order_mobil\system\CodeIgniter.php(824): App\Controllers\Home->order()
#6 C:\xampp73\htdocs\order_mobil\system\CodeIgniter.php(410): CodeIgniter\CodeIgniter->runController(Object(App\Controllers\Home))
#7 C:\xampp73\htdocs\order_mobil\system\CodeIgniter.php(318): CodeIgniter\CodeIgniter->handleRequest(NULL, Object(Config\Cache), false)
#8 C:\xampp73\htdocs\order_mobil\index.php(37): CodeIgniter\CodeIgniter->run()
#9 {main}
CRITICAL - 2023-01-05 11:41:15 --> Undefined index: a
#0 C:\xampp73\htdocs\order_mobil\app\Views\order.php(69): CodeIgniter\Debug\Exceptions->errorHandler(8, 'Undefined index...', 'C:\\xampp73\\htdo...', 69, Array)
#1 C:\xampp73\htdocs\order_mobil\system\View\View.php(214): include('C:\\xampp73\\htdo...')
#2 C:\xampp73\htdocs\order_mobil\system\View\View.php(217): CodeIgniter\View\View->CodeIgniter\View\{closure}()
#3 C:\xampp73\htdocs\order_mobil\system\Common.php(1097): CodeIgniter\View\View->render('order', Array, true)
#4 C:\xampp73\htdocs\order_mobil\app\Controllers\Home.php(103): view('order', Array)
#5 C:\xampp73\htdocs\order_mobil\system\CodeIgniter.php(824): App\Controllers\Home->order()
#6 C:\xampp73\htdocs\order_mobil\system\CodeIgniter.php(410): CodeIgniter\CodeIgniter->runController(Object(App\Controllers\Home))
#7 C:\xampp73\htdocs\order_mobil\system\CodeIgniter.php(318): CodeIgniter\CodeIgniter->handleRequest(NULL, Object(Config\Cache), false)
#8 C:\xampp73\htdocs\order_mobil\index.php(37): CodeIgniter\CodeIgniter->run()
#9 {main}
CRITICAL - 2023-01-05 13:15:00 --> Undefined variable: dept
#0 C:\xampp73\htdocs\order_mobil\app\Views\order.php(87): CodeIgniter\Debug\Exceptions->errorHandler(8, 'Undefined varia...', 'C:\\xampp73\\htdo...', 87, Array)
#1 C:\xampp73\htdocs\order_mobil\system\View\View.php(214): include('C:\\xampp73\\htdo...')
#2 C:\xampp73\htdocs\order_mobil\system\View\View.php(217): CodeIgniter\View\View->CodeIgniter\View\{closure}()
#3 C:\xampp73\htdocs\order_mobil\system\Common.php(1097): CodeIgniter\View\View->render('order', Array, true)
#4 C:\xampp73\htdocs\order_mobil\app\Controllers\Home.php(103): view('order', Array)
#5 C:\xampp73\htdocs\order_mobil\system\CodeIgniter.php(824): App\Controllers\Home->order()
#6 C:\xampp73\htdocs\order_mobil\system\CodeIgniter.php(410): CodeIgniter\CodeIgniter->runController(Object(App\Controllers\Home))
#7 C:\xampp73\htdocs\order_mobil\system\CodeIgniter.php(318): CodeIgniter\CodeIgniter->handleRequest(NULL, Object(Config\Cache), false)
#8 C:\xampp73\htdocs\order_mobil\index.php(37): CodeIgniter\CodeIgniter->run()
#9 {main}
CRITICAL - 2023-01-05 13:15:30 --> Undefined index: dept
#0 C:\xampp73\htdocs\order_mobil\app\Views\order.php(86): CodeIgniter\Debug\Exceptions->errorHandler(8, 'Undefined index...', 'C:\\xampp73\\htdo...', 86, Array)
#1 C:\xampp73\htdocs\order_mobil\system\View\View.php(214): include('C:\\xampp73\\htdo...')
#2 C:\xampp73\htdocs\order_mobil\system\View\View.php(217): CodeIgniter\View\View->CodeIgniter\View\{closure}()
#3 C:\xampp73\htdocs\order_mobil\system\Common.php(1097): CodeIgniter\View\View->render('order', Array, true)
#4 C:\xampp73\htdocs\order_mobil\app\Controllers\Home.php(103): view('order', Array)
#5 C:\xampp73\htdocs\order_mobil\system\CodeIgniter.php(824): App\Controllers\Home->order()
#6 C:\xampp73\htdocs\order_mobil\system\CodeIgniter.php(410): CodeIgniter\CodeIgniter->runController(Object(App\Controllers\Home))
#7 C:\xampp73\htdocs\order_mobil\system\CodeIgniter.php(318): CodeIgniter\CodeIgniter->handleRequest(NULL, Object(Config\Cache), false)
#8 C:\xampp73\htdocs\order_mobil\index.php(37): CodeIgniter\CodeIgniter->run()
#9 {main}
CRITICAL - 2023-01-05 13:20:32 --> Undefined index: dept
#0 C:\xampp73\htdocs\order_mobil\app\Views\order.php(78): CodeIgniter\Debug\Exceptions->errorHandler(8, 'Undefined index...', 'C:\\xampp73\\htdo...', 78, Array)
#1 C:\xampp73\htdocs\order_mobil\system\View\View.php(214): include('C:\\xampp73\\htdo...')
#2 C:\xampp73\htdocs\order_mobil\system\View\View.php(217): CodeIgniter\View\View->CodeIgniter\View\{closure}()
#3 C:\xampp73\htdocs\order_mobil\system\Common.php(1097): CodeIgniter\View\View->render('order', Array, true)
#4 C:\xampp73\htdocs\order_mobil\app\Controllers\Home.php(103): view('order', Array)
#5 C:\xampp73\htdocs\order_mobil\system\CodeIgniter.php(824): App\Controllers\Home->order()
#6 C:\xampp73\htdocs\order_mobil\system\CodeIgniter.php(410): CodeIgniter\CodeIgniter->runController(Object(App\Controllers\Home))
#7 C:\xampp73\htdocs\order_mobil\system\CodeIgniter.php(318): CodeIgniter\CodeIgniter->handleRequest(NULL, Object(Config\Cache), false)
#8 C:\xampp73\htdocs\order_mobil\index.php(37): CodeIgniter\CodeIgniter->run()
#9 {main}
CRITICAL - 2023-01-05 13:21:30 --> Undefined index: div
#0 C:\xampp73\htdocs\order_mobil\app\Views\order.php(78): CodeIgniter\Debug\Exceptions->errorHandler(8, 'Undefined index...', 'C:\\xampp73\\htdo...', 78, Array)
#1 C:\xampp73\htdocs\order_mobil\system\View\View.php(214): include('C:\\xampp73\\htdo...')
#2 C:\xampp73\htdocs\order_mobil\system\View\View.php(217): CodeIgniter\View\View->CodeIgniter\View\{closure}()
#3 C:\xampp73\htdocs\order_mobil\system\Common.php(1097): CodeIgniter\View\View->render('order', Array, true)
#4 C:\xampp73\htdocs\order_mobil\app\Controllers\Home.php(103): view('order', Array)
#5 C:\xampp73\htdocs\order_mobil\system\CodeIgniter.php(824): App\Controllers\Home->order()
#6 C:\xampp73\htdocs\order_mobil\system\CodeIgniter.php(410): CodeIgniter\CodeIgniter->runController(Object(App\Controllers\Home))
#7 C:\xampp73\htdocs\order_mobil\system\CodeIgniter.php(318): CodeIgniter\CodeIgniter->handleRequest(NULL, Object(Config\Cache), false)
#8 C:\xampp73\htdocs\order_mobil\index.php(37): CodeIgniter\CodeIgniter->run()
#9 {main}
CRITICAL - 2023-01-05 14:22:01 --> Array to string conversion
#0 C:\xampp73\htdocs\order_mobil\app\Views\order.php(70): CodeIgniter\Debug\Exceptions->errorHandler(8, 'Array to string...', 'C:\\xampp73\\htdo...', 70, Array)
#1 C:\xampp73\htdocs\order_mobil\system\View\View.php(214): include('C:\\xampp73\\htdo...')
#2 C:\xampp73\htdocs\order_mobil\system\View\View.php(217): CodeIgniter\View\View->CodeIgniter\View\{closure}()
#3 C:\xampp73\htdocs\order_mobil\system\Common.php(1097): CodeIgniter\View\View->render('order', Array, true)
#4 C:\xampp73\htdocs\order_mobil\app\Controllers\Home.php(103): view('order', Array)
#5 C:\xampp73\htdocs\order_mobil\system\CodeIgniter.php(824): App\Controllers\Home->order()
#6 C:\xampp73\htdocs\order_mobil\system\CodeIgniter.php(410): CodeIgniter\CodeIgniter->runController(Object(App\Controllers\Home))
#7 C:\xampp73\htdocs\order_mobil\system\CodeIgniter.php(318): CodeIgniter\CodeIgniter->handleRequest(NULL, Object(Config\Cache), false)
#8 C:\xampp73\htdocs\order_mobil\index.php(37): CodeIgniter\CodeIgniter->run()
#9 {main}
CRITICAL - 2023-01-05 14:22:27 --> Undefined index: dept
#0 C:\xampp73\htdocs\order_mobil\app\Views\order.php(70): CodeIgniter\Debug\Exceptions->errorHandler(8, 'Undefined index...', 'C:\\xampp73\\htdo...', 70, Array)
#1 C:\xampp73\htdocs\order_mobil\system\View\View.php(214): include('C:\\xampp73\\htdo...')
#2 C:\xampp73\htdocs\order_mobil\system\View\View.php(217): CodeIgniter\View\View->CodeIgniter\View\{closure}()
#3 C:\xampp73\htdocs\order_mobil\system\Common.php(1097): CodeIgniter\View\View->render('order', Array, true)
#4 C:\xampp73\htdocs\order_mobil\app\Controllers\Home.php(103): view('order', Array)
#5 C:\xampp73\htdocs\order_mobil\system\CodeIgniter.php(824): App\Controllers\Home->order()
#6 C:\xampp73\htdocs\order_mobil\system\CodeIgniter.php(410): CodeIgniter\CodeIgniter->runController(Object(App\Controllers\Home))
#7 C:\xampp73\htdocs\order_mobil\system\CodeIgniter.php(318): CodeIgniter\CodeIgniter->handleRequest(NULL, Object(Config\Cache), false)
#8 C:\xampp73\htdocs\order_mobil\index.php(37): CodeIgniter\CodeIgniter->run()
#9 {main}
CRITICAL - 2023-01-05 14:25:21 --> Undefined index: dept
#0 C:\xampp73\htdocs\order_mobil\app\Views\order.php(70): CodeIgniter\Debug\Exceptions->errorHandler(8, 'Undefined index...', 'C:\\xampp73\\htdo...', 70, Array)
#1 C:\xampp73\htdocs\order_mobil\system\View\View.php(214): include('C:\\xampp73\\htdo...')
#2 C:\xampp73\htdocs\order_mobil\system\View\View.php(217): CodeIgniter\View\View->CodeIgniter\View\{closure}()
#3 C:\xampp73\htdocs\order_mobil\system\Common.php(1097): CodeIgniter\View\View->render('order', Array, true)
#4 C:\xampp73\htdocs\order_mobil\app\Controllers\Home.php(103): view('order', Array)
#5 C:\xampp73\htdocs\order_mobil\system\CodeIgniter.php(824): App\Controllers\Home->order()
#6 C:\xampp73\htdocs\order_mobil\system\CodeIgniter.php(410): CodeIgniter\CodeIgniter->runController(Object(App\Controllers\Home))
#7 C:\xampp73\htdocs\order_mobil\system\CodeIgniter.php(318): CodeIgniter\CodeIgniter->handleRequest(NULL, Object(Config\Cache), false)
#8 C:\xampp73\htdocs\order_mobil\index.php(37): CodeIgniter\CodeIgniter->run()
#9 {main}
CRITICAL - 2023-01-05 14:25:40 --> Undefined index: dept
#0 C:\xampp73\htdocs\order_mobil\app\Views\order.php(70): CodeIgniter\Debug\Exceptions->errorHandler(8, 'Undefined index...', 'C:\\xampp73\\htdo...', 70, Array)
#1 C:\xampp73\htdocs\order_mobil\system\View\View.php(214): include('C:\\xampp73\\htdo...')
#2 C:\xampp73\htdocs\order_mobil\system\View\View.php(217): CodeIgniter\View\View->CodeIgniter\View\{closure}()
#3 C:\xampp73\htdocs\order_mobil\system\Common.php(1097): CodeIgniter\View\View->render('order', Array, true)
#4 C:\xampp73\htdocs\order_mobil\app\Controllers\Home.php(103): view('order', Array)
#5 C:\xampp73\htdocs\order_mobil\system\CodeIgniter.php(824): App\Controllers\Home->order()
#6 C:\xampp73\htdocs\order_mobil\system\CodeIgniter.php(410): CodeIgniter\CodeIgniter->runController(Object(App\Controllers\Home))
#7 C:\xampp73\htdocs\order_mobil\system\CodeIgniter.php(318): CodeIgniter\CodeIgniter->handleRequest(NULL, Object(Config\Cache), false)
#8 C:\xampp73\htdocs\order_mobil\index.php(37): CodeIgniter\CodeIgniter->run()
#9 {main}
CRITICAL - 2023-01-05 14:31:39 --> Undefined index: dept
#0 C:\xampp73\htdocs\order_mobil\app\Views\order.php(82): CodeIgniter\Debug\Exceptions->errorHandler(8, 'Undefined index...', 'C:\\xampp73\\htdo...', 82, Array)
#1 C:\xampp73\htdocs\order_mobil\system\View\View.php(214): include('C:\\xampp73\\htdo...')
#2 C:\xampp73\htdocs\order_mobil\system\View\View.php(217): CodeIgniter\View\View->CodeIgniter\View\{closure}()
#3 C:\xampp73\htdocs\order_mobil\system\Common.php(1097): CodeIgniter\View\View->render('order', Array, true)
#4 C:\xampp73\htdocs\order_mobil\app\Controllers\Home.php(103): view('order', Array)
#5 C:\xampp73\htdocs\order_mobil\system\CodeIgniter.php(824): App\Controllers\Home->order()
#6 C:\xampp73\htdocs\order_mobil\system\CodeIgniter.php(410): CodeIgniter\CodeIgniter->runController(Object(App\Controllers\Home))
#7 C:\xampp73\htdocs\order_mobil\system\CodeIgniter.php(318): CodeIgniter\CodeIgniter->handleRequest(NULL, Object(Config\Cache), false)
#8 C:\xampp73\htdocs\order_mobil\index.php(37): CodeIgniter\CodeIgniter->run()
#9 {main}
CRITICAL - 2023-01-05 14:34:51 --> Array to string conversion
#0 C:\xampp73\htdocs\order_mobil\app\Views\order.php(83): CodeIgniter\Debug\Exceptions->errorHandler(8, 'Array to string...', 'C:\\xampp73\\htdo...', 83, Array)
#1 C:\xampp73\htdocs\order_mobil\system\View\View.php(214): include('C:\\xampp73\\htdo...')
#2 C:\xampp73\htdocs\order_mobil\system\View\View.php(217): CodeIgniter\View\View->CodeIgniter\View\{closure}()
#3 C:\xampp73\htdocs\order_mobil\system\Common.php(1097): CodeIgniter\View\View->render('order', Array, true)
#4 C:\xampp73\htdocs\order_mobil\app\Controllers\Home.php(103): view('order', Array)
#5 C:\xampp73\htdocs\order_mobil\system\CodeIgniter.php(824): App\Controllers\Home->order()
#6 C:\xampp73\htdocs\order_mobil\system\CodeIgniter.php(410): CodeIgniter\CodeIgniter->runController(Object(App\Controllers\Home))
#7 C:\xampp73\htdocs\order_mobil\system\CodeIgniter.php(318): CodeIgniter\CodeIgniter->handleRequest(NULL, Object(Config\Cache), false)
#8 C:\xampp73\htdocs\order_mobil\index.php(37): CodeIgniter\CodeIgniter->run()
#9 {main}
CRITICAL - 2023-01-05 14:35:41 --> Array to string conversion
#0 C:\xampp73\htdocs\order_mobil\app\Views\order.php(83): CodeIgniter\Debug\Exceptions->errorHandler(8, 'Array to string...', 'C:\\xampp73\\htdo...', 83, Array)
#1 C:\xampp73\htdocs\order_mobil\system\View\View.php(214): include('C:\\xampp73\\htdo...')
#2 C:\xampp73\htdocs\order_mobil\system\View\View.php(217): CodeIgniter\View\View->CodeIgniter\View\{closure}()
#3 C:\xampp73\htdocs\order_mobil\system\Common.php(1097): CodeIgniter\View\View->render('order', Array, true)
#4 C:\xampp73\htdocs\order_mobil\app\Controllers\Home.php(106): view('order', Array)
#5 C:\xampp73\htdocs\order_mobil\system\CodeIgniter.php(824): App\Controllers\Home->order()
#6 C:\xampp73\htdocs\order_mobil\system\CodeIgniter.php(410): CodeIgniter\CodeIgniter->runController(Object(App\Controllers\Home))
#7 C:\xampp73\htdocs\order_mobil\system\CodeIgniter.php(318): CodeIgniter\CodeIgniter->handleRequest(NULL, Object(Config\Cache), false)
#8 C:\xampp73\htdocs\order_mobil\index.php(37): CodeIgniter\CodeIgniter->run()
#9 {main}
CRITICAL - 2023-01-05 14:43:39 --> Undefined index: dept
#0 C:\xampp73\htdocs\order_mobil\app\Views\order.php(66): CodeIgniter\Debug\Exceptions->errorHandler(8, 'Undefined index...', 'C:\\xampp73\\htdo...', 66, Array)
#1 C:\xampp73\htdocs\order_mobil\system\View\View.php(214): include('C:\\xampp73\\htdo...')
#2 C:\xampp73\htdocs\order_mobil\system\View\View.php(217): CodeIgniter\View\View->CodeIgniter\View\{closure}()
#3 C:\xampp73\htdocs\order_mobil\system\Common.php(1097): CodeIgniter\View\View->render('order', Array, true)
#4 C:\xampp73\htdocs\order_mobil\app\Controllers\Home.php(106): view('order', Array)
#5 C:\xampp73\htdocs\order_mobil\system\CodeIgniter.php(824): App\Controllers\Home->order()
#6 C:\xampp73\htdocs\order_mobil\system\CodeIgniter.php(410): CodeIgniter\CodeIgniter->runController(Object(App\Controllers\Home))
#7 C:\xampp73\htdocs\order_mobil\system\CodeIgniter.php(318): CodeIgniter\CodeIgniter->handleRequest(NULL, Object(Config\Cache), false)
#8 C:\xampp73\htdocs\order_mobil\index.php(37): CodeIgniter\CodeIgniter->run()
#9 {main}
CRITICAL - 2023-01-05 14:45:21 --> Undefined index: dept
#0 C:\xampp73\htdocs\order_mobil\app\Views\order.php(66): CodeIgniter\Debug\Exceptions->errorHandler(8, 'Undefined index...', 'C:\\xampp73\\htdo...', 66, Array)
#1 C:\xampp73\htdocs\order_mobil\system\View\View.php(214): include('C:\\xampp73\\htdo...')
#2 C:\xampp73\htdocs\order_mobil\system\View\View.php(217): CodeIgniter\View\View->CodeIgniter\View\{closure}()
#3 C:\xampp73\htdocs\order_mobil\system\Common.php(1097): CodeIgniter\View\View->render('order', Array, true)
#4 C:\xampp73\htdocs\order_mobil\app\Controllers\Home.php(106): view('order', Array)
#5 C:\xampp73\htdocs\order_mobil\system\CodeIgniter.php(824): App\Controllers\Home->order()
#6 C:\xampp73\htdocs\order_mobil\system\CodeIgniter.php(410): CodeIgniter\CodeIgniter->runController(Object(App\Controllers\Home))
#7 C:\xampp73\htdocs\order_mobil\system\CodeIgniter.php(318): CodeIgniter\CodeIgniter->handleRequest(NULL, Object(Config\Cache), false)
#8 C:\xampp73\htdocs\order_mobil\index.php(37): CodeIgniter\CodeIgniter->run()
#9 {main}
CRITICAL - 2023-01-05 14:46:44 --> Undefined offset: 0
#0 C:\xampp73\htdocs\order_mobil\app\Views\order.php(73): CodeIgniter\Debug\Exceptions->errorHandler(8, 'Undefined offse...', 'C:\\xampp73\\htdo...', 73, Array)
#1 C:\xampp73\htdocs\order_mobil\system\View\View.php(214): include('C:\\xampp73\\htdo...')
#2 C:\xampp73\htdocs\order_mobil\system\View\View.php(217): CodeIgniter\View\View->CodeIgniter\View\{closure}()
#3 C:\xampp73\htdocs\order_mobil\system\Common.php(1097): CodeIgniter\View\View->render('order', Array, true)
#4 C:\xampp73\htdocs\order_mobil\app\Controllers\Home.php(106): view('order', Array)
#5 C:\xampp73\htdocs\order_mobil\system\CodeIgniter.php(824): App\Controllers\Home->order()
#6 C:\xampp73\htdocs\order_mobil\system\CodeIgniter.php(410): CodeIgniter\CodeIgniter->runController(Object(App\Controllers\Home))
#7 C:\xampp73\htdocs\order_mobil\system\CodeIgniter.php(318): CodeIgniter\CodeIgniter->handleRequest(NULL, Object(Config\Cache), false)
#8 C:\xampp73\htdocs\order_mobil\index.php(37): CodeIgniter\CodeIgniter->run()
#9 {main}
CRITICAL - 2023-01-05 14:47:51 --> Undefined index: dept
#0 C:\xampp73\htdocs\order_mobil\app\Views\order.php(73): CodeIgniter\Debug\Exceptions->errorHandler(8, 'Undefined index...', 'C:\\xampp73\\htdo...', 73, Array)
#1 C:\xampp73\htdocs\order_mobil\system\View\View.php(214): include('C:\\xampp73\\htdo...')
#2 C:\xampp73\htdocs\order_mobil\system\View\View.php(217): CodeIgniter\View\View->CodeIgniter\View\{closure}()
#3 C:\xampp73\htdocs\order_mobil\system\Common.php(1097): CodeIgniter\View\View->render('order', Array, true)
#4 C:\xampp73\htdocs\order_mobil\app\Controllers\Home.php(106): view('order', Array)
#5 C:\xampp73\htdocs\order_mobil\system\CodeIgniter.php(824): App\Controllers\Home->order()
#6 C:\xampp73\htdocs\order_mobil\system\CodeIgniter.php(410): CodeIgniter\CodeIgniter->runController(Object(App\Controllers\Home))
#7 C:\xampp73\htdocs\order_mobil\system\CodeIgniter.php(318): CodeIgniter\CodeIgniter->handleRequest(NULL, Object(Config\Cache), false)
#8 C:\xampp73\htdocs\order_mobil\index.php(37): CodeIgniter\CodeIgniter->run()
#9 {main}
ERROR - 2023-01-05 16:39:55 --> You have an error in your SQL syntax; check the manual that corresponds to your MariaDB server version for the right syntax to use near '<script>document.write(document.querySelector('#spv').value);</script>' at line 1
CRITICAL - 2023-01-05 16:39:55 --> You have an error in your SQL syntax; check the manual that corresponds to your MariaDB server version for the right syntax to use near '<script>document.write(document.querySelector('#spv').value);</script>' at line 1
#0 C:\xampp73\htdocs\order_mobil\system\Database\MySQLi\Connection.php(292): mysqli->query('SELECT * FROM a...', 0)
#1 C:\xampp73\htdocs\order_mobil\system\Database\BaseConnection.php(670): CodeIgniter\Database\MySQLi\Connection->execute('SELECT * FROM a...')
#2 C:\xampp73\htdocs\order_mobil\system\Database\BaseConnection.php(598): CodeIgniter\Database\BaseConnection->simpleQuery('SELECT * FROM a...')
#3 C:\xampp73\htdocs\order_mobil\system\Model.php(721): CodeIgniter\Database\BaseConnection->query('SELECT * FROM a...')
#4 C:\xampp73\htdocs\order_mobil\app\Views\order.php(76): CodeIgniter\Model->__call('query', Array)
#5 C:\xampp73\htdocs\order_mobil\system\View\View.php(214): include('C:\\xampp73\\htdo...')
#6 C:\xampp73\htdocs\order_mobil\system\View\View.php(217): CodeIgniter\View\View->CodeIgniter\View\{closure}()
#7 C:\xampp73\htdocs\order_mobil\system\Common.php(1097): CodeIgniter\View\View->render('order', Array, true)
#8 C:\xampp73\htdocs\order_mobil\app\Controllers\Home.php(105): view('order', Array)
#9 C:\xampp73\htdocs\order_mobil\system\CodeIgniter.php(824): App\Controllers\Home->order()
#10 C:\xampp73\htdocs\order_mobil\system\CodeIgniter.php(410): CodeIgniter\CodeIgniter->runController(Object(App\Controllers\Home))
#11 C:\xampp73\htdocs\order_mobil\system\CodeIgniter.php(318): CodeIgniter\CodeIgniter->handleRequest(NULL, Object(Config\Cache), false)
#12 C:\xampp73\htdocs\order_mobil\index.php(37): CodeIgniter\CodeIgniter->run()
#13 {main}
CRITICAL - 2023-01-05 16:41:19 --> Undefined variable: data_atasan
#0 C:\xampp73\htdocs\order_mobil\app\Views\order.php(75): CodeIgniter\Debug\Exceptions->errorHandler(8, 'Undefined varia...', 'C:\\xampp73\\htdo...', 75, Array)
#1 C:\xampp73\htdocs\order_mobil\system\View\View.php(214): include('C:\\xampp73\\htdo...')
#2 C:\xampp73\htdocs\order_mobil\system\View\View.php(217): CodeIgniter\View\View->CodeIgniter\View\{closure}()
#3 C:\xampp73\htdocs\order_mobil\system\Common.php(1097): CodeIgniter\View\View->render('order', Array, true)
#4 C:\xampp73\htdocs\order_mobil\app\Controllers\Home.php(105): view('order', Array)
#5 C:\xampp73\htdocs\order_mobil\system\CodeIgniter.php(824): App\Controllers\Home->order()
#6 C:\xampp73\htdocs\order_mobil\system\CodeIgniter.php(410): CodeIgniter\CodeIgniter->runController(Object(App\Controllers\Home))
#7 C:\xampp73\htdocs\order_mobil\system\CodeIgniter.php(318): CodeIgniter\CodeIgniter->handleRequest(NULL, Object(Config\Cache), false)
#8 C:\xampp73\htdocs\order_mobil\index.php(37): CodeIgniter\CodeIgniter->run()
#9 {main}
CRITICAL - 2023-01-05 16:41:31 --> Undefined index: userid
#0 C:\xampp73\htdocs\order_mobil\app\Views\order.php(76): CodeIgniter\Debug\Exceptions->errorHandler(8, 'Undefined index...', 'C:\\xampp73\\htdo...', 76, Array)
#1 C:\xampp73\htdocs\order_mobil\system\View\View.php(214): include('C:\\xampp73\\htdo...')
#2 C:\xampp73\htdocs\order_mobil\system\View\View.php(217): CodeIgniter\View\View->CodeIgniter\View\{closure}()
#3 C:\xampp73\htdocs\order_mobil\system\Common.php(1097): CodeIgniter\View\View->render('order', Array, true)
#4 C:\xampp73\htdocs\order_mobil\app\Controllers\Home.php(105): view('order', Array)
#5 C:\xampp73\htdocs\order_mobil\system\CodeIgniter.php(824): App\Controllers\Home->order()
#6 C:\xampp73\htdocs\order_mobil\system\CodeIgniter.php(410): CodeIgniter\CodeIgniter->runController(Object(App\Controllers\Home))
#7 C:\xampp73\htdocs\order_mobil\system\CodeIgniter.php(318): CodeIgniter\CodeIgniter->handleRequest(NULL, Object(Config\Cache), false)
#8 C:\xampp73\htdocs\order_mobil\index.php(37): CodeIgniter\CodeIgniter->run()
#9 {main}
CRITICAL - 2023-01-05 16:52:03 --> Undefined index: option
#0 C:\xampp73\htdocs\order_mobil\app\Views\order.php(15): CodeIgniter\Debug\Exceptions->errorHandler(8, 'Undefined index...', 'C:\\xampp73\\htdo...', 15, Array)
#1 C:\xampp73\htdocs\order_mobil\system\View\View.php(214): include('C:\\xampp73\\htdo...')
#2 C:\xampp73\htdocs\order_mobil\system\View\View.php(217): CodeIgniter\View\View->CodeIgniter\View\{closure}()
#3 C:\xampp73\htdocs\order_mobil\system\Common.php(1097): CodeIgniter\View\View->render('order', Array, true)
#4 C:\xampp73\htdocs\order_mobil\app\Controllers\Home.php(105): view('order', Array)
#5 C:\xampp73\htdocs\order_mobil\system\CodeIgniter.php(824): App\Controllers\Home->order()
#6 C:\xampp73\htdocs\order_mobil\system\CodeIgniter.php(410): CodeIgniter\CodeIgniter->runController(Object(App\Controllers\Home))
#7 C:\xampp73\htdocs\order_mobil\system\CodeIgniter.php(318): CodeIgniter\CodeIgniter->handleRequest(NULL, Object(Config\Cache), false)
#8 C:\xampp73\htdocs\order_mobil\index.php(37): CodeIgniter\CodeIgniter->run()
#9 {main}
CRITICAL - 2023-01-05 16:53:11 --> Undefined index: option
#0 C:\xampp73\htdocs\order_mobil\app\Views\order.php(73): CodeIgniter\Debug\Exceptions->errorHandler(8, 'Undefined index...', 'C:\\xampp73\\htdo...', 73, Array)
#1 C:\xampp73\htdocs\order_mobil\system\View\View.php(214): include('C:\\xampp73\\htdo...')
#2 C:\xampp73\htdocs\order_mobil\system\View\View.php(217): CodeIgniter\View\View->CodeIgniter\View\{closure}()
#3 C:\xampp73\htdocs\order_mobil\system\Common.php(1097): CodeIgniter\View\View->render('order', Array, true)
#4 C:\xampp73\htdocs\order_mobil\app\Controllers\Home.php(105): view('order', Array)
#5 C:\xampp73\htdocs\order_mobil\system\CodeIgniter.php(824): App\Controllers\Home->order()
#6 C:\xampp73\htdocs\order_mobil\system\CodeIgniter.php(410): CodeIgniter\CodeIgniter->runController(Object(App\Controllers\Home))
#7 C:\xampp73\htdocs\order_mobil\system\CodeIgniter.php(318): CodeIgniter\CodeIgniter->handleRequest(NULL, Object(Config\Cache), false)
#8 C:\xampp73\htdocs\order_mobil\index.php(37): CodeIgniter\CodeIgniter->run()
#9 {main}
CRITICAL - 2023-01-05 17:53:56 --> Undefined index: option
#0 C:\xampp73\htdocs\order_mobil\app\Views\order.php(15): CodeIgniter\Debug\Exceptions->errorHandler(8, 'Undefined index...', 'C:\\xampp73\\htdo...', 15, Array)
#1 C:\xampp73\htdocs\order_mobil\system\View\View.php(214): include('C:\\xampp73\\htdo...')
#2 C:\xampp73\htdocs\order_mobil\system\View\View.php(217): CodeIgniter\View\View->CodeIgniter\View\{closure}()
#3 C:\xampp73\htdocs\order_mobil\system\Common.php(1097): CodeIgniter\View\View->render('order', Array, true)
#4 C:\xampp73\htdocs\order_mobil\app\Controllers\Home.php(105): view('order', Array)
#5 C:\xampp73\htdocs\order_mobil\system\CodeIgniter.php(824): App\Controllers\Home->order()
#6 C:\xampp73\htdocs\order_mobil\system\CodeIgniter.php(410): CodeIgniter\CodeIgniter->runController(Object(App\Controllers\Home))
#7 C:\xampp73\htdocs\order_mobil\system\CodeIgniter.php(318): CodeIgniter\CodeIgniter->handleRequest(NULL, Object(Config\Cache), false)
#8 C:\xampp73\htdocs\order_mobil\index.php(37): CodeIgniter\CodeIgniter->run()
#9 {main}
ERROR - 2023-01-05 17:57:45 --> You have an error in your SQL syntax; check the manual that corresponds to your MariaDB server version for the right syntax to use near '' at line 1
CRITICAL - 2023-01-05 17:57:45 --> You have an error in your SQL syntax; check the manual that corresponds to your MariaDB server version for the right syntax to use near '' at line 1
#0 C:\xampp73\htdocs\order_mobil\system\Database\MySQLi\Connection.php(292): mysqli->query('SELECT * FROM a...', 0)
#1 C:\xampp73\htdocs\order_mobil\system\Database\BaseConnection.php(670): CodeIgniter\Database\MySQLi\Connection->execute('SELECT * FROM a...')
#2 C:\xampp73\htdocs\order_mobil\system\Database\BaseConnection.php(598): CodeIgniter\Database\BaseConnection->simpleQuery('SELECT * FROM a...')
#3 C:\xampp73\htdocs\order_mobil\system\Model.php(721): CodeIgniter\Database\BaseConnection->query('SELECT * FROM a...')
#4 C:\xampp73\htdocs\order_mobil\app\Controllers\OrderController.php(49): CodeIgniter\Model->__call('query', Array)
#5 C:\xampp73\htdocs\order_mobil\system\CodeIgniter.php(824): App\Controllers\OrderController->get_sub_spv()
#6 C:\xampp73\htdocs\order_mobil\system\CodeIgniter.php(410): CodeIgniter\CodeIgniter->runController(Object(App\Controllers\OrderController))
#7 C:\xampp73\htdocs\order_mobil\system\CodeIgniter.php(318): CodeIgniter\CodeIgniter->handleRequest(NULL, Object(Config\Cache), false)
#8 C:\xampp73\htdocs\order_mobil\index.php(37): CodeIgniter\CodeIgniter->run()
#9 {main}
ERROR - 2023-01-05 18:06:14 --> You have an error in your SQL syntax; check the manual that corresponds to your MariaDB server version for the right syntax to use near '' at line 1
CRITICAL - 2023-01-05 18:06:14 --> You have an error in your SQL syntax; check the manual that corresponds to your MariaDB server version for the right syntax to use near '' at line 1
#0 C:\xampp73\htdocs\order_mobil\system\Database\MySQLi\Connection.php(292): mysqli->query('SELECT * FROM a...', 0)
#1 C:\xampp73\htdocs\order_mobil\system\Database\BaseConnection.php(670): CodeIgniter\Database\MySQLi\Connection->execute('SELECT * FROM a...')
#2 C:\xampp73\htdocs\order_mobil\system\Database\BaseConnection.php(598): CodeIgniter\Database\BaseConnection->simpleQuery('SELECT * FROM a...')
#3 C:\xampp73\htdocs\order_mobil\system\Model.php(721): CodeIgniter\Database\BaseConnection->query('SELECT * FROM a...')
#4 C:\xampp73\htdocs\order_mobil\app\Controllers\OrderController.php(49): CodeIgniter\Model->__call('query', Array)
#5 C:\xampp73\htdocs\order_mobil\system\CodeIgniter.php(824): App\Controllers\OrderController->get_sub_spv()
#6 C:\xampp73\htdocs\order_mobil\system\CodeIgniter.php(410): CodeIgniter\CodeIgniter->runController(Object(App\Controllers\OrderController))
#7 C:\xampp73\htdocs\order_mobil\system\CodeIgniter.php(318): CodeIgniter\CodeIgniter->handleRequest(NULL, Object(Config\Cache), false)
#8 C:\xampp73\htdocs\order_mobil\index.php(37): CodeIgniter\CodeIgniter->run()
#9 {main}
ERROR - 2023-01-05 18:06:15 --> You have an error in your SQL syntax; check the manual that corresponds to your MariaDB server version for the right syntax to use near '' at line 1
CRITICAL - 2023-01-05 18:06:15 --> You have an error in your SQL syntax; check the manual that corresponds to your MariaDB server version for the right syntax to use near '' at line 1
#0 C:\xampp73\htdocs\order_mobil\system\Database\MySQLi\Connection.php(292): mysqli->query('SELECT * FROM a...', 0)
#1 C:\xampp73\htdocs\order_mobil\system\Database\BaseConnection.php(670): CodeIgniter\Database\MySQLi\Connection->execute('SELECT * FROM a...')
#2 C:\xampp73\htdocs\order_mobil\system\Database\BaseConnection.php(598): CodeIgniter\Database\BaseConnection->simpleQuery('SELECT * FROM a...')
#3 C:\xampp73\htdocs\order_mobil\system\Model.php(721): CodeIgniter\Database\BaseConnection->query('SELECT * FROM a...')
#4 C:\xampp73\htdocs\order_mobil\app\Controllers\OrderController.php(49): CodeIgniter\Model->__call('query', Array)
#5 C:\xampp73\htdocs\order_mobil\system\CodeIgniter.php(824): App\Controllers\OrderController->get_sub_spv()
#6 C:\xampp73\htdocs\order_mobil\system\CodeIgniter.php(410): CodeIgniter\CodeIgniter->runController(Object(App\Controllers\OrderController))
#7 C:\xampp73\htdocs\order_mobil\system\CodeIgniter.php(318): CodeIgniter\CodeIgniter->handleRequest(NULL, Object(Config\Cache), false)
#8 C:\xampp73\htdocs\order_mobil\index.php(37): CodeIgniter\CodeIgniter->run()
#9 {main}
