ERROR - 2023-01-03 08:49:01 --> Cannot add or update a child row: a foreign key constraint fails (`bcas_mobil`.`pemesanan_mobil`, CONSTRAINT `pemesanan_mobil_idpengemudi` FOREIGN KEY (`id_pengemudi`) REFERENCES `pengemudi` (`userid`))
CRITICAL - 2023-01-03 08:49:01 --> Cannot add or update a child row: a foreign key constraint fails (`bcas_mobil`.`pemesanan_mobil`, CONSTRAINT `pemesanan_mobil_idpengemudi` FOREIGN KEY (`id_pengemudi`) REFERENCES `pengemudi` (`userid`))
#0 C:\xampp73\htdocs\order_mobil\system\Database\MySQLi\Connection.php(292): mysqli->query('INSERT INTO `pe...', 0)
#1 C:\xampp73\htdocs\order_mobil\system\Database\BaseConnection.php(670): CodeIgniter\Database\MySQLi\Connection->execute('INSERT INTO `pe...')
#2 C:\xampp73\htdocs\order_mobil\system\Database\BaseConnection.php(598): CodeIgniter\Database\BaseConnection->simpleQuery('INSERT INTO `pe...')
#3 C:\xampp73\htdocs\order_mobil\system\Database\BaseBuilder.php(1759): CodeIgniter\Database\BaseConnection->query('INSERT INTO `pe...', Array, false)
#4 C:\xampp73\htdocs\order_mobil\system\Model.php(239): CodeIgniter\Database\BaseBuilder->insert()
#5 C:\xampp73\htdocs\order_mobil\system\BaseModel.php(738): CodeIgniter\Model->doInsert(Array)
#6 C:\xampp73\htdocs\order_mobil\system\Model.php(620): CodeIgniter\BaseModel->insert(Array, true)
#7 C:\xampp73\htdocs\order_mobil\app\Controllers\OrderController.php(480): CodeIgniter\Model->insert(Array)
#8 C:\xampp73\htdocs\order_mobil\system\CodeIgniter.php(824): App\Controllers\OrderController->insert_order('104', 'DPTIOPR', '44')
#9 C:\xampp73\htdocs\order_mobil\system\CodeIgniter.php(410): CodeIgniter\CodeIgniter->runController(Object(App\Controllers\OrderController))
#10 C:\xampp73\htdocs\order_mobil\system\CodeIgniter.php(318): CodeIgniter\CodeIgniter->handleRequest(NULL, Object(Config\Cache), false)
#11 C:\xampp73\htdocs\order_mobil\index.php(37): CodeIgniter\CodeIgniter->run()
#12 {main}
CRITICAL - 2023-01-03 09:07:01 --> Undefined property: App\Controllers\OrderController::$validate
#0 C:\xampp73\htdocs\order_mobil\app\Controllers\OrderController.php(174): CodeIgniter\Debug\Exceptions->errorHandler(8, 'Undefined prope...', 'C:\\xampp73\\htdo...', 174, Array)
#1 C:\xampp73\htdocs\order_mobil\system\CodeIgniter.php(824): App\Controllers\OrderController->request_order()
#2 C:\xampp73\htdocs\order_mobil\system\CodeIgniter.php(410): CodeIgniter\CodeIgniter->runController(Object(App\Controllers\OrderController))
#3 C:\xampp73\htdocs\order_mobil\system\CodeIgniter.php(318): CodeIgniter\CodeIgniter->handleRequest(NULL, Object(Config\Cache), false)
#4 C:\xampp73\htdocs\order_mobil\index.php(37): CodeIgniter\CodeIgniter->run()
#5 {main}
ERROR - 2023-01-03 09:11:14 --> Cannot add or update a child row: a foreign key constraint fails (`bcas_mobil`.`pemesanan_mobil`, CONSTRAINT `pemesanan_mobil_idpengemudi` FOREIGN KEY (`id_pengemudi`) REFERENCES `pengemudi` (`userid`))
CRITICAL - 2023-01-03 09:11:14 --> Cannot add or update a child row: a foreign key constraint fails (`bcas_mobil`.`pemesanan_mobil`, CONSTRAINT `pemesanan_mobil_idpengemudi` FOREIGN KEY (`id_pengemudi`) REFERENCES `pengemudi` (`userid`))
#0 C:\xampp73\htdocs\order_mobil\system\Database\MySQLi\Connection.php(292): mysqli->query('INSERT INTO `pe...', 0)
#1 C:\xampp73\htdocs\order_mobil\system\Database\BaseConnection.php(670): CodeIgniter\Database\MySQLi\Connection->execute('INSERT INTO `pe...')
#2 C:\xampp73\htdocs\order_mobil\system\Database\BaseConnection.php(598): CodeIgniter\Database\BaseConnection->simpleQuery('INSERT INTO `pe...')
#3 C:\xampp73\htdocs\order_mobil\system\Database\BaseBuilder.php(1759): CodeIgniter\Database\BaseConnection->query('INSERT INTO `pe...', Array, false)
#4 C:\xampp73\htdocs\order_mobil\system\Model.php(239): CodeIgniter\Database\BaseBuilder->insert()
#5 C:\xampp73\htdocs\order_mobil\system\BaseModel.php(738): CodeIgniter\Model->doInsert(Array)
#6 C:\xampp73\htdocs\order_mobil\system\Model.php(620): CodeIgniter\BaseModel->insert(Array, true)
#7 C:\xampp73\htdocs\order_mobil\app\Controllers\OrderController.php(476): CodeIgniter\Model->insert(Array)
#8 C:\xampp73\htdocs\order_mobil\system\CodeIgniter.php(824): App\Controllers\OrderController->insert_order('106', 'githa_refina', '44')
#9 C:\xampp73\htdocs\order_mobil\system\CodeIgniter.php(410): CodeIgniter\CodeIgniter->runController(Object(App\Controllers\OrderController))
#10 C:\xampp73\htdocs\order_mobil\system\CodeIgniter.php(318): CodeIgniter\CodeIgniter->handleRequest(NULL, Object(Config\Cache), false)
#11 C:\xampp73\htdocs\order_mobil\index.php(37): CodeIgniter\CodeIgniter->run()
#12 {main}
ERROR - 2023-01-03 09:33:56 --> Cannot add or update a child row: a foreign key constraint fails (`bcas_mobil`.`pemesanan_mobil`, CONSTRAINT `pemesanan_mobil_ibfk_2` FOREIGN KEY (`id_mobil`) REFERENCES `mobil` (`id_mobil`))
CRITICAL - 2023-01-03 09:33:56 --> Cannot add or update a child row: a foreign key constraint fails (`bcas_mobil`.`pemesanan_mobil`, CONSTRAINT `pemesanan_mobil_ibfk_2` FOREIGN KEY (`id_mobil`) REFERENCES `mobil` (`id_mobil`))
#0 C:\xampp73\htdocs\order_mobil\system\Database\MySQLi\Connection.php(292): mysqli->query('INSERT INTO `pe...', 0)
#1 C:\xampp73\htdocs\order_mobil\system\Database\BaseConnection.php(670): CodeIgniter\Database\MySQLi\Connection->execute('INSERT INTO `pe...')
#2 C:\xampp73\htdocs\order_mobil\system\Database\BaseConnection.php(598): CodeIgniter\Database\BaseConnection->simpleQuery('INSERT INTO `pe...')
#3 C:\xampp73\htdocs\order_mobil\system\Database\BaseBuilder.php(1759): CodeIgniter\Database\BaseConnection->query('INSERT INTO `pe...', Array, false)
#4 C:\xampp73\htdocs\order_mobil\system\Model.php(239): CodeIgniter\Database\BaseBuilder->insert()
#5 C:\xampp73\htdocs\order_mobil\system\BaseModel.php(738): CodeIgniter\Model->doInsert(Array)
#6 C:\xampp73\htdocs\order_mobil\system\Model.php(620): CodeIgniter\BaseModel->insert(Array, true)
#7 C:\xampp73\htdocs\order_mobil\app\Controllers\OrderController.php(480): CodeIgniter\Model->insert(Array)
#8 C:\xampp73\htdocs\order_mobil\system\CodeIgniter.php(824): App\Controllers\OrderController->insert_order('107', 'githa_refina', 'MBL001')
#9 C:\xampp73\htdocs\order_mobil\system\CodeIgniter.php(410): CodeIgniter\CodeIgniter->runController(Object(App\Controllers\OrderController))
#10 C:\xampp73\htdocs\order_mobil\system\CodeIgniter.php(318): CodeIgniter\CodeIgniter->handleRequest(NULL, Object(Config\Cache), false)
#11 C:\xampp73\htdocs\order_mobil\index.php(37): CodeIgniter\CodeIgniter->run()
#12 {main}
ERROR - 2023-01-03 09:40:20 --> Cannot add or update a child row: a foreign key constraint fails (`bcas_mobil`.`pemesanan_mobil`, CONSTRAINT `pemesanan_mobil_ibfk_2` FOREIGN KEY (`id_mobil`) REFERENCES `mobil` (`id_mobil`))
CRITICAL - 2023-01-03 09:40:20 --> Cannot add or update a child row: a foreign key constraint fails (`bcas_mobil`.`pemesanan_mobil`, CONSTRAINT `pemesanan_mobil_ibfk_2` FOREIGN KEY (`id_mobil`) REFERENCES `mobil` (`id_mobil`))
#0 C:\xampp73\htdocs\order_mobil\system\Database\MySQLi\Connection.php(292): mysqli->query('INSERT INTO `pe...', 0)
#1 C:\xampp73\htdocs\order_mobil\system\Database\BaseConnection.php(670): CodeIgniter\Database\MySQLi\Connection->execute('INSERT INTO `pe...')
#2 C:\xampp73\htdocs\order_mobil\system\Database\BaseConnection.php(598): CodeIgniter\Database\BaseConnection->simpleQuery('INSERT INTO `pe...')
#3 C:\xampp73\htdocs\order_mobil\system\Database\BaseBuilder.php(1759): CodeIgniter\Database\BaseConnection->query('INSERT INTO `pe...', Array, false)
#4 C:\xampp73\htdocs\order_mobil\system\Model.php(239): CodeIgniter\Database\BaseBuilder->insert()
#5 C:\xampp73\htdocs\order_mobil\system\BaseModel.php(738): CodeIgniter\Model->doInsert(Array)
#6 C:\xampp73\htdocs\order_mobil\system\Model.php(620): CodeIgniter\BaseModel->insert(Array, true)
#7 C:\xampp73\htdocs\order_mobil\app\Controllers\OrderController.php(480): CodeIgniter\Model->insert(Array)
#8 C:\xampp73\htdocs\order_mobil\system\CodeIgniter.php(824): App\Controllers\OrderController->insert_order('107', 'githa_refina', 'MBL001')
#9 C:\xampp73\htdocs\order_mobil\system\CodeIgniter.php(410): CodeIgniter\CodeIgniter->runController(Object(App\Controllers\OrderController))
#10 C:\xampp73\htdocs\order_mobil\system\CodeIgniter.php(318): CodeIgniter\CodeIgniter->handleRequest(NULL, Object(Config\Cache), false)
#11 C:\xampp73\htdocs\order_mobil\index.php(37): CodeIgniter\CodeIgniter->run()
#12 {main}
CRITICAL - 2023-01-03 09:49:55 --> Undefined index: plat_mobil
#0 C:\xampp73\htdocs\order_mobil\app\Views\history_approve.php(36): CodeIgniter\Debug\Exceptions->errorHandler(8, 'Undefined index...', 'C:\\xampp73\\htdo...', 36, Array)
#1 C:\xampp73\htdocs\order_mobil\system\View\View.php(214): include('C:\\xampp73\\htdo...')
#2 C:\xampp73\htdocs\order_mobil\system\View\View.php(217): CodeIgniter\View\View->CodeIgniter\View\{closure}()
#3 C:\xampp73\htdocs\order_mobil\system\Common.php(1097): CodeIgniter\View\View->render('history_approve', Array, true)
#4 C:\xampp73\htdocs\order_mobil\app\Controllers\Home.php(286): view('history_approve', Array)
#5 C:\xampp73\htdocs\order_mobil\system\CodeIgniter.php(824): App\Controllers\Home->history_approve()
#6 C:\xampp73\htdocs\order_mobil\system\CodeIgniter.php(410): CodeIgniter\CodeIgniter->runController(Object(App\Controllers\Home))
#7 C:\xampp73\htdocs\order_mobil\system\CodeIgniter.php(318): CodeIgniter\CodeIgniter->handleRequest(NULL, Object(Config\Cache), false)
#8 C:\xampp73\htdocs\order_mobil\index.php(37): CodeIgniter\CodeIgniter->run()
#9 {main}
CRITICAL - 2023-01-03 09:56:06 --> Undefined index: divisi
#0 C:\xampp73\htdocs\order_mobil\app\Views\history_reject.php(32): CodeIgniter\Debug\Exceptions->errorHandler(8, 'Undefined index...', 'C:\\xampp73\\htdo...', 32, Array)
#1 C:\xampp73\htdocs\order_mobil\system\View\View.php(214): include('C:\\xampp73\\htdo...')
#2 C:\xampp73\htdocs\order_mobil\system\View\View.php(217): CodeIgniter\View\View->CodeIgniter\View\{closure}()
#3 C:\xampp73\htdocs\order_mobil\system\Common.php(1097): CodeIgniter\View\View->render('history_reject', Array, true)
#4 C:\xampp73\htdocs\order_mobil\app\Controllers\Home.php(335): view('history_reject', Array)
#5 C:\xampp73\htdocs\order_mobil\system\CodeIgniter.php(824): App\Controllers\Home->history_supervisor_reject()
#6 C:\xampp73\htdocs\order_mobil\system\CodeIgniter.php(410): CodeIgniter\CodeIgniter->runController(Object(App\Controllers\Home))
#7 C:\xampp73\htdocs\order_mobil\system\CodeIgniter.php(318): CodeIgniter\CodeIgniter->handleRequest(NULL, Object(Config\Cache), false)
#8 C:\xampp73\htdocs\order_mobil\index.php(37): CodeIgniter\CodeIgniter->run()
#9 {main}
CRITICAL - 2023-01-03 10:16:23 --> Undefined variable: available
#0 C:\xampp73\htdocs\order_mobil\app\Views\riwayat.php(17): CodeIgniter\Debug\Exceptions->errorHandler(8, 'Undefined varia...', 'C:\\xampp73\\htdo...', 17, Array)
#1 C:\xampp73\htdocs\order_mobil\system\View\View.php(214): include('C:\\xampp73\\htdo...')
#2 C:\xampp73\htdocs\order_mobil\system\View\View.php(217): CodeIgniter\View\View->CodeIgniter\View\{closure}()
#3 C:\xampp73\htdocs\order_mobil\system\Common.php(1097): CodeIgniter\View\View->render('riwayat', Array, true)
#4 C:\xampp73\htdocs\order_mobil\app\Controllers\Home.php(239): view('riwayat')
#5 C:\xampp73\htdocs\order_mobil\system\CodeIgniter.php(824): App\Controllers\Home->riwayat()
#6 C:\xampp73\htdocs\order_mobil\system\CodeIgniter.php(410): CodeIgniter\CodeIgniter->runController(Object(App\Controllers\Home))
#7 C:\xampp73\htdocs\order_mobil\system\CodeIgniter.php(318): CodeIgniter\CodeIgniter->handleRequest(NULL, Object(Config\Cache), false)
#8 C:\xampp73\htdocs\order_mobil\index.php(37): CodeIgniter\CodeIgniter->run()
#9 {main}
ERROR - 2023-01-03 10:19:26 --> You have an error in your SQL syntax; check the manual that corresponds to your MariaDB server version for the right syntax to use near '' at line 1
CRITICAL - 2023-01-03 10:19:26 --> You have an error in your SQL syntax; check the manual that corresponds to your MariaDB server version for the right syntax to use near '' at line 1
#0 C:\xampp73\htdocs\order_mobil\system\Database\MySQLi\Connection.php(292): mysqli->query('SELECT count(id...', 0)
#1 C:\xampp73\htdocs\order_mobil\system\Database\BaseConnection.php(670): CodeIgniter\Database\MySQLi\Connection->execute('SELECT count(id...')
#2 C:\xampp73\htdocs\order_mobil\system\Database\BaseConnection.php(598): CodeIgniter\Database\BaseConnection->simpleQuery('SELECT count(id...')
#3 C:\xampp73\htdocs\order_mobil\system\Model.php(721): CodeIgniter\Database\BaseConnection->query('SELECT count(id...')
#4 C:\xampp73\htdocs\order_mobil\app\Controllers\Home.php(246): CodeIgniter\Model->__call('query', Array)
#5 C:\xampp73\htdocs\order_mobil\system\CodeIgniter.php(824): App\Controllers\Home->riwayat()
#6 C:\xampp73\htdocs\order_mobil\system\CodeIgniter.php(410): CodeIgniter\CodeIgniter->runController(Object(App\Controllers\Home))
#7 C:\xampp73\htdocs\order_mobil\system\CodeIgniter.php(318): CodeIgniter\CodeIgniter->handleRequest(NULL, Object(Config\Cache), false)
#8 C:\xampp73\htdocs\order_mobil\index.php(37): CodeIgniter\CodeIgniter->run()
#9 {main}
ERROR - 2023-01-03 10:19:45 --> Unknown column 'DPTIOPR' in 'where clause'
CRITICAL - 2023-01-03 10:19:45 --> Unknown column 'DPTIOPR' in 'where clause'
#0 C:\xampp73\htdocs\order_mobil\system\Database\MySQLi\Connection.php(292): mysqli->query('SELECT count(id...', 0)
#1 C:\xampp73\htdocs\order_mobil\system\Database\BaseConnection.php(670): CodeIgniter\Database\MySQLi\Connection->execute('SELECT count(id...')
#2 C:\xampp73\htdocs\order_mobil\system\Database\BaseConnection.php(598): CodeIgniter\Database\BaseConnection->simpleQuery('SELECT count(id...')
#3 C:\xampp73\htdocs\order_mobil\system\Model.php(721): CodeIgniter\Database\BaseConnection->query('SELECT count(id...')
#4 C:\xampp73\htdocs\order_mobil\app\Controllers\Home.php(246): CodeIgniter\Model->__call('query', Array)
#5 C:\xampp73\htdocs\order_mobil\system\CodeIgniter.php(824): App\Controllers\Home->riwayat()
#6 C:\xampp73\htdocs\order_mobil\system\CodeIgniter.php(410): CodeIgniter\CodeIgniter->runController(Object(App\Controllers\Home))
#7 C:\xampp73\htdocs\order_mobil\system\CodeIgniter.php(318): CodeIgniter\CodeIgniter->handleRequest(NULL, Object(Config\Cache), false)
#8 C:\xampp73\htdocs\order_mobil\index.php(37): CodeIgniter\CodeIgniter->run()
#9 {main}
ERROR - 2023-01-03 10:20:09 --> Unknown column 'DPTIOPR' in 'where clause'
CRITICAL - 2023-01-03 10:20:09 --> Unknown column 'DPTIOPR' in 'where clause'
#0 C:\xampp73\htdocs\order_mobil\system\Database\MySQLi\Connection.php(292): mysqli->query('SELECT divisi.d...', 0)
#1 C:\xampp73\htdocs\order_mobil\system\Database\BaseConnection.php(670): CodeIgniter\Database\MySQLi\Connection->execute('SELECT divisi.d...')
#2 C:\xampp73\htdocs\order_mobil\system\Database\BaseConnection.php(598): CodeIgniter\Database\BaseConnection->simpleQuery('SELECT divisi.d...')
#3 C:\xampp73\htdocs\order_mobil\system\Model.php(721): CodeIgniter\Database\BaseConnection->query('SELECT divisi.d...')
#4 C:\xampp73\htdocs\order_mobil\app\Controllers\Home.php(328): CodeIgniter\Model->__call('query', Array)
#5 C:\xampp73\htdocs\order_mobil\system\CodeIgniter.php(824): App\Controllers\Home->approve()
#6 C:\xampp73\htdocs\order_mobil\system\CodeIgniter.php(410): CodeIgniter\CodeIgniter->runController(Object(App\Controllers\Home))
#7 C:\xampp73\htdocs\order_mobil\system\CodeIgniter.php(318): CodeIgniter\CodeIgniter->handleRequest(NULL, Object(Config\Cache), false)
#8 C:\xampp73\htdocs\order_mobil\index.php(37): CodeIgniter\CodeIgniter->run()
#9 {main}
ERROR - 2023-01-03 13:37:08 --> Unknown column 'atasan.divisi' in 'field list'
CRITICAL - 2023-01-03 13:37:08 --> Unknown column 'atasan.divisi' in 'field list'
#0 C:\xampp73\htdocs\order_mobil\system\Database\MySQLi\Connection.php(292): mysqli->query('SELECT atasan.d...', 0)
#1 C:\xampp73\htdocs\order_mobil\system\Database\BaseConnection.php(670): CodeIgniter\Database\MySQLi\Connection->execute('SELECT atasan.d...')
#2 C:\xampp73\htdocs\order_mobil\system\Database\BaseConnection.php(598): CodeIgniter\Database\BaseConnection->simpleQuery('SELECT atasan.d...')
#3 C:\xampp73\htdocs\order_mobil\system\Model.php(721): CodeIgniter\Database\BaseConnection->query('SELECT atasan.d...')
#4 C:\xampp73\htdocs\order_mobil\app\Helpers\custom_helper.php(41): CodeIgniter\Model->__call('query', Array)
#5 C:\xampp73\htdocs\order_mobil\app\Views\layouts\components\sidebar.php(20): adminAtasan()
#6 C:\xampp73\htdocs\order_mobil\system\View\View.php(214): include('C:\\xampp73\\htdo...')
#7 C:\xampp73\htdocs\order_mobil\system\View\View.php(217): CodeIgniter\View\View->CodeIgniter\View\{closure}()
#8 C:\xampp73\htdocs\order_mobil\system\View\View.php(432): CodeIgniter\View\View->render('layouts/compone...', NULL, true)
#9 C:\xampp73\htdocs\order_mobil\app\Views\layouts\admin.php(29): CodeIgniter\View\View->include('layouts/compone...')
#10 C:\xampp73\htdocs\order_mobil\system\View\View.php(214): include('C:\\xampp73\\htdo...')
#11 C:\xampp73\htdocs\order_mobil\system\View\View.php(217): CodeIgniter\View\View->CodeIgniter\View\{closure}()
#12 C:\xampp73\htdocs\order_mobil\system\View\View.php(230): CodeIgniter\View\View->render('layouts/admin', Array, true)
#13 C:\xampp73\htdocs\order_mobil\system\Common.php(1097): CodeIgniter\View\View->render('order_departeme...', Array, true)
#14 C:\xampp73\htdocs\order_mobil\app\Controllers\Home.php(115): view('order_departeme...', Array)
#15 C:\xampp73\htdocs\order_mobil\system\CodeIgniter.php(824): App\Controllers\Home->order_departemen()
#16 C:\xampp73\htdocs\order_mobil\system\CodeIgniter.php(410): CodeIgniter\CodeIgniter->runController(Object(App\Controllers\Home))
#17 C:\xampp73\htdocs\order_mobil\system\CodeIgniter.php(318): CodeIgniter\CodeIgniter->handleRequest(NULL, Object(Config\Cache), false)
#18 C:\xampp73\htdocs\order_mobil\index.php(37): CodeIgniter\CodeIgniter->run()
#19 {main}
ERROR - 2023-01-03 13:41:33 --> Unknown column 'divisi.id_divisi' in 'field list'
CRITICAL - 2023-01-03 13:41:33 --> Unknown column 'divisi.id_divisi' in 'field list'
#0 C:\xampp73\htdocs\order_mobil\system\Database\MySQLi\Connection.php(292): mysqli->query('SELECT atasan.i...', 0)
#1 C:\xampp73\htdocs\order_mobil\system\Database\BaseConnection.php(670): CodeIgniter\Database\MySQLi\Connection->execute('SELECT atasan.i...')
#2 C:\xampp73\htdocs\order_mobil\system\Database\BaseConnection.php(598): CodeIgniter\Database\BaseConnection->simpleQuery('SELECT atasan.i...')
#3 C:\xampp73\htdocs\order_mobil\system\Model.php(721): CodeIgniter\Database\BaseConnection->query('SELECT atasan.i...')
#4 C:\xampp73\htdocs\order_mobil\app\Helpers\custom_helper.php(41): CodeIgniter\Model->__call('query', Array)
#5 C:\xampp73\htdocs\order_mobil\app\Views\layouts\components\sidebar.php(20): adminAtasan()
#6 C:\xampp73\htdocs\order_mobil\system\View\View.php(214): include('C:\\xampp73\\htdo...')
#7 C:\xampp73\htdocs\order_mobil\system\View\View.php(217): CodeIgniter\View\View->CodeIgniter\View\{closure}()
#8 C:\xampp73\htdocs\order_mobil\system\View\View.php(432): CodeIgniter\View\View->render('layouts/compone...', NULL, true)
#9 C:\xampp73\htdocs\order_mobil\app\Views\layouts\admin.php(29): CodeIgniter\View\View->include('layouts/compone...')
#10 C:\xampp73\htdocs\order_mobil\system\View\View.php(214): include('C:\\xampp73\\htdo...')
#11 C:\xampp73\htdocs\order_mobil\system\View\View.php(217): CodeIgniter\View\View->CodeIgniter\View\{closure}()
#12 C:\xampp73\htdocs\order_mobil\system\View\View.php(230): CodeIgniter\View\View->render('layouts/admin', Array, true)
#13 C:\xampp73\htdocs\order_mobil\system\Common.php(1097): CodeIgniter\View\View->render('order_departeme...', Array, true)
#14 C:\xampp73\htdocs\order_mobil\app\Controllers\Home.php(115): view('order_departeme...', Array)
#15 C:\xampp73\htdocs\order_mobil\system\CodeIgniter.php(824): App\Controllers\Home->order_departemen()
#16 C:\xampp73\htdocs\order_mobil\system\CodeIgniter.php(410): CodeIgniter\CodeIgniter->runController(Object(App\Controllers\Home))
#17 C:\xampp73\htdocs\order_mobil\system\CodeIgniter.php(318): CodeIgniter\CodeIgniter->handleRequest(NULL, Object(Config\Cache), false)
#18 C:\xampp73\htdocs\order_mobil\index.php(37): CodeIgniter\CodeIgniter->run()
#19 {main}
ERROR - 2023-01-03 13:41:51 --> Unknown column 'divisi.divisi' in 'field list'
CRITICAL - 2023-01-03 13:41:51 --> Unknown column 'divisi.divisi' in 'field list'
#0 C:\xampp73\htdocs\order_mobil\system\Database\MySQLi\Connection.php(292): mysqli->query('SELECT atasan.i...', 0)
#1 C:\xampp73\htdocs\order_mobil\system\Database\BaseConnection.php(670): CodeIgniter\Database\MySQLi\Connection->execute('SELECT atasan.i...')
#2 C:\xampp73\htdocs\order_mobil\system\Database\BaseConnection.php(598): CodeIgniter\Database\BaseConnection->simpleQuery('SELECT atasan.i...')
#3 C:\xampp73\htdocs\order_mobil\system\Model.php(721): CodeIgniter\Database\BaseConnection->query('SELECT atasan.i...')
#4 C:\xampp73\htdocs\order_mobil\app\Helpers\custom_helper.php(41): CodeIgniter\Model->__call('query', Array)
#5 C:\xampp73\htdocs\order_mobil\app\Views\layouts\components\sidebar.php(20): adminAtasan()
#6 C:\xampp73\htdocs\order_mobil\system\View\View.php(214): include('C:\\xampp73\\htdo...')
#7 C:\xampp73\htdocs\order_mobil\system\View\View.php(217): CodeIgniter\View\View->CodeIgniter\View\{closure}()
#8 C:\xampp73\htdocs\order_mobil\system\View\View.php(432): CodeIgniter\View\View->render('layouts/compone...', NULL, true)
#9 C:\xampp73\htdocs\order_mobil\app\Views\layouts\admin.php(29): CodeIgniter\View\View->include('layouts/compone...')
#10 C:\xampp73\htdocs\order_mobil\system\View\View.php(214): include('C:\\xampp73\\htdo...')
#11 C:\xampp73\htdocs\order_mobil\system\View\View.php(217): CodeIgniter\View\View->CodeIgniter\View\{closure}()
#12 C:\xampp73\htdocs\order_mobil\system\View\View.php(230): CodeIgniter\View\View->render('layouts/admin', Array, true)
#13 C:\xampp73\htdocs\order_mobil\system\Common.php(1097): CodeIgniter\View\View->render('order_departeme...', Array, true)
#14 C:\xampp73\htdocs\order_mobil\app\Controllers\Home.php(115): view('order_departeme...', Array)
#15 C:\xampp73\htdocs\order_mobil\system\CodeIgniter.php(824): App\Controllers\Home->order_departemen()
#16 C:\xampp73\htdocs\order_mobil\system\CodeIgniter.php(410): CodeIgniter\CodeIgniter->runController(Object(App\Controllers\Home))
#17 C:\xampp73\htdocs\order_mobil\system\CodeIgniter.php(318): CodeIgniter\CodeIgniter->handleRequest(NULL, Object(Config\Cache), false)
#18 C:\xampp73\htdocs\order_mobil\index.php(37): CodeIgniter\CodeIgniter->run()
#19 {main}
ERROR - 2023-01-03 15:06:42 --> Table 'bcas_mobil.divisi' doesn't exist
CRITICAL - 2023-01-03 15:06:42 --> Table 'bcas_mobil.divisi' doesn't exist
#0 C:\xampp73\htdocs\order_mobil\system\Database\MySQLi\Connection.php(292): mysqli->query('SELECT orders.n...', 0)
#1 C:\xampp73\htdocs\order_mobil\system\Database\BaseConnection.php(670): CodeIgniter\Database\MySQLi\Connection->execute('SELECT orders.n...')
#2 C:\xampp73\htdocs\order_mobil\system\Database\BaseConnection.php(598): CodeIgniter\Database\BaseConnection->simpleQuery('SELECT orders.n...')
#3 C:\xampp73\htdocs\order_mobil\system\Model.php(721): CodeIgniter\Database\BaseConnection->query('SELECT orders.n...')
#4 C:\xampp73\htdocs\order_mobil\app\Controllers\Home.php(87): CodeIgniter\Model->__call('query', Array)
#5 C:\xampp73\htdocs\order_mobil\system\CodeIgniter.php(824): App\Controllers\Home->order()
#6 C:\xampp73\htdocs\order_mobil\system\CodeIgniter.php(410): CodeIgniter\CodeIgniter->runController(Object(App\Controllers\Home))
#7 C:\xampp73\htdocs\order_mobil\system\CodeIgniter.php(318): CodeIgniter\CodeIgniter->handleRequest(NULL, Object(Config\Cache), false)
#8 C:\xampp73\htdocs\order_mobil\index.php(37): CodeIgniter\CodeIgniter->run()
#9 {main}
ERROR - 2023-01-03 15:06:49 --> Table 'bcas_mobil.divisi' doesn't exist
CRITICAL - 2023-01-03 15:06:49 --> Table 'bcas_mobil.divisi' doesn't exist
#0 C:\xampp73\htdocs\order_mobil\system\Database\MySQLi\Connection.php(292): mysqli->query('SELECT divisi.d...', 0)
#1 C:\xampp73\htdocs\order_mobil\system\Database\BaseConnection.php(670): CodeIgniter\Database\MySQLi\Connection->execute('SELECT divisi.d...')
#2 C:\xampp73\htdocs\order_mobil\system\Database\BaseConnection.php(598): CodeIgniter\Database\BaseConnection->simpleQuery('SELECT divisi.d...')
#3 C:\xampp73\htdocs\order_mobil\system\Model.php(721): CodeIgniter\Database\BaseConnection->query('SELECT divisi.d...')
#4 C:\xampp73\htdocs\order_mobil\app\Helpers\custom_helper.php(29): CodeIgniter\Model->__call('query', Array)
#5 C:\xampp73\htdocs\order_mobil\app\Views\layouts\components\sidebar.php(10): adminLogin()
#6 C:\xampp73\htdocs\order_mobil\system\View\View.php(214): include('C:\\xampp73\\htdo...')
#7 C:\xampp73\htdocs\order_mobil\system\View\View.php(217): CodeIgniter\View\View->CodeIgniter\View\{closure}()
#8 C:\xampp73\htdocs\order_mobil\system\View\View.php(432): CodeIgniter\View\View->render('layouts/compone...', NULL, true)
#9 C:\xampp73\htdocs\order_mobil\app\Views\layouts\admin.php(29): CodeIgniter\View\View->include('layouts/compone...')
#10 C:\xampp73\htdocs\order_mobil\system\View\View.php(214): include('C:\\xampp73\\htdo...')
#11 C:\xampp73\htdocs\order_mobil\system\View\View.php(217): CodeIgniter\View\View->CodeIgniter\View\{closure}()
#12 C:\xampp73\htdocs\order_mobil\system\View\View.php(230): CodeIgniter\View\View->render('layouts/admin', Array, true)
#13 C:\xampp73\htdocs\order_mobil\system\Common.php(1097): CodeIgniter\View\View->render('dashboard', Array, true)
#14 C:\xampp73\htdocs\order_mobil\app\Controllers\Home.php(44): view('dashboard', Array)
#15 C:\xampp73\htdocs\order_mobil\system\CodeIgniter.php(824): App\Controllers\Home->dashboard()
#16 C:\xampp73\htdocs\order_mobil\system\CodeIgniter.php(410): CodeIgniter\CodeIgniter->runController(Object(App\Controllers\Home))
#17 C:\xampp73\htdocs\order_mobil\system\CodeIgniter.php(318): CodeIgniter\CodeIgniter->handleRequest(NULL, Object(Config\Cache), false)
#18 C:\xampp73\htdocs\order_mobil\index.php(37): CodeIgniter\CodeIgniter->run()
#19 {main}
ERROR - 2023-01-03 15:38:39 --> Table 'bcas_mobil.divisi' doesn't exist
CRITICAL - 2023-01-03 15:38:39 --> Table 'bcas_mobil.divisi' doesn't exist
#0 C:\xampp73\htdocs\order_mobil\system\Database\MySQLi\Connection.php(292): mysqli->query('SELECT divisi.d...', 0)
#1 C:\xampp73\htdocs\order_mobil\system\Database\BaseConnection.php(670): CodeIgniter\Database\MySQLi\Connection->execute('SELECT divisi.d...')
#2 C:\xampp73\htdocs\order_mobil\system\Database\BaseConnection.php(598): CodeIgniter\Database\BaseConnection->simpleQuery('SELECT divisi.d...')
#3 C:\xampp73\htdocs\order_mobil\system\Model.php(721): CodeIgniter\Database\BaseConnection->query('SELECT divisi.d...')
#4 C:\xampp73\htdocs\order_mobil\app\Helpers\custom_helper.php(29): CodeIgniter\Model->__call('query', Array)
#5 C:\xampp73\htdocs\order_mobil\app\Views\layouts\components\sidebar.php(10): adminLogin()
#6 C:\xampp73\htdocs\order_mobil\system\View\View.php(214): include('C:\\xampp73\\htdo...')
#7 C:\xampp73\htdocs\order_mobil\system\View\View.php(217): CodeIgniter\View\View->CodeIgniter\View\{closure}()
#8 C:\xampp73\htdocs\order_mobil\system\View\View.php(432): CodeIgniter\View\View->render('layouts/compone...', NULL, true)
#9 C:\xampp73\htdocs\order_mobil\app\Views\layouts\admin.php(29): CodeIgniter\View\View->include('layouts/compone...')
#10 C:\xampp73\htdocs\order_mobil\system\View\View.php(214): include('C:\\xampp73\\htdo...')
#11 C:\xampp73\htdocs\order_mobil\system\View\View.php(217): CodeIgniter\View\View->CodeIgniter\View\{closure}()
#12 C:\xampp73\htdocs\order_mobil\system\View\View.php(230): CodeIgniter\View\View->render('layouts/admin', Array, true)
#13 C:\xampp73\htdocs\order_mobil\system\Common.php(1097): CodeIgniter\View\View->render('order_departeme...', Array, true)
#14 C:\xampp73\htdocs\order_mobil\app\Controllers\Home.php(115): view('order_departeme...', Array)
#15 C:\xampp73\htdocs\order_mobil\system\CodeIgniter.php(824): App\Controllers\Home->order_departemen()
#16 C:\xampp73\htdocs\order_mobil\system\CodeIgniter.php(410): CodeIgniter\CodeIgniter->runController(Object(App\Controllers\Home))
#17 C:\xampp73\htdocs\order_mobil\system\CodeIgniter.php(318): CodeIgniter\CodeIgniter->handleRequest(NULL, Object(Config\Cache), false)
#18 C:\xampp73\htdocs\order_mobil\index.php(37): CodeIgniter\CodeIgniter->run()
#19 {main}
ERROR - 2023-01-03 15:39:40 --> Unknown column 'divisi.divisi' in 'field list'
CRITICAL - 2023-01-03 15:39:40 --> Unknown column 'divisi.divisi' in 'field list'
#0 C:\xampp73\htdocs\order_mobil\system\Database\MySQLi\Connection.php(292): mysqli->query('SELECT divisi.d...', 0)
#1 C:\xampp73\htdocs\order_mobil\system\Database\BaseConnection.php(670): CodeIgniter\Database\MySQLi\Connection->execute('SELECT divisi.d...')
#2 C:\xampp73\htdocs\order_mobil\system\Database\BaseConnection.php(598): CodeIgniter\Database\BaseConnection->simpleQuery('SELECT divisi.d...')
#3 C:\xampp73\htdocs\order_mobil\system\Model.php(721): CodeIgniter\Database\BaseConnection->query('SELECT divisi.d...')
#4 C:\xampp73\htdocs\order_mobil\app\Helpers\custom_helper.php(29): CodeIgniter\Model->__call('query', Array)
#5 C:\xampp73\htdocs\order_mobil\app\Views\layouts\components\sidebar.php(10): adminLogin()
#6 C:\xampp73\htdocs\order_mobil\system\View\View.php(214): include('C:\\xampp73\\htdo...')
#7 C:\xampp73\htdocs\order_mobil\system\View\View.php(217): CodeIgniter\View\View->CodeIgniter\View\{closure}()
#8 C:\xampp73\htdocs\order_mobil\system\View\View.php(432): CodeIgniter\View\View->render('layouts/compone...', NULL, true)
#9 C:\xampp73\htdocs\order_mobil\app\Views\layouts\admin.php(29): CodeIgniter\View\View->include('layouts/compone...')
#10 C:\xampp73\htdocs\order_mobil\system\View\View.php(214): include('C:\\xampp73\\htdo...')
#11 C:\xampp73\htdocs\order_mobil\system\View\View.php(217): CodeIgniter\View\View->CodeIgniter\View\{closure}()
#12 C:\xampp73\htdocs\order_mobil\system\View\View.php(230): CodeIgniter\View\View->render('layouts/admin', Array, true)
#13 C:\xampp73\htdocs\order_mobil\system\Common.php(1097): CodeIgniter\View\View->render('order_departeme...', Array, true)
#14 C:\xampp73\htdocs\order_mobil\app\Controllers\Home.php(115): view('order_departeme...', Array)
#15 C:\xampp73\htdocs\order_mobil\system\CodeIgniter.php(824): App\Controllers\Home->order_departemen()
#16 C:\xampp73\htdocs\order_mobil\system\CodeIgniter.php(410): CodeIgniter\CodeIgniter->runController(Object(App\Controllers\Home))
#17 C:\xampp73\htdocs\order_mobil\system\CodeIgniter.php(318): CodeIgniter\CodeIgniter->handleRequest(NULL, Object(Config\Cache), false)
#18 C:\xampp73\htdocs\order_mobil\index.php(37): CodeIgniter\CodeIgniter->run()
#19 {main}
ERROR - 2023-01-03 15:40:13 --> Unknown column 'user_departemen.id_divisi' in 'on clause'
CRITICAL - 2023-01-03 15:40:13 --> Unknown column 'user_departemen.id_divisi' in 'on clause'
#0 C:\xampp73\htdocs\order_mobil\system\Database\MySQLi\Connection.php(292): mysqli->query('SELECT departem...', 0)
#1 C:\xampp73\htdocs\order_mobil\system\Database\BaseConnection.php(670): CodeIgniter\Database\MySQLi\Connection->execute('SELECT departem...')
#2 C:\xampp73\htdocs\order_mobil\system\Database\BaseConnection.php(598): CodeIgniter\Database\BaseConnection->simpleQuery('SELECT departem...')
#3 C:\xampp73\htdocs\order_mobil\system\Model.php(721): CodeIgniter\Database\BaseConnection->query('SELECT departem...')
#4 C:\xampp73\htdocs\order_mobil\app\Helpers\custom_helper.php(29): CodeIgniter\Model->__call('query', Array)
#5 C:\xampp73\htdocs\order_mobil\app\Views\layouts\components\sidebar.php(10): adminLogin()
#6 C:\xampp73\htdocs\order_mobil\system\View\View.php(214): include('C:\\xampp73\\htdo...')
#7 C:\xampp73\htdocs\order_mobil\system\View\View.php(217): CodeIgniter\View\View->CodeIgniter\View\{closure}()
#8 C:\xampp73\htdocs\order_mobil\system\View\View.php(432): CodeIgniter\View\View->render('layouts/compone...', NULL, true)
#9 C:\xampp73\htdocs\order_mobil\app\Views\layouts\admin.php(29): CodeIgniter\View\View->include('layouts/compone...')
#10 C:\xampp73\htdocs\order_mobil\system\View\View.php(214): include('C:\\xampp73\\htdo...')
#11 C:\xampp73\htdocs\order_mobil\system\View\View.php(217): CodeIgniter\View\View->CodeIgniter\View\{closure}()
#12 C:\xampp73\htdocs\order_mobil\system\View\View.php(230): CodeIgniter\View\View->render('layouts/admin', Array, true)
#13 C:\xampp73\htdocs\order_mobil\system\Common.php(1097): CodeIgniter\View\View->render('order_departeme...', Array, true)
#14 C:\xampp73\htdocs\order_mobil\app\Controllers\Home.php(115): view('order_departeme...', Array)
#15 C:\xampp73\htdocs\order_mobil\system\CodeIgniter.php(824): App\Controllers\Home->order_departemen()
#16 C:\xampp73\htdocs\order_mobil\system\CodeIgniter.php(410): CodeIgniter\CodeIgniter->runController(Object(App\Controllers\Home))
#17 C:\xampp73\htdocs\order_mobil\system\CodeIgniter.php(318): CodeIgniter\CodeIgniter->handleRequest(NULL, Object(Config\Cache), false)
#18 C:\xampp73\htdocs\order_mobil\index.php(37): CodeIgniter\CodeIgniter->run()
#19 {main}
ERROR - 2023-01-03 15:40:35 --> Unknown column 'user_departemen.id_divisi' in 'on clause'
CRITICAL - 2023-01-03 15:40:35 --> Unknown column 'user_departemen.id_divisi' in 'on clause'
#0 C:\xampp73\htdocs\order_mobil\system\Database\MySQLi\Connection.php(292): mysqli->query('SELECT departem...', 0)
#1 C:\xampp73\htdocs\order_mobil\system\Database\BaseConnection.php(670): CodeIgniter\Database\MySQLi\Connection->execute('SELECT departem...')
#2 C:\xampp73\htdocs\order_mobil\system\Database\BaseConnection.php(598): CodeIgniter\Database\BaseConnection->simpleQuery('SELECT departem...')
#3 C:\xampp73\htdocs\order_mobil\system\Model.php(721): CodeIgniter\Database\BaseConnection->query('SELECT departem...')
#4 C:\xampp73\htdocs\order_mobil\app\Helpers\custom_helper.php(29): CodeIgniter\Model->__call('query', Array)
#5 C:\xampp73\htdocs\order_mobil\app\Views\layouts\components\sidebar.php(10): adminLogin()
#6 C:\xampp73\htdocs\order_mobil\system\View\View.php(214): include('C:\\xampp73\\htdo...')
#7 C:\xampp73\htdocs\order_mobil\system\View\View.php(217): CodeIgniter\View\View->CodeIgniter\View\{closure}()
#8 C:\xampp73\htdocs\order_mobil\system\View\View.php(432): CodeIgniter\View\View->render('layouts/compone...', NULL, true)
#9 C:\xampp73\htdocs\order_mobil\app\Views\layouts\admin.php(29): CodeIgniter\View\View->include('layouts/compone...')
#10 C:\xampp73\htdocs\order_mobil\system\View\View.php(214): include('C:\\xampp73\\htdo...')
#11 C:\xampp73\htdocs\order_mobil\system\View\View.php(217): CodeIgniter\View\View->CodeIgniter\View\{closure}()
#12 C:\xampp73\htdocs\order_mobil\system\View\View.php(230): CodeIgniter\View\View->render('layouts/admin', Array, true)
#13 C:\xampp73\htdocs\order_mobil\system\Common.php(1097): CodeIgniter\View\View->render('order_departeme...', Array, true)
#14 C:\xampp73\htdocs\order_mobil\app\Controllers\Home.php(115): view('order_departeme...', Array)
#15 C:\xampp73\htdocs\order_mobil\system\CodeIgniter.php(824): App\Controllers\Home->order_departemen()
#16 C:\xampp73\htdocs\order_mobil\system\CodeIgniter.php(410): CodeIgniter\CodeIgniter->runController(Object(App\Controllers\Home))
#17 C:\xampp73\htdocs\order_mobil\system\CodeIgniter.php(318): CodeIgniter\CodeIgniter->handleRequest(NULL, Object(Config\Cache), false)
#18 C:\xampp73\htdocs\order_mobil\index.php(37): CodeIgniter\CodeIgniter->run()
#19 {main}
ERROR - 2023-01-03 15:40:54 --> Table 'bcas_mobil.divisi' doesn't exist
CRITICAL - 2023-01-03 15:40:54 --> Table 'bcas_mobil.divisi' doesn't exist
#0 C:\xampp73\htdocs\order_mobil\system\Database\MySQLi\Connection.php(292): mysqli->query('SELECT atasan.i...', 0)
#1 C:\xampp73\htdocs\order_mobil\system\Database\BaseConnection.php(670): CodeIgniter\Database\MySQLi\Connection->execute('SELECT atasan.i...')
#2 C:\xampp73\htdocs\order_mobil\system\Database\BaseConnection.php(598): CodeIgniter\Database\BaseConnection->simpleQuery('SELECT atasan.i...')
#3 C:\xampp73\htdocs\order_mobil\system\Model.php(721): CodeIgniter\Database\BaseConnection->query('SELECT atasan.i...')
#4 C:\xampp73\htdocs\order_mobil\app\Helpers\custom_helper.php(41): CodeIgniter\Model->__call('query', Array)
#5 C:\xampp73\htdocs\order_mobil\app\Views\layouts\components\sidebar.php(20): adminAtasan()
#6 C:\xampp73\htdocs\order_mobil\system\View\View.php(214): include('C:\\xampp73\\htdo...')
#7 C:\xampp73\htdocs\order_mobil\system\View\View.php(217): CodeIgniter\View\View->CodeIgniter\View\{closure}()
#8 C:\xampp73\htdocs\order_mobil\system\View\View.php(432): CodeIgniter\View\View->render('layouts/compone...', NULL, true)
#9 C:\xampp73\htdocs\order_mobil\app\Views\layouts\admin.php(29): CodeIgniter\View\View->include('layouts/compone...')
#10 C:\xampp73\htdocs\order_mobil\system\View\View.php(214): include('C:\\xampp73\\htdo...')
#11 C:\xampp73\htdocs\order_mobil\system\View\View.php(217): CodeIgniter\View\View->CodeIgniter\View\{closure}()
#12 C:\xampp73\htdocs\order_mobil\system\View\View.php(230): CodeIgniter\View\View->render('layouts/admin', Array, true)
#13 C:\xampp73\htdocs\order_mobil\system\Common.php(1097): CodeIgniter\View\View->render('order_departeme...', Array, true)
#14 C:\xampp73\htdocs\order_mobil\app\Controllers\Home.php(115): view('order_departeme...', Array)
#15 C:\xampp73\htdocs\order_mobil\system\CodeIgniter.php(824): App\Controllers\Home->order_departemen()
#16 C:\xampp73\htdocs\order_mobil\system\CodeIgniter.php(410): CodeIgniter\CodeIgniter->runController(Object(App\Controllers\Home))
#17 C:\xampp73\htdocs\order_mobil\system\CodeIgniter.php(318): CodeIgniter\CodeIgniter->handleRequest(NULL, Object(Config\Cache), false)
#18 C:\xampp73\htdocs\order_mobil\index.php(37): CodeIgniter\CodeIgniter->run()
#19 {main}
ERROR - 2023-01-03 15:41:31 --> Table 'bcas_mobil.divisi' doesn't exist
CRITICAL - 2023-01-03 15:41:31 --> Table 'bcas_mobil.divisi' doesn't exist
#0 C:\xampp73\htdocs\order_mobil\system\Database\MySQLi\Connection.php(292): mysqli->query('SELECT atasan.i...', 0)
#1 C:\xampp73\htdocs\order_mobil\system\Database\BaseConnection.php(670): CodeIgniter\Database\MySQLi\Connection->execute('SELECT atasan.i...')
#2 C:\xampp73\htdocs\order_mobil\system\Database\BaseConnection.php(598): CodeIgniter\Database\BaseConnection->simpleQuery('SELECT atasan.i...')
#3 C:\xampp73\htdocs\order_mobil\system\Model.php(721): CodeIgniter\Database\BaseConnection->query('SELECT atasan.i...')
#4 C:\xampp73\htdocs\order_mobil\app\Helpers\custom_helper.php(41): CodeIgniter\Model->__call('query', Array)
#5 C:\xampp73\htdocs\order_mobil\app\Views\layouts\components\sidebar.php(20): adminAtasan()
#6 C:\xampp73\htdocs\order_mobil\system\View\View.php(214): include('C:\\xampp73\\htdo...')
#7 C:\xampp73\htdocs\order_mobil\system\View\View.php(217): CodeIgniter\View\View->CodeIgniter\View\{closure}()
#8 C:\xampp73\htdocs\order_mobil\system\View\View.php(432): CodeIgniter\View\View->render('layouts/compone...', NULL, true)
#9 C:\xampp73\htdocs\order_mobil\app\Views\layouts\admin.php(29): CodeIgniter\View\View->include('layouts/compone...')
#10 C:\xampp73\htdocs\order_mobil\system\View\View.php(214): include('C:\\xampp73\\htdo...')
#11 C:\xampp73\htdocs\order_mobil\system\View\View.php(217): CodeIgniter\View\View->CodeIgniter\View\{closure}()
#12 C:\xampp73\htdocs\order_mobil\system\View\View.php(230): CodeIgniter\View\View->render('layouts/admin', Array, true)
#13 C:\xampp73\htdocs\order_mobil\system\Common.php(1097): CodeIgniter\View\View->render('order_departeme...', Array, true)
#14 C:\xampp73\htdocs\order_mobil\app\Controllers\Home.php(115): view('order_departeme...', Array)
#15 C:\xampp73\htdocs\order_mobil\system\CodeIgniter.php(824): App\Controllers\Home->order_departemen()
#16 C:\xampp73\htdocs\order_mobil\system\CodeIgniter.php(410): CodeIgniter\CodeIgniter->runController(Object(App\Controllers\Home))
#17 C:\xampp73\htdocs\order_mobil\system\CodeIgniter.php(318): CodeIgniter\CodeIgniter->handleRequest(NULL, Object(Config\Cache), false)
#18 C:\xampp73\htdocs\order_mobil\index.php(37): CodeIgniter\CodeIgniter->run()
#19 {main}
ERROR - 2023-01-03 15:51:40 --> Table 'bcas_mobil.divisi' doesn't exist
CRITICAL - 2023-01-03 15:51:40 --> Table 'bcas_mobil.divisi' doesn't exist
#0 C:\xampp73\htdocs\order_mobil\system\Database\MySQLi\Connection.php(292): mysqli->query('SELECT atasan.i...', 0)
#1 C:\xampp73\htdocs\order_mobil\system\Database\BaseConnection.php(670): CodeIgniter\Database\MySQLi\Connection->execute('SELECT atasan.i...')
#2 C:\xampp73\htdocs\order_mobil\system\Database\BaseConnection.php(598): CodeIgniter\Database\BaseConnection->simpleQuery('SELECT atasan.i...')
#3 C:\xampp73\htdocs\order_mobil\system\Model.php(721): CodeIgniter\Database\BaseConnection->query('SELECT atasan.i...')
#4 C:\xampp73\htdocs\order_mobil\app\Helpers\custom_helper.php(41): CodeIgniter\Model->__call('query', Array)
#5 C:\xampp73\htdocs\order_mobil\app\Views\layouts\components\sidebar.php(20): adminAtasan()
#6 C:\xampp73\htdocs\order_mobil\system\View\View.php(214): include('C:\\xampp73\\htdo...')
#7 C:\xampp73\htdocs\order_mobil\system\View\View.php(217): CodeIgniter\View\View->CodeIgniter\View\{closure}()
#8 C:\xampp73\htdocs\order_mobil\system\View\View.php(432): CodeIgniter\View\View->render('layouts/compone...', NULL, true)
#9 C:\xampp73\htdocs\order_mobil\app\Views\layouts\admin.php(29): CodeIgniter\View\View->include('layouts/compone...')
#10 C:\xampp73\htdocs\order_mobil\system\View\View.php(214): include('C:\\xampp73\\htdo...')
#11 C:\xampp73\htdocs\order_mobil\system\View\View.php(217): CodeIgniter\View\View->CodeIgniter\View\{closure}()
#12 C:\xampp73\htdocs\order_mobil\system\View\View.php(230): CodeIgniter\View\View->render('layouts/admin', Array, true)
#13 C:\xampp73\htdocs\order_mobil\system\Common.php(1097): CodeIgniter\View\View->render('order_departeme...', Array, true)
#14 C:\xampp73\htdocs\order_mobil\app\Controllers\Home.php(115): view('order_departeme...', Array)
#15 C:\xampp73\htdocs\order_mobil\system\CodeIgniter.php(824): App\Controllers\Home->order_departemen()
#16 C:\xampp73\htdocs\order_mobil\system\CodeIgniter.php(410): CodeIgniter\CodeIgniter->runController(Object(App\Controllers\Home))
#17 C:\xampp73\htdocs\order_mobil\system\CodeIgniter.php(318): CodeIgniter\CodeIgniter->handleRequest(NULL, Object(Config\Cache), false)
#18 C:\xampp73\htdocs\order_mobil\index.php(37): CodeIgniter\CodeIgniter->run()
#19 {main}
ERROR - 2023-01-03 15:53:42 --> Table 'bcas_mobil.divisi' doesn't exist
CRITICAL - 2023-01-03 15:53:42 --> Table 'bcas_mobil.divisi' doesn't exist
#0 C:\xampp73\htdocs\order_mobil\system\Database\MySQLi\Connection.php(292): mysqli->query('SELECT atasan.i...', 0)
#1 C:\xampp73\htdocs\order_mobil\system\Database\BaseConnection.php(670): CodeIgniter\Database\MySQLi\Connection->execute('SELECT atasan.i...')
#2 C:\xampp73\htdocs\order_mobil\system\Database\BaseConnection.php(598): CodeIgniter\Database\BaseConnection->simpleQuery('SELECT atasan.i...')
#3 C:\xampp73\htdocs\order_mobil\system\Model.php(721): CodeIgniter\Database\BaseConnection->query('SELECT atasan.i...')
#4 C:\xampp73\htdocs\order_mobil\app\Helpers\custom_helper.php(41): CodeIgniter\Model->__call('query', Array)
#5 C:\xampp73\htdocs\order_mobil\app\Views\layouts\components\sidebar.php(20): adminAtasan()
#6 C:\xampp73\htdocs\order_mobil\system\View\View.php(214): include('C:\\xampp73\\htdo...')
#7 C:\xampp73\htdocs\order_mobil\system\View\View.php(217): CodeIgniter\View\View->CodeIgniter\View\{closure}()
#8 C:\xampp73\htdocs\order_mobil\system\View\View.php(432): CodeIgniter\View\View->render('layouts/compone...', NULL, true)
#9 C:\xampp73\htdocs\order_mobil\app\Views\layouts\admin.php(29): CodeIgniter\View\View->include('layouts/compone...')
#10 C:\xampp73\htdocs\order_mobil\system\View\View.php(214): include('C:\\xampp73\\htdo...')
#11 C:\xampp73\htdocs\order_mobil\system\View\View.php(217): CodeIgniter\View\View->CodeIgniter\View\{closure}()
#12 C:\xampp73\htdocs\order_mobil\system\View\View.php(230): CodeIgniter\View\View->render('layouts/admin', Array, true)
#13 C:\xampp73\htdocs\order_mobil\system\Common.php(1097): CodeIgniter\View\View->render('order_departeme...', Array, true)
#14 C:\xampp73\htdocs\order_mobil\app\Controllers\Home.php(115): view('order_departeme...', Array)
#15 C:\xampp73\htdocs\order_mobil\system\CodeIgniter.php(824): App\Controllers\Home->order_departemen()
#16 C:\xampp73\htdocs\order_mobil\system\CodeIgniter.php(410): CodeIgniter\CodeIgniter->runController(Object(App\Controllers\Home))
#17 C:\xampp73\htdocs\order_mobil\system\CodeIgniter.php(318): CodeIgniter\CodeIgniter->handleRequest(NULL, Object(Config\Cache), false)
#18 C:\xampp73\htdocs\order_mobil\index.php(37): CodeIgniter\CodeIgniter->run()
#19 {main}
ERROR - 2023-01-03 15:55:12 --> Table 'bcas_mobil.divisi' doesn't exist
CRITICAL - 2023-01-03 15:55:12 --> Table 'bcas_mobil.divisi' doesn't exist
#0 C:\xampp73\htdocs\order_mobil\system\Database\MySQLi\Connection.php(292): mysqli->query('SELECT atasan.i...', 0)
#1 C:\xampp73\htdocs\order_mobil\system\Database\BaseConnection.php(670): CodeIgniter\Database\MySQLi\Connection->execute('SELECT atasan.i...')
#2 C:\xampp73\htdocs\order_mobil\system\Database\BaseConnection.php(598): CodeIgniter\Database\BaseConnection->simpleQuery('SELECT atasan.i...')
#3 C:\xampp73\htdocs\order_mobil\system\Model.php(721): CodeIgniter\Database\BaseConnection->query('SELECT atasan.i...')
#4 C:\xampp73\htdocs\order_mobil\app\Helpers\custom_helper.php(41): CodeIgniter\Model->__call('query', Array)
#5 C:\xampp73\htdocs\order_mobil\app\Views\layouts\components\sidebar.php(20): adminAtasan()
#6 C:\xampp73\htdocs\order_mobil\system\View\View.php(214): include('C:\\xampp73\\htdo...')
#7 C:\xampp73\htdocs\order_mobil\system\View\View.php(217): CodeIgniter\View\View->CodeIgniter\View\{closure}()
#8 C:\xampp73\htdocs\order_mobil\system\View\View.php(432): CodeIgniter\View\View->render('layouts/compone...', NULL, true)
#9 C:\xampp73\htdocs\order_mobil\app\Views\layouts\admin.php(29): CodeIgniter\View\View->include('layouts/compone...')
#10 C:\xampp73\htdocs\order_mobil\system\View\View.php(214): include('C:\\xampp73\\htdo...')
#11 C:\xampp73\htdocs\order_mobil\system\View\View.php(217): CodeIgniter\View\View->CodeIgniter\View\{closure}()
#12 C:\xampp73\htdocs\order_mobil\system\View\View.php(230): CodeIgniter\View\View->render('layouts/admin', Array, true)
#13 C:\xampp73\htdocs\order_mobil\system\Common.php(1097): CodeIgniter\View\View->render('order_departeme...', Array, true)
#14 C:\xampp73\htdocs\order_mobil\app\Controllers\Home.php(115): view('order_departeme...', Array)
#15 C:\xampp73\htdocs\order_mobil\system\CodeIgniter.php(824): App\Controllers\Home->order_departemen()
#16 C:\xampp73\htdocs\order_mobil\system\CodeIgniter.php(410): CodeIgniter\CodeIgniter->runController(Object(App\Controllers\Home))
#17 C:\xampp73\htdocs\order_mobil\system\CodeIgniter.php(318): CodeIgniter\CodeIgniter->handleRequest(NULL, Object(Config\Cache), false)
#18 C:\xampp73\htdocs\order_mobil\index.php(37): CodeIgniter\CodeIgniter->run()
#19 {main}
ERROR - 2023-01-03 15:58:02 --> Table 'bcas_mobil.divisi' doesn't exist
CRITICAL - 2023-01-03 15:58:02 --> Table 'bcas_mobil.divisi' doesn't exist
#0 C:\xampp73\htdocs\order_mobil\system\Database\MySQLi\Connection.php(292): mysqli->query('SELECT atasan.i...', 0)
#1 C:\xampp73\htdocs\order_mobil\system\Database\BaseConnection.php(670): CodeIgniter\Database\MySQLi\Connection->execute('SELECT atasan.i...')
#2 C:\xampp73\htdocs\order_mobil\system\Database\BaseConnection.php(598): CodeIgniter\Database\BaseConnection->simpleQuery('SELECT atasan.i...')
#3 C:\xampp73\htdocs\order_mobil\system\Model.php(721): CodeIgniter\Database\BaseConnection->query('SELECT atasan.i...')
#4 C:\xampp73\htdocs\order_mobil\app\Helpers\custom_helper.php(41): CodeIgniter\Model->__call('query', Array)
#5 C:\xampp73\htdocs\order_mobil\app\Views\layouts\components\sidebar.php(20): adminAtasan()
#6 C:\xampp73\htdocs\order_mobil\system\View\View.php(214): include('C:\\xampp73\\htdo...')
#7 C:\xampp73\htdocs\order_mobil\system\View\View.php(217): CodeIgniter\View\View->CodeIgniter\View\{closure}()
#8 C:\xampp73\htdocs\order_mobil\system\View\View.php(432): CodeIgniter\View\View->render('layouts/compone...', NULL, true)
#9 C:\xampp73\htdocs\order_mobil\app\Views\layouts\admin.php(29): CodeIgniter\View\View->include('layouts/compone...')
#10 C:\xampp73\htdocs\order_mobil\system\View\View.php(214): include('C:\\xampp73\\htdo...')
#11 C:\xampp73\htdocs\order_mobil\system\View\View.php(217): CodeIgniter\View\View->CodeIgniter\View\{closure}()
#12 C:\xampp73\htdocs\order_mobil\system\View\View.php(230): CodeIgniter\View\View->render('layouts/admin', Array, true)
#13 C:\xampp73\htdocs\order_mobil\system\Common.php(1097): CodeIgniter\View\View->render('order_departeme...', Array, true)
#14 C:\xampp73\htdocs\order_mobil\app\Controllers\Home.php(115): view('order_departeme...', Array)
#15 C:\xampp73\htdocs\order_mobil\system\CodeIgniter.php(824): App\Controllers\Home->order_departemen()
#16 C:\xampp73\htdocs\order_mobil\system\CodeIgniter.php(410): CodeIgniter\CodeIgniter->runController(Object(App\Controllers\Home))
#17 C:\xampp73\htdocs\order_mobil\system\CodeIgniter.php(318): CodeIgniter\CodeIgniter->handleRequest(NULL, Object(Config\Cache), false)
#18 C:\xampp73\htdocs\order_mobil\index.php(37): CodeIgniter\CodeIgniter->run()
#19 {main}
ERROR - 2023-01-03 15:59:21 --> Table 'bcas_mobil.divisi' doesn't exist
CRITICAL - 2023-01-03 15:59:21 --> Table 'bcas_mobil.divisi' doesn't exist
#0 C:\xampp73\htdocs\order_mobil\system\Database\MySQLi\Connection.php(292): mysqli->query('SELECT atasan.i...', 0)
#1 C:\xampp73\htdocs\order_mobil\system\Database\BaseConnection.php(670): CodeIgniter\Database\MySQLi\Connection->execute('SELECT atasan.i...')
#2 C:\xampp73\htdocs\order_mobil\system\Database\BaseConnection.php(598): CodeIgniter\Database\BaseConnection->simpleQuery('SELECT atasan.i...')
#3 C:\xampp73\htdocs\order_mobil\system\Model.php(721): CodeIgniter\Database\BaseConnection->query('SELECT atasan.i...')
#4 C:\xampp73\htdocs\order_mobil\app\Helpers\custom_helper.php(41): CodeIgniter\Model->__call('query', Array)
#5 C:\xampp73\htdocs\order_mobil\app\Views\layouts\components\sidebar.php(20): adminAtasan()
#6 C:\xampp73\htdocs\order_mobil\system\View\View.php(214): include('C:\\xampp73\\htdo...')
#7 C:\xampp73\htdocs\order_mobil\system\View\View.php(217): CodeIgniter\View\View->CodeIgniter\View\{closure}()
#8 C:\xampp73\htdocs\order_mobil\system\View\View.php(432): CodeIgniter\View\View->render('layouts/compone...', NULL, true)
#9 C:\xampp73\htdocs\order_mobil\app\Views\layouts\admin.php(29): CodeIgniter\View\View->include('layouts/compone...')
#10 C:\xampp73\htdocs\order_mobil\system\View\View.php(214): include('C:\\xampp73\\htdo...')
#11 C:\xampp73\htdocs\order_mobil\system\View\View.php(217): CodeIgniter\View\View->CodeIgniter\View\{closure}()
#12 C:\xampp73\htdocs\order_mobil\system\View\View.php(230): CodeIgniter\View\View->render('layouts/admin', Array, true)
#13 C:\xampp73\htdocs\order_mobil\system\Common.php(1097): CodeIgniter\View\View->render('order_departeme...', Array, true)
#14 C:\xampp73\htdocs\order_mobil\app\Controllers\Home.php(115): view('order_departeme...', Array)
#15 C:\xampp73\htdocs\order_mobil\system\CodeIgniter.php(824): App\Controllers\Home->order_departemen()
#16 C:\xampp73\htdocs\order_mobil\system\CodeIgniter.php(410): CodeIgniter\CodeIgniter->runController(Object(App\Controllers\Home))
#17 C:\xampp73\htdocs\order_mobil\system\CodeIgniter.php(318): CodeIgniter\CodeIgniter->handleRequest(NULL, Object(Config\Cache), false)
#18 C:\xampp73\htdocs\order_mobil\index.php(37): CodeIgniter\CodeIgniter->run()
#19 {main}
ERROR - 2023-01-03 16:34:38 --> Unknown column 'divisi.id_divisi' in 'on clause'
CRITICAL - 2023-01-03 16:34:38 --> Unknown column 'divisi.id_divisi' in 'on clause'
#0 C:\xampp73\htdocs\order_mobil\system\Database\MySQLi\Connection.php(292): mysqli->query('SELECT * FROM d...', 0)
#1 C:\xampp73\htdocs\order_mobil\system\Database\BaseConnection.php(670): CodeIgniter\Database\MySQLi\Connection->execute('SELECT * FROM d...')
#2 C:\xampp73\htdocs\order_mobil\system\Database\BaseConnection.php(598): CodeIgniter\Database\BaseConnection->simpleQuery('SELECT * FROM d...')
#3 C:\xampp73\htdocs\order_mobil\system\Model.php(721): CodeIgniter\Database\BaseConnection->query('SELECT * FROM d...')
#4 C:\xampp73\htdocs\order_mobil\app\Controllers\UserController.php(142): CodeIgniter\Model->__call('query', Array)
#5 C:\xampp73\htdocs\order_mobil\system\CodeIgniter.php(824): App\Controllers\UserController->auth()
#6 C:\xampp73\htdocs\order_mobil\system\CodeIgniter.php(410): CodeIgniter\CodeIgniter->runController(Object(App\Controllers\UserController))
#7 C:\xampp73\htdocs\order_mobil\system\CodeIgniter.php(318): CodeIgniter\CodeIgniter->handleRequest(NULL, Object(Config\Cache), false)
#8 C:\xampp73\htdocs\order_mobil\index.php(37): CodeIgniter\CodeIgniter->run()
#9 {main}
ERROR - 2023-01-03 16:40:28 --> Unknown column 'divisi.id_divisi' in 'on clause'
CRITICAL - 2023-01-03 16:40:28 --> Unknown column 'divisi.id_divisi' in 'on clause'
#0 C:\xampp73\htdocs\order_mobil\system\Database\MySQLi\Connection.php(292): mysqli->query('SELECT * FROM d...', 0)
#1 C:\xampp73\htdocs\order_mobil\system\Database\BaseConnection.php(670): CodeIgniter\Database\MySQLi\Connection->execute('SELECT * FROM d...')
#2 C:\xampp73\htdocs\order_mobil\system\Database\BaseConnection.php(598): CodeIgniter\Database\BaseConnection->simpleQuery('SELECT * FROM d...')
#3 C:\xampp73\htdocs\order_mobil\system\Model.php(721): CodeIgniter\Database\BaseConnection->query('SELECT * FROM d...')
#4 C:\xampp73\htdocs\order_mobil\app\Controllers\UserController.php(142): CodeIgniter\Model->__call('query', Array)
#5 C:\xampp73\htdocs\order_mobil\system\CodeIgniter.php(824): App\Controllers\UserController->auth()
#6 C:\xampp73\htdocs\order_mobil\system\CodeIgniter.php(410): CodeIgniter\CodeIgniter->runController(Object(App\Controllers\UserController))
#7 C:\xampp73\htdocs\order_mobil\system\CodeIgniter.php(318): CodeIgniter\CodeIgniter->handleRequest(NULL, Object(Config\Cache), false)
#8 C:\xampp73\htdocs\order_mobil\index.php(37): CodeIgniter\CodeIgniter->run()
#9 {main}
ERROR - 2023-01-03 16:43:55 --> Cannot add or update a child row: a foreign key constraint fails (`bcas_mobil`.`orders`, CONSTRAINT `orders_ibfk_1` FOREIGN KEY (`id_divisi`) REFERENCES `divisi` (`id_divisi`))
CRITICAL - 2023-01-03 16:43:55 --> Cannot add or update a child row: a foreign key constraint fails (`bcas_mobil`.`orders`, CONSTRAINT `orders_ibfk_1` FOREIGN KEY (`id_divisi`) REFERENCES `divisi` (`id_divisi`))
#0 C:\xampp73\htdocs\order_mobil\system\Database\MySQLi\Connection.php(292): mysqli->query('INSERT INTO `or...', 0)
#1 C:\xampp73\htdocs\order_mobil\system\Database\BaseConnection.php(670): CodeIgniter\Database\MySQLi\Connection->execute('INSERT INTO `or...')
#2 C:\xampp73\htdocs\order_mobil\system\Database\BaseConnection.php(598): CodeIgniter\Database\BaseConnection->simpleQuery('INSERT INTO `or...')
#3 C:\xampp73\htdocs\order_mobil\system\Database\BaseBuilder.php(1759): CodeIgniter\Database\BaseConnection->query('INSERT INTO `or...', Array, false)
#4 C:\xampp73\htdocs\order_mobil\system\Model.php(239): CodeIgniter\Database\BaseBuilder->insert()
#5 C:\xampp73\htdocs\order_mobil\system\BaseModel.php(738): CodeIgniter\Model->doInsert(Array)
#6 C:\xampp73\htdocs\order_mobil\system\Model.php(620): CodeIgniter\BaseModel->insert(Array, true)
#7 C:\xampp73\htdocs\order_mobil\app\Controllers\OrderController.php(248): CodeIgniter\Model->insert(Array)
#8 C:\xampp73\htdocs\order_mobil\system\CodeIgniter.php(824): App\Controllers\OrderController->request_order()
#9 C:\xampp73\htdocs\order_mobil\system\CodeIgniter.php(410): CodeIgniter\CodeIgniter->runController(Object(App\Controllers\OrderController))
#10 C:\xampp73\htdocs\order_mobil\system\CodeIgniter.php(318): CodeIgniter\CodeIgniter->handleRequest(NULL, Object(Config\Cache), false)
#11 C:\xampp73\htdocs\order_mobil\index.php(37): CodeIgniter\CodeIgniter->run()
#12 {main}
CRITICAL - 2023-01-03 17:16:54 --> Undefined index: id_order
#0 C:\xampp73\htdocs\order_mobil\app\Views\order.php(41): CodeIgniter\Debug\Exceptions->errorHandler(8, 'Undefined index...', 'C:\\xampp73\\htdo...', 41, Array)
#1 C:\xampp73\htdocs\order_mobil\system\View\View.php(214): include('C:\\xampp73\\htdo...')
#2 C:\xampp73\htdocs\order_mobil\system\View\View.php(217): CodeIgniter\View\View->CodeIgniter\View\{closure}()
#3 C:\xampp73\htdocs\order_mobil\system\Common.php(1097): CodeIgniter\View\View->render('order', Array, true)
#4 C:\xampp73\htdocs\order_mobil\app\Controllers\Home.php(93): view('order', Array)
#5 C:\xampp73\htdocs\order_mobil\system\CodeIgniter.php(824): App\Controllers\Home->order()
#6 C:\xampp73\htdocs\order_mobil\system\CodeIgniter.php(410): CodeIgniter\CodeIgniter->runController(Object(App\Controllers\Home))
#7 C:\xampp73\htdocs\order_mobil\system\CodeIgniter.php(318): CodeIgniter\CodeIgniter->handleRequest(NULL, Object(Config\Cache), false)
#8 C:\xampp73\htdocs\order_mobil\index.php(37): CodeIgniter\CodeIgniter->run()
#9 {main}
CRITICAL - 2023-01-03 17:18:04 --> Undefined index: id_order
#0 C:\xampp73\htdocs\order_mobil\app\Views\order.php(41): CodeIgniter\Debug\Exceptions->errorHandler(8, 'Undefined index...', 'C:\\xampp73\\htdo...', 41, Array)
#1 C:\xampp73\htdocs\order_mobil\system\View\View.php(214): include('C:\\xampp73\\htdo...')
#2 C:\xampp73\htdocs\order_mobil\system\View\View.php(217): CodeIgniter\View\View->CodeIgniter\View\{closure}()
#3 C:\xampp73\htdocs\order_mobil\system\Common.php(1097): CodeIgniter\View\View->render('order', Array, true)
#4 C:\xampp73\htdocs\order_mobil\app\Controllers\Home.php(93): view('order', Array)
#5 C:\xampp73\htdocs\order_mobil\system\CodeIgniter.php(824): App\Controllers\Home->order()
#6 C:\xampp73\htdocs\order_mobil\system\CodeIgniter.php(410): CodeIgniter\CodeIgniter->runController(Object(App\Controllers\Home))
#7 C:\xampp73\htdocs\order_mobil\system\CodeIgniter.php(318): CodeIgniter\CodeIgniter->handleRequest(NULL, Object(Config\Cache), false)
#8 C:\xampp73\htdocs\order_mobil\index.php(37): CodeIgniter\CodeIgniter->run()
#9 {main}
CRITICAL - 2023-01-03 17:18:06 --> Undefined index: id_order
#0 C:\xampp73\htdocs\order_mobil\app\Views\order.php(41): CodeIgniter\Debug\Exceptions->errorHandler(8, 'Undefined index...', 'C:\\xampp73\\htdo...', 41, Array)
#1 C:\xampp73\htdocs\order_mobil\system\View\View.php(214): include('C:\\xampp73\\htdo...')
#2 C:\xampp73\htdocs\order_mobil\system\View\View.php(217): CodeIgniter\View\View->CodeIgniter\View\{closure}()
#3 C:\xampp73\htdocs\order_mobil\system\Common.php(1097): CodeIgniter\View\View->render('order', Array, true)
#4 C:\xampp73\htdocs\order_mobil\app\Controllers\Home.php(93): view('order', Array)
#5 C:\xampp73\htdocs\order_mobil\system\CodeIgniter.php(824): App\Controllers\Home->order()
#6 C:\xampp73\htdocs\order_mobil\system\CodeIgniter.php(410): CodeIgniter\CodeIgniter->runController(Object(App\Controllers\Home))
#7 C:\xampp73\htdocs\order_mobil\system\CodeIgniter.php(318): CodeIgniter\CodeIgniter->handleRequest(NULL, Object(Config\Cache), false)
#8 C:\xampp73\htdocs\order_mobil\index.php(37): CodeIgniter\CodeIgniter->run()
#9 {main}
CRITICAL - 2023-01-03 17:19:13 --> Undefined index: id
#0 C:\xampp73\htdocs\order_mobil\app\Views\order.php(41): CodeIgniter\Debug\Exceptions->errorHandler(8, 'Undefined index...', 'C:\\xampp73\\htdo...', 41, Array)
#1 C:\xampp73\htdocs\order_mobil\system\View\View.php(214): include('C:\\xampp73\\htdo...')
#2 C:\xampp73\htdocs\order_mobil\system\View\View.php(217): CodeIgniter\View\View->CodeIgniter\View\{closure}()
#3 C:\xampp73\htdocs\order_mobil\system\Common.php(1097): CodeIgniter\View\View->render('order', Array, true)
#4 C:\xampp73\htdocs\order_mobil\app\Controllers\Home.php(93): view('order', Array)
#5 C:\xampp73\htdocs\order_mobil\system\CodeIgniter.php(824): App\Controllers\Home->order()
#6 C:\xampp73\htdocs\order_mobil\system\CodeIgniter.php(410): CodeIgniter\CodeIgniter->runController(Object(App\Controllers\Home))
#7 C:\xampp73\htdocs\order_mobil\system\CodeIgniter.php(318): CodeIgniter\CodeIgniter->handleRequest(NULL, Object(Config\Cache), false)
#8 C:\xampp73\htdocs\order_mobil\index.php(37): CodeIgniter\CodeIgniter->run()
#9 {main}
CRITICAL - 2023-01-03 17:19:16 --> Undefined index: id
#0 C:\xampp73\htdocs\order_mobil\app\Views\order.php(41): CodeIgniter\Debug\Exceptions->errorHandler(8, 'Undefined index...', 'C:\\xampp73\\htdo...', 41, Array)
#1 C:\xampp73\htdocs\order_mobil\system\View\View.php(214): include('C:\\xampp73\\htdo...')
#2 C:\xampp73\htdocs\order_mobil\system\View\View.php(217): CodeIgniter\View\View->CodeIgniter\View\{closure}()
#3 C:\xampp73\htdocs\order_mobil\system\Common.php(1097): CodeIgniter\View\View->render('order', Array, true)
#4 C:\xampp73\htdocs\order_mobil\app\Controllers\Home.php(93): view('order', Array)
#5 C:\xampp73\htdocs\order_mobil\system\CodeIgniter.php(824): App\Controllers\Home->order()
#6 C:\xampp73\htdocs\order_mobil\system\CodeIgniter.php(410): CodeIgniter\CodeIgniter->runController(Object(App\Controllers\Home))
#7 C:\xampp73\htdocs\order_mobil\system\CodeIgniter.php(318): CodeIgniter\CodeIgniter->handleRequest(NULL, Object(Config\Cache), false)
#8 C:\xampp73\htdocs\order_mobil\index.php(37): CodeIgniter\CodeIgniter->run()
#9 {main}
CRITICAL - 2023-01-03 17:22:44 --> Undefined index: id
#0 C:\xampp73\htdocs\order_mobil\app\Views\order.php(43): CodeIgniter\Debug\Exceptions->errorHandler(8, 'Undefined index...', 'C:\\xampp73\\htdo...', 43, Array)
#1 C:\xampp73\htdocs\order_mobil\system\View\View.php(214): include('C:\\xampp73\\htdo...')
#2 C:\xampp73\htdocs\order_mobil\system\View\View.php(217): CodeIgniter\View\View->CodeIgniter\View\{closure}()
#3 C:\xampp73\htdocs\order_mobil\system\Common.php(1097): CodeIgniter\View\View->render('order', Array, true)
#4 C:\xampp73\htdocs\order_mobil\app\Controllers\Home.php(93): view('order', Array)
#5 C:\xampp73\htdocs\order_mobil\system\CodeIgniter.php(824): App\Controllers\Home->order()
#6 C:\xampp73\htdocs\order_mobil\system\CodeIgniter.php(410): CodeIgniter\CodeIgniter->runController(Object(App\Controllers\Home))
#7 C:\xampp73\htdocs\order_mobil\system\CodeIgniter.php(318): CodeIgniter\CodeIgniter->handleRequest(NULL, Object(Config\Cache), false)
#8 C:\xampp73\htdocs\order_mobil\index.php(37): CodeIgniter\CodeIgniter->run()
#9 {main}
