CRITICAL - 2022-12-02 14:42:19 --> Function name must be a string
#0 C:\xampp73\htdocs\order_mobil\system\CodeIgniter.php(824): App\Controllers\UserController->auth()
#1 C:\xampp73\htdocs\order_mobil\system\CodeIgniter.php(410): CodeIgniter\CodeIgniter->runController(Object(App\Controllers\UserController))
#2 C:\xampp73\htdocs\order_mobil\system\CodeIgniter.php(318): CodeIgniter\CodeIgniter->handleRequest(NULL, Object(Config\Cache), false)
#3 C:\xampp73\htdocs\order_mobil\index.php(37): CodeIgniter\CodeIgniter->run()
#4 {main}
CRITICAL - 2022-12-02 14:42:41 --> There is no data to insert.
#0 C:\xampp73\htdocs\order_mobil\system\BaseModel.php(718): CodeIgniter\Database\Exceptions\DataException::forEmptyDataset('insert')
#1 C:\xampp73\htdocs\order_mobil\system\Model.php(620): CodeIgniter\BaseModel->insert(Array, true)
#2 C:\xampp73\htdocs\order_mobil\app\Controllers\UserController.php(159): CodeIgniter\Model->insert(Array)
#3 C:\xampp73\htdocs\order_mobil\system\CodeIgniter.php(824): App\Controllers\UserController->auth()
#4 C:\xampp73\htdocs\order_mobil\system\CodeIgniter.php(410): CodeIgniter\CodeIgniter->runController(Object(App\Controllers\UserController))
#5 C:\xampp73\htdocs\order_mobil\system\CodeIgniter.php(318): CodeIgniter\CodeIgniter->handleRequest(NULL, Object(Config\Cache), false)
#6 C:\xampp73\htdocs\order_mobil\index.php(37): CodeIgniter\CodeIgniter->run()
#7 {main}
CRITICAL - 2022-12-02 14:47:10 --> There is no data to insert.
#0 C:\xampp73\htdocs\order_mobil\system\BaseModel.php(718): CodeIgniter\Database\Exceptions\DataException::forEmptyDataset('insert')
#1 C:\xampp73\htdocs\order_mobil\system\Model.php(620): CodeIgniter\BaseModel->insert(Array, true)
#2 C:\xampp73\htdocs\order_mobil\app\Controllers\UserController.php(162): CodeIgniter\Model->insert(Array)
#3 C:\xampp73\htdocs\order_mobil\system\CodeIgniter.php(824): App\Controllers\UserController->auth()
#4 C:\xampp73\htdocs\order_mobil\system\CodeIgniter.php(410): CodeIgniter\CodeIgniter->runController(Object(App\Controllers\UserController))
#5 C:\xampp73\htdocs\order_mobil\system\CodeIgniter.php(318): CodeIgniter\CodeIgniter->handleRequest(NULL, Object(Config\Cache), false)
#6 C:\xampp73\htdocs\order_mobil\index.php(37): CodeIgniter\CodeIgniter->run()
#7 {main}
CRITICAL - 2022-12-02 14:49:57 --> There is no data to insert.
#0 C:\xampp73\htdocs\order_mobil\system\BaseModel.php(718): CodeIgniter\Database\Exceptions\DataException::forEmptyDataset('insert')
#1 C:\xampp73\htdocs\order_mobil\system\Model.php(620): CodeIgniter\BaseModel->insert(Array, true)
#2 C:\xampp73\htdocs\order_mobil\app\Controllers\UserController.php(161): CodeIgniter\Model->insert(Array)
#3 C:\xampp73\htdocs\order_mobil\system\CodeIgniter.php(824): App\Controllers\UserController->auth()
#4 C:\xampp73\htdocs\order_mobil\system\CodeIgniter.php(410): CodeIgniter\CodeIgniter->runController(Object(App\Controllers\UserController))
#5 C:\xampp73\htdocs\order_mobil\system\CodeIgniter.php(318): CodeIgniter\CodeIgniter->handleRequest(NULL, Object(Config\Cache), false)
#6 C:\xampp73\htdocs\order_mobil\index.php(37): CodeIgniter\CodeIgniter->run()
#7 {main}
ERROR - 2022-12-02 15:19:37 --> Error connecting to the database: Access denied for user ''@'localhost' (using password: NO)
CRITICAL - 2022-12-02 15:19:37 --> Unable to connect to the database.
Main connection [MySQLi]: Access denied for user ''@'localhost' (using password: NO)
#0 C:\xampp73\htdocs\order_mobil\system\Database\BaseConnection.php(577): CodeIgniter\Database\BaseConnection->initialize()
#1 C:\xampp73\htdocs\order_mobil\system\Model.php(721): CodeIgniter\Database\BaseConnection->query('SELECT * FROM  ...')
#2 C:\xampp73\htdocs\order_mobil\app\Controllers\UserController.php(159): CodeIgniter\Model->__call('query', Array)
#3 C:\xampp73\htdocs\order_mobil\system\CodeIgniter.php(824): App\Controllers\UserController->auth()
#4 C:\xampp73\htdocs\order_mobil\system\CodeIgniter.php(410): CodeIgniter\CodeIgniter->runController(Object(App\Controllers\UserController))
#5 C:\xampp73\htdocs\order_mobil\system\CodeIgniter.php(318): CodeIgniter\CodeIgniter->handleRequest(NULL, Object(Config\Cache), false)
#6 C:\xampp73\htdocs\order_mobil\index.php(37): CodeIgniter\CodeIgniter->run()
#7 {main}
ERROR - 2022-12-02 15:32:44 --> Error connecting to the database: Access denied for user ''@'localhost' (using password: NO)
CRITICAL - 2022-12-02 15:32:44 --> Unable to connect to the database.
Main connection [MySQLi]: Access denied for user ''@'localhost' (using password: NO)
#0 C:\xampp73\htdocs\order_mobil\system\Database\BaseConnection.php(577): CodeIgniter\Database\BaseConnection->initialize()
#1 C:\xampp73\htdocs\order_mobil\system\Model.php(721): CodeIgniter\Database\BaseConnection->query('SELECT * FROM  ...')
#2 C:\xampp73\htdocs\order_mobil\app\Controllers\UserController.php(159): CodeIgniter\Model->__call('query', Array)
#3 C:\xampp73\htdocs\order_mobil\system\CodeIgniter.php(824): App\Controllers\UserController->auth()
#4 C:\xampp73\htdocs\order_mobil\system\CodeIgniter.php(410): CodeIgniter\CodeIgniter->runController(Object(App\Controllers\UserController))
#5 C:\xampp73\htdocs\order_mobil\system\CodeIgniter.php(318): CodeIgniter\CodeIgniter->handleRequest(NULL, Object(Config\Cache), false)
#6 C:\xampp73\htdocs\order_mobil\index.php(37): CodeIgniter\CodeIgniter->run()
#7 {main}
ERROR - 2022-12-02 15:50:41 --> Error connecting to the database: Access denied for user ''@'localhost' (using password: NO)
CRITICAL - 2022-12-02 15:50:41 --> Unable to connect to the database.
Main connection [MySQLi]: Access denied for user ''@'localhost' (using password: NO)
#0 C:\xampp73\htdocs\order_mobil\system\Database\BaseConnection.php(577): CodeIgniter\Database\BaseConnection->initialize()
#1 C:\xampp73\htdocs\order_mobil\system\Model.php(721): CodeIgniter\Database\BaseConnection->query('SELECT * FROM  ...')
#2 C:\xampp73\htdocs\order_mobil\app\Controllers\UserController.php(159): CodeIgniter\Model->__call('query', Array)
#3 C:\xampp73\htdocs\order_mobil\system\CodeIgniter.php(824): App\Controllers\UserController->auth()
#4 C:\xampp73\htdocs\order_mobil\system\CodeIgniter.php(410): CodeIgniter\CodeIgniter->runController(Object(App\Controllers\UserController))
#5 C:\xampp73\htdocs\order_mobil\system\CodeIgniter.php(318): CodeIgniter\CodeIgniter->handleRequest(NULL, Object(Config\Cache), false)
#6 C:\xampp73\htdocs\order_mobil\index.php(37): CodeIgniter\CodeIgniter->run()
#7 {main}
CRITICAL - 2022-12-02 16:12:59 --> Undefined index: userid
#0 C:\xampp73\htdocs\order_mobil\app\Views\list_user.php(33): CodeIgniter\Debug\Exceptions->errorHandler(8, 'Undefined index...', 'C:\\xampp73\\htdo...', 33, Array)
#1 C:\xampp73\htdocs\order_mobil\system\View\View.php(214): include('C:\\xampp73\\htdo...')
#2 C:\xampp73\htdocs\order_mobil\system\View\View.php(217): CodeIgniter\View\View->CodeIgniter\View\{closure}()
#3 C:\xampp73\htdocs\order_mobil\system\Common.php(1097): CodeIgniter\View\View->render('list_user', Array, true)
#4 C:\xampp73\htdocs\order_mobil\app\Controllers\UserController.php(233): view('list_user', Array)
#5 C:\xampp73\htdocs\order_mobil\system\CodeIgniter.php(824): App\Controllers\UserController->list_user()
#6 C:\xampp73\htdocs\order_mobil\system\CodeIgniter.php(410): CodeIgniter\CodeIgniter->runController(Object(App\Controllers\UserController))
#7 C:\xampp73\htdocs\order_mobil\system\CodeIgniter.php(318): CodeIgniter\CodeIgniter->handleRequest(NULL, Object(Config\Cache), false)
#8 C:\xampp73\htdocs\order_mobil\index.php(37): CodeIgniter\CodeIgniter->run()
#9 {main}
CRITICAL - 2022-12-02 16:13:43 --> Undefined index: userid
#0 C:\xampp73\htdocs\order_mobil\app\Views\list_user.php(33): CodeIgniter\Debug\Exceptions->errorHandler(8, 'Undefined index...', 'C:\\xampp73\\htdo...', 33, Array)
#1 C:\xampp73\htdocs\order_mobil\system\View\View.php(214): include('C:\\xampp73\\htdo...')
#2 C:\xampp73\htdocs\order_mobil\system\View\View.php(217): CodeIgniter\View\View->CodeIgniter\View\{closure}()
#3 C:\xampp73\htdocs\order_mobil\system\Common.php(1097): CodeIgniter\View\View->render('list_user', Array, true)
#4 C:\xampp73\htdocs\order_mobil\app\Controllers\UserController.php(233): view('list_user', Array)
#5 C:\xampp73\htdocs\order_mobil\system\CodeIgniter.php(824): App\Controllers\UserController->list_user()
#6 C:\xampp73\htdocs\order_mobil\system\CodeIgniter.php(410): CodeIgniter\CodeIgniter->runController(Object(App\Controllers\UserController))
#7 C:\xampp73\htdocs\order_mobil\system\CodeIgniter.php(318): CodeIgniter\CodeIgniter->handleRequest(NULL, Object(Config\Cache), false)
#8 C:\xampp73\htdocs\order_mobil\index.php(37): CodeIgniter\CodeIgniter->run()
#9 {main}
CRITICAL - 2022-12-02 16:14:12 --> Undefined index: userid
#0 C:\xampp73\htdocs\order_mobil\app\Views\list_user.php(33): CodeIgniter\Debug\Exceptions->errorHandler(8, 'Undefined index...', 'C:\\xampp73\\htdo...', 33, Array)
#1 C:\xampp73\htdocs\order_mobil\system\View\View.php(214): include('C:\\xampp73\\htdo...')
#2 C:\xampp73\htdocs\order_mobil\system\View\View.php(217): CodeIgniter\View\View->CodeIgniter\View\{closure}()
#3 C:\xampp73\htdocs\order_mobil\system\Common.php(1097): CodeIgniter\View\View->render('list_user', Array, true)
#4 C:\xampp73\htdocs\order_mobil\app\Controllers\UserController.php(233): view('list_user', Array)
#5 C:\xampp73\htdocs\order_mobil\system\CodeIgniter.php(824): App\Controllers\UserController->list_user()
#6 C:\xampp73\htdocs\order_mobil\system\CodeIgniter.php(410): CodeIgniter\CodeIgniter->runController(Object(App\Controllers\UserController))
#7 C:\xampp73\htdocs\order_mobil\system\CodeIgniter.php(318): CodeIgniter\CodeIgniter->handleRequest(NULL, Object(Config\Cache), false)
#8 C:\xampp73\htdocs\order_mobil\index.php(37): CodeIgniter\CodeIgniter->run()
#9 {main}
CRITICAL - 2022-12-02 16:17:05 --> Undefined index: userid
#0 C:\xampp73\htdocs\order_mobil\app\Views\list_user.php(33): CodeIgniter\Debug\Exceptions->errorHandler(8, 'Undefined index...', 'C:\\xampp73\\htdo...', 33, Array)
#1 C:\xampp73\htdocs\order_mobil\system\View\View.php(214): include('C:\\xampp73\\htdo...')
#2 C:\xampp73\htdocs\order_mobil\system\View\View.php(217): CodeIgniter\View\View->CodeIgniter\View\{closure}()
#3 C:\xampp73\htdocs\order_mobil\system\Common.php(1097): CodeIgniter\View\View->render('list_user', Array, true)
#4 C:\xampp73\htdocs\order_mobil\app\Controllers\UserController.php(233): view('list_user', Array)
#5 C:\xampp73\htdocs\order_mobil\system\CodeIgniter.php(824): App\Controllers\UserController->list_user()
#6 C:\xampp73\htdocs\order_mobil\system\CodeIgniter.php(410): CodeIgniter\CodeIgniter->runController(Object(App\Controllers\UserController))
#7 C:\xampp73\htdocs\order_mobil\system\CodeIgniter.php(318): CodeIgniter\CodeIgniter->handleRequest(NULL, Object(Config\Cache), false)
#8 C:\xampp73\htdocs\order_mobil\index.php(37): CodeIgniter\CodeIgniter->run()
#9 {main}
CRITICAL - 2022-12-02 16:19:36 --> Undefined variable: divisiuser
#0 C:\xampp73\htdocs\order_mobil\app\Views\list_user.php(32): CodeIgniter\Debug\Exceptions->errorHandler(8, 'Undefined varia...', 'C:\\xampp73\\htdo...', 32, Array)
#1 C:\xampp73\htdocs\order_mobil\system\View\View.php(214): include('C:\\xampp73\\htdo...')
#2 C:\xampp73\htdocs\order_mobil\system\View\View.php(217): CodeIgniter\View\View->CodeIgniter\View\{closure}()
#3 C:\xampp73\htdocs\order_mobil\system\Common.php(1097): CodeIgniter\View\View->render('list_user', Array, true)
#4 C:\xampp73\htdocs\order_mobil\app\Controllers\UserController.php(233): view('list_user', Array)
#5 C:\xampp73\htdocs\order_mobil\system\CodeIgniter.php(824): App\Controllers\UserController->list_user()
#6 C:\xampp73\htdocs\order_mobil\system\CodeIgniter.php(410): CodeIgniter\CodeIgniter->runController(Object(App\Controllers\UserController))
#7 C:\xampp73\htdocs\order_mobil\system\CodeIgniter.php(318): CodeIgniter\CodeIgniter->handleRequest(NULL, Object(Config\Cache), false)
#8 C:\xampp73\htdocs\order_mobil\index.php(37): CodeIgniter\CodeIgniter->run()
#9 {main}
CRITICAL - 2022-12-02 17:33:01 --> syntax error, unexpected 'public' (T_PUBLIC)
#0 C:\xampp73\htdocs\order_mobil\system\Autoloader\Autoloader.php(241): CodeIgniter\Autoloader\Autoloader->includeFile('C:\\xampp73\\htdo...')
#1 C:\xampp73\htdocs\order_mobil\system\Autoloader\Autoloader.php(219): CodeIgniter\Autoloader\Autoloader->loadInNamespace('App\\Controllers...')
#2 [internal function]: CodeIgniter\Autoloader\Autoloader->loadClass('App\\Controllers...')
#3 [internal function]: spl_autoload_call('App\\Controllers...')
#4 C:\xampp73\htdocs\order_mobil\system\CodeIgniter.php(789): class_exists('\\App\\Controller...', true)
#5 C:\xampp73\htdocs\order_mobil\system\CodeIgniter.php(397): CodeIgniter\CodeIgniter->startController()
#6 C:\xampp73\htdocs\order_mobil\system\CodeIgniter.php(318): CodeIgniter\CodeIgniter->handleRequest(NULL, Object(Config\Cache), false)
#7 C:\xampp73\htdocs\order_mobil\index.php(37): CodeIgniter\CodeIgniter->run()
#8 {main}
