CRITICAL - 2022-02-12 07:15:15 --> Undefined index: token_id
#0 C:\xampp\htdocs\ci2\app\Controllers\OrderController.php(123): CodeIgniter\Debug\Exceptions->errorHandler(8, 'Undefined index...', 'C:\\xampp\\htdocs...', 123, Array)
#1 C:\xampp\htdocs\ci2\system\CodeIgniter.php(824): App\Controllers\OrderController->insert_order('1')
#2 C:\xampp\htdocs\ci2\system\CodeIgniter.php(410): CodeIgniter\CodeIgniter->runController(Object(App\Controllers\OrderController))
#3 C:\xampp\htdocs\ci2\system\CodeIgniter.php(318): CodeIgniter\CodeIgniter->handleRequest(NULL, Object(Config\Cache), false)
#4 C:\xampp\htdocs\ci2\public\index.php(37): CodeIgniter\CodeIgniter->run()
#5 {main}
CRITICAL - 2022-02-12 07:16:23 --> Undefined index: token_id
#0 C:\xampp\htdocs\ci2\app\Controllers\OrderController.php(123): CodeIgniter\Debug\Exceptions->errorHandler(8, 'Undefined index...', 'C:\\xampp\\htdocs...', 123, Array)
#1 C:\xampp\htdocs\ci2\system\CodeIgniter.php(824): App\Controllers\OrderController->insert_order('1')
#2 C:\xampp\htdocs\ci2\system\CodeIgniter.php(410): CodeIgniter\CodeIgniter->runController(Object(App\Controllers\OrderController))
#3 C:\xampp\htdocs\ci2\system\CodeIgniter.php(318): CodeIgniter\CodeIgniter->handleRequest(NULL, Object(Config\Cache), false)
#4 C:\xampp\htdocs\ci2\public\index.php(37): CodeIgniter\CodeIgniter->run()
#5 {main}
ERROR - 2022-02-12 07:16:53 --> Unknown column 'id_pengemudi' in 'where clause'
CRITICAL - 2022-02-12 07:16:53 --> Unknown column 'id_pengemudi' in 'where clause'
#0 C:\xampp\htdocs\ci2\system\Database\MySQLi\Connection.php(292): mysqli->query('SELECT *\nFROM `...', 0)
#1 C:\xampp\htdocs\ci2\system\Database\BaseConnection.php(670): CodeIgniter\Database\MySQLi\Connection->execute('SELECT *\nFROM `...')
#2 C:\xampp\htdocs\ci2\system\Database\BaseConnection.php(598): CodeIgniter\Database\BaseConnection->simpleQuery('SELECT *\nFROM `...')
#3 C:\xampp\htdocs\ci2\system\Database\BaseBuilder.php(1443): CodeIgniter\Database\BaseConnection->query('SELECT *\nFROM `...', Array, false)
#4 C:\xampp\htdocs\ci2\system\Model.php(210): CodeIgniter\Database\BaseBuilder->get()
#5 C:\xampp\htdocs\ci2\system\BaseModel.php(622): CodeIgniter\Model->doFirst()
#6 C:\xampp\htdocs\ci2\app\Controllers\OrderController.php(121): CodeIgniter\BaseModel->first()
#7 C:\xampp\htdocs\ci2\system\CodeIgniter.php(824): App\Controllers\OrderController->insert_order('1')
#8 C:\xampp\htdocs\ci2\system\CodeIgniter.php(410): CodeIgniter\CodeIgniter->runController(Object(App\Controllers\OrderController))
#9 C:\xampp\htdocs\ci2\system\CodeIgniter.php(318): CodeIgniter\CodeIgniter->handleRequest(NULL, Object(Config\Cache), false)
#10 C:\xampp\htdocs\ci2\public\index.php(37): CodeIgniter\CodeIgniter->run()
#11 {main}
