CRITICAL - 2022-06-19 23:49:05 --> Call to undefined function adminLogin()
#0 C:\Users\muhammad_aftabuddin\Documents\Internship\system\View\View.php(214): include()
#1 C:\Users\muhammad_aftabuddin\Documents\Internship\system\View\View.php(217): CodeIgniter\View\View->CodeIgniter\View\{closure}()
#2 C:\Users\muhammad_aftabuddin\Documents\Internship\system\View\View.php(230): CodeIgniter\View\View->render('layout/default', Array, true)
#3 C:\Users\muhammad_aftabuddin\Documents\Internship\system\Common.php(1097): CodeIgniter\View\View->render('home', Array, true)
#4 C:\Users\muhammad_aftabuddin\Documents\Internship\app\Controllers\userController.php(97): view('home')
#5 C:\Users\muhammad_aftabuddin\Documents\Internship\system\CodeIgniter.php(824): App\Controllers\userController->auth()
#6 C:\Users\muhammad_aftabuddin\Documents\Internship\system\CodeIgniter.php(410): CodeIgniter\CodeIgniter->runController(Object(App\Controllers\userController))
#7 C:\Users\muhammad_aftabuddin\Documents\Internship\system\CodeIgniter.php(318): CodeIgniter\CodeIgniter->handleRequest(NULL, Object(Config\Cache), false)
#8 C:\Users\muhammad_aftabuddin\Documents\Internship\public\index.php(37): CodeIgniter\CodeIgniter->run()
#9 C:\Users\muhammad_aftabuddin\Documents\Internship\system\Commands\Server\rewrite.php(43): require_once('C:\\Users\\muhamm...')
#10 {main}
CRITICAL - 2022-06-19 23:49:29 --> Call to undefined function adminLogin()
#0 C:\Users\muhammad_aftabuddin\Documents\Internship\system\View\View.php(214): include()
#1 C:\Users\muhammad_aftabuddin\Documents\Internship\system\View\View.php(217): CodeIgniter\View\View->CodeIgniter\View\{closure}()
#2 C:\Users\muhammad_aftabuddin\Documents\Internship\system\View\View.php(230): CodeIgniter\View\View->render('layout/default', Array, true)
#3 C:\Users\muhammad_aftabuddin\Documents\Internship\system\Common.php(1097): CodeIgniter\View\View->render('home', Array, true)
#4 C:\Users\muhammad_aftabuddin\Documents\Internship\app\Controllers\userController.php(97): view('home')
#5 C:\Users\muhammad_aftabuddin\Documents\Internship\system\CodeIgniter.php(824): App\Controllers\userController->auth()
#6 C:\Users\muhammad_aftabuddin\Documents\Internship\system\CodeIgniter.php(410): CodeIgniter\CodeIgniter->runController(Object(App\Controllers\userController))
#7 C:\Users\muhammad_aftabuddin\Documents\Internship\system\CodeIgniter.php(318): CodeIgniter\CodeIgniter->handleRequest(NULL, Object(Config\Cache), false)
#8 C:\Users\muhammad_aftabuddin\Documents\Internship\public\index.php(37): CodeIgniter\CodeIgniter->run()
#9 C:\Users\muhammad_aftabuddin\Documents\Internship\system\Commands\Server\rewrite.php(43): require_once('C:\\Users\\muhamm...')
#10 {main}
