ERROR - 2022-07-17 21:25:02 --> Error connecting to the database: Unknown database 'bcas_mobil'
CRITICAL - 2022-07-17 21:25:02 --> Unable to connect to the database.
Main connection [MySQLi]: Unknown database 'bcas_mobil'
#0 C:\xampp73\htdocs\order_mobil\system\Database\BaseConnection.php(577): CodeIgniter\Database\BaseConnection->initialize()
#1 C:\xampp73\htdocs\order_mobil\system\Database\BaseBuilder.php(1443): CodeIgniter\Database\BaseConnection->query('SELECT *\nFROM `...', Array, false)
#2 C:\xampp73\htdocs\order_mobil\system\Model.php(210): CodeIgniter\Database\BaseBuilder->get()
#3 C:\xampp73\htdocs\order_mobil\system\BaseModel.php(622): CodeIgniter\Model->doFirst()
#4 C:\xampp73\htdocs\order_mobil\app\Controllers\UserController.php(141): CodeIgniter\BaseModel->first()
#5 C:\xampp73\htdocs\order_mobil\system\CodeIgniter.php(824): App\Controllers\UserController->auth()
#6 C:\xampp73\htdocs\order_mobil\system\CodeIgniter.php(410): CodeIgniter\CodeIgniter->runController(Object(App\Controllers\UserController))
#7 C:\xampp73\htdocs\order_mobil\system\CodeIgniter.php(318): CodeIgniter\CodeIgniter->handleRequest(NULL, Object(Config\Cache), false)
#8 C:\xampp73\htdocs\order_mobil\public\index.php(37): CodeIgniter\CodeIgniter->run()
#9 {main}
CRITICAL - 2022-07-17 21:25:02 --> Uncaught ErrorException: print_r(): Property access is not allowed yet in C:\xampp73\htdocs\order_mobil\app\Views\errors\html\error_exception.php:96
Stack trace:
#0 [internal function]: CodeIgniter\Debug\Exceptions->errorHandler(2, 'print_r(): Prop...', 'C:\\xampp73\\htdo...', 96, Array)
#1 C:\xampp73\htdocs\order_mobil\app\Views\errors\html\error_exception.php(96): print_r(Object(App\Controllers\UserController), true)
#2 C:\xampp73\htdocs\order_mobil\system\Debug\Exceptions.php(229): include('C:\\xampp73\\htdo...')
#3 C:\xampp73\htdocs\order_mobil\system\Debug\Exceptions.php(232): CodeIgniter\Debug\Exceptions->CodeIgniter\Debug\{closure}()
#4 C:\xampp73\htdocs\order_mobil\system\Debug\Exceptions.php(116): CodeIgniter\Debug\Exceptions->render(Object(CodeIgniter\Database\Exceptions\DatabaseException), 500)
#5 [internal function]: CodeIgniter\Debug\Exceptions->exceptionHandler(Object(CodeIgniter\Database\Exceptions\DatabaseException))
#6 {main}
  thrown
#0 [internal function]: CodeIgniter\Debug\Exceptions->shutdownHandler()
#1 {main}
ERROR - 2022-07-17 21:31:23 --> Error connecting to the database: Unknown database 'bcas_mobil'
CRITICAL - 2022-07-17 21:31:23 --> Unable to connect to the database.
Main connection [MySQLi]: Unknown database 'bcas_mobil'
#0 C:\xampp73\htdocs\order_mobil\system\Database\BaseConnection.php(577): CodeIgniter\Database\BaseConnection->initialize()
#1 C:\xampp73\htdocs\order_mobil\system\Database\BaseBuilder.php(1443): CodeIgniter\Database\BaseConnection->query('SELECT *\nFROM `...', Array, false)
#2 C:\xampp73\htdocs\order_mobil\system\Model.php(210): CodeIgniter\Database\BaseBuilder->get()
#3 C:\xampp73\htdocs\order_mobil\system\BaseModel.php(622): CodeIgniter\Model->doFirst()
#4 C:\xampp73\htdocs\order_mobil\app\Controllers\UserController.php(141): CodeIgniter\BaseModel->first()
#5 C:\xampp73\htdocs\order_mobil\system\CodeIgniter.php(824): App\Controllers\UserController->auth()
#6 C:\xampp73\htdocs\order_mobil\system\CodeIgniter.php(410): CodeIgniter\CodeIgniter->runController(Object(App\Controllers\UserController))
#7 C:\xampp73\htdocs\order_mobil\system\CodeIgniter.php(318): CodeIgniter\CodeIgniter->handleRequest(NULL, Object(Config\Cache), false)
#8 C:\xampp73\htdocs\order_mobil\public\index.php(37): CodeIgniter\CodeIgniter->run()
#9 {main}
CRITICAL - 2022-07-17 21:31:23 --> Uncaught ErrorException: print_r(): Property access is not allowed yet in C:\xampp73\htdocs\order_mobil\app\Views\errors\html\error_exception.php:96
Stack trace:
#0 [internal function]: CodeIgniter\Debug\Exceptions->errorHandler(2, 'print_r(): Prop...', 'C:\\xampp73\\htdo...', 96, Array)
#1 C:\xampp73\htdocs\order_mobil\app\Views\errors\html\error_exception.php(96): print_r(Object(App\Controllers\UserController), true)
#2 C:\xampp73\htdocs\order_mobil\system\Debug\Exceptions.php(229): include('C:\\xampp73\\htdo...')
#3 C:\xampp73\htdocs\order_mobil\system\Debug\Exceptions.php(232): CodeIgniter\Debug\Exceptions->CodeIgniter\Debug\{closure}()
#4 C:\xampp73\htdocs\order_mobil\system\Debug\Exceptions.php(116): CodeIgniter\Debug\Exceptions->render(Object(CodeIgniter\Database\Exceptions\DatabaseException), 500)
#5 [internal function]: CodeIgniter\Debug\Exceptions->exceptionHandler(Object(CodeIgniter\Database\Exceptions\DatabaseException))
#6 {main}
  thrown
#0 [internal function]: CodeIgniter\Debug\Exceptions->shutdownHandler()
#1 {main}
ERROR - 2022-07-17 21:33:09 --> Error connecting to the database: Unknown database 'bcas_mobil'
CRITICAL - 2022-07-17 21:33:09 --> Unable to connect to the database.
Main connection [MySQLi]: Unknown database 'bcas_mobil'
#0 C:\xampp73\htdocs\order_mobil\system\Database\BaseConnection.php(577): CodeIgniter\Database\BaseConnection->initialize()
#1 C:\xampp73\htdocs\order_mobil\system\Database\BaseBuilder.php(1443): CodeIgniter\Database\BaseConnection->query('SELECT *\nFROM `...', Array, false)
#2 C:\xampp73\htdocs\order_mobil\system\Model.php(210): CodeIgniter\Database\BaseBuilder->get()
#3 C:\xampp73\htdocs\order_mobil\system\BaseModel.php(622): CodeIgniter\Model->doFirst()
#4 C:\xampp73\htdocs\order_mobil\app\Controllers\UserController.php(141): CodeIgniter\BaseModel->first()
#5 C:\xampp73\htdocs\order_mobil\system\CodeIgniter.php(824): App\Controllers\UserController->auth()
#6 C:\xampp73\htdocs\order_mobil\system\CodeIgniter.php(410): CodeIgniter\CodeIgniter->runController(Object(App\Controllers\UserController))
#7 C:\xampp73\htdocs\order_mobil\system\CodeIgniter.php(318): CodeIgniter\CodeIgniter->handleRequest(NULL, Object(Config\Cache), false)
#8 C:\xampp73\htdocs\order_mobil\public\index.php(37): CodeIgniter\CodeIgniter->run()
#9 {main}
CRITICAL - 2022-07-17 21:33:09 --> Uncaught ErrorException: print_r(): Property access is not allowed yet in C:\xampp73\htdocs\order_mobil\app\Views\errors\html\error_exception.php:96
Stack trace:
#0 [internal function]: CodeIgniter\Debug\Exceptions->errorHandler(2, 'print_r(): Prop...', 'C:\\xampp73\\htdo...', 96, Array)
#1 C:\xampp73\htdocs\order_mobil\app\Views\errors\html\error_exception.php(96): print_r(Object(App\Controllers\UserController), true)
#2 C:\xampp73\htdocs\order_mobil\system\Debug\Exceptions.php(229): include('C:\\xampp73\\htdo...')
#3 C:\xampp73\htdocs\order_mobil\system\Debug\Exceptions.php(232): CodeIgniter\Debug\Exceptions->CodeIgniter\Debug\{closure}()
#4 C:\xampp73\htdocs\order_mobil\system\Debug\Exceptions.php(116): CodeIgniter\Debug\Exceptions->render(Object(CodeIgniter\Database\Exceptions\DatabaseException), 500)
#5 [internal function]: CodeIgniter\Debug\Exceptions->exceptionHandler(Object(CodeIgniter\Database\Exceptions\DatabaseException))
#6 {main}
  thrown
#0 [internal function]: CodeIgniter\Debug\Exceptions->shutdownHandler()
#1 {main}
ERROR - 2022-07-17 23:14:20 --> Error connecting to the database: Unknown database 'bcas_mobil'
CRITICAL - 2022-07-17 23:14:20 --> Unable to connect to the database.
Main connection [MySQLi]: Unknown database 'bcas_mobil'
#0 C:\xampp73\htdocs\order_mobil\system\Database\BaseConnection.php(577): CodeIgniter\Database\BaseConnection->initialize()
#1 C:\xampp73\htdocs\order_mobil\system\Database\BaseBuilder.php(1443): CodeIgniter\Database\BaseConnection->query('SELECT *\nFROM `...', Array, false)
#2 C:\xampp73\htdocs\order_mobil\system\Model.php(210): CodeIgniter\Database\BaseBuilder->get()
#3 C:\xampp73\htdocs\order_mobil\system\BaseModel.php(622): CodeIgniter\Model->doFirst()
#4 C:\xampp73\htdocs\order_mobil\app\Controllers\UserController.php(141): CodeIgniter\BaseModel->first()
#5 C:\xampp73\htdocs\order_mobil\system\CodeIgniter.php(824): App\Controllers\UserController->auth()
#6 C:\xampp73\htdocs\order_mobil\system\CodeIgniter.php(410): CodeIgniter\CodeIgniter->runController(Object(App\Controllers\UserController))
#7 C:\xampp73\htdocs\order_mobil\system\CodeIgniter.php(318): CodeIgniter\CodeIgniter->handleRequest(NULL, Object(Config\Cache), false)
#8 C:\xampp73\htdocs\order_mobil\public\index.php(37): CodeIgniter\CodeIgniter->run()
#9 {main}
CRITICAL - 2022-07-17 23:14:20 --> Uncaught ErrorException: print_r(): Property access is not allowed yet in C:\xampp73\htdocs\order_mobil\app\Views\errors\html\error_exception.php:96
Stack trace:
#0 [internal function]: CodeIgniter\Debug\Exceptions->errorHandler(2, 'print_r(): Prop...', 'C:\\xampp73\\htdo...', 96, Array)
#1 C:\xampp73\htdocs\order_mobil\app\Views\errors\html\error_exception.php(96): print_r(Object(App\Controllers\UserController), true)
#2 C:\xampp73\htdocs\order_mobil\system\Debug\Exceptions.php(229): include('C:\\xampp73\\htdo...')
#3 C:\xampp73\htdocs\order_mobil\system\Debug\Exceptions.php(232): CodeIgniter\Debug\Exceptions->CodeIgniter\Debug\{closure}()
#4 C:\xampp73\htdocs\order_mobil\system\Debug\Exceptions.php(116): CodeIgniter\Debug\Exceptions->render(Object(CodeIgniter\Database\Exceptions\DatabaseException), 500)
#5 [internal function]: CodeIgniter\Debug\Exceptions->exceptionHandler(Object(CodeIgniter\Database\Exceptions\DatabaseException))
#6 {main}
  thrown
#0 [internal function]: CodeIgniter\Debug\Exceptions->shutdownHandler()
#1 {main}
ERROR - 2022-07-17 23:38:04 --> Error connecting to the database: Unknown database 'bcas_mobil'
CRITICAL - 2022-07-17 23:38:04 --> Unable to connect to the database.
Main connection [MySQLi]: Unknown database 'bcas_mobil'
#0 C:\xampp73\htdocs\order_mobil\system\Database\BaseConnection.php(577): CodeIgniter\Database\BaseConnection->initialize()
#1 C:\xampp73\htdocs\order_mobil\system\Database\BaseBuilder.php(1443): CodeIgniter\Database\BaseConnection->query('SELECT *\nFROM `...', Array, false)
#2 C:\xampp73\htdocs\order_mobil\system\Model.php(210): CodeIgniter\Database\BaseBuilder->get()
#3 C:\xampp73\htdocs\order_mobil\system\BaseModel.php(622): CodeIgniter\Model->doFirst()
#4 C:\xampp73\htdocs\order_mobil\app\Controllers\UserController.php(141): CodeIgniter\BaseModel->first()
#5 C:\xampp73\htdocs\order_mobil\system\CodeIgniter.php(824): App\Controllers\UserController->auth()
#6 C:\xampp73\htdocs\order_mobil\system\CodeIgniter.php(410): CodeIgniter\CodeIgniter->runController(Object(App\Controllers\UserController))
#7 C:\xampp73\htdocs\order_mobil\system\CodeIgniter.php(318): CodeIgniter\CodeIgniter->handleRequest(NULL, Object(Config\Cache), false)
#8 C:\xampp73\htdocs\order_mobil\public\index.php(37): CodeIgniter\CodeIgniter->run()
#9 {main}
CRITICAL - 2022-07-17 23:38:04 --> Uncaught ErrorException: print_r(): Property access is not allowed yet in C:\xampp73\htdocs\order_mobil\app\Views\errors\html\error_exception.php:96
Stack trace:
#0 [internal function]: CodeIgniter\Debug\Exceptions->errorHandler(2, 'print_r(): Prop...', 'C:\\xampp73\\htdo...', 96, Array)
#1 C:\xampp73\htdocs\order_mobil\app\Views\errors\html\error_exception.php(96): print_r(Object(App\Controllers\UserController), true)
#2 C:\xampp73\htdocs\order_mobil\system\Debug\Exceptions.php(229): include('C:\\xampp73\\htdo...')
#3 C:\xampp73\htdocs\order_mobil\system\Debug\Exceptions.php(232): CodeIgniter\Debug\Exceptions->CodeIgniter\Debug\{closure}()
#4 C:\xampp73\htdocs\order_mobil\system\Debug\Exceptions.php(116): CodeIgniter\Debug\Exceptions->render(Object(CodeIgniter\Database\Exceptions\DatabaseException), 500)
#5 [internal function]: CodeIgniter\Debug\Exceptions->exceptionHandler(Object(CodeIgniter\Database\Exceptions\DatabaseException))
#6 {main}
  thrown
#0 [internal function]: CodeIgniter\Debug\Exceptions->shutdownHandler()
#1 {main}
ERROR - 2022-07-17 23:38:12 --> Error connecting to the database: Unknown database 'bcas_mobil'
CRITICAL - 2022-07-17 23:38:12 --> Unable to connect to the database.
Main connection [MySQLi]: Unknown database 'bcas_mobil'
#0 C:\xampp73\htdocs\order_mobil\system\Database\BaseConnection.php(577): CodeIgniter\Database\BaseConnection->initialize()
#1 C:\xampp73\htdocs\order_mobil\system\Database\BaseBuilder.php(1443): CodeIgniter\Database\BaseConnection->query('SELECT *\nFROM `...', Array, false)
#2 C:\xampp73\htdocs\order_mobil\system\Model.php(210): CodeIgniter\Database\BaseBuilder->get()
#3 C:\xampp73\htdocs\order_mobil\system\BaseModel.php(622): CodeIgniter\Model->doFirst()
#4 C:\xampp73\htdocs\order_mobil\app\Controllers\UserController.php(141): CodeIgniter\BaseModel->first()
#5 C:\xampp73\htdocs\order_mobil\system\CodeIgniter.php(824): App\Controllers\UserController->auth()
#6 C:\xampp73\htdocs\order_mobil\system\CodeIgniter.php(410): CodeIgniter\CodeIgniter->runController(Object(App\Controllers\UserController))
#7 C:\xampp73\htdocs\order_mobil\system\CodeIgniter.php(318): CodeIgniter\CodeIgniter->handleRequest(NULL, Object(Config\Cache), false)
#8 C:\xampp73\htdocs\order_mobil\public\index.php(37): CodeIgniter\CodeIgniter->run()
#9 {main}
CRITICAL - 2022-07-17 23:38:12 --> Uncaught ErrorException: print_r(): Property access is not allowed yet in C:\xampp73\htdocs\order_mobil\app\Views\errors\html\error_exception.php:96
Stack trace:
#0 [internal function]: CodeIgniter\Debug\Exceptions->errorHandler(2, 'print_r(): Prop...', 'C:\\xampp73\\htdo...', 96, Array)
#1 C:\xampp73\htdocs\order_mobil\app\Views\errors\html\error_exception.php(96): print_r(Object(App\Controllers\UserController), true)
#2 C:\xampp73\htdocs\order_mobil\system\Debug\Exceptions.php(229): include('C:\\xampp73\\htdo...')
#3 C:\xampp73\htdocs\order_mobil\system\Debug\Exceptions.php(232): CodeIgniter\Debug\Exceptions->CodeIgniter\Debug\{closure}()
#4 C:\xampp73\htdocs\order_mobil\system\Debug\Exceptions.php(116): CodeIgniter\Debug\Exceptions->render(Object(CodeIgniter\Database\Exceptions\DatabaseException), 500)
#5 [internal function]: CodeIgniter\Debug\Exceptions->exceptionHandler(Object(CodeIgniter\Database\Exceptions\DatabaseException))
#6 {main}
  thrown
#0 [internal function]: CodeIgniter\Debug\Exceptions->shutdownHandler()
#1 {main}
ERROR - 2022-07-17 23:40:29 --> Error connecting to the database: Unknown database 'bcas_mobil'
CRITICAL - 2022-07-17 23:40:29 --> Unable to connect to the database.
Main connection [MySQLi]: Unknown database 'bcas_mobil'
#0 C:\xampp73\htdocs\order_mobil\system\Database\BaseConnection.php(577): CodeIgniter\Database\BaseConnection->initialize()
#1 C:\xampp73\htdocs\order_mobil\system\Database\BaseBuilder.php(1443): CodeIgniter\Database\BaseConnection->query('SELECT *\nFROM `...', Array, false)
#2 C:\xampp73\htdocs\order_mobil\system\Model.php(210): CodeIgniter\Database\BaseBuilder->get()
#3 C:\xampp73\htdocs\order_mobil\system\BaseModel.php(622): CodeIgniter\Model->doFirst()
#4 C:\xampp73\htdocs\order_mobil\app\Controllers\UserController.php(141): CodeIgniter\BaseModel->first()
#5 C:\xampp73\htdocs\order_mobil\system\CodeIgniter.php(824): App\Controllers\UserController->auth()
#6 C:\xampp73\htdocs\order_mobil\system\CodeIgniter.php(410): CodeIgniter\CodeIgniter->runController(Object(App\Controllers\UserController))
#7 C:\xampp73\htdocs\order_mobil\system\CodeIgniter.php(318): CodeIgniter\CodeIgniter->handleRequest(NULL, Object(Config\Cache), false)
#8 C:\xampp73\htdocs\order_mobil\public\index.php(37): CodeIgniter\CodeIgniter->run()
#9 {main}
CRITICAL - 2022-07-17 23:40:29 --> Uncaught ErrorException: print_r(): Property access is not allowed yet in C:\xampp73\htdocs\order_mobil\app\Views\errors\html\error_exception.php:96
Stack trace:
#0 [internal function]: CodeIgniter\Debug\Exceptions->errorHandler(2, 'print_r(): Prop...', 'C:\\xampp73\\htdo...', 96, Array)
#1 C:\xampp73\htdocs\order_mobil\app\Views\errors\html\error_exception.php(96): print_r(Object(App\Controllers\UserController), true)
#2 C:\xampp73\htdocs\order_mobil\system\Debug\Exceptions.php(229): include('C:\\xampp73\\htdo...')
#3 C:\xampp73\htdocs\order_mobil\system\Debug\Exceptions.php(232): CodeIgniter\Debug\Exceptions->CodeIgniter\Debug\{closure}()
#4 C:\xampp73\htdocs\order_mobil\system\Debug\Exceptions.php(116): CodeIgniter\Debug\Exceptions->render(Object(CodeIgniter\Database\Exceptions\DatabaseException), 500)
#5 [internal function]: CodeIgniter\Debug\Exceptions->exceptionHandler(Object(CodeIgniter\Database\Exceptions\DatabaseException))
#6 {main}
  thrown
#0 [internal function]: CodeIgniter\Debug\Exceptions->shutdownHandler()
#1 {main}
ERROR - 2022-07-17 23:41:24 --> Error connecting to the database: Unknown database 'bcas_mobil'
CRITICAL - 2022-07-17 23:41:24 --> Unable to connect to the database.
Main connection [MySQLi]: Unknown database 'bcas_mobil'
#0 C:\xampp73\htdocs\order_mobil\system\Database\BaseConnection.php(577): CodeIgniter\Database\BaseConnection->initialize()
#1 C:\xampp73\htdocs\order_mobil\system\Database\BaseBuilder.php(1443): CodeIgniter\Database\BaseConnection->query('SELECT *\nFROM `...', Array, false)
#2 C:\xampp73\htdocs\order_mobil\system\Model.php(210): CodeIgniter\Database\BaseBuilder->get()
#3 C:\xampp73\htdocs\order_mobil\system\BaseModel.php(622): CodeIgniter\Model->doFirst()
#4 C:\xampp73\htdocs\order_mobil\app\Controllers\UserController.php(141): CodeIgniter\BaseModel->first()
#5 C:\xampp73\htdocs\order_mobil\system\CodeIgniter.php(824): App\Controllers\UserController->auth()
#6 C:\xampp73\htdocs\order_mobil\system\CodeIgniter.php(410): CodeIgniter\CodeIgniter->runController(Object(App\Controllers\UserController))
#7 C:\xampp73\htdocs\order_mobil\system\CodeIgniter.php(318): CodeIgniter\CodeIgniter->handleRequest(NULL, Object(Config\Cache), false)
#8 C:\xampp73\htdocs\order_mobil\public\index.php(37): CodeIgniter\CodeIgniter->run()
#9 {main}
CRITICAL - 2022-07-17 23:41:24 --> Uncaught ErrorException: print_r(): Property access is not allowed yet in C:\xampp73\htdocs\order_mobil\app\Views\errors\html\error_exception.php:96
Stack trace:
#0 [internal function]: CodeIgniter\Debug\Exceptions->errorHandler(2, 'print_r(): Prop...', 'C:\\xampp73\\htdo...', 96, Array)
#1 C:\xampp73\htdocs\order_mobil\app\Views\errors\html\error_exception.php(96): print_r(Object(App\Controllers\UserController), true)
#2 C:\xampp73\htdocs\order_mobil\system\Debug\Exceptions.php(229): include('C:\\xampp73\\htdo...')
#3 C:\xampp73\htdocs\order_mobil\system\Debug\Exceptions.php(232): CodeIgniter\Debug\Exceptions->CodeIgniter\Debug\{closure}()
#4 C:\xampp73\htdocs\order_mobil\system\Debug\Exceptions.php(116): CodeIgniter\Debug\Exceptions->render(Object(CodeIgniter\Database\Exceptions\DatabaseException), 500)
#5 [internal function]: CodeIgniter\Debug\Exceptions->exceptionHandler(Object(CodeIgniter\Database\Exceptions\DatabaseException))
#6 {main}
  thrown
#0 [internal function]: CodeIgniter\Debug\Exceptions->shutdownHandler()
#1 {main}
ERROR - 2022-07-17 23:42:12 --> Error connecting to the database: Unknown database 'bcas_mobil'
CRITICAL - 2022-07-17 23:42:12 --> Unable to connect to the database.
Main connection [MySQLi]: Unknown database 'bcas_mobil'
#0 C:\xampp73\htdocs\order_mobil\system\Database\BaseConnection.php(577): CodeIgniter\Database\BaseConnection->initialize()
#1 C:\xampp73\htdocs\order_mobil\system\Database\BaseBuilder.php(1443): CodeIgniter\Database\BaseConnection->query('SELECT 1\nFROM `...', Array, false)
#2 C:\xampp73\htdocs\order_mobil\system\Validation\Rules.php(161): CodeIgniter\Database\BaseBuilder->get()
#3 C:\xampp73\htdocs\order_mobil\system\Validation\Validation.php(277): CodeIgniter\Validation\Rules->is_unique('gita.refina1@gm...', 'email', Array, NULL)
#4 C:\xampp73\htdocs\order_mobil\system\Validation\Validation.php(151): CodeIgniter\Validation\Validation->processRules('email', 'email', 'gita.refina1@gm...', Array, Array)
#5 C:\xampp73\htdocs\order_mobil\system\Controller.php(160): CodeIgniter\Validation\Validation->run()
#6 C:\xampp73\htdocs\order_mobil\app\Controllers\UserController.php(107): CodeIgniter\Controller->validate(Array)
#7 C:\xampp73\htdocs\order_mobil\system\CodeIgniter.php(824): App\Controllers\UserController->authregister()
#8 C:\xampp73\htdocs\order_mobil\system\CodeIgniter.php(410): CodeIgniter\CodeIgniter->runController(Object(App\Controllers\UserController))
#9 C:\xampp73\htdocs\order_mobil\system\CodeIgniter.php(318): CodeIgniter\CodeIgniter->handleRequest(NULL, Object(Config\Cache), false)
#10 C:\xampp73\htdocs\order_mobil\public\index.php(37): CodeIgniter\CodeIgniter->run()
#11 {main}
CRITICAL - 2022-07-17 23:42:12 --> Uncaught ErrorException: print_r(): Property access is not allowed yet in C:\xampp73\htdocs\order_mobil\app\Views\errors\html\error_exception.php:96
Stack trace:
#0 [internal function]: CodeIgniter\Debug\Exceptions->errorHandler(2, 'print_r(): Prop...', 'C:\\xampp73\\htdo...', 96, Array)
#1 C:\xampp73\htdocs\order_mobil\app\Views\errors\html\error_exception.php(96): print_r(Object(App\Controllers\UserController), true)
#2 C:\xampp73\htdocs\order_mobil\system\Debug\Exceptions.php(229): include('C:\\xampp73\\htdo...')
#3 C:\xampp73\htdocs\order_mobil\system\Debug\Exceptions.php(232): CodeIgniter\Debug\Exceptions->CodeIgniter\Debug\{closure}()
#4 C:\xampp73\htdocs\order_mobil\system\Debug\Exceptions.php(116): CodeIgniter\Debug\Exceptions->render(Object(CodeIgniter\Database\Exceptions\DatabaseException), 500)
#5 [internal function]: CodeIgniter\Debug\Exceptions->exceptionHandler(Object(CodeIgniter\Database\Exceptions\DatabaseException))
#6 {main}
  thrown
#0 [internal function]: CodeIgniter\Debug\Exceptions->shutdownHandler()
#1 {main}
ERROR - 2022-07-17 23:48:51 --> Error connecting to the database: Unknown database 'bcas_mobil'
CRITICAL - 2022-07-17 23:48:51 --> Unable to connect to the database.
Main connection [MySQLi]: Unknown database 'bcas_mobil'
#0 C:\xampp73\htdocs\order_mobil\system\Database\BaseConnection.php(577): CodeIgniter\Database\BaseConnection->initialize()
#1 C:\xampp73\htdocs\order_mobil\system\Database\BaseBuilder.php(1443): CodeIgniter\Database\BaseConnection->query('SELECT *\nFROM `...', Array, false)
#2 C:\xampp73\htdocs\order_mobil\system\Model.php(210): CodeIgniter\Database\BaseBuilder->get()
#3 C:\xampp73\htdocs\order_mobil\system\BaseModel.php(622): CodeIgniter\Model->doFirst()
#4 C:\xampp73\htdocs\order_mobil\app\Controllers\UserController.php(141): CodeIgniter\BaseModel->first()
#5 C:\xampp73\htdocs\order_mobil\system\CodeIgniter.php(824): App\Controllers\UserController->auth()
#6 C:\xampp73\htdocs\order_mobil\system\CodeIgniter.php(410): CodeIgniter\CodeIgniter->runController(Object(App\Controllers\UserController))
#7 C:\xampp73\htdocs\order_mobil\system\CodeIgniter.php(318): CodeIgniter\CodeIgniter->handleRequest(NULL, Object(Config\Cache), false)
#8 C:\xampp73\htdocs\order_mobil\public\index.php(37): CodeIgniter\CodeIgniter->run()
#9 {main}
CRITICAL - 2022-07-17 23:48:51 --> Uncaught ErrorException: print_r(): Property access is not allowed yet in C:\xampp73\htdocs\order_mobil\app\Views\errors\html\error_exception.php:96
Stack trace:
#0 [internal function]: CodeIgniter\Debug\Exceptions->errorHandler(2, 'print_r(): Prop...', 'C:\\xampp73\\htdo...', 96, Array)
#1 C:\xampp73\htdocs\order_mobil\app\Views\errors\html\error_exception.php(96): print_r(Object(App\Controllers\UserController), true)
#2 C:\xampp73\htdocs\order_mobil\system\Debug\Exceptions.php(229): include('C:\\xampp73\\htdo...')
#3 C:\xampp73\htdocs\order_mobil\system\Debug\Exceptions.php(232): CodeIgniter\Debug\Exceptions->CodeIgniter\Debug\{closure}()
#4 C:\xampp73\htdocs\order_mobil\system\Debug\Exceptions.php(116): CodeIgniter\Debug\Exceptions->render(Object(CodeIgniter\Database\Exceptions\DatabaseException), 500)
#5 [internal function]: CodeIgniter\Debug\Exceptions->exceptionHandler(Object(CodeIgniter\Database\Exceptions\DatabaseException))
#6 {main}
  thrown
#0 [internal function]: CodeIgniter\Debug\Exceptions->shutdownHandler()
#1 {main}
ERROR - 2022-07-17 23:55:31 --> Error connecting to the database: Unknown database 'bcas_mobil'
CRITICAL - 2022-07-17 23:55:31 --> Unable to connect to the database.
Main connection [MySQLi]: Unknown database 'bcas_mobil'
#0 C:\xampp73\htdocs\order_mobil\system\Database\BaseConnection.php(577): CodeIgniter\Database\BaseConnection->initialize()
#1 C:\xampp73\htdocs\order_mobil\system\Database\BaseBuilder.php(1443): CodeIgniter\Database\BaseConnection->query('SELECT *\nFROM `...', Array, false)
#2 C:\xampp73\htdocs\order_mobil\system\Model.php(210): CodeIgniter\Database\BaseBuilder->get()
#3 C:\xampp73\htdocs\order_mobil\system\BaseModel.php(622): CodeIgniter\Model->doFirst()
#4 C:\xampp73\htdocs\order_mobil\app\Controllers\UserController.php(141): CodeIgniter\BaseModel->first()
#5 C:\xampp73\htdocs\order_mobil\system\CodeIgniter.php(824): App\Controllers\UserController->auth()
#6 C:\xampp73\htdocs\order_mobil\system\CodeIgniter.php(410): CodeIgniter\CodeIgniter->runController(Object(App\Controllers\UserController))
#7 C:\xampp73\htdocs\order_mobil\system\CodeIgniter.php(318): CodeIgniter\CodeIgniter->handleRequest(NULL, Object(Config\Cache), false)
#8 C:\xampp73\htdocs\order_mobil\index.php(37): CodeIgniter\CodeIgniter->run()
#9 {main}
CRITICAL - 2022-07-17 23:55:31 --> Uncaught ErrorException: print_r(): Property access is not allowed yet in C:\xampp73\htdocs\order_mobil\app\Views\errors\html\error_exception.php:96
Stack trace:
#0 [internal function]: CodeIgniter\Debug\Exceptions->errorHandler(2, 'print_r(): Prop...', 'C:\\xampp73\\htdo...', 96, Array)
#1 C:\xampp73\htdocs\order_mobil\app\Views\errors\html\error_exception.php(96): print_r(Object(App\Controllers\UserController), true)
#2 C:\xampp73\htdocs\order_mobil\system\Debug\Exceptions.php(229): include('C:\\xampp73\\htdo...')
#3 C:\xampp73\htdocs\order_mobil\system\Debug\Exceptions.php(232): CodeIgniter\Debug\Exceptions->CodeIgniter\Debug\{closure}()
#4 C:\xampp73\htdocs\order_mobil\system\Debug\Exceptions.php(116): CodeIgniter\Debug\Exceptions->render(Object(CodeIgniter\Database\Exceptions\DatabaseException), 500)
#5 [internal function]: CodeIgniter\Debug\Exceptions->exceptionHandler(Object(CodeIgniter\Database\Exceptions\DatabaseException))
#6 {main}
  thrown
#0 [internal function]: CodeIgniter\Debug\Exceptions->shutdownHandler()
#1 {main}
ERROR - 2022-07-17 23:56:40 --> Error connecting to the database: Unknown database 'bcas_mobil'
CRITICAL - 2022-07-17 23:56:40 --> Unable to connect to the database.
Main connection [MySQLi]: Unknown database 'bcas_mobil'
#0 C:\xampp73\htdocs\order_mobil\system\Database\BaseConnection.php(577): CodeIgniter\Database\BaseConnection->initialize()
#1 C:\xampp73\htdocs\order_mobil\system\Database\BaseBuilder.php(1443): CodeIgniter\Database\BaseConnection->query('SELECT *\nFROM `...', Array, false)
#2 C:\xampp73\htdocs\order_mobil\system\Model.php(210): CodeIgniter\Database\BaseBuilder->get()
#3 C:\xampp73\htdocs\order_mobil\system\BaseModel.php(622): CodeIgniter\Model->doFirst()
#4 C:\xampp73\htdocs\order_mobil\app\Controllers\UserController.php(141): CodeIgniter\BaseModel->first()
#5 C:\xampp73\htdocs\order_mobil\system\CodeIgniter.php(824): App\Controllers\UserController->auth()
#6 C:\xampp73\htdocs\order_mobil\system\CodeIgniter.php(410): CodeIgniter\CodeIgniter->runController(Object(App\Controllers\UserController))
#7 C:\xampp73\htdocs\order_mobil\system\CodeIgniter.php(318): CodeIgniter\CodeIgniter->handleRequest(NULL, Object(Config\Cache), false)
#8 C:\xampp73\htdocs\order_mobil\index.php(37): CodeIgniter\CodeIgniter->run()
#9 {main}
CRITICAL - 2022-07-17 23:56:40 --> Uncaught ErrorException: print_r(): Property access is not allowed yet in C:\xampp73\htdocs\order_mobil\app\Views\errors\html\error_exception.php:96
Stack trace:
#0 [internal function]: CodeIgniter\Debug\Exceptions->errorHandler(2, 'print_r(): Prop...', 'C:\\xampp73\\htdo...', 96, Array)
#1 C:\xampp73\htdocs\order_mobil\app\Views\errors\html\error_exception.php(96): print_r(Object(App\Controllers\UserController), true)
#2 C:\xampp73\htdocs\order_mobil\system\Debug\Exceptions.php(229): include('C:\\xampp73\\htdo...')
#3 C:\xampp73\htdocs\order_mobil\system\Debug\Exceptions.php(232): CodeIgniter\Debug\Exceptions->CodeIgniter\Debug\{closure}()
#4 C:\xampp73\htdocs\order_mobil\system\Debug\Exceptions.php(116): CodeIgniter\Debug\Exceptions->render(Object(CodeIgniter\Database\Exceptions\DatabaseException), 500)
#5 [internal function]: CodeIgniter\Debug\Exceptions->exceptionHandler(Object(CodeIgniter\Database\Exceptions\DatabaseException))
#6 {main}
  thrown
#0 [internal function]: CodeIgniter\Debug\Exceptions->shutdownHandler()
#1 {main}
ERROR - 2022-07-17 23:59:07 --> Error connecting to the database: Unknown database 'bcas_mobil'
CRITICAL - 2022-07-17 23:59:07 --> Unable to connect to the database.
Main connection [MySQLi]: Unknown database 'bcas_mobil'
#0 C:\xampp73\htdocs\order_mobil\system\Database\BaseConnection.php(577): CodeIgniter\Database\BaseConnection->initialize()
#1 C:\xampp73\htdocs\order_mobil\system\Database\BaseBuilder.php(1443): CodeIgniter\Database\BaseConnection->query('SELECT *\nFROM `...', Array, false)
#2 C:\xampp73\htdocs\order_mobil\system\Model.php(210): CodeIgniter\Database\BaseBuilder->get()
#3 C:\xampp73\htdocs\order_mobil\system\BaseModel.php(622): CodeIgniter\Model->doFirst()
#4 C:\xampp73\htdocs\order_mobil\app\Controllers\UserController.php(141): CodeIgniter\BaseModel->first()
#5 C:\xampp73\htdocs\order_mobil\system\CodeIgniter.php(824): App\Controllers\UserController->auth()
#6 C:\xampp73\htdocs\order_mobil\system\CodeIgniter.php(410): CodeIgniter\CodeIgniter->runController(Object(App\Controllers\UserController))
#7 C:\xampp73\htdocs\order_mobil\system\CodeIgniter.php(318): CodeIgniter\CodeIgniter->handleRequest(NULL, Object(Config\Cache), false)
#8 C:\xampp73\htdocs\order_mobil\public\index.php(37): CodeIgniter\CodeIgniter->run()
#9 {main}
CRITICAL - 2022-07-17 23:59:07 --> Uncaught ErrorException: print_r(): Property access is not allowed yet in C:\xampp73\htdocs\order_mobil\app\Views\errors\html\error_exception.php:96
Stack trace:
#0 [internal function]: CodeIgniter\Debug\Exceptions->errorHandler(2, 'print_r(): Prop...', 'C:\\xampp73\\htdo...', 96, Array)
#1 C:\xampp73\htdocs\order_mobil\app\Views\errors\html\error_exception.php(96): print_r(Object(App\Controllers\UserController), true)
#2 C:\xampp73\htdocs\order_mobil\system\Debug\Exceptions.php(229): include('C:\\xampp73\\htdo...')
#3 C:\xampp73\htdocs\order_mobil\system\Debug\Exceptions.php(232): CodeIgniter\Debug\Exceptions->CodeIgniter\Debug\{closure}()
#4 C:\xampp73\htdocs\order_mobil\system\Debug\Exceptions.php(116): CodeIgniter\Debug\Exceptions->render(Object(CodeIgniter\Database\Exceptions\DatabaseException), 500)
#5 [internal function]: CodeIgniter\Debug\Exceptions->exceptionHandler(Object(CodeIgniter\Database\Exceptions\DatabaseException))
#6 {main}
  thrown
#0 [internal function]: CodeIgniter\Debug\Exceptions->shutdownHandler()
#1 {main}
