CRITICAL - 2022-02-18 00:01:59 --> Too few arguments to function App\Controllers\DriverController::insert_status(), 0 passed in C:\xampp\htdocs\ci2\system\CodeIgniter.php on line 824 and exactly 1 expected
#0 C:\xampp\htdocs\ci2\system\CodeIgniter.php(824): App\Controllers\DriverController->insert_status()
#1 C:\xampp\htdocs\ci2\system\CodeIgniter.php(410): CodeIgniter\CodeIgniter->runController(Object(App\Controllers\DriverController))
#2 C:\xampp\htdocs\ci2\system\CodeIgniter.php(318): CodeIgniter\CodeIgniter->handleRequest(NULL, Object(Config\Cache), false)
#3 C:\xampp\htdocs\ci2\public\index.php(37): CodeIgniter\CodeIgniter->run()
#4 {main}
CRITICAL - 2022-02-18 06:54:48 --> Too few arguments to function App\Controllers\DriverController::insert_status(), 0 passed in C:\xampp\htdocs\ci2\system\CodeIgniter.php on line 824 and exactly 1 expected
#0 C:\xampp\htdocs\ci2\system\CodeIgniter.php(824): App\Controllers\DriverController->insert_status()
#1 C:\xampp\htdocs\ci2\system\CodeIgniter.php(410): CodeIgniter\CodeIgniter->runController(Object(App\Controllers\DriverController))
#2 C:\xampp\htdocs\ci2\system\CodeIgniter.php(318): CodeIgniter\CodeIgniter->handleRequest(NULL, Object(Config\Cache), false)
#3 C:\xampp\htdocs\ci2\public\index.php(37): CodeIgniter\CodeIgniter->run()
#4 {main}
CRITICAL - 2022-02-18 07:00:37 --> Too few arguments to function App\Controllers\DriverController::insert_status(), 0 passed in C:\xampp\htdocs\ci2\system\CodeIgniter.php on line 824 and exactly 1 expected
#0 C:\xampp\htdocs\ci2\system\CodeIgniter.php(824): App\Controllers\DriverController->insert_status()
#1 C:\xampp\htdocs\ci2\system\CodeIgniter.php(410): CodeIgniter\CodeIgniter->runController(Object(App\Controllers\DriverController))
#2 C:\xampp\htdocs\ci2\system\CodeIgniter.php(318): CodeIgniter\CodeIgniter->handleRequest(NULL, Object(Config\Cache), false)
#3 C:\xampp\htdocs\ci2\public\index.php(37): CodeIgniter\CodeIgniter->run()
#4 {main}
CRITICAL - 2022-02-18 07:05:33 --> Too few arguments to function App\Controllers\DriverController::insert_status(), 0 passed in C:\xampp\htdocs\ci2\system\CodeIgniter.php on line 824 and exactly 1 expected
#0 C:\xampp\htdocs\ci2\system\CodeIgniter.php(824): App\Controllers\DriverController->insert_status()
#1 C:\xampp\htdocs\ci2\system\CodeIgniter.php(410): CodeIgniter\CodeIgniter->runController(Object(App\Controllers\DriverController))
#2 C:\xampp\htdocs\ci2\system\CodeIgniter.php(318): CodeIgniter\CodeIgniter->handleRequest(NULL, Object(Config\Cache), false)
#3 C:\xampp\htdocs\ci2\public\index.php(37): CodeIgniter\CodeIgniter->run()
#4 {main}
CRITICAL - 2022-02-18 07:08:53 --> Too few arguments to function App\Controllers\DriverController::insert_status(), 0 passed in C:\xampp\htdocs\ci2\system\CodeIgniter.php on line 824 and exactly 1 expected
#0 C:\xampp\htdocs\ci2\system\CodeIgniter.php(824): App\Controllers\DriverController->insert_status()
#1 C:\xampp\htdocs\ci2\system\CodeIgniter.php(410): CodeIgniter\CodeIgniter->runController(Object(App\Controllers\DriverController))
#2 C:\xampp\htdocs\ci2\system\CodeIgniter.php(318): CodeIgniter\CodeIgniter->handleRequest(NULL, Object(Config\Cache), false)
#3 C:\xampp\htdocs\ci2\public\index.php(37): CodeIgniter\CodeIgniter->run()
#4 {main}
CRITICAL - 2022-02-18 07:09:33 --> Too few arguments to function App\Controllers\DriverController::insert_status(), 0 passed in C:\xampp\htdocs\ci2\system\CodeIgniter.php on line 824 and exactly 1 expected
#0 C:\xampp\htdocs\ci2\system\CodeIgniter.php(824): App\Controllers\DriverController->insert_status()
#1 C:\xampp\htdocs\ci2\system\CodeIgniter.php(410): CodeIgniter\CodeIgniter->runController(Object(App\Controllers\DriverController))
#2 C:\xampp\htdocs\ci2\system\CodeIgniter.php(318): CodeIgniter\CodeIgniter->handleRequest(NULL, Object(Config\Cache), false)
#3 C:\xampp\htdocs\ci2\public\index.php(37): CodeIgniter\CodeIgniter->run()
#4 {main}
