CRITICAL - 2022-05-30 01:38:47 --> Call to undefined function adminLogin()
#0 C:\xampp\htdocs\ci2\system\View\View.php(214): include()
#1 C:\xampp\htdocs\ci2\system\View\View.php(217): CodeIgniter\View\View->CodeIgniter\View\{closure}()
#2 C:\xampp\htdocs\ci2\system\View\View.php(432): CodeIgniter\View\View->render('layouts/compone...', NULL, true)
#3 C:\xampp\htdocs\ci2\app\Views\layouts\admin.php(29): CodeIgniter\View\View->include('layouts/compone...')
#4 C:\xampp\htdocs\ci2\system\View\View.php(214): include('C:\\xampp\\htdocs...')
#5 C:\xampp\htdocs\ci2\system\View\View.php(217): CodeIgniter\View\View->CodeIgniter\View\{closure}()
#6 C:\xampp\htdocs\ci2\system\View\View.php(230): CodeIgniter\View\View->render('layouts/admin', Array, true)
#7 C:\xampp\htdocs\ci2\system\Common.php(1097): CodeIgniter\View\View->render('dashboard', Array, true)
#8 C:\xampp\htdocs\ci2\app\Controllers\Home.php(24): view('dashboard')
#9 C:\xampp\htdocs\ci2\system\CodeIgniter.php(824): App\Controllers\Home->dashboard()
#10 C:\xampp\htdocs\ci2\system\CodeIgniter.php(410): CodeIgniter\CodeIgniter->runController(Object(App\Controllers\Home))
#11 C:\xampp\htdocs\ci2\system\CodeIgniter.php(318): CodeIgniter\CodeIgniter->handleRequest(NULL, Object(Config\Cache), false)
#12 C:\xampp\htdocs\ci2\public\index.php(37): CodeIgniter\CodeIgniter->run()
#13 {main}
CRITICAL - 2022-05-30 01:41:57 --> Call to undefined function adminLogin()
#0 C:\xampp\htdocs\ci2\system\View\View.php(214): include()
#1 C:\xampp\htdocs\ci2\system\View\View.php(217): CodeIgniter\View\View->CodeIgniter\View\{closure}()
#2 C:\xampp\htdocs\ci2\system\View\View.php(432): CodeIgniter\View\View->render('layouts/compone...', NULL, true)
#3 C:\xampp\htdocs\ci2\app\Views\layouts\admin.php(29): CodeIgniter\View\View->include('layouts/compone...')
#4 C:\xampp\htdocs\ci2\system\View\View.php(214): include('C:\\xampp\\htdocs...')
#5 C:\xampp\htdocs\ci2\system\View\View.php(217): CodeIgniter\View\View->CodeIgniter\View\{closure}()
#6 C:\xampp\htdocs\ci2\system\View\View.php(230): CodeIgniter\View\View->render('layouts/admin', Array, true)
#7 C:\xampp\htdocs\ci2\system\Common.php(1097): CodeIgniter\View\View->render('dashboard', Array, true)
#8 C:\xampp\htdocs\ci2\app\Controllers\Home.php(24): view('dashboard')
#9 C:\xampp\htdocs\ci2\system\CodeIgniter.php(824): App\Controllers\Home->dashboard()
#10 C:\xampp\htdocs\ci2\system\CodeIgniter.php(410): CodeIgniter\CodeIgniter->runController(Object(App\Controllers\Home))
#11 C:\xampp\htdocs\ci2\system\CodeIgniter.php(318): CodeIgniter\CodeIgniter->handleRequest(NULL, Object(Config\Cache), false)
#12 C:\xampp\htdocs\ci2\public\index.php(37): CodeIgniter\CodeIgniter->run()
#13 {main}
CRITICAL - 2022-05-30 01:42:38 --> Call to undefined function adminLogin()
#0 C:\xampp\htdocs\ci2\system\View\View.php(214): include()
#1 C:\xampp\htdocs\ci2\system\View\View.php(217): CodeIgniter\View\View->CodeIgniter\View\{closure}()
#2 C:\xampp\htdocs\ci2\system\View\View.php(432): CodeIgniter\View\View->render('layouts/compone...', NULL, true)
#3 C:\xampp\htdocs\ci2\app\Views\layouts\admin.php(29): CodeIgniter\View\View->include('layouts/compone...')
#4 C:\xampp\htdocs\ci2\system\View\View.php(214): include('C:\\xampp\\htdocs...')
#5 C:\xampp\htdocs\ci2\system\View\View.php(217): CodeIgniter\View\View->CodeIgniter\View\{closure}()
#6 C:\xampp\htdocs\ci2\system\View\View.php(230): CodeIgniter\View\View->render('layouts/admin', Array, true)
#7 C:\xampp\htdocs\ci2\system\Common.php(1097): CodeIgniter\View\View->render('dashboard', Array, true)
#8 C:\xampp\htdocs\ci2\app\Controllers\Home.php(24): view('dashboard')
#9 C:\xampp\htdocs\ci2\system\CodeIgniter.php(824): App\Controllers\Home->dashboard()
#10 C:\xampp\htdocs\ci2\system\CodeIgniter.php(410): CodeIgniter\CodeIgniter->runController(Object(App\Controllers\Home))
#11 C:\xampp\htdocs\ci2\system\CodeIgniter.php(318): CodeIgniter\CodeIgniter->handleRequest(NULL, Object(Config\Cache), false)
#12 C:\xampp\htdocs\ci2\public\index.php(37): CodeIgniter\CodeIgniter->run()
#13 {main}
CRITICAL - 2022-05-30 01:43:52 --> Call to undefined function adminLogin()
#0 C:\xampp\htdocs\ci2\system\View\View.php(214): include()
#1 C:\xampp\htdocs\ci2\system\View\View.php(217): CodeIgniter\View\View->CodeIgniter\View\{closure}()
#2 C:\xampp\htdocs\ci2\system\View\View.php(432): CodeIgniter\View\View->render('layouts/compone...', NULL, true)
#3 C:\xampp\htdocs\ci2\app\Views\layouts\admin.php(29): CodeIgniter\View\View->include('layouts/compone...')
#4 C:\xampp\htdocs\ci2\system\View\View.php(214): include('C:\\xampp\\htdocs...')
#5 C:\xampp\htdocs\ci2\system\View\View.php(217): CodeIgniter\View\View->CodeIgniter\View\{closure}()
#6 C:\xampp\htdocs\ci2\system\View\View.php(230): CodeIgniter\View\View->render('layouts/admin', Array, true)
#7 C:\xampp\htdocs\ci2\system\Common.php(1097): CodeIgniter\View\View->render('dashboard', Array, true)
#8 C:\xampp\htdocs\ci2\app\Controllers\Home.php(24): view('dashboard')
#9 C:\xampp\htdocs\ci2\system\CodeIgniter.php(824): App\Controllers\Home->dashboard()
#10 C:\xampp\htdocs\ci2\system\CodeIgniter.php(410): CodeIgniter\CodeIgniter->runController(Object(App\Controllers\Home))
#11 C:\xampp\htdocs\ci2\system\CodeIgniter.php(318): CodeIgniter\CodeIgniter->handleRequest(NULL, Object(Config\Cache), false)
#12 C:\xampp\htdocs\ci2\public\index.php(37): CodeIgniter\CodeIgniter->run()
#13 {main}
CRITICAL - 2022-05-30 01:44:56 --> Call to undefined function adminLogin()
#0 C:\xampp\htdocs\ci2\system\View\View.php(214): include()
#1 C:\xampp\htdocs\ci2\system\View\View.php(217): CodeIgniter\View\View->CodeIgniter\View\{closure}()
#2 C:\xampp\htdocs\ci2\system\View\View.php(432): CodeIgniter\View\View->render('layouts/compone...', NULL, true)
#3 C:\xampp\htdocs\ci2\app\Views\layouts\admin.php(29): CodeIgniter\View\View->include('layouts/compone...')
#4 C:\xampp\htdocs\ci2\system\View\View.php(214): include('C:\\xampp\\htdocs...')
#5 C:\xampp\htdocs\ci2\system\View\View.php(217): CodeIgniter\View\View->CodeIgniter\View\{closure}()
#6 C:\xampp\htdocs\ci2\system\View\View.php(230): CodeIgniter\View\View->render('layouts/admin', Array, true)
#7 C:\xampp\htdocs\ci2\system\Common.php(1097): CodeIgniter\View\View->render('dashboard', Array, true)
#8 C:\xampp\htdocs\ci2\app\Controllers\Home.php(24): view('dashboard')
#9 C:\xampp\htdocs\ci2\system\CodeIgniter.php(824): App\Controllers\Home->dashboard()
#10 C:\xampp\htdocs\ci2\system\CodeIgniter.php(410): CodeIgniter\CodeIgniter->runController(Object(App\Controllers\Home))
#11 C:\xampp\htdocs\ci2\system\CodeIgniter.php(318): CodeIgniter\CodeIgniter->handleRequest(NULL, Object(Config\Cache), false)
#12 C:\xampp\htdocs\ci2\public\index.php(37): CodeIgniter\CodeIgniter->run()
#13 {main}
CRITICAL - 2022-05-30 01:45:29 --> Call to undefined function adminLogin()
#0 C:\xampp\htdocs\ci2\system\View\View.php(214): include()
#1 C:\xampp\htdocs\ci2\system\View\View.php(217): CodeIgniter\View\View->CodeIgniter\View\{closure}()
#2 C:\xampp\htdocs\ci2\system\View\View.php(432): CodeIgniter\View\View->render('layouts/compone...', NULL, true)
#3 C:\xampp\htdocs\ci2\app\Views\layouts\admin.php(29): CodeIgniter\View\View->include('layouts/compone...')
#4 C:\xampp\htdocs\ci2\system\View\View.php(214): include('C:\\xampp\\htdocs...')
#5 C:\xampp\htdocs\ci2\system\View\View.php(217): CodeIgniter\View\View->CodeIgniter\View\{closure}()
#6 C:\xampp\htdocs\ci2\system\View\View.php(230): CodeIgniter\View\View->render('layouts/admin', Array, true)
#7 C:\xampp\htdocs\ci2\system\Common.php(1097): CodeIgniter\View\View->render('dashboard', Array, true)
#8 C:\xampp\htdocs\ci2\app\Controllers\Home.php(24): view('dashboard')
#9 C:\xampp\htdocs\ci2\system\CodeIgniter.php(824): App\Controllers\Home->dashboard()
#10 C:\xampp\htdocs\ci2\system\CodeIgniter.php(410): CodeIgniter\CodeIgniter->runController(Object(App\Controllers\Home))
#11 C:\xampp\htdocs\ci2\system\CodeIgniter.php(318): CodeIgniter\CodeIgniter->handleRequest(NULL, Object(Config\Cache), false)
#12 C:\xampp\htdocs\ci2\public\index.php(37): CodeIgniter\CodeIgniter->run()
#13 {main}
CRITICAL - 2022-05-30 01:47:43 --> Call to undefined function adminLogin()
#0 C:\xampp\htdocs\ci2\system\View\View.php(214): include()
#1 C:\xampp\htdocs\ci2\system\View\View.php(217): CodeIgniter\View\View->CodeIgniter\View\{closure}()
#2 C:\xampp\htdocs\ci2\system\View\View.php(432): CodeIgniter\View\View->render('layouts/compone...', NULL, true)
#3 C:\xampp\htdocs\ci2\app\Views\layouts\admin.php(29): CodeIgniter\View\View->include('layouts/compone...')
#4 C:\xampp\htdocs\ci2\system\View\View.php(214): include('C:\\xampp\\htdocs...')
#5 C:\xampp\htdocs\ci2\system\View\View.php(217): CodeIgniter\View\View->CodeIgniter\View\{closure}()
#6 C:\xampp\htdocs\ci2\system\View\View.php(230): CodeIgniter\View\View->render('layouts/admin', Array, true)
#7 C:\xampp\htdocs\ci2\system\Common.php(1097): CodeIgniter\View\View->render('dashboard', Array, true)
#8 C:\xampp\htdocs\ci2\app\Controllers\Home.php(24): view('dashboard')
#9 C:\xampp\htdocs\ci2\system\CodeIgniter.php(824): App\Controllers\Home->dashboard()
#10 C:\xampp\htdocs\ci2\system\CodeIgniter.php(410): CodeIgniter\CodeIgniter->runController(Object(App\Controllers\Home))
#11 C:\xampp\htdocs\ci2\system\CodeIgniter.php(318): CodeIgniter\CodeIgniter->handleRequest(NULL, Object(Config\Cache), false)
#12 C:\xampp\htdocs\ci2\public\index.php(37): CodeIgniter\CodeIgniter->run()
#13 {main}
CRITICAL - 2022-05-30 01:49:38 --> Call to undefined function adminLogin()
#0 C:\xampp\htdocs\ci2\system\View\View.php(214): include()
#1 C:\xampp\htdocs\ci2\system\View\View.php(217): CodeIgniter\View\View->CodeIgniter\View\{closure}()
#2 C:\xampp\htdocs\ci2\system\View\View.php(432): CodeIgniter\View\View->render('layouts/compone...', NULL, true)
#3 C:\xampp\htdocs\ci2\app\Views\layouts\admin.php(29): CodeIgniter\View\View->include('layouts/compone...')
#4 C:\xampp\htdocs\ci2\system\View\View.php(214): include('C:\\xampp\\htdocs...')
#5 C:\xampp\htdocs\ci2\system\View\View.php(217): CodeIgniter\View\View->CodeIgniter\View\{closure}()
#6 C:\xampp\htdocs\ci2\system\View\View.php(230): CodeIgniter\View\View->render('layouts/admin', Array, true)
#7 C:\xampp\htdocs\ci2\system\Common.php(1097): CodeIgniter\View\View->render('dashboard', Array, true)
#8 C:\xampp\htdocs\ci2\app\Controllers\Home.php(24): view('dashboard')
#9 C:\xampp\htdocs\ci2\system\CodeIgniter.php(824): App\Controllers\Home->dashboard()
#10 C:\xampp\htdocs\ci2\system\CodeIgniter.php(410): CodeIgniter\CodeIgniter->runController(Object(App\Controllers\Home))
#11 C:\xampp\htdocs\ci2\system\CodeIgniter.php(318): CodeIgniter\CodeIgniter->handleRequest(NULL, Object(Config\Cache), false)
#12 C:\xampp\htdocs\ci2\public\index.php(37): CodeIgniter\CodeIgniter->run()
#13 {main}
CRITICAL - 2022-05-30 01:51:59 --> Call to undefined function adminLogin()
#0 C:\xampp\htdocs\ci2\system\View\View.php(214): include()
#1 C:\xampp\htdocs\ci2\system\View\View.php(217): CodeIgniter\View\View->CodeIgniter\View\{closure}()
#2 C:\xampp\htdocs\ci2\system\View\View.php(432): CodeIgniter\View\View->render('layouts/compone...', NULL, true)
#3 C:\xampp\htdocs\ci2\app\Views\layouts\admin.php(29): CodeIgniter\View\View->include('layouts/compone...')
#4 C:\xampp\htdocs\ci2\system\View\View.php(214): include('C:\\xampp\\htdocs...')
#5 C:\xampp\htdocs\ci2\system\View\View.php(217): CodeIgniter\View\View->CodeIgniter\View\{closure}()
#6 C:\xampp\htdocs\ci2\system\View\View.php(230): CodeIgniter\View\View->render('layouts/admin', Array, true)
#7 C:\xampp\htdocs\ci2\system\Common.php(1097): CodeIgniter\View\View->render('dashboard', Array, true)
#8 C:\xampp\htdocs\ci2\app\Controllers\Home.php(24): view('dashboard')
#9 C:\xampp\htdocs\ci2\system\CodeIgniter.php(824): App\Controllers\Home->dashboard()
#10 C:\xampp\htdocs\ci2\system\CodeIgniter.php(410): CodeIgniter\CodeIgniter->runController(Object(App\Controllers\Home))
#11 C:\xampp\htdocs\ci2\system\CodeIgniter.php(318): CodeIgniter\CodeIgniter->handleRequest(NULL, Object(Config\Cache), false)
#12 C:\xampp\htdocs\ci2\public\index.php(37): CodeIgniter\CodeIgniter->run()
#13 {main}
CRITICAL - 2022-05-30 01:53:55 --> Call to undefined function adminLogin()
#0 C:\xampp\htdocs\ci2\system\View\View.php(214): include()
#1 C:\xampp\htdocs\ci2\system\View\View.php(217): CodeIgniter\View\View->CodeIgniter\View\{closure}()
#2 C:\xampp\htdocs\ci2\system\View\View.php(432): CodeIgniter\View\View->render('layouts/compone...', NULL, true)
#3 C:\xampp\htdocs\ci2\app\Views\layouts\admin.php(29): CodeIgniter\View\View->include('layouts/compone...')
#4 C:\xampp\htdocs\ci2\system\View\View.php(214): include('C:\\xampp\\htdocs...')
#5 C:\xampp\htdocs\ci2\system\View\View.php(217): CodeIgniter\View\View->CodeIgniter\View\{closure}()
#6 C:\xampp\htdocs\ci2\system\View\View.php(230): CodeIgniter\View\View->render('layouts/admin', Array, true)
#7 C:\xampp\htdocs\ci2\system\Common.php(1097): CodeIgniter\View\View->render('dashboard', Array, true)
#8 C:\xampp\htdocs\ci2\app\Controllers\Home.php(24): view('dashboard')
#9 C:\xampp\htdocs\ci2\system\CodeIgniter.php(824): App\Controllers\Home->dashboard()
#10 C:\xampp\htdocs\ci2\system\CodeIgniter.php(410): CodeIgniter\CodeIgniter->runController(Object(App\Controllers\Home))
#11 C:\xampp\htdocs\ci2\system\CodeIgniter.php(318): CodeIgniter\CodeIgniter->handleRequest(NULL, Object(Config\Cache), false)
#12 C:\xampp\htdocs\ci2\public\index.php(37): CodeIgniter\CodeIgniter->run()
#13 {main}
