CRITICAL - 2022-05-05 03:14:38 --> Cannot use object of type stdClass as array
#0 C:\xampp\htdocs\ci2\system\CodeIgniter.php(824): App\Controllers\OrderController->post_order()
#1 C:\xampp\htdocs\ci2\system\CodeIgniter.php(410): CodeIgniter\CodeIgniter->runController(Object(App\Controllers\OrderController))
#2 C:\xampp\htdocs\ci2\system\CodeIgniter.php(318): CodeIgniter\CodeIgniter->handleRequest(NULL, Object(Config\Cache), false)
#3 C:\xampp\htdocs\ci2\public\index.php(37): CodeIgniter\CodeIgniter->run()
#4 {main}
CRITICAL - 2022-05-05 03:16:28 --> Cannot use object of type stdClass as array
#0 C:\xampp\htdocs\ci2\system\CodeIgniter.php(824): App\Controllers\OrderController->post_order()
#1 C:\xampp\htdocs\ci2\system\CodeIgniter.php(410): CodeIgniter\CodeIgniter->runController(Object(App\Controllers\OrderController))
#2 C:\xampp\htdocs\ci2\system\CodeIgniter.php(318): CodeIgniter\CodeIgniter->handleRequest(NULL, Object(Config\Cache), false)
#3 C:\xampp\htdocs\ci2\public\index.php(37): CodeIgniter\CodeIgniter->run()
#4 {main}
CRITICAL - 2022-05-05 03:17:53 --> Cannot use object of type stdClass as array
#0 C:\xampp\htdocs\ci2\system\CodeIgniter.php(824): App\Controllers\OrderController->post_order()
#1 C:\xampp\htdocs\ci2\system\CodeIgniter.php(410): CodeIgniter\CodeIgniter->runController(Object(App\Controllers\OrderController))
#2 C:\xampp\htdocs\ci2\system\CodeIgniter.php(318): CodeIgniter\CodeIgniter->handleRequest(NULL, Object(Config\Cache), false)
#3 C:\xampp\htdocs\ci2\public\index.php(37): CodeIgniter\CodeIgniter->run()
#4 {main}
CRITICAL - 2022-05-05 03:18:51 --> Cannot use object of type stdClass as array
#0 C:\xampp\htdocs\ci2\system\CodeIgniter.php(824): App\Controllers\OrderController->post_order()
#1 C:\xampp\htdocs\ci2\system\CodeIgniter.php(410): CodeIgniter\CodeIgniter->runController(Object(App\Controllers\OrderController))
#2 C:\xampp\htdocs\ci2\system\CodeIgniter.php(318): CodeIgniter\CodeIgniter->handleRequest(NULL, Object(Config\Cache), false)
#3 C:\xampp\htdocs\ci2\public\index.php(37): CodeIgniter\CodeIgniter->run()
#4 {main}
CRITICAL - 2022-05-05 03:42:57 --> Algorithm not supported
#0 C:\xampp\htdocs\ci2\vendor\firebase\php-jwt\src\JWT.php(203): Firebase\JWT\JWT::sign('eyJ0eXAiOiJKV1Q...', false, 'SH256')
#1 C:\xampp\htdocs\ci2\app\Controllers\userController.php(170): Firebase\JWT\JWT::encode(Array, false, 'SH256')
#2 C:\xampp\htdocs\ci2\system\CodeIgniter.php(824): App\Controllers\userController->login()
#3 C:\xampp\htdocs\ci2\system\CodeIgniter.php(410): CodeIgniter\CodeIgniter->runController(Object(App\Controllers\userController))
#4 C:\xampp\htdocs\ci2\system\CodeIgniter.php(318): CodeIgniter\CodeIgniter->handleRequest(NULL, Object(Config\Cache), false)
#5 C:\xampp\htdocs\ci2\public\index.php(37): CodeIgniter\CodeIgniter->run()
#6 {main}
CRITICAL - 2022-05-05 03:44:45 --> Argument 3 passed to Firebase\JWT\JWT::encode() must be of the type string, array given, called in C:\xampp\htdocs\ci2\app\Controllers\userController.php on line 170
#0 C:\xampp\htdocs\ci2\app\Controllers\userController.php(170): Firebase\JWT\JWT::encode(Array, false, Array)
#1 C:\xampp\htdocs\ci2\system\CodeIgniter.php(824): App\Controllers\userController->login()
#2 C:\xampp\htdocs\ci2\system\CodeIgniter.php(410): CodeIgniter\CodeIgniter->runController(Object(App\Controllers\userController))
#3 C:\xampp\htdocs\ci2\system\CodeIgniter.php(318): CodeIgniter\CodeIgniter->handleRequest(NULL, Object(Config\Cache), false)
#4 C:\xampp\htdocs\ci2\public\index.php(37): CodeIgniter\CodeIgniter->run()
#5 {main}
CRITICAL - 2022-05-05 03:45:41 --> Too few arguments to function Firebase\JWT\JWT::encode(), 2 passed in C:\xampp\htdocs\ci2\app\Controllers\userController.php on line 170 and at least 3 expected
#0 C:\xampp\htdocs\ci2\app\Controllers\userController.php(170): Firebase\JWT\JWT::encode(Array, false)
#1 C:\xampp\htdocs\ci2\system\CodeIgniter.php(824): App\Controllers\userController->login()
#2 C:\xampp\htdocs\ci2\system\CodeIgniter.php(410): CodeIgniter\CodeIgniter->runController(Object(App\Controllers\userController))
#3 C:\xampp\htdocs\ci2\system\CodeIgniter.php(318): CodeIgniter\CodeIgniter->handleRequest(NULL, Object(Config\Cache), false)
#4 C:\xampp\htdocs\ci2\public\index.php(37): CodeIgniter\CodeIgniter->run()
#5 {main}
CRITICAL - 2022-05-05 03:50:56 --> openssl_sign(): supplied key param cannot be coerced into a private key
#0 [internal function]: CodeIgniter\Debug\Exceptions->errorHandler(2, 'openssl_sign():...', 'C:\\xampp\\htdocs...', 238, Array)
#1 C:\xampp\htdocs\ci2\vendor\firebase\php-jwt\src\JWT.php(238): openssl_sign('eyJ0eXAiOiJKV1Q...', '', false, 'SHA256')
#2 C:\xampp\htdocs\ci2\vendor\firebase\php-jwt\src\JWT.php(203): Firebase\JWT\JWT::sign('eyJ0eXAiOiJKV1Q...', false, 'RS256')
#3 C:\xampp\htdocs\ci2\app\Controllers\userController.php(170): Firebase\JWT\JWT::encode(Array, false, 'RS256')
#4 C:\xampp\htdocs\ci2\system\CodeIgniter.php(824): App\Controllers\userController->login()
#5 C:\xampp\htdocs\ci2\system\CodeIgniter.php(410): CodeIgniter\CodeIgniter->runController(Object(App\Controllers\userController))
#6 C:\xampp\htdocs\ci2\system\CodeIgniter.php(318): CodeIgniter\CodeIgniter->handleRequest(NULL, Object(Config\Cache), false)
#7 C:\xampp\htdocs\ci2\public\index.php(37): CodeIgniter\CodeIgniter->run()
#8 {main}
CRITICAL - 2022-05-05 03:51:16 --> openssl_sign(): supplied key param cannot be coerced into a private key
#0 [internal function]: CodeIgniter\Debug\Exceptions->errorHandler(2, 'openssl_sign():...', 'C:\\xampp\\htdocs...', 238, Array)
#1 C:\xampp\htdocs\ci2\vendor\firebase\php-jwt\src\JWT.php(238): openssl_sign('eyJ0eXAiOiJKV1Q...', '', false, 'SHA256')
#2 C:\xampp\htdocs\ci2\vendor\firebase\php-jwt\src\JWT.php(203): Firebase\JWT\JWT::sign('eyJ0eXAiOiJKV1Q...', false, 'RS256')
#3 C:\xampp\htdocs\ci2\app\Controllers\userController.php(170): Firebase\JWT\JWT::encode(Array, false, 'RS256')
#4 C:\xampp\htdocs\ci2\system\CodeIgniter.php(824): App\Controllers\userController->login()
#5 C:\xampp\htdocs\ci2\system\CodeIgniter.php(410): CodeIgniter\CodeIgniter->runController(Object(App\Controllers\userController))
#6 C:\xampp\htdocs\ci2\system\CodeIgniter.php(318): CodeIgniter\CodeIgniter->handleRequest(NULL, Object(Config\Cache), false)
#7 C:\xampp\htdocs\ci2\public\index.php(37): CodeIgniter\CodeIgniter->run()
#8 {main}
CRITICAL - 2022-05-05 03:53:08 --> openssl_sign(): supplied key param cannot be coerced into a private key
#0 [internal function]: CodeIgniter\Debug\Exceptions->errorHandler(2, 'openssl_sign():...', 'C:\\xampp\\htdocs...', 238, Array)
#1 C:\xampp\htdocs\ci2\vendor\firebase\php-jwt\src\JWT.php(238): openssl_sign('eyJ0eXAiOiJKV1Q...', '', 'cskhfuwt48wbfjn...', 'SHA256')
#2 C:\xampp\htdocs\ci2\vendor\firebase\php-jwt\src\JWT.php(203): Firebase\JWT\JWT::sign('eyJ0eXAiOiJKV1Q...', 'cskhfuwt48wbfjn...', 'RS256')
#3 C:\xampp\htdocs\ci2\app\Controllers\userController.php(170): Firebase\JWT\JWT::encode(Array, 'cskhfuwt48wbfjn...', 'RS256')
#4 C:\xampp\htdocs\ci2\system\CodeIgniter.php(824): App\Controllers\userController->login()
#5 C:\xampp\htdocs\ci2\system\CodeIgniter.php(410): CodeIgniter\CodeIgniter->runController(Object(App\Controllers\userController))
#6 C:\xampp\htdocs\ci2\system\CodeIgniter.php(318): CodeIgniter\CodeIgniter->handleRequest(NULL, Object(Config\Cache), false)
#7 C:\xampp\htdocs\ci2\public\index.php(37): CodeIgniter\CodeIgniter->run()
#8 {main}
CRITICAL - 2022-05-05 03:53:57 --> Algorithm not supported
#0 C:\xampp\htdocs\ci2\vendor\firebase\php-jwt\src\JWT.php(203): Firebase\JWT\JWT::sign('eyJ0eXAiOiJKV1Q...', 'cskhfuwt48wbfjn...', 'SHA256')
#1 C:\xampp\htdocs\ci2\app\Controllers\userController.php(170): Firebase\JWT\JWT::encode(Array, 'cskhfuwt48wbfjn...', 'SHA256')
#2 C:\xampp\htdocs\ci2\system\CodeIgniter.php(824): App\Controllers\userController->login()
#3 C:\xampp\htdocs\ci2\system\CodeIgniter.php(410): CodeIgniter\CodeIgniter->runController(Object(App\Controllers\userController))
#4 C:\xampp\htdocs\ci2\system\CodeIgniter.php(318): CodeIgniter\CodeIgniter->handleRequest(NULL, Object(Config\Cache), false)
#5 C:\xampp\htdocs\ci2\public\index.php(37): CodeIgniter\CodeIgniter->run()
#6 {main}
CRITICAL - 2022-05-05 03:54:14 --> Algorithm not supported
#0 C:\xampp\htdocs\ci2\vendor\firebase\php-jwt\src\JWT.php(203): Firebase\JWT\JWT::sign('eyJ0eXAiOiJKV1Q...', 'cskhfuwt48wbfjn...', 'SH256')
#1 C:\xampp\htdocs\ci2\app\Controllers\userController.php(170): Firebase\JWT\JWT::encode(Array, 'cskhfuwt48wbfjn...', 'SH256')
#2 C:\xampp\htdocs\ci2\system\CodeIgniter.php(824): App\Controllers\userController->login()
#3 C:\xampp\htdocs\ci2\system\CodeIgniter.php(410): CodeIgniter\CodeIgniter->runController(Object(App\Controllers\userController))
#4 C:\xampp\htdocs\ci2\system\CodeIgniter.php(318): CodeIgniter\CodeIgniter->handleRequest(NULL, Object(Config\Cache), false)
#5 C:\xampp\htdocs\ci2\public\index.php(37): CodeIgniter\CodeIgniter->run()
#6 {main}
