CRITICAL - 2023-01-16 10:57:11 --> Undefined offset: 0
#0 C:\xampp73\htdocs\order_mobil\app\Controllers\OrderController.php(66): CodeIgniter\Debug\Exceptions->errorHandler(8, 'Undefined offse...', 'C:\\xampp73\\htdo...', 66, Array)
#1 C:\xampp73\htdocs\order_mobil\system\CodeIgniter.php(824): App\Controllers\OrderController->change_order('84')
#2 C:\xampp73\htdocs\order_mobil\system\CodeIgniter.php(410): CodeIgniter\CodeIgniter->runController(Object(App\Controllers\OrderController))
#3 C:\xampp73\htdocs\order_mobil\system\CodeIgniter.php(318): CodeIgniter\CodeIgniter->handleRequest(NULL, Object(Config\Cache), false)
#4 C:\xampp73\htdocs\order_mobil\index.php(37): CodeIgniter\CodeIgniter->run()
#5 {main}
CRITICAL - 2023-01-16 13:25:17 --> Undefined offset: 0
#0 C:\xampp73\htdocs\order_mobil\app\Controllers\OrderController.php(66): CodeIgniter\Debug\Exceptions->errorHandler(8, 'Undefined offse...', 'C:\\xampp73\\htdo...', 66, Array)
#1 C:\xampp73\htdocs\order_mobil\system\CodeIgniter.php(824): App\Controllers\OrderController->change_order('84')
#2 C:\xampp73\htdocs\order_mobil\system\CodeIgniter.php(410): CodeIgniter\CodeIgniter->runController(Object(App\Controllers\OrderController))
#3 C:\xampp73\htdocs\order_mobil\system\CodeIgniter.php(318): CodeIgniter\CodeIgniter->handleRequest(NULL, Object(Config\Cache), false)
#4 C:\xampp73\htdocs\order_mobil\index.php(37): CodeIgniter\CodeIgniter->run()
#5 {main}
CRITICAL - 2023-01-16 13:25:29 --> Undefined offset: 0
#0 C:\xampp73\htdocs\order_mobil\app\Controllers\OrderController.php(66): CodeIgniter\Debug\Exceptions->errorHandler(8, 'Undefined offse...', 'C:\\xampp73\\htdo...', 66, Array)
#1 C:\xampp73\htdocs\order_mobil\system\CodeIgniter.php(824): App\Controllers\OrderController->change_order('98')
#2 C:\xampp73\htdocs\order_mobil\system\CodeIgniter.php(410): CodeIgniter\CodeIgniter->runController(Object(App\Controllers\OrderController))
#3 C:\xampp73\htdocs\order_mobil\system\CodeIgniter.php(318): CodeIgniter\CodeIgniter->handleRequest(NULL, Object(Config\Cache), false)
#4 C:\xampp73\htdocs\order_mobil\index.php(37): CodeIgniter\CodeIgniter->run()
#5 {main}
CRITICAL - 2023-01-16 13:33:03 --> Undefined offset: 0
#0 C:\xampp73\htdocs\order_mobil\app\Controllers\OrderController.php(66): CodeIgniter\Debug\Exceptions->errorHandler(8, 'Undefined offse...', 'C:\\xampp73\\htdo...', 66, Array)
#1 C:\xampp73\htdocs\order_mobil\system\CodeIgniter.php(824): App\Controllers\OrderController->change_order('84')
#2 C:\xampp73\htdocs\order_mobil\system\CodeIgniter.php(410): CodeIgniter\CodeIgniter->runController(Object(App\Controllers\OrderController))
#3 C:\xampp73\htdocs\order_mobil\system\CodeIgniter.php(318): CodeIgniter\CodeIgniter->handleRequest(NULL, Object(Config\Cache), false)
#4 C:\xampp73\htdocs\order_mobil\index.php(37): CodeIgniter\CodeIgniter->run()
#5 {main}
CRITICAL - 2023-01-16 13:33:39 --> Undefined offset: 0
#0 C:\xampp73\htdocs\order_mobil\app\Controllers\OrderController.php(66): CodeIgniter\Debug\Exceptions->errorHandler(8, 'Undefined offse...', 'C:\\xampp73\\htdo...', 66, Array)
#1 C:\xampp73\htdocs\order_mobil\system\CodeIgniter.php(824): App\Controllers\OrderController->change_order('84')
#2 C:\xampp73\htdocs\order_mobil\system\CodeIgniter.php(410): CodeIgniter\CodeIgniter->runController(Object(App\Controllers\OrderController))
#3 C:\xampp73\htdocs\order_mobil\system\CodeIgniter.php(318): CodeIgniter\CodeIgniter->handleRequest(NULL, Object(Config\Cache), false)
#4 C:\xampp73\htdocs\order_mobil\index.php(37): CodeIgniter\CodeIgniter->run()
#5 {main}
CRITICAL - 2023-01-16 13:34:53 --> Undefined offset: 0
#0 C:\xampp73\htdocs\order_mobil\app\Controllers\OrderController.php(66): CodeIgniter\Debug\Exceptions->errorHandler(8, 'Undefined offse...', 'C:\\xampp73\\htdo...', 66, Array)
#1 C:\xampp73\htdocs\order_mobil\system\CodeIgniter.php(824): App\Controllers\OrderController->change_order('84')
#2 C:\xampp73\htdocs\order_mobil\system\CodeIgniter.php(410): CodeIgniter\CodeIgniter->runController(Object(App\Controllers\OrderController))
#3 C:\xampp73\htdocs\order_mobil\system\CodeIgniter.php(318): CodeIgniter\CodeIgniter->handleRequest(NULL, Object(Config\Cache), false)
#4 C:\xampp73\htdocs\order_mobil\index.php(37): CodeIgniter\CodeIgniter->run()
#5 {main}
CRITICAL - 2023-01-16 15:32:37 --> Undefined offset: 0
#0 C:\xampp73\htdocs\order_mobil\app\Controllers\OrderController.php(66): CodeIgniter\Debug\Exceptions->errorHandler(8, 'Undefined offse...', 'C:\\xampp73\\htdo...', 66, Array)
#1 C:\xampp73\htdocs\order_mobil\system\CodeIgniter.php(824): App\Controllers\OrderController->change_order('84')
#2 C:\xampp73\htdocs\order_mobil\system\CodeIgniter.php(410): CodeIgniter\CodeIgniter->runController(Object(App\Controllers\OrderController))
#3 C:\xampp73\htdocs\order_mobil\system\CodeIgniter.php(318): CodeIgniter\CodeIgniter->handleRequest(NULL, Object(Config\Cache), false)
#4 C:\xampp73\htdocs\order_mobil\index.php(37): CodeIgniter\CodeIgniter->run()
#5 {main}
CRITICAL - 2023-01-16 16:03:07 --> Undefined index: plat_nomor
#0 C:\xampp73\htdocs\order_mobil\app\Views\history_reject.php(40): CodeIgniter\Debug\Exceptions->errorHandler(8, 'Undefined index...', 'C:\\xampp73\\htdo...', 40, Array)
#1 C:\xampp73\htdocs\order_mobil\system\View\View.php(214): include('C:\\xampp73\\htdo...')
#2 C:\xampp73\htdocs\order_mobil\system\View\View.php(217): CodeIgniter\View\View->CodeIgniter\View\{closure}()
#3 C:\xampp73\htdocs\order_mobil\system\Common.php(1097): CodeIgniter\View\View->render('history_reject', Array, true)
#4 C:\xampp73\htdocs\order_mobil\app\Controllers\Home.php(414): view('history_reject', Array)
#5 C:\xampp73\htdocs\order_mobil\system\CodeIgniter.php(824): App\Controllers\Home->reject()
#6 C:\xampp73\htdocs\order_mobil\system\CodeIgniter.php(410): CodeIgniter\CodeIgniter->runController(Object(App\Controllers\Home))
#7 C:\xampp73\htdocs\order_mobil\system\CodeIgniter.php(318): CodeIgniter\CodeIgniter->handleRequest(NULL, Object(Config\Cache), false)
#8 C:\xampp73\htdocs\order_mobil\index.php(37): CodeIgniter\CodeIgniter->run()
#9 {main}
