CRITICAL - 2022-07-04 01:00:54 --> Undefined variable: o
#0 C:\xampp\htdocs\ci2\app\Views\driver.php(36): CodeIgniter\Debug\Exceptions->errorHandler(8, 'Undefined varia...', 'C:\\xampp\\htdocs...', 36, Array)
#1 C:\xampp\htdocs\ci2\system\View\View.php(214): include('C:\\xampp\\htdocs...')
#2 C:\xampp\htdocs\ci2\system\View\View.php(217): CodeIgniter\View\View->CodeIgniter\View\{closure}()
#3 C:\xampp\htdocs\ci2\system\Common.php(1097): CodeIgniter\View\View->render('driver', Array, true)
#4 C:\xampp\htdocs\ci2\app\Controllers\Home.php(53): view('driver', Array)
#5 C:\xampp\htdocs\ci2\system\CodeIgniter.php(824): App\Controllers\Home->driver()
#6 C:\xampp\htdocs\ci2\system\CodeIgniter.php(410): CodeIgniter\CodeIgniter->runController(Object(App\Controllers\Home))
#7 C:\xampp\htdocs\ci2\system\CodeIgniter.php(318): CodeIgniter\CodeIgniter->handleRequest(NULL, Object(Config\Cache), false)
#8 C:\xampp\htdocs\ci2\public\index.php(37): CodeIgniter\CodeIgniter->run()
#9 C:\xampp\htdocs\ci2\system\Commands\Server\rewrite.php(43): require_once('C:\\xampp\\htdocs...')
#10 {main}
CRITICAL - 2022-07-04 01:01:18 --> Undefined variable: o
#0 C:\xampp\htdocs\ci2\app\Views\driver.php(36): CodeIgniter\Debug\Exceptions->errorHandler(8, 'Undefined varia...', 'C:\\xampp\\htdocs...', 36, Array)
#1 C:\xampp\htdocs\ci2\system\View\View.php(214): include('C:\\xampp\\htdocs...')
#2 C:\xampp\htdocs\ci2\system\View\View.php(217): CodeIgniter\View\View->CodeIgniter\View\{closure}()
#3 C:\xampp\htdocs\ci2\system\Common.php(1097): CodeIgniter\View\View->render('driver', Array, true)
#4 C:\xampp\htdocs\ci2\app\Controllers\Home.php(53): view('driver', Array)
#5 C:\xampp\htdocs\ci2\system\CodeIgniter.php(824): App\Controllers\Home->driver()
#6 C:\xampp\htdocs\ci2\system\CodeIgniter.php(410): CodeIgniter\CodeIgniter->runController(Object(App\Controllers\Home))
#7 C:\xampp\htdocs\ci2\system\CodeIgniter.php(318): CodeIgniter\CodeIgniter->handleRequest(NULL, Object(Config\Cache), false)
#8 C:\xampp\htdocs\ci2\public\index.php(37): CodeIgniter\CodeIgniter->run()
#9 C:\xampp\htdocs\ci2\system\Commands\Server\rewrite.php(43): require_once('C:\\xampp\\htdocs...')
#10 {main}
CRITICAL - 2022-07-04 01:04:04 --> Undefined variable: o
#0 C:\xampp\htdocs\ci2\app\Views\driver.php(36): CodeIgniter\Debug\Exceptions->errorHandler(8, 'Undefined varia...', 'C:\\xampp\\htdocs...', 36, Array)
#1 C:\xampp\htdocs\ci2\system\View\View.php(214): include('C:\\xampp\\htdocs...')
#2 C:\xampp\htdocs\ci2\system\View\View.php(217): CodeIgniter\View\View->CodeIgniter\View\{closure}()
#3 C:\xampp\htdocs\ci2\system\Common.php(1097): CodeIgniter\View\View->render('driver', Array, true)
#4 C:\xampp\htdocs\ci2\app\Controllers\Home.php(53): view('driver', Array)
#5 C:\xampp\htdocs\ci2\system\CodeIgniter.php(824): App\Controllers\Home->driver()
#6 C:\xampp\htdocs\ci2\system\CodeIgniter.php(410): CodeIgniter\CodeIgniter->runController(Object(App\Controllers\Home))
#7 C:\xampp\htdocs\ci2\system\CodeIgniter.php(318): CodeIgniter\CodeIgniter->handleRequest(NULL, Object(Config\Cache), false)
#8 C:\xampp\htdocs\ci2\public\index.php(37): CodeIgniter\CodeIgniter->run()
#9 C:\xampp\htdocs\ci2\system\Commands\Server\rewrite.php(43): require_once('C:\\xampp\\htdocs...')
#10 {main}
CRITICAL - 2022-07-04 01:11:36 --> Undefined variable: o
#0 C:\xampp\htdocs\ci2\app\Views\driver.php(36): CodeIgniter\Debug\Exceptions->errorHandler(8, 'Undefined varia...', 'C:\\xampp\\htdocs...', 36, Array)
#1 C:\xampp\htdocs\ci2\system\View\View.php(214): include('C:\\xampp\\htdocs...')
#2 C:\xampp\htdocs\ci2\system\View\View.php(217): CodeIgniter\View\View->CodeIgniter\View\{closure}()
#3 C:\xampp\htdocs\ci2\system\Common.php(1097): CodeIgniter\View\View->render('driver', Array, true)
#4 C:\xampp\htdocs\ci2\app\Controllers\Home.php(53): view('driver', Array)
#5 C:\xampp\htdocs\ci2\system\CodeIgniter.php(824): App\Controllers\Home->driver()
#6 C:\xampp\htdocs\ci2\system\CodeIgniter.php(410): CodeIgniter\CodeIgniter->runController(Object(App\Controllers\Home))
#7 C:\xampp\htdocs\ci2\system\CodeIgniter.php(318): CodeIgniter\CodeIgniter->handleRequest(NULL, Object(Config\Cache), false)
#8 C:\xampp\htdocs\ci2\public\index.php(37): CodeIgniter\CodeIgniter->run()
#9 C:\xampp\htdocs\ci2\system\Commands\Server\rewrite.php(43): require_once('C:\\xampp\\htdocs...')
#10 {main}
CRITICAL - 2022-07-04 01:14:27 --> Undefined index: id
#0 C:\xampp\htdocs\ci2\app\Views\driver.php(36): CodeIgniter\Debug\Exceptions->errorHandler(8, 'Undefined index...', 'C:\\xampp\\htdocs...', 36, Array)
#1 C:\xampp\htdocs\ci2\system\View\View.php(214): include('C:\\xampp\\htdocs...')
#2 C:\xampp\htdocs\ci2\system\View\View.php(217): CodeIgniter\View\View->CodeIgniter\View\{closure}()
#3 C:\xampp\htdocs\ci2\system\Common.php(1097): CodeIgniter\View\View->render('driver', Array, true)
#4 C:\xampp\htdocs\ci2\app\Controllers\Home.php(53): view('driver', Array)
#5 C:\xampp\htdocs\ci2\system\CodeIgniter.php(824): App\Controllers\Home->driver()
#6 C:\xampp\htdocs\ci2\system\CodeIgniter.php(410): CodeIgniter\CodeIgniter->runController(Object(App\Controllers\Home))
#7 C:\xampp\htdocs\ci2\system\CodeIgniter.php(318): CodeIgniter\CodeIgniter->handleRequest(NULL, Object(Config\Cache), false)
#8 C:\xampp\htdocs\ci2\public\index.php(37): CodeIgniter\CodeIgniter->run()
#9 C:\xampp\htdocs\ci2\system\Commands\Server\rewrite.php(43): require_once('C:\\xampp\\htdocs...')
#10 {main}
CRITICAL - 2022-07-04 01:16:39 --> Undefined index: id
#0 C:\xampp\htdocs\ci2\app\Views\driver.php(36): CodeIgniter\Debug\Exceptions->errorHandler(8, 'Undefined index...', 'C:\\xampp\\htdocs...', 36, Array)
#1 C:\xampp\htdocs\ci2\system\View\View.php(214): include('C:\\xampp\\htdocs...')
#2 C:\xampp\htdocs\ci2\system\View\View.php(217): CodeIgniter\View\View->CodeIgniter\View\{closure}()
#3 C:\xampp\htdocs\ci2\system\Common.php(1097): CodeIgniter\View\View->render('driver', Array, true)
#4 C:\xampp\htdocs\ci2\app\Controllers\Home.php(53): view('driver', Array)
#5 C:\xampp\htdocs\ci2\system\CodeIgniter.php(824): App\Controllers\Home->driver()
#6 C:\xampp\htdocs\ci2\system\CodeIgniter.php(410): CodeIgniter\CodeIgniter->runController(Object(App\Controllers\Home))
#7 C:\xampp\htdocs\ci2\system\CodeIgniter.php(318): CodeIgniter\CodeIgniter->handleRequest(NULL, Object(Config\Cache), false)
#8 C:\xampp\htdocs\ci2\public\index.php(37): CodeIgniter\CodeIgniter->run()
#9 C:\xampp\htdocs\ci2\system\Commands\Server\rewrite.php(43): require_once('C:\\xampp\\htdocs...')
#10 {main}
