ERROR - 2022-02-16 00:46:19 --> You have an error in your SQL syntax; check the manual that corresponds to your MariaDB server version for the right syntax to use near '13' at line 1
CRITICAL - 2022-02-16 00:46:19 --> You have an error in your SQL syntax; check the manual that corresponds to your MariaDB server version for the right syntax to use near '13' at line 1
#0 C:\xampp\htdocs\ci2\system\Database\MySQLi\Connection.php(292): mysqli->query('SELECT * from o...', 0)
#1 C:\xampp\htdocs\ci2\system\Database\BaseConnection.php(670): CodeIgniter\Database\MySQLi\Connection->execute('SELECT * from o...')
#2 C:\xampp\htdocs\ci2\system\Database\BaseConnection.php(598): CodeIgniter\Database\BaseConnection->simpleQuery('SELECT * from o...')
#3 C:\xampp\htdocs\ci2\system\Model.php(721): CodeIgniter\Database\BaseConnection->query('SELECT * from o...')
#4 C:\xampp\htdocs\ci2\app\Controllers\OrderController.php(28): CodeIgniter\Model->__call('query', Array)
#5 C:\xampp\htdocs\ci2\system\CodeIgniter.php(824): App\Controllers\OrderController->order('13')
#6 C:\xampp\htdocs\ci2\system\CodeIgniter.php(410): CodeIgniter\CodeIgniter->runController(Object(App\Controllers\OrderController))
#7 C:\xampp\htdocs\ci2\system\CodeIgniter.php(318): CodeIgniter\CodeIgniter->handleRequest(NULL, Object(Config\Cache), false)
#8 C:\xampp\htdocs\ci2\public\index.php(37): CodeIgniter\CodeIgniter->run()
#9 {main}
ERROR - 2022-02-16 00:46:39 --> You have an error in your SQL syntax; check the manual that corresponds to your MariaDB server version for the right syntax to use near '13' at line 1
CRITICAL - 2022-02-16 00:46:39 --> You have an error in your SQL syntax; check the manual that corresponds to your MariaDB server version for the right syntax to use near '13' at line 1
#0 C:\xampp\htdocs\ci2\system\Database\MySQLi\Connection.php(292): mysqli->query('SELECT * from o...', 0)
#1 C:\xampp\htdocs\ci2\system\Database\BaseConnection.php(670): CodeIgniter\Database\MySQLi\Connection->execute('SELECT * from o...')
#2 C:\xampp\htdocs\ci2\system\Database\BaseConnection.php(598): CodeIgniter\Database\BaseConnection->simpleQuery('SELECT * from o...')
#3 C:\xampp\htdocs\ci2\system\Model.php(721): CodeIgniter\Database\BaseConnection->query('SELECT * from o...')
#4 C:\xampp\htdocs\ci2\app\Controllers\OrderController.php(28): CodeIgniter\Model->__call('query', Array)
#5 C:\xampp\htdocs\ci2\system\CodeIgniter.php(824): App\Controllers\OrderController->order('13')
#6 C:\xampp\htdocs\ci2\system\CodeIgniter.php(410): CodeIgniter\CodeIgniter->runController(Object(App\Controllers\OrderController))
#7 C:\xampp\htdocs\ci2\system\CodeIgniter.php(318): CodeIgniter\CodeIgniter->handleRequest(NULL, Object(Config\Cache), false)
#8 C:\xampp\htdocs\ci2\public\index.php(37): CodeIgniter\CodeIgniter->run()
#9 {main}
CRITICAL - 2022-02-16 00:48:27 --> syntax error, unexpected 'data' (T_STRING), expecting ')'
#0 C:\xampp\htdocs\ci2\system\Autoloader\Autoloader.php(241): CodeIgniter\Autoloader\Autoloader->includeFile('C:\\xampp\\htdocs...')
#1 C:\xampp\htdocs\ci2\system\Autoloader\Autoloader.php(219): CodeIgniter\Autoloader\Autoloader->loadInNamespace('App\\Controllers...')
#2 [internal function]: CodeIgniter\Autoloader\Autoloader->loadClass('App\\Controllers...')
#3 [internal function]: spl_autoload_call('App\\Controllers...')
#4 C:\xampp\htdocs\ci2\system\CodeIgniter.php(789): class_exists('\\App\\Controller...', true)
#5 C:\xampp\htdocs\ci2\system\CodeIgniter.php(397): CodeIgniter\CodeIgniter->startController()
#6 C:\xampp\htdocs\ci2\system\CodeIgniter.php(318): CodeIgniter\CodeIgniter->handleRequest(NULL, Object(Config\Cache), false)
#7 C:\xampp\htdocs\ci2\public\index.php(37): CodeIgniter\CodeIgniter->run()
#8 {main}
CRITICAL - 2022-02-16 00:48:29 --> syntax error, unexpected 'data' (T_STRING), expecting ')'
#0 C:\xampp\htdocs\ci2\system\Autoloader\Autoloader.php(241): CodeIgniter\Autoloader\Autoloader->includeFile('C:\\xampp\\htdocs...')
#1 C:\xampp\htdocs\ci2\system\Autoloader\Autoloader.php(219): CodeIgniter\Autoloader\Autoloader->loadInNamespace('App\\Controllers...')
#2 [internal function]: CodeIgniter\Autoloader\Autoloader->loadClass('App\\Controllers...')
#3 [internal function]: spl_autoload_call('App\\Controllers...')
#4 C:\xampp\htdocs\ci2\system\CodeIgniter.php(789): class_exists('\\App\\Controller...', true)
#5 C:\xampp\htdocs\ci2\system\CodeIgniter.php(397): CodeIgniter\CodeIgniter->startController()
#6 C:\xampp\htdocs\ci2\system\CodeIgniter.php(318): CodeIgniter\CodeIgniter->handleRequest(NULL, Object(Config\Cache), false)
#7 C:\xampp\htdocs\ci2\public\index.php(37): CodeIgniter\CodeIgniter->run()
#8 {main}
ERROR - 2022-02-16 00:49:37 --> Unknown column '. 13' in 'where clause'
CRITICAL - 2022-02-16 00:49:37 --> Unknown column '. 13' in 'where clause'
#0 C:\xampp\htdocs\ci2\system\Database\MySQLi\Connection.php(292): mysqli->query('SELECT * from o...', 0)
#1 C:\xampp\htdocs\ci2\system\Database\BaseConnection.php(670): CodeIgniter\Database\MySQLi\Connection->execute('SELECT * from o...')
#2 C:\xampp\htdocs\ci2\system\Database\BaseConnection.php(598): CodeIgniter\Database\BaseConnection->simpleQuery('SELECT * from o...')
#3 C:\xampp\htdocs\ci2\system\Model.php(721): CodeIgniter\Database\BaseConnection->query('SELECT * from o...')
#4 C:\xampp\htdocs\ci2\app\Controllers\OrderController.php(28): CodeIgniter\Model->__call('query', Array)
#5 C:\xampp\htdocs\ci2\system\CodeIgniter.php(824): App\Controllers\OrderController->order('13')
#6 C:\xampp\htdocs\ci2\system\CodeIgniter.php(410): CodeIgniter\CodeIgniter->runController(Object(App\Controllers\OrderController))
#7 C:\xampp\htdocs\ci2\system\CodeIgniter.php(318): CodeIgniter\CodeIgniter->handleRequest(NULL, Object(Config\Cache), false)
#8 C:\xampp\htdocs\ci2\public\index.php(37): CodeIgniter\CodeIgniter->run()
#9 {main}
ERROR - 2022-02-16 00:53:36 --> You have an error in your SQL syntax; check the manual that corresponds to your MariaDB server version for the right syntax to use near '13 order by waktu' at line 1
CRITICAL - 2022-02-16 00:53:36 --> You have an error in your SQL syntax; check the manual that corresponds to your MariaDB server version for the right syntax to use near '13 order by waktu' at line 1
#0 C:\xampp\htdocs\ci2\system\Database\MySQLi\Connection.php(292): mysqli->query('SELECT * from o...', 0)
#1 C:\xampp\htdocs\ci2\system\Database\BaseConnection.php(670): CodeIgniter\Database\MySQLi\Connection->execute('SELECT * from o...')
#2 C:\xampp\htdocs\ci2\system\Database\BaseConnection.php(598): CodeIgniter\Database\BaseConnection->simpleQuery('SELECT * from o...')
#3 C:\xampp\htdocs\ci2\system\Model.php(721): CodeIgniter\Database\BaseConnection->query('SELECT * from o...')
#4 C:\xampp\htdocs\ci2\app\Controllers\OrderController.php(28): CodeIgniter\Model->__call('query', Array)
#5 C:\xampp\htdocs\ci2\system\CodeIgniter.php(824): App\Controllers\OrderController->order('13')
#6 C:\xampp\htdocs\ci2\system\CodeIgniter.php(410): CodeIgniter\CodeIgniter->runController(Object(App\Controllers\OrderController))
#7 C:\xampp\htdocs\ci2\system\CodeIgniter.php(318): CodeIgniter\CodeIgniter->handleRequest(NULL, Object(Config\Cache), false)
#8 C:\xampp\htdocs\ci2\public\index.php(37): CodeIgniter\CodeIgniter->run()
#9 {main}
CRITICAL - 2022-02-16 00:58:32 --> Call to a member function setContentType() on null
#0 C:\xampp\htdocs\ci2\system\API\ResponseTrait.php(99): App\Controllers\NotificationController->format(Array)
#1 C:\xampp\htdocs\ci2\system\API\ResponseTrait.php(152): App\Controllers\NotificationController->respond(Array, 201, '201')
#2 C:\xampp\htdocs\ci2\app\Controllers\NotificationController.php(54): App\Controllers\NotificationController->respondCreated(Array, '201')
#3 C:\xampp\htdocs\ci2\app\Controllers\NotificationController.php(16): App\Controllers\NotificationController->sendNotification('fr8D7dplSKyNlXU...', Array)
#4 C:\xampp\htdocs\ci2\app\Controllers\OrderController.php(151): App\Controllers\NotificationController->sendNotificationDriver('fr8D7dplSKyNlXU...')
#5 C:\xampp\htdocs\ci2\system\CodeIgniter.php(824): App\Controllers\OrderController->insert_order('1')
#6 C:\xampp\htdocs\ci2\system\CodeIgniter.php(410): CodeIgniter\CodeIgniter->runController(Object(App\Controllers\OrderController))
#7 C:\xampp\htdocs\ci2\system\CodeIgniter.php(318): CodeIgniter\CodeIgniter->handleRequest(NULL, Object(Config\Cache), false)
#8 C:\xampp\htdocs\ci2\public\index.php(37): CodeIgniter\CodeIgniter->run()
#9 {main}
CRITICAL - 2022-02-16 01:00:54 --> Call to a member function setContentType() on null
#0 C:\xampp\htdocs\ci2\system\API\ResponseTrait.php(99): App\Controllers\NotificationController->format(Array)
#1 C:\xampp\htdocs\ci2\system\API\ResponseTrait.php(152): App\Controllers\NotificationController->respond(Array, 201, '201')
#2 C:\xampp\htdocs\ci2\app\Controllers\NotificationController.php(54): App\Controllers\NotificationController->respondCreated(Array, '201')
#3 C:\xampp\htdocs\ci2\app\Controllers\NotificationController.php(16): App\Controllers\NotificationController->sendNotification('fr8D7dplSKyNlXU...', Array)
#4 C:\xampp\htdocs\ci2\app\Controllers\OrderController.php(151): App\Controllers\NotificationController->sendNotificationDriver('fr8D7dplSKyNlXU...')
#5 C:\xampp\htdocs\ci2\system\CodeIgniter.php(824): App\Controllers\OrderController->insert_order('1')
#6 C:\xampp\htdocs\ci2\system\CodeIgniter.php(410): CodeIgniter\CodeIgniter->runController(Object(App\Controllers\OrderController))
#7 C:\xampp\htdocs\ci2\system\CodeIgniter.php(318): CodeIgniter\CodeIgniter->handleRequest(NULL, Object(Config\Cache), false)
#8 C:\xampp\htdocs\ci2\public\index.php(37): CodeIgniter\CodeIgniter->run()
#9 {main}
CRITICAL - 2022-02-16 02:06:37 --> Undefined index: id
#0 C:\xampp\htdocs\ci2\app\Controllers\OrderController.php(138): CodeIgniter\Debug\Exceptions->errorHandler(8, 'Undefined index...', 'C:\\xampp\\htdocs...', 138, Array)
#1 C:\xampp\htdocs\ci2\system\CodeIgniter.php(824): App\Controllers\OrderController->insert_order('1')
#2 C:\xampp\htdocs\ci2\system\CodeIgniter.php(410): CodeIgniter\CodeIgniter->runController(Object(App\Controllers\OrderController))
#3 C:\xampp\htdocs\ci2\system\CodeIgniter.php(318): CodeIgniter\CodeIgniter->handleRequest(NULL, Object(Config\Cache), false)
#4 C:\xampp\htdocs\ci2\public\index.php(37): CodeIgniter\CodeIgniter->run()
#5 {main}
ERROR - 2022-02-16 02:07:10 --> Cannot delete or update a parent row: a foreign key constraint fails (`bcas_magang`.`pemesanan`, CONSTRAINT `pemesanan_ibfk_3` FOREIGN KEY (`id_pemesanan`) REFERENCES `orders` (`ID`))
CRITICAL - 2022-02-16 02:07:10 --> Cannot delete or update a parent row: a foreign key constraint fails (`bcas_magang`.`pemesanan`, CONSTRAINT `pemesanan_ibfk_3` FOREIGN KEY (`id_pemesanan`) REFERENCES `orders` (`ID`))
#0 C:\xampp\htdocs\ci2\system\Database\MySQLi\Connection.php(292): mysqli->query('DELETE FROM `or...', 0)
#1 C:\xampp\htdocs\ci2\system\Database\BaseConnection.php(670): CodeIgniter\Database\MySQLi\Connection->execute('DELETE FROM `or...')
#2 C:\xampp\htdocs\ci2\system\Database\BaseConnection.php(598): CodeIgniter\Database\BaseConnection->simpleQuery('DELETE FROM `or...')
#3 C:\xampp\htdocs\ci2\system\Database\BaseBuilder.php(2213): CodeIgniter\Database\BaseConnection->query('DELETE FROM `or...', Array, false)
#4 C:\xampp\htdocs\ci2\system\Model.php(359): CodeIgniter\Database\BaseBuilder->delete()
#5 C:\xampp\htdocs\ci2\system\BaseModel.php(963): CodeIgniter\Model->doDelete(Array, false)
#6 C:\xampp\htdocs\ci2\app\Controllers\OrderController.php(140): CodeIgniter\BaseModel->delete(Array)
#7 C:\xampp\htdocs\ci2\system\CodeIgniter.php(824): App\Controllers\OrderController->insert_order('1')
#8 C:\xampp\htdocs\ci2\system\CodeIgniter.php(410): CodeIgniter\CodeIgniter->runController(Object(App\Controllers\OrderController))
#9 C:\xampp\htdocs\ci2\system\CodeIgniter.php(318): CodeIgniter\CodeIgniter->handleRequest(NULL, Object(Config\Cache), false)
#10 C:\xampp\htdocs\ci2\public\index.php(37): CodeIgniter\CodeIgniter->run()
#11 {main}
CRITICAL - 2022-02-16 02:25:53 --> Undefined index: ID
#0 C:\xampp\htdocs\ci2\app\Controllers\OrderController.php(138): CodeIgniter\Debug\Exceptions->errorHandler(8, 'Undefined index...', 'C:\\xampp\\htdocs...', 138, Array)
#1 C:\xampp\htdocs\ci2\system\CodeIgniter.php(824): App\Controllers\OrderController->insert_order('1')
#2 C:\xampp\htdocs\ci2\system\CodeIgniter.php(410): CodeIgniter\CodeIgniter->runController(Object(App\Controllers\OrderController))
#3 C:\xampp\htdocs\ci2\system\CodeIgniter.php(318): CodeIgniter\CodeIgniter->handleRequest(NULL, Object(Config\Cache), false)
#4 C:\xampp\htdocs\ci2\public\index.php(37): CodeIgniter\CodeIgniter->run()
#5 {main}
CRITICAL - 2022-02-16 02:26:24 --> Undefined index: ID
#0 C:\xampp\htdocs\ci2\app\Controllers\OrderController.php(140): CodeIgniter\Debug\Exceptions->errorHandler(8, 'Undefined index...', 'C:\\xampp\\htdocs...', 140, Array)
#1 C:\xampp\htdocs\ci2\system\CodeIgniter.php(824): App\Controllers\OrderController->insert_order('1')
#2 C:\xampp\htdocs\ci2\system\CodeIgniter.php(410): CodeIgniter\CodeIgniter->runController(Object(App\Controllers\OrderController))
#3 C:\xampp\htdocs\ci2\system\CodeIgniter.php(318): CodeIgniter\CodeIgniter->handleRequest(NULL, Object(Config\Cache), false)
#4 C:\xampp\htdocs\ci2\public\index.php(37): CodeIgniter\CodeIgniter->run()
#5 {main}
ERROR - 2022-02-16 02:52:27 --> Unknown column 'id_pemesanan' in 'where clause'
CRITICAL - 2022-02-16 02:52:27 --> Unknown column 'id_pemesanan' in 'where clause'
#0 C:\xampp\htdocs\ci2\system\Database\MySQLi\Connection.php(292): mysqli->query('SELECT *\nFROM `...', 0)
#1 C:\xampp\htdocs\ci2\system\Database\BaseConnection.php(670): CodeIgniter\Database\MySQLi\Connection->execute('SELECT *\nFROM `...')
#2 C:\xampp\htdocs\ci2\system\Database\BaseConnection.php(598): CodeIgniter\Database\BaseConnection->simpleQuery('SELECT *\nFROM `...')
#3 C:\xampp\htdocs\ci2\system\Database\BaseBuilder.php(1443): CodeIgniter\Database\BaseConnection->query('SELECT *\nFROM `...', Array, false)
#4 C:\xampp\htdocs\ci2\system\Model.php(210): CodeIgniter\Database\BaseBuilder->get()
#5 C:\xampp\htdocs\ci2\system\BaseModel.php(622): CodeIgniter\Model->doFirst()
#6 C:\xampp\htdocs\ci2\app\Controllers\OrderController.php(137): CodeIgniter\BaseModel->first()
#7 C:\xampp\htdocs\ci2\system\CodeIgniter.php(824): App\Controllers\OrderController->insert_order('1')
#8 C:\xampp\htdocs\ci2\system\CodeIgniter.php(410): CodeIgniter\CodeIgniter->runController(Object(App\Controllers\OrderController))
#9 C:\xampp\htdocs\ci2\system\CodeIgniter.php(318): CodeIgniter\CodeIgniter->handleRequest(NULL, Object(Config\Cache), false)
#10 C:\xampp\htdocs\ci2\public\index.php(37): CodeIgniter\CodeIgniter->run()
#11 {main}
ERROR - 2022-02-16 02:52:28 --> Unknown column 'id_pemesanan' in 'where clause'
CRITICAL - 2022-02-16 02:52:28 --> Unknown column 'id_pemesanan' in 'where clause'
#0 C:\xampp\htdocs\ci2\system\Database\MySQLi\Connection.php(292): mysqli->query('SELECT *\nFROM `...', 0)
#1 C:\xampp\htdocs\ci2\system\Database\BaseConnection.php(670): CodeIgniter\Database\MySQLi\Connection->execute('SELECT *\nFROM `...')
#2 C:\xampp\htdocs\ci2\system\Database\BaseConnection.php(598): CodeIgniter\Database\BaseConnection->simpleQuery('SELECT *\nFROM `...')
#3 C:\xampp\htdocs\ci2\system\Database\BaseBuilder.php(1443): CodeIgniter\Database\BaseConnection->query('SELECT *\nFROM `...', Array, false)
#4 C:\xampp\htdocs\ci2\system\Model.php(210): CodeIgniter\Database\BaseBuilder->get()
#5 C:\xampp\htdocs\ci2\system\BaseModel.php(622): CodeIgniter\Model->doFirst()
#6 C:\xampp\htdocs\ci2\app\Controllers\OrderController.php(137): CodeIgniter\BaseModel->first()
#7 C:\xampp\htdocs\ci2\system\CodeIgniter.php(824): App\Controllers\OrderController->insert_order('1')
#8 C:\xampp\htdocs\ci2\system\CodeIgniter.php(410): CodeIgniter\CodeIgniter->runController(Object(App\Controllers\OrderController))
#9 C:\xampp\htdocs\ci2\system\CodeIgniter.php(318): CodeIgniter\CodeIgniter->handleRequest(NULL, Object(Config\Cache), false)
#10 C:\xampp\htdocs\ci2\public\index.php(37): CodeIgniter\CodeIgniter->run()
#11 {main}
CRITICAL - 2022-02-16 03:02:34 --> Call to undefined method CodeIgniter\Database\MySQLi\Result::numRows()
#0 C:\xampp\htdocs\ci2\system\CodeIgniter.php(824): App\Controllers\OrderController->insert_order('1')
#1 C:\xampp\htdocs\ci2\system\CodeIgniter.php(410): CodeIgniter\CodeIgniter->runController(Object(App\Controllers\OrderController))
#2 C:\xampp\htdocs\ci2\system\CodeIgniter.php(318): CodeIgniter\CodeIgniter->handleRequest(NULL, Object(Config\Cache), false)
#3 C:\xampp\htdocs\ci2\public\index.php(37): CodeIgniter\CodeIgniter->run()
#4 {main}
CRITICAL - 2022-02-16 03:04:19 --> Call to undefined method CodeIgniter\Database\MySQLi\Result::count()
#0 C:\xampp\htdocs\ci2\system\CodeIgniter.php(824): App\Controllers\OrderController->insert_order('1')
#1 C:\xampp\htdocs\ci2\system\CodeIgniter.php(410): CodeIgniter\CodeIgniter->runController(Object(App\Controllers\OrderController))
#2 C:\xampp\htdocs\ci2\system\CodeIgniter.php(318): CodeIgniter\CodeIgniter->handleRequest(NULL, Object(Config\Cache), false)
#3 C:\xampp\htdocs\ci2\public\index.php(37): CodeIgniter\CodeIgniter->run()
#4 {main}
CRITICAL - 2022-02-16 03:04:24 --> Call to undefined method CodeIgniter\Database\MySQLi\Result::count()
#0 C:\xampp\htdocs\ci2\system\CodeIgniter.php(824): App\Controllers\OrderController->insert_order('1')
#1 C:\xampp\htdocs\ci2\system\CodeIgniter.php(410): CodeIgniter\CodeIgniter->runController(Object(App\Controllers\OrderController))
#2 C:\xampp\htdocs\ci2\system\CodeIgniter.php(318): CodeIgniter\CodeIgniter->handleRequest(NULL, Object(Config\Cache), false)
#3 C:\xampp\htdocs\ci2\public\index.php(37): CodeIgniter\CodeIgniter->run()
#4 {main}
CRITICAL - 2022-02-16 03:05:35 --> Call to undefined method CodeIgniter\Database\MySQLi\Result::num_rows()
#0 C:\xampp\htdocs\ci2\system\CodeIgniter.php(824): App\Controllers\OrderController->insert_order('1')
#1 C:\xampp\htdocs\ci2\system\CodeIgniter.php(410): CodeIgniter\CodeIgniter->runController(Object(App\Controllers\OrderController))
#2 C:\xampp\htdocs\ci2\system\CodeIgniter.php(318): CodeIgniter\CodeIgniter->handleRequest(NULL, Object(Config\Cache), false)
#3 C:\xampp\htdocs\ci2\public\index.php(37): CodeIgniter\CodeIgniter->run()
#4 {main}
CRITICAL - 2022-02-16 03:05:42 --> Call to undefined method CodeIgniter\Database\MySQLi\Result::num_rows()
#0 C:\xampp\htdocs\ci2\system\CodeIgniter.php(824): App\Controllers\OrderController->insert_order('1')
#1 C:\xampp\htdocs\ci2\system\CodeIgniter.php(410): CodeIgniter\CodeIgniter->runController(Object(App\Controllers\OrderController))
#2 C:\xampp\htdocs\ci2\system\CodeIgniter.php(318): CodeIgniter\CodeIgniter->handleRequest(NULL, Object(Config\Cache), false)
#3 C:\xampp\htdocs\ci2\public\index.php(37): CodeIgniter\CodeIgniter->run()
#4 {main}
CRITICAL - 2022-02-16 03:07:16 --> Call to undefined method CodeIgniter\Database\MySQLi\Result::get()
#0 C:\xampp\htdocs\ci2\system\CodeIgniter.php(824): App\Controllers\OrderController->insert_order('1')
#1 C:\xampp\htdocs\ci2\system\CodeIgniter.php(410): CodeIgniter\CodeIgniter->runController(Object(App\Controllers\OrderController))
#2 C:\xampp\htdocs\ci2\system\CodeIgniter.php(318): CodeIgniter\CodeIgniter->handleRequest(NULL, Object(Config\Cache), false)
#3 C:\xampp\htdocs\ci2\public\index.php(37): CodeIgniter\CodeIgniter->run()
#4 {main}
CRITICAL - 2022-02-16 03:15:21 --> Undefined property: App\Controllers\OrderController::$db
#0 C:\xampp\htdocs\ci2\app\Controllers\OrderController.php(141): CodeIgniter\Debug\Exceptions->errorHandler(8, 'Undefined prope...', 'C:\\xampp\\htdocs...', 141, Array)
#1 C:\xampp\htdocs\ci2\system\CodeIgniter.php(824): App\Controllers\OrderController->insert_order('1')
#2 C:\xampp\htdocs\ci2\system\CodeIgniter.php(410): CodeIgniter\CodeIgniter->runController(Object(App\Controllers\OrderController))
#3 C:\xampp\htdocs\ci2\system\CodeIgniter.php(318): CodeIgniter\CodeIgniter->handleRequest(NULL, Object(Config\Cache), false)
#4 C:\xampp\htdocs\ci2\public\index.php(37): CodeIgniter\CodeIgniter->run()
#5 {main}
CRITICAL - 2022-02-16 03:15:59 --> Trying to get property 'Count' of non-object
#0 C:\xampp\htdocs\ci2\app\Controllers\OrderController.php(144): CodeIgniter\Debug\Exceptions->errorHandler(8, 'Trying to get p...', 'C:\\xampp\\htdocs...', 144, Array)
#1 C:\xampp\htdocs\ci2\system\CodeIgniter.php(824): App\Controllers\OrderController->insert_order('1')
#2 C:\xampp\htdocs\ci2\system\CodeIgniter.php(410): CodeIgniter\CodeIgniter->runController(Object(App\Controllers\OrderController))
#3 C:\xampp\htdocs\ci2\system\CodeIgniter.php(318): CodeIgniter\CodeIgniter->handleRequest(NULL, Object(Config\Cache), false)
#4 C:\xampp\htdocs\ci2\public\index.php(37): CodeIgniter\CodeIgniter->run()
#5 {main}
CRITICAL - 2022-02-16 03:16:36 --> Undefined property: stdClass::$Count
#0 C:\xampp\htdocs\ci2\app\Controllers\OrderController.php(144): CodeIgniter\Debug\Exceptions->errorHandler(8, 'Undefined prope...', 'C:\\xampp\\htdocs...', 144, Array)
#1 C:\xampp\htdocs\ci2\system\CodeIgniter.php(824): App\Controllers\OrderController->insert_order('1')
#2 C:\xampp\htdocs\ci2\system\CodeIgniter.php(410): CodeIgniter\CodeIgniter->runController(Object(App\Controllers\OrderController))
#3 C:\xampp\htdocs\ci2\system\CodeIgniter.php(318): CodeIgniter\CodeIgniter->handleRequest(NULL, Object(Config\Cache), false)
#4 C:\xampp\htdocs\ci2\public\index.php(37): CodeIgniter\CodeIgniter->run()
#5 {main}
CRITICAL - 2022-02-16 03:26:52 --> Call to undefined method App\Models\OrdersModel::count_all_results
#0 C:\xampp\htdocs\ci2\app\Controllers\OrderController.php(140): CodeIgniter\Model->__call('count_all_resul...', Array)
#1 C:\xampp\htdocs\ci2\system\CodeIgniter.php(824): App\Controllers\OrderController->insert_order('1')
#2 C:\xampp\htdocs\ci2\system\CodeIgniter.php(410): CodeIgniter\CodeIgniter->runController(Object(App\Controllers\OrderController))
#3 C:\xampp\htdocs\ci2\system\CodeIgniter.php(318): CodeIgniter\CodeIgniter->handleRequest(NULL, Object(Config\Cache), false)
#4 C:\xampp\htdocs\ci2\public\index.php(37): CodeIgniter\CodeIgniter->run()
#5 {main}
CRITICAL - 2022-02-16 03:28:54 --> Call to undefined method CodeIgniter\Database\MySQLi\Result::num_rows()
#0 C:\xampp\htdocs\ci2\system\CodeIgniter.php(824): App\Controllers\OrderController->insert_order('1')
#1 C:\xampp\htdocs\ci2\system\CodeIgniter.php(410): CodeIgniter\CodeIgniter->runController(Object(App\Controllers\OrderController))
#2 C:\xampp\htdocs\ci2\system\CodeIgniter.php(318): CodeIgniter\CodeIgniter->handleRequest(NULL, Object(Config\Cache), false)
#3 C:\xampp\htdocs\ci2\public\index.php(37): CodeIgniter\CodeIgniter->run()
#4 {main}
CRITICAL - 2022-02-16 03:29:42 --> Call to undefined method CodeIgniter\Database\MySQLi\Result::num_rows()
#0 C:\xampp\htdocs\ci2\system\CodeIgniter.php(824): App\Controllers\OrderController->insert_order('1')
#1 C:\xampp\htdocs\ci2\system\CodeIgniter.php(410): CodeIgniter\CodeIgniter->runController(Object(App\Controllers\OrderController))
#2 C:\xampp\htdocs\ci2\system\CodeIgniter.php(318): CodeIgniter\CodeIgniter->handleRequest(NULL, Object(Config\Cache), false)
#3 C:\xampp\htdocs\ci2\public\index.php(37): CodeIgniter\CodeIgniter->run()
#4 {main}
CRITICAL - 2022-02-16 03:33:29 --> Call to undefined method CodeIgniter\Database\MySQLi\Result::num_rows()
#0 C:\xampp\htdocs\ci2\system\CodeIgniter.php(824): App\Controllers\OrderController->insert_order('1')
#1 C:\xampp\htdocs\ci2\system\CodeIgniter.php(410): CodeIgniter\CodeIgniter->runController(Object(App\Controllers\OrderController))
#2 C:\xampp\htdocs\ci2\system\CodeIgniter.php(318): CodeIgniter\CodeIgniter->handleRequest(NULL, Object(Config\Cache), false)
#3 C:\xampp\htdocs\ci2\public\index.php(37): CodeIgniter\CodeIgniter->run()
#4 {main}
CRITICAL - 2022-02-16 03:34:15 --> Call to undefined method CodeIgniter\Database\MySQLi\Result::row()
#0 C:\xampp\htdocs\ci2\system\CodeIgniter.php(824): App\Controllers\OrderController->insert_order('1')
#1 C:\xampp\htdocs\ci2\system\CodeIgniter.php(410): CodeIgniter\CodeIgniter->runController(Object(App\Controllers\OrderController))
#2 C:\xampp\htdocs\ci2\system\CodeIgniter.php(318): CodeIgniter\CodeIgniter->handleRequest(NULL, Object(Config\Cache), false)
#3 C:\xampp\htdocs\ci2\public\index.php(37): CodeIgniter\CodeIgniter->run()
#4 {main}
CRITICAL - 2022-02-16 03:34:18 --> Call to undefined method CodeIgniter\Database\MySQLi\Result::row()
#0 C:\xampp\htdocs\ci2\system\CodeIgniter.php(824): App\Controllers\OrderController->insert_order('1')
#1 C:\xampp\htdocs\ci2\system\CodeIgniter.php(410): CodeIgniter\CodeIgniter->runController(Object(App\Controllers\OrderController))
#2 C:\xampp\htdocs\ci2\system\CodeIgniter.php(318): CodeIgniter\CodeIgniter->handleRequest(NULL, Object(Config\Cache), false)
#3 C:\xampp\htdocs\ci2\public\index.php(37): CodeIgniter\CodeIgniter->run()
#4 {main}
CRITICAL - 2022-02-16 04:28:10 --> Too few arguments to function App\Controllers\DriverController::insert_status(), 0 passed in C:\xampp\htdocs\ci2\system\CodeIgniter.php on line 824 and exactly 1 expected
#0 C:\xampp\htdocs\ci2\system\CodeIgniter.php(824): App\Controllers\DriverController->insert_status()
#1 C:\xampp\htdocs\ci2\system\CodeIgniter.php(410): CodeIgniter\CodeIgniter->runController(Object(App\Controllers\DriverController))
#2 C:\xampp\htdocs\ci2\system\CodeIgniter.php(318): CodeIgniter\CodeIgniter->handleRequest(NULL, Object(Config\Cache), false)
#3 C:\xampp\htdocs\ci2\public\index.php(37): CodeIgniter\CodeIgniter->run()
#4 {main}
CRITICAL - 2022-02-16 04:28:11 --> Too few arguments to function App\Controllers\DriverController::insert_status(), 0 passed in C:\xampp\htdocs\ci2\system\CodeIgniter.php on line 824 and exactly 1 expected
#0 C:\xampp\htdocs\ci2\system\CodeIgniter.php(824): App\Controllers\DriverController->insert_status()
#1 C:\xampp\htdocs\ci2\system\CodeIgniter.php(410): CodeIgniter\CodeIgniter->runController(Object(App\Controllers\DriverController))
#2 C:\xampp\htdocs\ci2\system\CodeIgniter.php(318): CodeIgniter\CodeIgniter->handleRequest(NULL, Object(Config\Cache), false)
#3 C:\xampp\htdocs\ci2\public\index.php(37): CodeIgniter\CodeIgniter->run()
#4 {main}
CRITICAL - 2022-02-16 04:28:38 --> Too few arguments to function App\Controllers\DriverController::insert_status(), 0 passed in C:\xampp\htdocs\ci2\system\CodeIgniter.php on line 824 and exactly 1 expected
#0 C:\xampp\htdocs\ci2\system\CodeIgniter.php(824): App\Controllers\DriverController->insert_status()
#1 C:\xampp\htdocs\ci2\system\CodeIgniter.php(410): CodeIgniter\CodeIgniter->runController(Object(App\Controllers\DriverController))
#2 C:\xampp\htdocs\ci2\system\CodeIgniter.php(318): CodeIgniter\CodeIgniter->handleRequest(NULL, Object(Config\Cache), false)
#3 C:\xampp\htdocs\ci2\public\index.php(37): CodeIgniter\CodeIgniter->run()
#4 {main}
CRITICAL - 2022-02-16 04:28:50 --> Too few arguments to function App\Controllers\DriverController::insert_status(), 0 passed in C:\xampp\htdocs\ci2\system\CodeIgniter.php on line 824 and exactly 1 expected
#0 C:\xampp\htdocs\ci2\system\CodeIgniter.php(824): App\Controllers\DriverController->insert_status()
#1 C:\xampp\htdocs\ci2\system\CodeIgniter.php(410): CodeIgniter\CodeIgniter->runController(Object(App\Controllers\DriverController))
#2 C:\xampp\htdocs\ci2\system\CodeIgniter.php(318): CodeIgniter\CodeIgniter->handleRequest(NULL, Object(Config\Cache), false)
#3 C:\xampp\htdocs\ci2\public\index.php(37): CodeIgniter\CodeIgniter->run()
#4 {main}
