CRITICAL - 2022-12-22 15:37:10 --> Undefined index: jumlah
#0 C:\xampp73\htdocs\order_mobil\app\Controllers\Home.php(44): CodeIgniter\Debug\Exceptions->errorHandler(8, 'Undefined index...', 'C:\\xampp73\\htdo...', 44, Array)
#1 C:\xampp73\htdocs\order_mobil\system\CodeIgniter.php(824): App\Controllers\Home->dashboard()
#2 C:\xampp73\htdocs\order_mobil\system\CodeIgniter.php(410): CodeIgniter\CodeIgniter->runController(Object(App\Controllers\Home))
#3 C:\xampp73\htdocs\order_mobil\system\CodeIgniter.php(318): CodeIgniter\CodeIgniter->handleRequest(NULL, Object(Config\Cache), false)
#4 C:\xampp73\htdocs\order_mobil\index.php(37): CodeIgniter\CodeIgniter->run()
#5 {main}
CRITICAL - 2022-12-22 15:38:20 --> Undefined index: jumlah
#0 C:\xampp73\htdocs\order_mobil\app\Controllers\Home.php(44): CodeIgniter\Debug\Exceptions->errorHandler(8, 'Undefined index...', 'C:\\xampp73\\htdo...', 44, Array)
#1 C:\xampp73\htdocs\order_mobil\system\CodeIgniter.php(824): App\Controllers\Home->dashboard()
#2 C:\xampp73\htdocs\order_mobil\system\CodeIgniter.php(410): CodeIgniter\CodeIgniter->runController(Object(App\Controllers\Home))
#3 C:\xampp73\htdocs\order_mobil\system\CodeIgniter.php(318): CodeIgniter\CodeIgniter->handleRequest(NULL, Object(Config\Cache), false)
#4 C:\xampp73\htdocs\order_mobil\index.php(37): CodeIgniter\CodeIgniter->run()
#5 {main}
CRITICAL - 2022-12-22 15:42:20 --> Undefined offset: 0
#0 C:\xampp73\htdocs\order_mobil\app\Controllers\Home.php(231): CodeIgniter\Debug\Exceptions->errorHandler(8, 'Undefined offse...', 'C:\\xampp73\\htdo...', 231, Array)
#1 C:\xampp73\htdocs\order_mobil\system\CodeIgniter.php(824): App\Controllers\Home->add_car()
#2 C:\xampp73\htdocs\order_mobil\system\CodeIgniter.php(410): CodeIgniter\CodeIgniter->runController(Object(App\Controllers\Home))
#3 C:\xampp73\htdocs\order_mobil\system\CodeIgniter.php(318): CodeIgniter\CodeIgniter->handleRequest(NULL, Object(Config\Cache), false)
#4 C:\xampp73\htdocs\order_mobil\index.php(37): CodeIgniter\CodeIgniter->run()
#5 {main}
