CRITICAL - 2022-07-12 01:19:38 --> Undefined index: deskripsi
#0 C:\Users\muhammad_aftabuddin\Documents\Internship\app\Controllers\ReimburseController.php(178): CodeIgniter\Debug\Exceptions->errorHandler(8, 'Undefined index...', 'C:\\Users\\muhamm...', 178, Array)
#1 C:\Users\muhammad_aftabuddin\Documents\Internship\system\CodeIgniter.php(824): App\Controllers\ReimburseController->export()
#2 C:\Users\muhammad_aftabuddin\Documents\Internship\system\CodeIgniter.php(410): CodeIgniter\CodeIgniter->runController(Object(App\Controllers\ReimburseController))
#3 C:\Users\muhammad_aftabuddin\Documents\Internship\system\CodeIgniter.php(318): CodeIgniter\CodeIgniter->handleRequest(NULL, Object(Config\Cache), false)
#4 C:\Users\muhammad_aftabuddin\Documents\Internship\public\index.php(37): CodeIgniter\CodeIgniter->run()
#5 C:\Users\muhammad_aftabuddin\Documents\Internship\system\Commands\Server\rewrite.php(43): require_once('C:\\Users\\muhamm...')
#6 {main}
CRITICAL - 2022-07-12 01:19:51 --> Undefined index: deskripsi
#0 C:\Users\muhammad_aftabuddin\Documents\Internship\app\Controllers\ReimburseController.php(178): CodeIgniter\Debug\Exceptions->errorHandler(8, 'Undefined index...', 'C:\\Users\\muhamm...', 178, Array)
#1 C:\Users\muhammad_aftabuddin\Documents\Internship\system\CodeIgniter.php(824): App\Controllers\ReimburseController->export()
#2 C:\Users\muhammad_aftabuddin\Documents\Internship\system\CodeIgniter.php(410): CodeIgniter\CodeIgniter->runController(Object(App\Controllers\ReimburseController))
#3 C:\Users\muhammad_aftabuddin\Documents\Internship\system\CodeIgniter.php(318): CodeIgniter\CodeIgniter->handleRequest(NULL, Object(Config\Cache), false)
#4 C:\Users\muhammad_aftabuddin\Documents\Internship\public\index.php(37): CodeIgniter\CodeIgniter->run()
#5 C:\Users\muhammad_aftabuddin\Documents\Internship\system\Commands\Server\rewrite.php(43): require_once('C:\\Users\\muhamm...')
#6 {main}
CRITICAL - 2022-07-12 01:35:14 --> Undefined property: App\Controllers\ReimburseController::$spreadsheet
#0 C:\Users\muhammad_aftabuddin\Documents\Internship\app\Controllers\ReimburseController.php(181): CodeIgniter\Debug\Exceptions->errorHandler(8, 'Undefined prope...', 'C:\\Users\\muhamm...', 181, Array)
#1 C:\Users\muhammad_aftabuddin\Documents\Internship\system\CodeIgniter.php(824): App\Controllers\ReimburseController->export()
#2 C:\Users\muhammad_aftabuddin\Documents\Internship\system\CodeIgniter.php(410): CodeIgniter\CodeIgniter->runController(Object(App\Controllers\ReimburseController))
#3 C:\Users\muhammad_aftabuddin\Documents\Internship\system\CodeIgniter.php(318): CodeIgniter\CodeIgniter->handleRequest(NULL, Object(Config\Cache), false)
#4 C:\Users\muhammad_aftabuddin\Documents\Internship\public\index.php(37): CodeIgniter\CodeIgniter->run()
#5 C:\Users\muhammad_aftabuddin\Documents\Internship\system\Commands\Server\rewrite.php(43): require_once('C:\\Users\\muhamm...')
#6 {main}
CRITICAL - 2022-07-12 01:36:27 --> Undefined variable: writer
#0 C:\Users\muhammad_aftabuddin\Documents\Internship\app\Controllers\ReimburseController.php(229): CodeIgniter\Debug\Exceptions->errorHandler(8, 'Undefined varia...', 'C:\\Users\\muhamm...', 229, Array)
#1 C:\Users\muhammad_aftabuddin\Documents\Internship\system\CodeIgniter.php(824): App\Controllers\ReimburseController->export()
#2 C:\Users\muhammad_aftabuddin\Documents\Internship\system\CodeIgniter.php(410): CodeIgniter\CodeIgniter->runController(Object(App\Controllers\ReimburseController))
#3 C:\Users\muhammad_aftabuddin\Documents\Internship\system\CodeIgniter.php(318): CodeIgniter\CodeIgniter->handleRequest(NULL, Object(Config\Cache), false)
#4 C:\Users\muhammad_aftabuddin\Documents\Internship\public\index.php(37): CodeIgniter\CodeIgniter->run()
#5 C:\Users\muhammad_aftabuddin\Documents\Internship\system\Commands\Server\rewrite.php(43): require_once('C:\\Users\\muhamm...')
#6 {main}
CRITICAL - 2022-07-12 01:36:40 --> Undefined variable: writer
#0 C:\Users\muhammad_aftabuddin\Documents\Internship\app\Controllers\ReimburseController.php(229): CodeIgniter\Debug\Exceptions->errorHandler(8, 'Undefined varia...', 'C:\\Users\\muhamm...', 229, Array)
#1 C:\Users\muhammad_aftabuddin\Documents\Internship\system\CodeIgniter.php(824): App\Controllers\ReimburseController->export()
#2 C:\Users\muhammad_aftabuddin\Documents\Internship\system\CodeIgniter.php(410): CodeIgniter\CodeIgniter->runController(Object(App\Controllers\ReimburseController))
#3 C:\Users\muhammad_aftabuddin\Documents\Internship\system\CodeIgniter.php(318): CodeIgniter\CodeIgniter->handleRequest(NULL, Object(Config\Cache), false)
#4 C:\Users\muhammad_aftabuddin\Documents\Internship\public\index.php(37): CodeIgniter\CodeIgniter->run()
#5 C:\Users\muhammad_aftabuddin\Documents\Internship\system\Commands\Server\rewrite.php(43): require_once('C:\\Users\\muhamm...')
#6 {main}
CRITICAL - 2022-07-12 01:40:05 --> Undefined variable: writer
#0 C:\Users\muhammad_aftabuddin\Documents\Internship\app\Controllers\ReimburseController.php(229): CodeIgniter\Debug\Exceptions->errorHandler(8, 'Undefined varia...', 'C:\\Users\\muhamm...', 229, Array)
#1 C:\Users\muhammad_aftabuddin\Documents\Internship\system\CodeIgniter.php(824): App\Controllers\ReimburseController->export()
#2 C:\Users\muhammad_aftabuddin\Documents\Internship\system\CodeIgniter.php(410): CodeIgniter\CodeIgniter->runController(Object(App\Controllers\ReimburseController))
#3 C:\Users\muhammad_aftabuddin\Documents\Internship\system\CodeIgniter.php(318): CodeIgniter\CodeIgniter->handleRequest(NULL, Object(Config\Cache), false)
#4 C:\Users\muhammad_aftabuddin\Documents\Internship\public\index.php(37): CodeIgniter\CodeIgniter->run()
#5 C:\Users\muhammad_aftabuddin\Documents\Internship\system\Commands\Server\rewrite.php(43): require_once('C:\\Users\\muhamm...')
#6 {main}
CRITICAL - 2022-07-12 01:43:37 --> Undefined variable: writer
#0 C:\Users\muhammad_aftabuddin\Documents\Internship\app\Controllers\ReimburseController.php(229): CodeIgniter\Debug\Exceptions->errorHandler(8, 'Undefined varia...', 'C:\\Users\\muhamm...', 229, Array)
#1 C:\Users\muhammad_aftabuddin\Documents\Internship\system\CodeIgniter.php(824): App\Controllers\ReimburseController->export()
#2 C:\Users\muhammad_aftabuddin\Documents\Internship\system\CodeIgniter.php(410): CodeIgniter\CodeIgniter->runController(Object(App\Controllers\ReimburseController))
#3 C:\Users\muhammad_aftabuddin\Documents\Internship\system\CodeIgniter.php(318): CodeIgniter\CodeIgniter->handleRequest(NULL, Object(Config\Cache), false)
#4 C:\Users\muhammad_aftabuddin\Documents\Internship\public\index.php(37): CodeIgniter\CodeIgniter->run()
#5 C:\Users\muhammad_aftabuddin\Documents\Internship\system\Commands\Server\rewrite.php(43): require_once('C:\\Users\\muhamm...')
#6 {main}
CRITICAL - 2022-07-12 01:44:19 --> Undefined variable: writer
#0 C:\Users\muhammad_aftabuddin\Documents\Internship\app\Controllers\ReimburseController.php(229): CodeIgniter\Debug\Exceptions->errorHandler(8, 'Undefined varia...', 'C:\\Users\\muhamm...', 229, Array)
#1 C:\Users\muhammad_aftabuddin\Documents\Internship\system\CodeIgniter.php(824): App\Controllers\ReimburseController->export()
#2 C:\Users\muhammad_aftabuddin\Documents\Internship\system\CodeIgniter.php(410): CodeIgniter\CodeIgniter->runController(Object(App\Controllers\ReimburseController))
#3 C:\Users\muhammad_aftabuddin\Documents\Internship\system\CodeIgniter.php(318): CodeIgniter\CodeIgniter->handleRequest(NULL, Object(Config\Cache), false)
#4 C:\Users\muhammad_aftabuddin\Documents\Internship\public\index.php(37): CodeIgniter\CodeIgniter->run()
#5 C:\Users\muhammad_aftabuddin\Documents\Internship\system\Commands\Server\rewrite.php(43): require_once('C:\\Users\\muhamm...')
#6 {main}
CRITICAL - 2022-07-12 01:45:39 --> Undefined variable: writer
#0 C:\Users\muhammad_aftabuddin\Documents\Internship\app\Controllers\ReimburseController.php(229): CodeIgniter\Debug\Exceptions->errorHandler(8, 'Undefined varia...', 'C:\\Users\\muhamm...', 229, Array)
#1 C:\Users\muhammad_aftabuddin\Documents\Internship\system\CodeIgniter.php(824): App\Controllers\ReimburseController->export()
#2 C:\Users\muhammad_aftabuddin\Documents\Internship\system\CodeIgniter.php(410): CodeIgniter\CodeIgniter->runController(Object(App\Controllers\ReimburseController))
#3 C:\Users\muhammad_aftabuddin\Documents\Internship\system\CodeIgniter.php(318): CodeIgniter\CodeIgniter->handleRequest(NULL, Object(Config\Cache), false)
#4 C:\Users\muhammad_aftabuddin\Documents\Internship\public\index.php(37): CodeIgniter\CodeIgniter->run()
#5 C:\Users\muhammad_aftabuddin\Documents\Internship\system\Commands\Server\rewrite.php(43): require_once('C:\\Users\\muhamm...')
#6 {main}
CRITICAL - 2022-07-12 01:51:08 --> Undefined variable: writer
#0 C:\Users\muhammad_aftabuddin\Documents\Internship\app\Controllers\ReimburseController.php(229): CodeIgniter\Debug\Exceptions->errorHandler(8, 'Undefined varia...', 'C:\\Users\\muhamm...', 229, Array)
#1 C:\Users\muhammad_aftabuddin\Documents\Internship\system\CodeIgniter.php(824): App\Controllers\ReimburseController->export()
#2 C:\Users\muhammad_aftabuddin\Documents\Internship\system\CodeIgniter.php(410): CodeIgniter\CodeIgniter->runController(Object(App\Controllers\ReimburseController))
#3 C:\Users\muhammad_aftabuddin\Documents\Internship\system\CodeIgniter.php(318): CodeIgniter\CodeIgniter->handleRequest(NULL, Object(Config\Cache), false)
#4 C:\Users\muhammad_aftabuddin\Documents\Internship\public\index.php(37): CodeIgniter\CodeIgniter->run()
#5 C:\Users\muhammad_aftabuddin\Documents\Internship\system\Commands\Server\rewrite.php(43): require_once('C:\\Users\\muhamm...')
#6 {main}
CRITICAL - 2022-07-12 01:52:22 --> Undefined variable: writer
#0 C:\Users\muhammad_aftabuddin\Documents\Internship\app\Controllers\ReimburseController.php(229): CodeIgniter\Debug\Exceptions->errorHandler(8, 'Undefined varia...', 'C:\\Users\\muhamm...', 229, Array)
#1 C:\Users\muhammad_aftabuddin\Documents\Internship\system\CodeIgniter.php(824): App\Controllers\ReimburseController->export()
#2 C:\Users\muhammad_aftabuddin\Documents\Internship\system\CodeIgniter.php(410): CodeIgniter\CodeIgniter->runController(Object(App\Controllers\ReimburseController))
#3 C:\Users\muhammad_aftabuddin\Documents\Internship\system\CodeIgniter.php(318): CodeIgniter\CodeIgniter->handleRequest(NULL, Object(Config\Cache), false)
#4 C:\Users\muhammad_aftabuddin\Documents\Internship\public\index.php(37): CodeIgniter\CodeIgniter->run()
#5 C:\Users\muhammad_aftabuddin\Documents\Internship\system\Commands\Server\rewrite.php(43): require_once('C:\\Users\\muhamm...')
#6 {main}
CRITICAL - 2022-07-12 01:52:41 --> Undefined variable: writer
#0 C:\Users\muhammad_aftabuddin\Documents\Internship\app\Controllers\ReimburseController.php(229): CodeIgniter\Debug\Exceptions->errorHandler(8, 'Undefined varia...', 'C:\\Users\\muhamm...', 229, Array)
#1 C:\Users\muhammad_aftabuddin\Documents\Internship\system\CodeIgniter.php(824): App\Controllers\ReimburseController->export()
#2 C:\Users\muhammad_aftabuddin\Documents\Internship\system\CodeIgniter.php(410): CodeIgniter\CodeIgniter->runController(Object(App\Controllers\ReimburseController))
#3 C:\Users\muhammad_aftabuddin\Documents\Internship\system\CodeIgniter.php(318): CodeIgniter\CodeIgniter->handleRequest(NULL, Object(Config\Cache), false)
#4 C:\Users\muhammad_aftabuddin\Documents\Internship\public\index.php(37): CodeIgniter\CodeIgniter->run()
#5 C:\Users\muhammad_aftabuddin\Documents\Internship\system\Commands\Server\rewrite.php(43): require_once('C:\\Users\\muhamm...')
#6 {main}
CRITICAL - 2022-07-12 01:53:46 --> Undefined variable: writer
#0 C:\Users\muhammad_aftabuddin\Documents\Internship\app\Controllers\ReimburseController.php(229): CodeIgniter\Debug\Exceptions->errorHandler(8, 'Undefined varia...', 'C:\\Users\\muhamm...', 229, Array)
#1 C:\Users\muhammad_aftabuddin\Documents\Internship\system\CodeIgniter.php(824): App\Controllers\ReimburseController->export()
#2 C:\Users\muhammad_aftabuddin\Documents\Internship\system\CodeIgniter.php(410): CodeIgniter\CodeIgniter->runController(Object(App\Controllers\ReimburseController))
#3 C:\Users\muhammad_aftabuddin\Documents\Internship\system\CodeIgniter.php(318): CodeIgniter\CodeIgniter->handleRequest(NULL, Object(Config\Cache), false)
#4 C:\Users\muhammad_aftabuddin\Documents\Internship\public\index.php(37): CodeIgniter\CodeIgniter->run()
#5 C:\Users\muhammad_aftabuddin\Documents\Internship\system\Commands\Server\rewrite.php(43): require_once('C:\\Users\\muhamm...')
#6 {main}
CRITICAL - 2022-07-12 02:10:59 --> Undefined variable: activeSheet
#0 C:\Users\muhammad_aftabuddin\Documents\Internship\app\Controllers\ReimburseController.php(212): CodeIgniter\Debug\Exceptions->errorHandler(8, 'Undefined varia...', 'C:\\Users\\muhamm...', 212, Array)
#1 C:\Users\muhammad_aftabuddin\Documents\Internship\system\CodeIgniter.php(824): App\Controllers\ReimburseController->export()
#2 C:\Users\muhammad_aftabuddin\Documents\Internship\system\CodeIgniter.php(410): CodeIgniter\CodeIgniter->runController(Object(App\Controllers\ReimburseController))
#3 C:\Users\muhammad_aftabuddin\Documents\Internship\system\CodeIgniter.php(318): CodeIgniter\CodeIgniter->handleRequest(NULL, Object(Config\Cache), false)
#4 C:\Users\muhammad_aftabuddin\Documents\Internship\public\index.php(37): CodeIgniter\CodeIgniter->run()
#5 C:\Users\muhammad_aftabuddin\Documents\Internship\system\Commands\Server\rewrite.php(43): require_once('C:\\Users\\muhamm...')
#6 {main}
CRITICAL - 2022-07-12 02:18:48 --> Undefined variable: spreadsheet
#0 C:\Users\muhammad_aftabuddin\Documents\Internship\app\Controllers\ReimburseController.php(216): CodeIgniter\Debug\Exceptions->errorHandler(8, 'Undefined varia...', 'C:\\Users\\muhamm...', 216, Array)
#1 C:\Users\muhammad_aftabuddin\Documents\Internship\system\CodeIgniter.php(824): App\Controllers\ReimburseController->export()
#2 C:\Users\muhammad_aftabuddin\Documents\Internship\system\CodeIgniter.php(410): CodeIgniter\CodeIgniter->runController(Object(App\Controllers\ReimburseController))
#3 C:\Users\muhammad_aftabuddin\Documents\Internship\system\CodeIgniter.php(318): CodeIgniter\CodeIgniter->handleRequest(NULL, Object(Config\Cache), false)
#4 C:\Users\muhammad_aftabuddin\Documents\Internship\public\index.php(37): CodeIgniter\CodeIgniter->run()
#5 C:\Users\muhammad_aftabuddin\Documents\Internship\system\Commands\Server\rewrite.php(43): require_once('C:\\Users\\muhamm...')
#6 {main}
