ERROR - 2022-12-09 09:26:29 --> Unknown column 'id_pengemudi' in 'where clause'
CRITICAL - 2022-12-09 09:26:29 --> Unknown column 'id_pengemudi' in 'where clause'
#0 C:\xampp73\htdocs\order_mobil\system\Database\MySQLi\Connection.php(292): mysqli->query('UPDATE `pengemu...', 0)
#1 C:\xampp73\htdocs\order_mobil\system\Database\BaseConnection.php(670): CodeIgniter\Database\MySQLi\Connection->execute('UPDATE `pengemu...')
#2 C:\xampp73\htdocs\order_mobil\system\Database\BaseConnection.php(598): CodeIgniter\Database\BaseConnection->simpleQuery('UPDATE `pengemu...')
#3 C:\xampp73\htdocs\order_mobil\system\Database\BaseBuilder.php(1901): CodeIgniter\Database\BaseConnection->query('UPDATE `pengemu...', Array, false)
#4 C:\xampp73\htdocs\order_mobil\system\Model.php(298): CodeIgniter\Database\BaseBuilder->update()
#5 C:\xampp73\htdocs\order_mobil\system\BaseModel.php(865): CodeIgniter\Model->doUpdate(NULL, Array)
#6 C:\xampp73\htdocs\order_mobil\system\Model.php(646): CodeIgniter\BaseModel->update(NULL, Array)
#7 C:\xampp73\htdocs\order_mobil\app\Controllers\OrderController.php(468): CodeIgniter\Model->update()
#8 C:\xampp73\htdocs\order_mobil\system\CodeIgniter.php(824): App\Controllers\OrderController->status_unavailable('MBL001')
#9 C:\xampp73\htdocs\order_mobil\system\CodeIgniter.php(410): CodeIgniter\CodeIgniter->runController(Object(App\Controllers\OrderController))
#10 C:\xampp73\htdocs\order_mobil\system\CodeIgniter.php(318): CodeIgniter\CodeIgniter->handleRequest(NULL, Object(Config\Cache), false)
#11 C:\xampp73\htdocs\order_mobil\index.php(37): CodeIgniter\CodeIgniter->run()
#12 {main}
ERROR - 2022-12-09 09:26:55 --> Unknown column 'id_pengemudi' in 'where clause'
CRITICAL - 2022-12-09 09:26:55 --> Unknown column 'id_pengemudi' in 'where clause'
#0 C:\xampp73\htdocs\order_mobil\system\Database\MySQLi\Connection.php(292): mysqli->query('UPDATE `pengemu...', 0)
#1 C:\xampp73\htdocs\order_mobil\system\Database\BaseConnection.php(670): CodeIgniter\Database\MySQLi\Connection->execute('UPDATE `pengemu...')
#2 C:\xampp73\htdocs\order_mobil\system\Database\BaseConnection.php(598): CodeIgniter\Database\BaseConnection->simpleQuery('UPDATE `pengemu...')
#3 C:\xampp73\htdocs\order_mobil\system\Database\BaseBuilder.php(1901): CodeIgniter\Database\BaseConnection->query('UPDATE `pengemu...', Array, false)
#4 C:\xampp73\htdocs\order_mobil\system\Model.php(298): CodeIgniter\Database\BaseBuilder->update()
#5 C:\xampp73\htdocs\order_mobil\system\BaseModel.php(865): CodeIgniter\Model->doUpdate(NULL, Array)
#6 C:\xampp73\htdocs\order_mobil\system\Model.php(646): CodeIgniter\BaseModel->update(NULL, Array)
#7 C:\xampp73\htdocs\order_mobil\app\Controllers\OrderController.php(460): CodeIgniter\Model->update()
#8 C:\xampp73\htdocs\order_mobil\system\CodeIgniter.php(824): App\Controllers\OrderController->status_available('MBL001')
#9 C:\xampp73\htdocs\order_mobil\system\CodeIgniter.php(410): CodeIgniter\CodeIgniter->runController(Object(App\Controllers\OrderController))
#10 C:\xampp73\htdocs\order_mobil\system\CodeIgniter.php(318): CodeIgniter\CodeIgniter->handleRequest(NULL, Object(Config\Cache), false)
#11 C:\xampp73\htdocs\order_mobil\index.php(37): CodeIgniter\CodeIgniter->run()
#12 {main}
ERROR - 2022-12-09 10:32:30 --> Not unique table/alias: 'pengemudi'
CRITICAL - 2022-12-09 10:32:30 --> Not unique table/alias: 'pengemudi'
#0 C:\xampp73\htdocs\order_mobil\system\Database\MySQLi\Connection.php(292): mysqli->query('SELECT * FROM p...', 0)
#1 C:\xampp73\htdocs\order_mobil\system\Database\BaseConnection.php(670): CodeIgniter\Database\MySQLi\Connection->execute('SELECT * FROM p...')
#2 C:\xampp73\htdocs\order_mobil\system\Database\BaseConnection.php(598): CodeIgniter\Database\BaseConnection->simpleQuery('SELECT * FROM p...')
#3 C:\xampp73\htdocs\order_mobil\system\Model.php(721): CodeIgniter\Database\BaseConnection->query('SELECT * FROM p...')
#4 C:\xampp73\htdocs\order_mobil\app\Controllers\Home.php(32): CodeIgniter\Model->__call('query', Array)
#5 C:\xampp73\htdocs\order_mobil\system\CodeIgniter.php(824): App\Controllers\Home->dashboard()
#6 C:\xampp73\htdocs\order_mobil\system\CodeIgniter.php(410): CodeIgniter\CodeIgniter->runController(Object(App\Controllers\Home))
#7 C:\xampp73\htdocs\order_mobil\system\CodeIgniter.php(318): CodeIgniter\CodeIgniter->handleRequest(NULL, Object(Config\Cache), false)
#8 C:\xampp73\htdocs\order_mobil\index.php(37): CodeIgniter\CodeIgniter->run()
#9 {main}
ERROR - 2022-12-09 10:32:46 --> Not unique table/alias: 'pengemudi'
CRITICAL - 2022-12-09 10:32:46 --> Not unique table/alias: 'pengemudi'
#0 C:\xampp73\htdocs\order_mobil\system\Database\MySQLi\Connection.php(292): mysqli->query('SELECT * FROM p...', 0)
#1 C:\xampp73\htdocs\order_mobil\system\Database\BaseConnection.php(670): CodeIgniter\Database\MySQLi\Connection->execute('SELECT * FROM p...')
#2 C:\xampp73\htdocs\order_mobil\system\Database\BaseConnection.php(598): CodeIgniter\Database\BaseConnection->simpleQuery('SELECT * FROM p...')
#3 C:\xampp73\htdocs\order_mobil\system\Model.php(721): CodeIgniter\Database\BaseConnection->query('SELECT * FROM p...')
#4 C:\xampp73\htdocs\order_mobil\app\Controllers\Home.php(32): CodeIgniter\Model->__call('query', Array)
#5 C:\xampp73\htdocs\order_mobil\system\CodeIgniter.php(824): App\Controllers\Home->dashboard()
#6 C:\xampp73\htdocs\order_mobil\system\CodeIgniter.php(410): CodeIgniter\CodeIgniter->runController(Object(App\Controllers\Home))
#7 C:\xampp73\htdocs\order_mobil\system\CodeIgniter.php(318): CodeIgniter\CodeIgniter->handleRequest(NULL, Object(Config\Cache), false)
#8 C:\xampp73\htdocs\order_mobil\index.php(37): CodeIgniter\CodeIgniter->run()
#9 {main}
ERROR - 2022-12-09 10:32:49 --> Not unique table/alias: 'pengemudi'
CRITICAL - 2022-12-09 10:32:49 --> Not unique table/alias: 'pengemudi'
#0 C:\xampp73\htdocs\order_mobil\system\Database\MySQLi\Connection.php(292): mysqli->query('SELECT * FROM p...', 0)
#1 C:\xampp73\htdocs\order_mobil\system\Database\BaseConnection.php(670): CodeIgniter\Database\MySQLi\Connection->execute('SELECT * FROM p...')
#2 C:\xampp73\htdocs\order_mobil\system\Database\BaseConnection.php(598): CodeIgniter\Database\BaseConnection->simpleQuery('SELECT * FROM p...')
#3 C:\xampp73\htdocs\order_mobil\system\Model.php(721): CodeIgniter\Database\BaseConnection->query('SELECT * FROM p...')
#4 C:\xampp73\htdocs\order_mobil\app\Controllers\Home.php(32): CodeIgniter\Model->__call('query', Array)
#5 C:\xampp73\htdocs\order_mobil\system\CodeIgniter.php(824): App\Controllers\Home->dashboard()
#6 C:\xampp73\htdocs\order_mobil\system\CodeIgniter.php(410): CodeIgniter\CodeIgniter->runController(Object(App\Controllers\Home))
#7 C:\xampp73\htdocs\order_mobil\system\CodeIgniter.php(318): CodeIgniter\CodeIgniter->handleRequest(NULL, Object(Config\Cache), false)
#8 C:\xampp73\htdocs\order_mobil\index.php(37): CodeIgniter\CodeIgniter->run()
#9 {main}
ERROR - 2022-12-09 10:39:22 --> Not unique table/alias: 'pengemudi'
CRITICAL - 2022-12-09 10:39:22 --> Not unique table/alias: 'pengemudi'
#0 C:\xampp73\htdocs\order_mobil\system\Database\MySQLi\Connection.php(292): mysqli->query('SELECT * FROM p...', 0)
#1 C:\xampp73\htdocs\order_mobil\system\Database\BaseConnection.php(670): CodeIgniter\Database\MySQLi\Connection->execute('SELECT * FROM p...')
#2 C:\xampp73\htdocs\order_mobil\system\Database\BaseConnection.php(598): CodeIgniter\Database\BaseConnection->simpleQuery('SELECT * FROM p...')
#3 C:\xampp73\htdocs\order_mobil\system\Model.php(721): CodeIgniter\Database\BaseConnection->query('SELECT * FROM p...')
#4 C:\xampp73\htdocs\order_mobil\app\Controllers\Home.php(33): CodeIgniter\Model->__call('query', Array)
#5 C:\xampp73\htdocs\order_mobil\system\CodeIgniter.php(824): App\Controllers\Home->dashboard()
#6 C:\xampp73\htdocs\order_mobil\system\CodeIgniter.php(410): CodeIgniter\CodeIgniter->runController(Object(App\Controllers\Home))
#7 C:\xampp73\htdocs\order_mobil\system\CodeIgniter.php(318): CodeIgniter\CodeIgniter->handleRequest(NULL, Object(Config\Cache), false)
#8 C:\xampp73\htdocs\order_mobil\index.php(37): CodeIgniter\CodeIgniter->run()
#9 {main}
ERROR - 2022-12-09 10:39:24 --> Not unique table/alias: 'pengemudi'
CRITICAL - 2022-12-09 10:39:24 --> Not unique table/alias: 'pengemudi'
#0 C:\xampp73\htdocs\order_mobil\system\Database\MySQLi\Connection.php(292): mysqli->query('SELECT * FROM p...', 0)
#1 C:\xampp73\htdocs\order_mobil\system\Database\BaseConnection.php(670): CodeIgniter\Database\MySQLi\Connection->execute('SELECT * FROM p...')
#2 C:\xampp73\htdocs\order_mobil\system\Database\BaseConnection.php(598): CodeIgniter\Database\BaseConnection->simpleQuery('SELECT * FROM p...')
#3 C:\xampp73\htdocs\order_mobil\system\Model.php(721): CodeIgniter\Database\BaseConnection->query('SELECT * FROM p...')
#4 C:\xampp73\htdocs\order_mobil\app\Controllers\Home.php(33): CodeIgniter\Model->__call('query', Array)
#5 C:\xampp73\htdocs\order_mobil\system\CodeIgniter.php(824): App\Controllers\Home->dashboard()
#6 C:\xampp73\htdocs\order_mobil\system\CodeIgniter.php(410): CodeIgniter\CodeIgniter->runController(Object(App\Controllers\Home))
#7 C:\xampp73\htdocs\order_mobil\system\CodeIgniter.php(318): CodeIgniter\CodeIgniter->handleRequest(NULL, Object(Config\Cache), false)
#8 C:\xampp73\htdocs\order_mobil\index.php(37): CodeIgniter\CodeIgniter->run()
#9 {main}
ERROR - 2022-12-09 10:40:42 --> Column 'userid' in field list is ambiguous
CRITICAL - 2022-12-09 10:40:42 --> Column 'userid' in field list is ambiguous
#0 C:\xampp73\htdocs\order_mobil\system\Database\MySQLi\Connection.php(292): mysqli->query('SELECT count(us...', 0)
#1 C:\xampp73\htdocs\order_mobil\system\Database\BaseConnection.php(670): CodeIgniter\Database\MySQLi\Connection->execute('SELECT count(us...')
#2 C:\xampp73\htdocs\order_mobil\system\Database\BaseConnection.php(598): CodeIgniter\Database\BaseConnection->simpleQuery('SELECT count(us...')
#3 C:\xampp73\htdocs\order_mobil\system\Model.php(721): CodeIgniter\Database\BaseConnection->query('SELECT count(us...')
#4 C:\xampp73\htdocs\order_mobil\app\Controllers\Home.php(32): CodeIgniter\Model->__call('query', Array)
#5 C:\xampp73\htdocs\order_mobil\system\CodeIgniter.php(824): App\Controllers\Home->dashboard()
#6 C:\xampp73\htdocs\order_mobil\system\CodeIgniter.php(410): CodeIgniter\CodeIgniter->runController(Object(App\Controllers\Home))
#7 C:\xampp73\htdocs\order_mobil\system\CodeIgniter.php(318): CodeIgniter\CodeIgniter->handleRequest(NULL, Object(Config\Cache), false)
#8 C:\xampp73\htdocs\order_mobil\index.php(37): CodeIgniter\CodeIgniter->run()
#9 {main}
CRITICAL - 2022-12-09 10:41:02 --> Undefined index: jml_pengemudi
#0 C:\xampp73\htdocs\order_mobil\app\Controllers\Home.php(35): CodeIgniter\Debug\Exceptions->errorHandler(8, 'Undefined index...', 'C:\\xampp73\\htdo...', 35, Array)
#1 C:\xampp73\htdocs\order_mobil\system\CodeIgniter.php(824): App\Controllers\Home->dashboard()
#2 C:\xampp73\htdocs\order_mobil\system\CodeIgniter.php(410): CodeIgniter\CodeIgniter->runController(Object(App\Controllers\Home))
#3 C:\xampp73\htdocs\order_mobil\system\CodeIgniter.php(318): CodeIgniter\CodeIgniter->handleRequest(NULL, Object(Config\Cache), false)
#4 C:\xampp73\htdocs\order_mobil\index.php(37): CodeIgniter\CodeIgniter->run()
#5 {main}
CRITICAL - 2022-12-09 13:41:04 --> Undefined index: nip
#0 C:\xampp73\htdocs\order_mobil\app\Views\history_reject.php(33): CodeIgniter\Debug\Exceptions->errorHandler(8, 'Undefined index...', 'C:\\xampp73\\htdo...', 33, Array)
#1 C:\xampp73\htdocs\order_mobil\system\View\View.php(214): include('C:\\xampp73\\htdo...')
#2 C:\xampp73\htdocs\order_mobil\system\View\View.php(217): CodeIgniter\View\View->CodeIgniter\View\{closure}()
#3 C:\xampp73\htdocs\order_mobil\system\Common.php(1097): CodeIgniter\View\View->render('history_reject', Array, true)
#4 C:\xampp73\htdocs\order_mobil\app\Controllers\Home.php(306): view('history_reject', Array)
#5 C:\xampp73\htdocs\order_mobil\system\CodeIgniter.php(824): App\Controllers\Home->history_reject()
#6 C:\xampp73\htdocs\order_mobil\system\CodeIgniter.php(410): CodeIgniter\CodeIgniter->runController(Object(App\Controllers\Home))
#7 C:\xampp73\htdocs\order_mobil\system\CodeIgniter.php(318): CodeIgniter\CodeIgniter->handleRequest(NULL, Object(Config\Cache), false)
#8 C:\xampp73\htdocs\order_mobil\index.php(37): CodeIgniter\CodeIgniter->run()
#9 {main}
CRITICAL - 2022-12-09 13:42:03 --> Undefined index: divisi
#0 C:\xampp73\htdocs\order_mobil\app\Views\history_reject.php(32): CodeIgniter\Debug\Exceptions->errorHandler(8, 'Undefined index...', 'C:\\xampp73\\htdo...', 32, Array)
#1 C:\xampp73\htdocs\order_mobil\system\View\View.php(214): include('C:\\xampp73\\htdo...')
#2 C:\xampp73\htdocs\order_mobil\system\View\View.php(217): CodeIgniter\View\View->CodeIgniter\View\{closure}()
#3 C:\xampp73\htdocs\order_mobil\system\Common.php(1097): CodeIgniter\View\View->render('history_reject', Array, true)
#4 C:\xampp73\htdocs\order_mobil\app\Controllers\Home.php(306): view('history_reject', Array)
#5 C:\xampp73\htdocs\order_mobil\system\CodeIgniter.php(824): App\Controllers\Home->history_reject()
#6 C:\xampp73\htdocs\order_mobil\system\CodeIgniter.php(410): CodeIgniter\CodeIgniter->runController(Object(App\Controllers\Home))
#7 C:\xampp73\htdocs\order_mobil\system\CodeIgniter.php(318): CodeIgniter\CodeIgniter->handleRequest(NULL, Object(Config\Cache), false)
#8 C:\xampp73\htdocs\order_mobil\index.php(37): CodeIgniter\CodeIgniter->run()
#9 {main}
CRITICAL - 2022-12-09 14:12:46 --> Undefined offset: 0
#0 C:\xampp73\htdocs\order_mobil\app\Controllers\UserController.php(194): CodeIgniter\Debug\Exceptions->errorHandler(8, 'Undefined offse...', 'C:\\xampp73\\htdo...', 194, Array)
#1 C:\xampp73\htdocs\order_mobil\system\CodeIgniter.php(824): App\Controllers\UserController->auth()
#2 C:\xampp73\htdocs\order_mobil\system\CodeIgniter.php(410): CodeIgniter\CodeIgniter->runController(Object(App\Controllers\UserController))
#3 C:\xampp73\htdocs\order_mobil\system\CodeIgniter.php(318): CodeIgniter\CodeIgniter->handleRequest(NULL, Object(Config\Cache), false)
#4 C:\xampp73\htdocs\order_mobil\index.php(37): CodeIgniter\CodeIgniter->run()
#5 {main}
CRITICAL - 2022-12-09 14:15:37 --> Undefined offset: 0
#0 C:\xampp73\htdocs\order_mobil\app\Controllers\UserController.php(187): CodeIgniter\Debug\Exceptions->errorHandler(8, 'Undefined offse...', 'C:\\xampp73\\htdo...', 187, Array)
#1 C:\xampp73\htdocs\order_mobil\system\CodeIgniter.php(824): App\Controllers\UserController->auth()
#2 C:\xampp73\htdocs\order_mobil\system\CodeIgniter.php(410): CodeIgniter\CodeIgniter->runController(Object(App\Controllers\UserController))
#3 C:\xampp73\htdocs\order_mobil\system\CodeIgniter.php(318): CodeIgniter\CodeIgniter->handleRequest(NULL, Object(Config\Cache), false)
#4 C:\xampp73\htdocs\order_mobil\index.php(37): CodeIgniter\CodeIgniter->run()
#5 {main}
ERROR - 2022-12-09 14:24:21 --> Duplicate entry 'MBL0001' for key 'PRIMARY'
CRITICAL - 2022-12-09 14:24:21 --> Duplicate entry 'MBL0001' for key 'PRIMARY'
#0 C:\xampp73\htdocs\order_mobil\system\Database\MySQLi\Connection.php(292): mysqli->query('INSERT INTO `us...', 0)
#1 C:\xampp73\htdocs\order_mobil\system\Database\BaseConnection.php(670): CodeIgniter\Database\MySQLi\Connection->execute('INSERT INTO `us...')
#2 C:\xampp73\htdocs\order_mobil\system\Database\BaseConnection.php(598): CodeIgniter\Database\BaseConnection->simpleQuery('INSERT INTO `us...')
#3 C:\xampp73\htdocs\order_mobil\system\Database\BaseBuilder.php(1759): CodeIgniter\Database\BaseConnection->query('INSERT INTO `us...', Array, false)
#4 C:\xampp73\htdocs\order_mobil\system\Model.php(239): CodeIgniter\Database\BaseBuilder->insert()
#5 C:\xampp73\htdocs\order_mobil\system\BaseModel.php(738): CodeIgniter\Model->doInsert(Array)
#6 C:\xampp73\htdocs\order_mobil\system\Model.php(620): CodeIgniter\BaseModel->insert(Array, true)
#7 C:\xampp73\htdocs\order_mobil\app\Controllers\UserController.php(183): CodeIgniter\Model->insert(Array)
#8 C:\xampp73\htdocs\order_mobil\system\CodeIgniter.php(824): App\Controllers\UserController->auth()
#9 C:\xampp73\htdocs\order_mobil\system\CodeIgniter.php(410): CodeIgniter\CodeIgniter->runController(Object(App\Controllers\UserController))
#10 C:\xampp73\htdocs\order_mobil\system\CodeIgniter.php(318): CodeIgniter\CodeIgniter->handleRequest(NULL, Object(Config\Cache), false)
#11 C:\xampp73\htdocs\order_mobil\index.php(37): CodeIgniter\CodeIgniter->run()
#12 {main}
CRITICAL - 2022-12-09 14:26:41 --> Undefined offset: 0
#0 C:\xampp73\htdocs\order_mobil\app\Controllers\OrderController.php(163): CodeIgniter\Debug\Exceptions->errorHandler(8, 'Undefined offse...', 'C:\\xampp73\\htdo...', 163, Array)
#1 C:\xampp73\htdocs\order_mobil\system\CodeIgniter.php(824): App\Controllers\OrderController->request_order()
#2 C:\xampp73\htdocs\order_mobil\system\CodeIgniter.php(410): CodeIgniter\CodeIgniter->runController(Object(App\Controllers\OrderController))
#3 C:\xampp73\htdocs\order_mobil\system\CodeIgniter.php(318): CodeIgniter\CodeIgniter->handleRequest(NULL, Object(Config\Cache), false)
#4 C:\xampp73\htdocs\order_mobil\index.php(37): CodeIgniter\CodeIgniter->run()
#5 {main}
ERROR - 2022-12-09 14:27:48 --> Cannot add or update a child row: a foreign key constraint fails (`bcas_mobil`.`pemesanan_mobil`, CONSTRAINT `pemesanan_mobil_idpengemudi` FOREIGN KEY (`id_pengemudi`) REFERENCES `pengemudi` (`userid`))
CRITICAL - 2022-12-09 14:27:48 --> Cannot add or update a child row: a foreign key constraint fails (`bcas_mobil`.`pemesanan_mobil`, CONSTRAINT `pemesanan_mobil_idpengemudi` FOREIGN KEY (`id_pengemudi`) REFERENCES `pengemudi` (`userid`))
#0 C:\xampp73\htdocs\order_mobil\system\Database\MySQLi\Connection.php(292): mysqli->query('INSERT INTO `pe...', 0)
#1 C:\xampp73\htdocs\order_mobil\system\Database\BaseConnection.php(670): CodeIgniter\Database\MySQLi\Connection->execute('INSERT INTO `pe...')
#2 C:\xampp73\htdocs\order_mobil\system\Database\BaseConnection.php(598): CodeIgniter\Database\BaseConnection->simpleQuery('INSERT INTO `pe...')
#3 C:\xampp73\htdocs\order_mobil\system\Database\BaseBuilder.php(1759): CodeIgniter\Database\BaseConnection->query('INSERT INTO `pe...', Array, false)
#4 C:\xampp73\htdocs\order_mobil\system\Model.php(239): CodeIgniter\Database\BaseBuilder->insert()
#5 C:\xampp73\htdocs\order_mobil\system\BaseModel.php(738): CodeIgniter\Model->doInsert(Array)
#6 C:\xampp73\htdocs\order_mobil\system\Model.php(620): CodeIgniter\BaseModel->insert(Array, true)
#7 C:\xampp73\htdocs\order_mobil\app\Controllers\OrderController.php(183): CodeIgniter\Model->insert(Array)
#8 C:\xampp73\htdocs\order_mobil\system\CodeIgniter.php(824): App\Controllers\OrderController->request_order()
#9 C:\xampp73\htdocs\order_mobil\system\CodeIgniter.php(410): CodeIgniter\CodeIgniter->runController(Object(App\Controllers\OrderController))
#10 C:\xampp73\htdocs\order_mobil\system\CodeIgniter.php(318): CodeIgniter\CodeIgniter->handleRequest(NULL, Object(Config\Cache), false)
#11 C:\xampp73\htdocs\order_mobil\index.php(37): CodeIgniter\CodeIgniter->run()
#12 {main}
ERROR - 2022-12-09 14:30:05 --> Cannot add or update a child row: a foreign key constraint fails (`bcas_mobil`.`pemesanan_mobil`, CONSTRAINT `pemesanan_mobil_idpengemudi` FOREIGN KEY (`id_pengemudi`) REFERENCES `pengemudi` (`userid`))
CRITICAL - 2022-12-09 14:30:05 --> Cannot add or update a child row: a foreign key constraint fails (`bcas_mobil`.`pemesanan_mobil`, CONSTRAINT `pemesanan_mobil_idpengemudi` FOREIGN KEY (`id_pengemudi`) REFERENCES `pengemudi` (`userid`))
#0 C:\xampp73\htdocs\order_mobil\system\Database\MySQLi\Connection.php(292): mysqli->query('INSERT INTO `pe...', 0)
#1 C:\xampp73\htdocs\order_mobil\system\Database\BaseConnection.php(670): CodeIgniter\Database\MySQLi\Connection->execute('INSERT INTO `pe...')
#2 C:\xampp73\htdocs\order_mobil\system\Database\BaseConnection.php(598): CodeIgniter\Database\BaseConnection->simpleQuery('INSERT INTO `pe...')
#3 C:\xampp73\htdocs\order_mobil\system\Database\BaseBuilder.php(1759): CodeIgniter\Database\BaseConnection->query('INSERT INTO `pe...', Array, false)
#4 C:\xampp73\htdocs\order_mobil\system\Model.php(239): CodeIgniter\Database\BaseBuilder->insert()
#5 C:\xampp73\htdocs\order_mobil\system\BaseModel.php(738): CodeIgniter\Model->doInsert(Array)
#6 C:\xampp73\htdocs\order_mobil\system\Model.php(620): CodeIgniter\BaseModel->insert(Array, true)
#7 C:\xampp73\htdocs\order_mobil\app\Controllers\OrderController.php(184): CodeIgniter\Model->insert(Array)
#8 C:\xampp73\htdocs\order_mobil\system\CodeIgniter.php(824): App\Controllers\OrderController->request_order()
#9 C:\xampp73\htdocs\order_mobil\system\CodeIgniter.php(410): CodeIgniter\CodeIgniter->runController(Object(App\Controllers\OrderController))
#10 C:\xampp73\htdocs\order_mobil\system\CodeIgniter.php(318): CodeIgniter\CodeIgniter->handleRequest(NULL, Object(Config\Cache), false)
#11 C:\xampp73\htdocs\order_mobil\index.php(37): CodeIgniter\CodeIgniter->run()
#12 {main}
ERROR - 2022-12-09 14:35:08 --> You have an error in your SQL syntax; check the manual that corresponds to your MariaDB server version for the right syntax to use near 'FFROM mobil RIGHT  JOIN pengemudi ON mobil.id_mobil = pengemudi.id_mobil wher...' at line 1
CRITICAL - 2022-12-09 14:35:08 --> You have an error in your SQL syntax; check the manual that corresponds to your MariaDB server version for the right syntax to use near 'FFROM mobil RIGHT  JOIN pengemudi ON mobil.id_mobil = pengemudi.id_mobil wher...' at line 1
#0 C:\xampp73\htdocs\order_mobil\system\Database\MySQLi\Connection.php(292): mysqli->query('SELECT * FFROM ...', 0)
#1 C:\xampp73\htdocs\order_mobil\system\Database\BaseConnection.php(670): CodeIgniter\Database\MySQLi\Connection->execute('SELECT * FFROM ...')
#2 C:\xampp73\htdocs\order_mobil\system\Database\BaseConnection.php(598): CodeIgniter\Database\BaseConnection->simpleQuery('SELECT * FFROM ...')
#3 C:\xampp73\htdocs\order_mobil\system\Model.php(721): CodeIgniter\Database\BaseConnection->query('SELECT * FFROM ...')
#4 C:\xampp73\htdocs\order_mobil\app\Controllers\OrderController.php(126): CodeIgniter\Model->__call('query', Array)
#5 C:\xampp73\htdocs\order_mobil\system\CodeIgniter.php(824): App\Controllers\OrderController->show_order('85', 'MBL003')
#6 C:\xampp73\htdocs\order_mobil\system\CodeIgniter.php(410): CodeIgniter\CodeIgniter->runController(Object(App\Controllers\OrderController))
#7 C:\xampp73\htdocs\order_mobil\system\CodeIgniter.php(318): CodeIgniter\CodeIgniter->handleRequest(NULL, Object(Config\Cache), false)
#8 C:\xampp73\htdocs\order_mobil\index.php(37): CodeIgniter\CodeIgniter->run()
#9 {main}
ERROR - 2022-12-09 14:36:58 --> Cannot add or update a child row: a foreign key constraint fails (`bcas_mobil`.`pemesanan_mobil`, CONSTRAINT `pemesanan_mobil_idpengemudi` FOREIGN KEY (`id_pengemudi`) REFERENCES `pengemudi` (`userid`))
CRITICAL - 2022-12-09 14:36:58 --> Cannot add or update a child row: a foreign key constraint fails (`bcas_mobil`.`pemesanan_mobil`, CONSTRAINT `pemesanan_mobil_idpengemudi` FOREIGN KEY (`id_pengemudi`) REFERENCES `pengemudi` (`userid`))
#0 C:\xampp73\htdocs\order_mobil\system\Database\MySQLi\Connection.php(292): mysqli->query('INSERT INTO `pe...', 0)
#1 C:\xampp73\htdocs\order_mobil\system\Database\BaseConnection.php(670): CodeIgniter\Database\MySQLi\Connection->execute('INSERT INTO `pe...')
#2 C:\xampp73\htdocs\order_mobil\system\Database\BaseConnection.php(598): CodeIgniter\Database\BaseConnection->simpleQuery('INSERT INTO `pe...')
#3 C:\xampp73\htdocs\order_mobil\system\Database\BaseBuilder.php(1759): CodeIgniter\Database\BaseConnection->query('INSERT INTO `pe...', Array, false)
#4 C:\xampp73\htdocs\order_mobil\system\Model.php(239): CodeIgniter\Database\BaseBuilder->insert()
#5 C:\xampp73\htdocs\order_mobil\system\BaseModel.php(738): CodeIgniter\Model->doInsert(Array)
#6 C:\xampp73\htdocs\order_mobil\system\Model.php(620): CodeIgniter\BaseModel->insert(Array, true)
#7 C:\xampp73\htdocs\order_mobil\app\Controllers\OrderController.php(403): CodeIgniter\Model->insert(Array)
#8 C:\xampp73\htdocs\order_mobil\system\CodeIgniter.php(824): App\Controllers\OrderController->insert_order('85', 'MBL003', '43')
#9 C:\xampp73\htdocs\order_mobil\system\CodeIgniter.php(410): CodeIgniter\CodeIgniter->runController(Object(App\Controllers\OrderController))
#10 C:\xampp73\htdocs\order_mobil\system\CodeIgniter.php(318): CodeIgniter\CodeIgniter->handleRequest(NULL, Object(Config\Cache), false)
#11 C:\xampp73\htdocs\order_mobil\index.php(37): CodeIgniter\CodeIgniter->run()
#12 {main}
ERROR - 2022-12-09 14:37:13 --> Cannot add or update a child row: a foreign key constraint fails (`bcas_mobil`.`pemesanan_mobil`, CONSTRAINT `pemesanan_mobil_idpengemudi` FOREIGN KEY (`id_pengemudi`) REFERENCES `pengemudi` (`userid`))
CRITICAL - 2022-12-09 14:37:13 --> Cannot add or update a child row: a foreign key constraint fails (`bcas_mobil`.`pemesanan_mobil`, CONSTRAINT `pemesanan_mobil_idpengemudi` FOREIGN KEY (`id_pengemudi`) REFERENCES `pengemudi` (`userid`))
#0 C:\xampp73\htdocs\order_mobil\system\Database\MySQLi\Connection.php(292): mysqli->query('INSERT INTO `pe...', 0)
#1 C:\xampp73\htdocs\order_mobil\system\Database\BaseConnection.php(670): CodeIgniter\Database\MySQLi\Connection->execute('INSERT INTO `pe...')
#2 C:\xampp73\htdocs\order_mobil\system\Database\BaseConnection.php(598): CodeIgniter\Database\BaseConnection->simpleQuery('INSERT INTO `pe...')
#3 C:\xampp73\htdocs\order_mobil\system\Database\BaseBuilder.php(1759): CodeIgniter\Database\BaseConnection->query('INSERT INTO `pe...', Array, false)
#4 C:\xampp73\htdocs\order_mobil\system\Model.php(239): CodeIgniter\Database\BaseBuilder->insert()
#5 C:\xampp73\htdocs\order_mobil\system\BaseModel.php(738): CodeIgniter\Model->doInsert(Array)
#6 C:\xampp73\htdocs\order_mobil\system\Model.php(620): CodeIgniter\BaseModel->insert(Array, true)
#7 C:\xampp73\htdocs\order_mobil\app\Controllers\OrderController.php(403): CodeIgniter\Model->insert(Array)
#8 C:\xampp73\htdocs\order_mobil\system\CodeIgniter.php(824): App\Controllers\OrderController->insert_order('85', 'MBL003', '43')
#9 C:\xampp73\htdocs\order_mobil\system\CodeIgniter.php(410): CodeIgniter\CodeIgniter->runController(Object(App\Controllers\OrderController))
#10 C:\xampp73\htdocs\order_mobil\system\CodeIgniter.php(318): CodeIgniter\CodeIgniter->handleRequest(NULL, Object(Config\Cache), false)
#11 C:\xampp73\htdocs\order_mobil\index.php(37): CodeIgniter\CodeIgniter->run()
#12 {main}
ERROR - 2022-12-09 14:37:16 --> Cannot add or update a child row: a foreign key constraint fails (`bcas_mobil`.`pemesanan_mobil`, CONSTRAINT `pemesanan_mobil_idpengemudi` FOREIGN KEY (`id_pengemudi`) REFERENCES `pengemudi` (`userid`))
CRITICAL - 2022-12-09 14:37:16 --> Cannot add or update a child row: a foreign key constraint fails (`bcas_mobil`.`pemesanan_mobil`, CONSTRAINT `pemesanan_mobil_idpengemudi` FOREIGN KEY (`id_pengemudi`) REFERENCES `pengemudi` (`userid`))
#0 C:\xampp73\htdocs\order_mobil\system\Database\MySQLi\Connection.php(292): mysqli->query('INSERT INTO `pe...', 0)
#1 C:\xampp73\htdocs\order_mobil\system\Database\BaseConnection.php(670): CodeIgniter\Database\MySQLi\Connection->execute('INSERT INTO `pe...')
#2 C:\xampp73\htdocs\order_mobil\system\Database\BaseConnection.php(598): CodeIgniter\Database\BaseConnection->simpleQuery('INSERT INTO `pe...')
#3 C:\xampp73\htdocs\order_mobil\system\Database\BaseBuilder.php(1759): CodeIgniter\Database\BaseConnection->query('INSERT INTO `pe...', Array, false)
#4 C:\xampp73\htdocs\order_mobil\system\Model.php(239): CodeIgniter\Database\BaseBuilder->insert()
#5 C:\xampp73\htdocs\order_mobil\system\BaseModel.php(738): CodeIgniter\Model->doInsert(Array)
#6 C:\xampp73\htdocs\order_mobil\system\Model.php(620): CodeIgniter\BaseModel->insert(Array, true)
#7 C:\xampp73\htdocs\order_mobil\app\Controllers\OrderController.php(403): CodeIgniter\Model->insert(Array)
#8 C:\xampp73\htdocs\order_mobil\system\CodeIgniter.php(824): App\Controllers\OrderController->insert_order('85', 'MBL003', '43')
#9 C:\xampp73\htdocs\order_mobil\system\CodeIgniter.php(410): CodeIgniter\CodeIgniter->runController(Object(App\Controllers\OrderController))
#10 C:\xampp73\htdocs\order_mobil\system\CodeIgniter.php(318): CodeIgniter\CodeIgniter->handleRequest(NULL, Object(Config\Cache), false)
#11 C:\xampp73\htdocs\order_mobil\index.php(37): CodeIgniter\CodeIgniter->run()
#12 {main}
ERROR - 2022-12-09 14:37:27 --> Cannot add or update a child row: a foreign key constraint fails (`bcas_mobil`.`pemesanan_mobil`, CONSTRAINT `pemesanan_mobil_idpengemudi` FOREIGN KEY (`id_pengemudi`) REFERENCES `pengemudi` (`userid`))
CRITICAL - 2022-12-09 14:37:27 --> Cannot add or update a child row: a foreign key constraint fails (`bcas_mobil`.`pemesanan_mobil`, CONSTRAINT `pemesanan_mobil_idpengemudi` FOREIGN KEY (`id_pengemudi`) REFERENCES `pengemudi` (`userid`))
#0 C:\xampp73\htdocs\order_mobil\system\Database\MySQLi\Connection.php(292): mysqli->query('INSERT INTO `pe...', 0)
#1 C:\xampp73\htdocs\order_mobil\system\Database\BaseConnection.php(670): CodeIgniter\Database\MySQLi\Connection->execute('INSERT INTO `pe...')
#2 C:\xampp73\htdocs\order_mobil\system\Database\BaseConnection.php(598): CodeIgniter\Database\BaseConnection->simpleQuery('INSERT INTO `pe...')
#3 C:\xampp73\htdocs\order_mobil\system\Database\BaseBuilder.php(1759): CodeIgniter\Database\BaseConnection->query('INSERT INTO `pe...', Array, false)
#4 C:\xampp73\htdocs\order_mobil\system\Model.php(239): CodeIgniter\Database\BaseBuilder->insert()
#5 C:\xampp73\htdocs\order_mobil\system\BaseModel.php(738): CodeIgniter\Model->doInsert(Array)
#6 C:\xampp73\htdocs\order_mobil\system\Model.php(620): CodeIgniter\BaseModel->insert(Array, true)
#7 C:\xampp73\htdocs\order_mobil\app\Controllers\OrderController.php(403): CodeIgniter\Model->insert(Array)
#8 C:\xampp73\htdocs\order_mobil\system\CodeIgniter.php(824): App\Controllers\OrderController->insert_order('85', 'MBL003', '43')
#9 C:\xampp73\htdocs\order_mobil\system\CodeIgniter.php(410): CodeIgniter\CodeIgniter->runController(Object(App\Controllers\OrderController))
#10 C:\xampp73\htdocs\order_mobil\system\CodeIgniter.php(318): CodeIgniter\CodeIgniter->handleRequest(NULL, Object(Config\Cache), false)
#11 C:\xampp73\htdocs\order_mobil\index.php(37): CodeIgniter\CodeIgniter->run()
#12 {main}
CRITICAL - 2022-12-09 14:42:24 --> Undefined offset: 0
#0 C:\xampp73\htdocs\order_mobil\app\Controllers\OrderController.php(163): CodeIgniter\Debug\Exceptions->errorHandler(8, 'Undefined offse...', 'C:\\xampp73\\htdo...', 163, Array)
#1 C:\xampp73\htdocs\order_mobil\system\CodeIgniter.php(824): App\Controllers\OrderController->request_order()
#2 C:\xampp73\htdocs\order_mobil\system\CodeIgniter.php(410): CodeIgniter\CodeIgniter->runController(Object(App\Controllers\OrderController))
#3 C:\xampp73\htdocs\order_mobil\system\CodeIgniter.php(318): CodeIgniter\CodeIgniter->handleRequest(NULL, Object(Config\Cache), false)
#4 C:\xampp73\htdocs\order_mobil\index.php(37): CodeIgniter\CodeIgniter->run()
#5 {main}
CRITICAL - 2022-12-09 14:43:34 --> Undefined offset: 0
#0 C:\xampp73\htdocs\order_mobil\app\Controllers\OrderController.php(163): CodeIgniter\Debug\Exceptions->errorHandler(8, 'Undefined offse...', 'C:\\xampp73\\htdo...', 163, Array)
#1 C:\xampp73\htdocs\order_mobil\system\CodeIgniter.php(824): App\Controllers\OrderController->request_order()
#2 C:\xampp73\htdocs\order_mobil\system\CodeIgniter.php(410): CodeIgniter\CodeIgniter->runController(Object(App\Controllers\OrderController))
#3 C:\xampp73\htdocs\order_mobil\system\CodeIgniter.php(318): CodeIgniter\CodeIgniter->handleRequest(NULL, Object(Config\Cache), false)
#4 C:\xampp73\htdocs\order_mobil\index.php(37): CodeIgniter\CodeIgniter->run()
#5 {main}
CRITICAL - 2022-12-09 14:59:39 --> Undefined variable: tersedia
#0 C:\xampp73\htdocs\order_mobil\app\Views\dashboard.php(40): CodeIgniter\Debug\Exceptions->errorHandler(8, 'Undefined varia...', 'C:\\xampp73\\htdo...', 40, Array)
#1 C:\xampp73\htdocs\order_mobil\system\View\View.php(214): include('C:\\xampp73\\htdo...')
#2 C:\xampp73\htdocs\order_mobil\system\View\View.php(217): CodeIgniter\View\View->CodeIgniter\View\{closure}()
#3 C:\xampp73\htdocs\order_mobil\system\Common.php(1097): CodeIgniter\View\View->render('dashboard', Array, true)
#4 C:\xampp73\htdocs\order_mobil\app\Controllers\Home.php(41): view('dashboard', Array)
#5 C:\xampp73\htdocs\order_mobil\system\CodeIgniter.php(824): App\Controllers\Home->dashboard()
#6 C:\xampp73\htdocs\order_mobil\system\CodeIgniter.php(410): CodeIgniter\CodeIgniter->runController(Object(App\Controllers\Home))
#7 C:\xampp73\htdocs\order_mobil\system\CodeIgniter.php(318): CodeIgniter\CodeIgniter->handleRequest(NULL, Object(Config\Cache), false)
#8 C:\xampp73\htdocs\order_mobil\index.php(37): CodeIgniter\CodeIgniter->run()
#9 {main}
CRITICAL - 2022-12-09 15:00:00 --> Undefined index: activity
#0 C:\xampp73\htdocs\order_mobil\app\Views\dashboard.php(158): CodeIgniter\Debug\Exceptions->errorHandler(8, 'Undefined index...', 'C:\\xampp73\\htdo...', 158, Array)
#1 C:\xampp73\htdocs\order_mobil\system\View\View.php(214): include('C:\\xampp73\\htdo...')
#2 C:\xampp73\htdocs\order_mobil\system\View\View.php(217): CodeIgniter\View\View->CodeIgniter\View\{closure}()
#3 C:\xampp73\htdocs\order_mobil\system\Common.php(1097): CodeIgniter\View\View->render('dashboard', Array, true)
#4 C:\xampp73\htdocs\order_mobil\app\Controllers\Home.php(47): view('dashboard', Array)
#5 C:\xampp73\htdocs\order_mobil\system\CodeIgniter.php(824): App\Controllers\Home->dashboard()
#6 C:\xampp73\htdocs\order_mobil\system\CodeIgniter.php(410): CodeIgniter\CodeIgniter->runController(Object(App\Controllers\Home))
#7 C:\xampp73\htdocs\order_mobil\system\CodeIgniter.php(318): CodeIgniter\CodeIgniter->handleRequest(NULL, Object(Config\Cache), false)
#8 C:\xampp73\htdocs\order_mobil\index.php(37): CodeIgniter\CodeIgniter->run()
#9 {main}
CRITICAL - 2022-12-09 15:16:32 --> Undefined offset: 0
#0 C:\xampp73\htdocs\order_mobil\app\Controllers\OrderController.php(163): CodeIgniter\Debug\Exceptions->errorHandler(8, 'Undefined offse...', 'C:\\xampp73\\htdo...', 163, Array)
#1 C:\xampp73\htdocs\order_mobil\system\CodeIgniter.php(824): App\Controllers\OrderController->request_order()
#2 C:\xampp73\htdocs\order_mobil\system\CodeIgniter.php(410): CodeIgniter\CodeIgniter->runController(Object(App\Controllers\OrderController))
#3 C:\xampp73\htdocs\order_mobil\system\CodeIgniter.php(318): CodeIgniter\CodeIgniter->handleRequest(NULL, Object(Config\Cache), false)
#4 C:\xampp73\htdocs\order_mobil\index.php(37): CodeIgniter\CodeIgniter->run()
#5 {main}
CRITICAL - 2022-12-09 15:37:53 --> Undefined offset: 0
#0 C:\xampp73\htdocs\order_mobil\app\Controllers\OrderController.php(168): CodeIgniter\Debug\Exceptions->errorHandler(8, 'Undefined offse...', 'C:\\xampp73\\htdo...', 168, Array)
#1 C:\xampp73\htdocs\order_mobil\system\CodeIgniter.php(824): App\Controllers\OrderController->request_order()
#2 C:\xampp73\htdocs\order_mobil\system\CodeIgniter.php(410): CodeIgniter\CodeIgniter->runController(Object(App\Controllers\OrderController))
#3 C:\xampp73\htdocs\order_mobil\system\CodeIgniter.php(318): CodeIgniter\CodeIgniter->handleRequest(NULL, Object(Config\Cache), false)
#4 C:\xampp73\htdocs\order_mobil\index.php(37): CodeIgniter\CodeIgniter->run()
#5 {main}
CRITICAL - 2022-12-09 15:39:49 --> Undefined offset: 0
#0 C:\xampp73\htdocs\order_mobil\app\Controllers\OrderController.php(168): CodeIgniter\Debug\Exceptions->errorHandler(8, 'Undefined offse...', 'C:\\xampp73\\htdo...', 168, Array)
#1 C:\xampp73\htdocs\order_mobil\system\CodeIgniter.php(824): App\Controllers\OrderController->request_order()
#2 C:\xampp73\htdocs\order_mobil\system\CodeIgniter.php(410): CodeIgniter\CodeIgniter->runController(Object(App\Controllers\OrderController))
#3 C:\xampp73\htdocs\order_mobil\system\CodeIgniter.php(318): CodeIgniter\CodeIgniter->handleRequest(NULL, Object(Config\Cache), false)
#4 C:\xampp73\htdocs\order_mobil\index.php(37): CodeIgniter\CodeIgniter->run()
#5 {main}
CRITICAL - 2022-12-09 15:40:05 --> Undefined offset: 0
#0 C:\xampp73\htdocs\order_mobil\app\Controllers\OrderController.php(168): CodeIgniter\Debug\Exceptions->errorHandler(8, 'Undefined offse...', 'C:\\xampp73\\htdo...', 168, Array)
#1 C:\xampp73\htdocs\order_mobil\system\CodeIgniter.php(824): App\Controllers\OrderController->request_order()
#2 C:\xampp73\htdocs\order_mobil\system\CodeIgniter.php(410): CodeIgniter\CodeIgniter->runController(Object(App\Controllers\OrderController))
#3 C:\xampp73\htdocs\order_mobil\system\CodeIgniter.php(318): CodeIgniter\CodeIgniter->handleRequest(NULL, Object(Config\Cache), false)
#4 C:\xampp73\htdocs\order_mobil\index.php(37): CodeIgniter\CodeIgniter->run()
#5 {main}
CRITICAL - 2022-12-09 15:40:31 --> Undefined offset: 0
#0 C:\xampp73\htdocs\order_mobil\app\Controllers\OrderController.php(168): CodeIgniter\Debug\Exceptions->errorHandler(8, 'Undefined offse...', 'C:\\xampp73\\htdo...', 168, Array)
#1 C:\xampp73\htdocs\order_mobil\system\CodeIgniter.php(824): App\Controllers\OrderController->request_order()
#2 C:\xampp73\htdocs\order_mobil\system\CodeIgniter.php(410): CodeIgniter\CodeIgniter->runController(Object(App\Controllers\OrderController))
#3 C:\xampp73\htdocs\order_mobil\system\CodeIgniter.php(318): CodeIgniter\CodeIgniter->handleRequest(NULL, Object(Config\Cache), false)
#4 C:\xampp73\htdocs\order_mobil\index.php(37): CodeIgniter\CodeIgniter->run()
#5 {main}
CRITICAL - 2022-12-09 15:41:01 --> Undefined offset: 0
#0 C:\xampp73\htdocs\order_mobil\app\Controllers\OrderController.php(168): CodeIgniter\Debug\Exceptions->errorHandler(8, 'Undefined offse...', 'C:\\xampp73\\htdo...', 168, Array)
#1 C:\xampp73\htdocs\order_mobil\system\CodeIgniter.php(824): App\Controllers\OrderController->request_order()
#2 C:\xampp73\htdocs\order_mobil\system\CodeIgniter.php(410): CodeIgniter\CodeIgniter->runController(Object(App\Controllers\OrderController))
#3 C:\xampp73\htdocs\order_mobil\system\CodeIgniter.php(318): CodeIgniter\CodeIgniter->handleRequest(NULL, Object(Config\Cache), false)
#4 C:\xampp73\htdocs\order_mobil\index.php(37): CodeIgniter\CodeIgniter->run()
#5 {main}
CRITICAL - 2022-12-09 15:41:40 --> Undefined offset: 0
#0 C:\xampp73\htdocs\order_mobil\app\Controllers\OrderController.php(168): CodeIgniter\Debug\Exceptions->errorHandler(8, 'Undefined offse...', 'C:\\xampp73\\htdo...', 168, Array)
#1 C:\xampp73\htdocs\order_mobil\system\CodeIgniter.php(824): App\Controllers\OrderController->request_order()
#2 C:\xampp73\htdocs\order_mobil\system\CodeIgniter.php(410): CodeIgniter\CodeIgniter->runController(Object(App\Controllers\OrderController))
#3 C:\xampp73\htdocs\order_mobil\system\CodeIgniter.php(318): CodeIgniter\CodeIgniter->handleRequest(NULL, Object(Config\Cache), false)
#4 C:\xampp73\htdocs\order_mobil\index.php(37): CodeIgniter\CodeIgniter->run()
#5 {main}
CRITICAL - 2022-12-09 15:43:33 --> Undefined offset: 0
#0 C:\xampp73\htdocs\order_mobil\app\Controllers\OrderController.php(168): CodeIgniter\Debug\Exceptions->errorHandler(8, 'Undefined offse...', 'C:\\xampp73\\htdo...', 168, Array)
#1 C:\xampp73\htdocs\order_mobil\system\CodeIgniter.php(824): App\Controllers\OrderController->request_order()
#2 C:\xampp73\htdocs\order_mobil\system\CodeIgniter.php(410): CodeIgniter\CodeIgniter->runController(Object(App\Controllers\OrderController))
#3 C:\xampp73\htdocs\order_mobil\system\CodeIgniter.php(318): CodeIgniter\CodeIgniter->handleRequest(NULL, Object(Config\Cache), false)
#4 C:\xampp73\htdocs\order_mobil\index.php(37): CodeIgniter\CodeIgniter->run()
#5 {main}
ERROR - 2022-12-09 16:55:54 --> Cannot add or update a child row: a foreign key constraint fails (`bcas_mobil`.`pemesanan_mobil`, CONSTRAINT `pemesanan_mobil_idpengemudi` FOREIGN KEY (`id_pengemudi`) REFERENCES `pengemudi` (`userid`))
CRITICAL - 2022-12-09 16:55:54 --> Cannot add or update a child row: a foreign key constraint fails (`bcas_mobil`.`pemesanan_mobil`, CONSTRAINT `pemesanan_mobil_idpengemudi` FOREIGN KEY (`id_pengemudi`) REFERENCES `pengemudi` (`userid`))
#0 C:\xampp73\htdocs\order_mobil\system\Database\MySQLi\Connection.php(292): mysqli->query('INSERT INTO `pe...', 0)
#1 C:\xampp73\htdocs\order_mobil\system\Database\BaseConnection.php(670): CodeIgniter\Database\MySQLi\Connection->execute('INSERT INTO `pe...')
#2 C:\xampp73\htdocs\order_mobil\system\Database\BaseConnection.php(598): CodeIgniter\Database\BaseConnection->simpleQuery('INSERT INTO `pe...')
#3 C:\xampp73\htdocs\order_mobil\system\Database\BaseBuilder.php(1759): CodeIgniter\Database\BaseConnection->query('INSERT INTO `pe...', Array, false)
#4 C:\xampp73\htdocs\order_mobil\system\Model.php(239): CodeIgniter\Database\BaseBuilder->insert()
#5 C:\xampp73\htdocs\order_mobil\system\BaseModel.php(738): CodeIgniter\Model->doInsert(Array)
#6 C:\xampp73\htdocs\order_mobil\system\Model.php(620): CodeIgniter\BaseModel->insert(Array, true)
#7 C:\xampp73\htdocs\order_mobil\app\Controllers\OrderController.php(405): CodeIgniter\Model->insert(Array)
#8 C:\xampp73\htdocs\order_mobil\system\CodeIgniter.php(824): App\Controllers\OrderController->insert_order('97', 'githa_refina', '44')
#9 C:\xampp73\htdocs\order_mobil\system\CodeIgniter.php(410): CodeIgniter\CodeIgniter->runController(Object(App\Controllers\OrderController))
#10 C:\xampp73\htdocs\order_mobil\system\CodeIgniter.php(318): CodeIgniter\CodeIgniter->handleRequest(NULL, Object(Config\Cache), false)
#11 C:\xampp73\htdocs\order_mobil\index.php(37): CodeIgniter\CodeIgniter->run()
#12 {main}
ERROR - 2022-12-09 17:01:30 --> Cannot add or update a child row: a foreign key constraint fails (`bcas_mobil`.`pemesanan_mobil`, CONSTRAINT `pemesanan_mobil_idpengemudi` FOREIGN KEY (`id_pengemudi`) REFERENCES `pengemudi` (`userid`))
CRITICAL - 2022-12-09 17:01:30 --> Cannot add or update a child row: a foreign key constraint fails (`bcas_mobil`.`pemesanan_mobil`, CONSTRAINT `pemesanan_mobil_idpengemudi` FOREIGN KEY (`id_pengemudi`) REFERENCES `pengemudi` (`userid`))
#0 C:\xampp73\htdocs\order_mobil\system\Database\MySQLi\Connection.php(292): mysqli->query('INSERT INTO `pe...', 0)
#1 C:\xampp73\htdocs\order_mobil\system\Database\BaseConnection.php(670): CodeIgniter\Database\MySQLi\Connection->execute('INSERT INTO `pe...')
#2 C:\xampp73\htdocs\order_mobil\system\Database\BaseConnection.php(598): CodeIgniter\Database\BaseConnection->simpleQuery('INSERT INTO `pe...')
#3 C:\xampp73\htdocs\order_mobil\system\Database\BaseBuilder.php(1759): CodeIgniter\Database\BaseConnection->query('INSERT INTO `pe...', Array, false)
#4 C:\xampp73\htdocs\order_mobil\system\Model.php(239): CodeIgniter\Database\BaseBuilder->insert()
#5 C:\xampp73\htdocs\order_mobil\system\BaseModel.php(738): CodeIgniter\Model->doInsert(Array)
#6 C:\xampp73\htdocs\order_mobil\system\Model.php(620): CodeIgniter\BaseModel->insert(Array, true)
#7 C:\xampp73\htdocs\order_mobil\app\Controllers\OrderController.php(405): CodeIgniter\Model->insert(Array)
#8 C:\xampp73\htdocs\order_mobil\system\CodeIgniter.php(824): App\Controllers\OrderController->insert_order('97', 'githa_refina', '44')
#9 C:\xampp73\htdocs\order_mobil\system\CodeIgniter.php(410): CodeIgniter\CodeIgniter->runController(Object(App\Controllers\OrderController))
#10 C:\xampp73\htdocs\order_mobil\system\CodeIgniter.php(318): CodeIgniter\CodeIgniter->handleRequest(NULL, Object(Config\Cache), false)
#11 C:\xampp73\htdocs\order_mobil\index.php(37): CodeIgniter\CodeIgniter->run()
#12 {main}
ERROR - 2022-12-09 17:09:11 --> Cannot add or update a child row: a foreign key constraint fails (`bcas_mobil`.`pemesanan_mobil`, CONSTRAINT `pemesanan_mobil_idpengemudi` FOREIGN KEY (`id_pengemudi`) REFERENCES `pengemudi` (`userid`))
CRITICAL - 2022-12-09 17:09:11 --> Cannot add or update a child row: a foreign key constraint fails (`bcas_mobil`.`pemesanan_mobil`, CONSTRAINT `pemesanan_mobil_idpengemudi` FOREIGN KEY (`id_pengemudi`) REFERENCES `pengemudi` (`userid`))
#0 C:\xampp73\htdocs\order_mobil\system\Database\MySQLi\Connection.php(292): mysqli->query('INSERT INTO `pe...', 0)
#1 C:\xampp73\htdocs\order_mobil\system\Database\BaseConnection.php(670): CodeIgniter\Database\MySQLi\Connection->execute('INSERT INTO `pe...')
#2 C:\xampp73\htdocs\order_mobil\system\Database\BaseConnection.php(598): CodeIgniter\Database\BaseConnection->simpleQuery('INSERT INTO `pe...')
#3 C:\xampp73\htdocs\order_mobil\system\Database\BaseBuilder.php(1759): CodeIgniter\Database\BaseConnection->query('INSERT INTO `pe...', Array, false)
#4 C:\xampp73\htdocs\order_mobil\system\Model.php(239): CodeIgniter\Database\BaseBuilder->insert()
#5 C:\xampp73\htdocs\order_mobil\system\BaseModel.php(738): CodeIgniter\Model->doInsert(Array)
#6 C:\xampp73\htdocs\order_mobil\system\Model.php(620): CodeIgniter\BaseModel->insert(Array, true)
#7 C:\xampp73\htdocs\order_mobil\app\Controllers\OrderController.php(405): CodeIgniter\Model->insert(Array)
#8 C:\xampp73\htdocs\order_mobil\system\CodeIgniter.php(824): App\Controllers\OrderController->insert_order('84', 'MBL003', '44')
#9 C:\xampp73\htdocs\order_mobil\system\CodeIgniter.php(410): CodeIgniter\CodeIgniter->runController(Object(App\Controllers\OrderController))
#10 C:\xampp73\htdocs\order_mobil\system\CodeIgniter.php(318): CodeIgniter\CodeIgniter->handleRequest(NULL, Object(Config\Cache), false)
#11 C:\xampp73\htdocs\order_mobil\index.php(37): CodeIgniter\CodeIgniter->run()
#12 {main}
ERROR - 2022-12-09 17:21:21 --> Cannot add or update a child row: a foreign key constraint fails (`bcas_mobil`.`pemesanan_mobil`, CONSTRAINT `pemesanan_mobil_idpengemudi` FOREIGN KEY (`id_pengemudi`) REFERENCES `pengemudi` (`userid`))
CRITICAL - 2022-12-09 17:21:21 --> Cannot add or update a child row: a foreign key constraint fails (`bcas_mobil`.`pemesanan_mobil`, CONSTRAINT `pemesanan_mobil_idpengemudi` FOREIGN KEY (`id_pengemudi`) REFERENCES `pengemudi` (`userid`))
#0 C:\xampp73\htdocs\order_mobil\system\Database\MySQLi\Connection.php(292): mysqli->query('INSERT INTO `pe...', 0)
#1 C:\xampp73\htdocs\order_mobil\system\Database\BaseConnection.php(670): CodeIgniter\Database\MySQLi\Connection->execute('INSERT INTO `pe...')
#2 C:\xampp73\htdocs\order_mobil\system\Database\BaseConnection.php(598): CodeIgniter\Database\BaseConnection->simpleQuery('INSERT INTO `pe...')
#3 C:\xampp73\htdocs\order_mobil\system\Database\BaseBuilder.php(1759): CodeIgniter\Database\BaseConnection->query('INSERT INTO `pe...', Array, false)
#4 C:\xampp73\htdocs\order_mobil\system\Model.php(239): CodeIgniter\Database\BaseBuilder->insert()
#5 C:\xampp73\htdocs\order_mobil\system\BaseModel.php(738): CodeIgniter\Model->doInsert(Array)
#6 C:\xampp73\htdocs\order_mobil\system\Model.php(620): CodeIgniter\BaseModel->insert(Array, true)
#7 C:\xampp73\htdocs\order_mobil\app\Controllers\OrderController.php(405): CodeIgniter\Model->insert(Array)
#8 C:\xampp73\htdocs\order_mobil\system\CodeIgniter.php(824): App\Controllers\OrderController->insert_order('84', 'MBL003', '44')
#9 C:\xampp73\htdocs\order_mobil\system\CodeIgniter.php(410): CodeIgniter\CodeIgniter->runController(Object(App\Controllers\OrderController))
#10 C:\xampp73\htdocs\order_mobil\system\CodeIgniter.php(318): CodeIgniter\CodeIgniter->handleRequest(NULL, Object(Config\Cache), false)
#11 C:\xampp73\htdocs\order_mobil\index.php(37): CodeIgniter\CodeIgniter->run()
#12 {main}
