ERROR - 2022-05-13 04:44:26 --> Unknown column 'orders.tanggal' in 'field list'
CRITICAL - 2022-05-13 04:44:26 --> Unknown column 'orders.tanggal' in 'field list'
#0 C:\xampp\htdocs\ci2\system\Database\MySQLi\Connection.php(292): mysqli->query('SELECT orders.I...', 0)
#1 C:\xampp\htdocs\ci2\system\Database\BaseConnection.php(670): CodeIgniter\Database\MySQLi\Connection->execute('SELECT orders.I...')
#2 C:\xampp\htdocs\ci2\system\Database\BaseConnection.php(598): CodeIgniter\Database\BaseConnection->simpleQuery('SELECT orders.I...')
#3 C:\xampp\htdocs\ci2\system\Model.php(721): CodeIgniter\Database\BaseConnection->query('SELECT orders.I...')
#4 C:\xampp\htdocs\ci2\app\Controllers\Home.php(31): CodeIgniter\Model->__call('query', Array)
#5 C:\xampp\htdocs\ci2\system\CodeIgniter.php(824): App\Controllers\Home->order()
#6 C:\xampp\htdocs\ci2\system\CodeIgniter.php(410): CodeIgniter\CodeIgniter->runController(Object(App\Controllers\Home))
#7 C:\xampp\htdocs\ci2\system\CodeIgniter.php(318): CodeIgniter\CodeIgniter->handleRequest(NULL, Object(Config\Cache), false)
#8 C:\xampp\htdocs\ci2\public\index.php(37): CodeIgniter\CodeIgniter->run()
#9 {main}
ERROR - 2022-05-13 04:46:47 --> Unknown column 'orders.tanggal' in 'field list'
CRITICAL - 2022-05-13 04:46:47 --> Unknown column 'orders.tanggal' in 'field list'
#0 C:\xampp\htdocs\ci2\system\Database\MySQLi\Connection.php(292): mysqli->query('SELECT orders.I...', 0)
#1 C:\xampp\htdocs\ci2\system\Database\BaseConnection.php(670): CodeIgniter\Database\MySQLi\Connection->execute('SELECT orders.I...')
#2 C:\xampp\htdocs\ci2\system\Database\BaseConnection.php(598): CodeIgniter\Database\BaseConnection->simpleQuery('SELECT orders.I...')
#3 C:\xampp\htdocs\ci2\system\Model.php(721): CodeIgniter\Database\BaseConnection->query('SELECT orders.I...')
#4 C:\xampp\htdocs\ci2\app\Controllers\Home.php(31): CodeIgniter\Model->__call('query', Array)
#5 C:\xampp\htdocs\ci2\system\CodeIgniter.php(824): App\Controllers\Home->order()
#6 C:\xampp\htdocs\ci2\system\CodeIgniter.php(410): CodeIgniter\CodeIgniter->runController(Object(App\Controllers\Home))
#7 C:\xampp\htdocs\ci2\system\CodeIgniter.php(318): CodeIgniter\CodeIgniter->handleRequest(NULL, Object(Config\Cache), false)
#8 C:\xampp\htdocs\ci2\public\index.php(37): CodeIgniter\CodeIgniter->run()
#9 {main}
ERROR - 2022-05-13 04:47:03 --> Unknown column 'orders.tanggal' in 'field list'
CRITICAL - 2022-05-13 04:47:03 --> Unknown column 'orders.tanggal' in 'field list'
#0 C:\xampp\htdocs\ci2\system\Database\MySQLi\Connection.php(292): mysqli->query('SELECT orders.I...', 0)
#1 C:\xampp\htdocs\ci2\system\Database\BaseConnection.php(670): CodeIgniter\Database\MySQLi\Connection->execute('SELECT orders.I...')
#2 C:\xampp\htdocs\ci2\system\Database\BaseConnection.php(598): CodeIgniter\Database\BaseConnection->simpleQuery('SELECT orders.I...')
#3 C:\xampp\htdocs\ci2\system\Model.php(721): CodeIgniter\Database\BaseConnection->query('SELECT orders.I...')
#4 C:\xampp\htdocs\ci2\app\Controllers\Home.php(31): CodeIgniter\Model->__call('query', Array)
#5 C:\xampp\htdocs\ci2\system\CodeIgniter.php(824): App\Controllers\Home->order()
#6 C:\xampp\htdocs\ci2\system\CodeIgniter.php(410): CodeIgniter\CodeIgniter->runController(Object(App\Controllers\Home))
#7 C:\xampp\htdocs\ci2\system\CodeIgniter.php(318): CodeIgniter\CodeIgniter->handleRequest(NULL, Object(Config\Cache), false)
#8 C:\xampp\htdocs\ci2\public\index.php(37): CodeIgniter\CodeIgniter->run()
#9 {main}
ERROR - 2022-05-13 04:47:23 --> Unknown column 'orders.tanggal' in 'field list'
CRITICAL - 2022-05-13 04:47:23 --> Unknown column 'orders.tanggal' in 'field list'
#0 C:\xampp\htdocs\ci2\system\Database\MySQLi\Connection.php(292): mysqli->query('SELECT orders.I...', 0)
#1 C:\xampp\htdocs\ci2\system\Database\BaseConnection.php(670): CodeIgniter\Database\MySQLi\Connection->execute('SELECT orders.I...')
#2 C:\xampp\htdocs\ci2\system\Database\BaseConnection.php(598): CodeIgniter\Database\BaseConnection->simpleQuery('SELECT orders.I...')
#3 C:\xampp\htdocs\ci2\system\Model.php(721): CodeIgniter\Database\BaseConnection->query('SELECT orders.I...')
#4 C:\xampp\htdocs\ci2\app\Controllers\Home.php(31): CodeIgniter\Model->__call('query', Array)
#5 C:\xampp\htdocs\ci2\system\CodeIgniter.php(824): App\Controllers\Home->order()
#6 C:\xampp\htdocs\ci2\system\CodeIgniter.php(410): CodeIgniter\CodeIgniter->runController(Object(App\Controllers\Home))
#7 C:\xampp\htdocs\ci2\system\CodeIgniter.php(318): CodeIgniter\CodeIgniter->handleRequest(NULL, Object(Config\Cache), false)
#8 C:\xampp\htdocs\ci2\public\index.php(37): CodeIgniter\CodeIgniter->run()
#9 {main}
ERROR - 2022-05-13 04:47:28 --> Unknown column 'orders.tanggal' in 'field list'
CRITICAL - 2022-05-13 04:47:28 --> Unknown column 'orders.tanggal' in 'field list'
#0 C:\xampp\htdocs\ci2\system\Database\MySQLi\Connection.php(292): mysqli->query('SELECT orders.I...', 0)
#1 C:\xampp\htdocs\ci2\system\Database\BaseConnection.php(670): CodeIgniter\Database\MySQLi\Connection->execute('SELECT orders.I...')
#2 C:\xampp\htdocs\ci2\system\Database\BaseConnection.php(598): CodeIgniter\Database\BaseConnection->simpleQuery('SELECT orders.I...')
#3 C:\xampp\htdocs\ci2\system\Model.php(721): CodeIgniter\Database\BaseConnection->query('SELECT orders.I...')
#4 C:\xampp\htdocs\ci2\app\Controllers\Home.php(31): CodeIgniter\Model->__call('query', Array)
#5 C:\xampp\htdocs\ci2\system\CodeIgniter.php(824): App\Controllers\Home->order()
#6 C:\xampp\htdocs\ci2\system\CodeIgniter.php(410): CodeIgniter\CodeIgniter->runController(Object(App\Controllers\Home))
#7 C:\xampp\htdocs\ci2\system\CodeIgniter.php(318): CodeIgniter\CodeIgniter->handleRequest(NULL, Object(Config\Cache), false)
#8 C:\xampp\htdocs\ci2\public\index.php(37): CodeIgniter\CodeIgniter->run()
#9 {main}
ERROR - 2022-05-13 04:47:38 --> Unknown column 'orders.tanggal' in 'field list'
CRITICAL - 2022-05-13 04:47:38 --> Unknown column 'orders.tanggal' in 'field list'
#0 C:\xampp\htdocs\ci2\system\Database\MySQLi\Connection.php(292): mysqli->query('SELECT orders.I...', 0)
#1 C:\xampp\htdocs\ci2\system\Database\BaseConnection.php(670): CodeIgniter\Database\MySQLi\Connection->execute('SELECT orders.I...')
#2 C:\xampp\htdocs\ci2\system\Database\BaseConnection.php(598): CodeIgniter\Database\BaseConnection->simpleQuery('SELECT orders.I...')
#3 C:\xampp\htdocs\ci2\system\Model.php(721): CodeIgniter\Database\BaseConnection->query('SELECT orders.I...')
#4 C:\xampp\htdocs\ci2\app\Controllers\Home.php(31): CodeIgniter\Model->__call('query', Array)
#5 C:\xampp\htdocs\ci2\system\CodeIgniter.php(824): App\Controllers\Home->order()
#6 C:\xampp\htdocs\ci2\system\CodeIgniter.php(410): CodeIgniter\CodeIgniter->runController(Object(App\Controllers\Home))
#7 C:\xampp\htdocs\ci2\system\CodeIgniter.php(318): CodeIgniter\CodeIgniter->handleRequest(NULL, Object(Config\Cache), false)
#8 C:\xampp\htdocs\ci2\public\index.php(37): CodeIgniter\CodeIgniter->run()
#9 {main}
ERROR - 2022-05-13 06:23:40 --> Unknown column 'orders.tanggal' in 'field list'
CRITICAL - 2022-05-13 06:23:40 --> Unknown column 'orders.tanggal' in 'field list'
#0 C:\xampp\htdocs\ci2\system\Database\MySQLi\Connection.php(292): mysqli->query('SELECT orders.I...', 0)
#1 C:\xampp\htdocs\ci2\system\Database\BaseConnection.php(670): CodeIgniter\Database\MySQLi\Connection->execute('SELECT orders.I...')
#2 C:\xampp\htdocs\ci2\system\Database\BaseConnection.php(598): CodeIgniter\Database\BaseConnection->simpleQuery('SELECT orders.I...')
#3 C:\xampp\htdocs\ci2\system\Model.php(721): CodeIgniter\Database\BaseConnection->query('SELECT orders.I...')
#4 C:\xampp\htdocs\ci2\app\Controllers\Home.php(31): CodeIgniter\Model->__call('query', Array)
#5 C:\xampp\htdocs\ci2\system\CodeIgniter.php(824): App\Controllers\Home->order()
#6 C:\xampp\htdocs\ci2\system\CodeIgniter.php(410): CodeIgniter\CodeIgniter->runController(Object(App\Controllers\Home))
#7 C:\xampp\htdocs\ci2\system\CodeIgniter.php(318): CodeIgniter\CodeIgniter->handleRequest(NULL, Object(Config\Cache), false)
#8 C:\xampp\htdocs\ci2\public\index.php(37): CodeIgniter\CodeIgniter->run()
#9 {main}
ERROR - 2022-05-13 06:23:51 --> Unknown column 'orders.tanggal' in 'field list'
CRITICAL - 2022-05-13 06:23:51 --> Unknown column 'orders.tanggal' in 'field list'
#0 C:\xampp\htdocs\ci2\system\Database\MySQLi\Connection.php(292): mysqli->query('SELECT orders.I...', 0)
#1 C:\xampp\htdocs\ci2\system\Database\BaseConnection.php(670): CodeIgniter\Database\MySQLi\Connection->execute('SELECT orders.I...')
#2 C:\xampp\htdocs\ci2\system\Database\BaseConnection.php(598): CodeIgniter\Database\BaseConnection->simpleQuery('SELECT orders.I...')
#3 C:\xampp\htdocs\ci2\system\Model.php(721): CodeIgniter\Database\BaseConnection->query('SELECT orders.I...')
#4 C:\xampp\htdocs\ci2\app\Controllers\Home.php(31): CodeIgniter\Model->__call('query', Array)
#5 C:\xampp\htdocs\ci2\system\CodeIgniter.php(824): App\Controllers\Home->order()
#6 C:\xampp\htdocs\ci2\system\CodeIgniter.php(410): CodeIgniter\CodeIgniter->runController(Object(App\Controllers\Home))
#7 C:\xampp\htdocs\ci2\system\CodeIgniter.php(318): CodeIgniter\CodeIgniter->handleRequest(NULL, Object(Config\Cache), false)
#8 C:\xampp\htdocs\ci2\public\index.php(37): CodeIgniter\CodeIgniter->run()
#9 {main}
ERROR - 2022-05-13 06:25:51 --> Unknown column 'orders.tanggal' in 'field list'
CRITICAL - 2022-05-13 06:25:51 --> Unknown column 'orders.tanggal' in 'field list'
#0 C:\xampp\htdocs\ci2\system\Database\MySQLi\Connection.php(292): mysqli->query('SELECT orders.I...', 0)
#1 C:\xampp\htdocs\ci2\system\Database\BaseConnection.php(670): CodeIgniter\Database\MySQLi\Connection->execute('SELECT orders.I...')
#2 C:\xampp\htdocs\ci2\system\Database\BaseConnection.php(598): CodeIgniter\Database\BaseConnection->simpleQuery('SELECT orders.I...')
#3 C:\xampp\htdocs\ci2\system\Model.php(721): CodeIgniter\Database\BaseConnection->query('SELECT orders.I...')
#4 C:\xampp\htdocs\ci2\app\Controllers\Home.php(31): CodeIgniter\Model->__call('query', Array)
#5 C:\xampp\htdocs\ci2\system\CodeIgniter.php(824): App\Controllers\Home->order()
#6 C:\xampp\htdocs\ci2\system\CodeIgniter.php(410): CodeIgniter\CodeIgniter->runController(Object(App\Controllers\Home))
#7 C:\xampp\htdocs\ci2\system\CodeIgniter.php(318): CodeIgniter\CodeIgniter->handleRequest(NULL, Object(Config\Cache), false)
#8 C:\xampp\htdocs\ci2\public\index.php(37): CodeIgniter\CodeIgniter->run()
#9 {main}
ERROR - 2022-05-13 06:25:58 --> Unknown column 'orders.tanggal' in 'field list'
CRITICAL - 2022-05-13 06:25:58 --> Unknown column 'orders.tanggal' in 'field list'
#0 C:\xampp\htdocs\ci2\system\Database\MySQLi\Connection.php(292): mysqli->query('SELECT orders.I...', 0)
#1 C:\xampp\htdocs\ci2\system\Database\BaseConnection.php(670): CodeIgniter\Database\MySQLi\Connection->execute('SELECT orders.I...')
#2 C:\xampp\htdocs\ci2\system\Database\BaseConnection.php(598): CodeIgniter\Database\BaseConnection->simpleQuery('SELECT orders.I...')
#3 C:\xampp\htdocs\ci2\system\Model.php(721): CodeIgniter\Database\BaseConnection->query('SELECT orders.I...')
#4 C:\xampp\htdocs\ci2\app\Controllers\Home.php(31): CodeIgniter\Model->__call('query', Array)
#5 C:\xampp\htdocs\ci2\system\CodeIgniter.php(824): App\Controllers\Home->order()
#6 C:\xampp\htdocs\ci2\system\CodeIgniter.php(410): CodeIgniter\CodeIgniter->runController(Object(App\Controllers\Home))
#7 C:\xampp\htdocs\ci2\system\CodeIgniter.php(318): CodeIgniter\CodeIgniter->handleRequest(NULL, Object(Config\Cache), false)
#8 C:\xampp\htdocs\ci2\public\index.php(37): CodeIgniter\CodeIgniter->run()
#9 {main}
ERROR - 2022-05-13 06:26:56 --> Unknown column 'orders.tanggal' in 'field list'
CRITICAL - 2022-05-13 06:26:56 --> Unknown column 'orders.tanggal' in 'field list'
#0 C:\xampp\htdocs\ci2\system\Database\MySQLi\Connection.php(292): mysqli->query('SELECT orders.I...', 0)
#1 C:\xampp\htdocs\ci2\system\Database\BaseConnection.php(670): CodeIgniter\Database\MySQLi\Connection->execute('SELECT orders.I...')
#2 C:\xampp\htdocs\ci2\system\Database\BaseConnection.php(598): CodeIgniter\Database\BaseConnection->simpleQuery('SELECT orders.I...')
#3 C:\xampp\htdocs\ci2\system\Model.php(721): CodeIgniter\Database\BaseConnection->query('SELECT orders.I...')
#4 C:\xampp\htdocs\ci2\app\Controllers\Home.php(31): CodeIgniter\Model->__call('query', Array)
#5 C:\xampp\htdocs\ci2\system\CodeIgniter.php(824): App\Controllers\Home->order()
#6 C:\xampp\htdocs\ci2\system\CodeIgniter.php(410): CodeIgniter\CodeIgniter->runController(Object(App\Controllers\Home))
#7 C:\xampp\htdocs\ci2\system\CodeIgniter.php(318): CodeIgniter\CodeIgniter->handleRequest(NULL, Object(Config\Cache), false)
#8 C:\xampp\htdocs\ci2\public\index.php(37): CodeIgniter\CodeIgniter->run()
#9 {main}
ERROR - 2022-05-13 06:27:10 --> Unknown column 'orders.tanggal' in 'field list'
CRITICAL - 2022-05-13 06:27:10 --> Unknown column 'orders.tanggal' in 'field list'
#0 C:\xampp\htdocs\ci2\system\Database\MySQLi\Connection.php(292): mysqli->query('SELECT orders.I...', 0)
#1 C:\xampp\htdocs\ci2\system\Database\BaseConnection.php(670): CodeIgniter\Database\MySQLi\Connection->execute('SELECT orders.I...')
#2 C:\xampp\htdocs\ci2\system\Database\BaseConnection.php(598): CodeIgniter\Database\BaseConnection->simpleQuery('SELECT orders.I...')
#3 C:\xampp\htdocs\ci2\system\Model.php(721): CodeIgniter\Database\BaseConnection->query('SELECT orders.I...')
#4 C:\xampp\htdocs\ci2\app\Controllers\Home.php(31): CodeIgniter\Model->__call('query', Array)
#5 C:\xampp\htdocs\ci2\system\CodeIgniter.php(824): App\Controllers\Home->order()
#6 C:\xampp\htdocs\ci2\system\CodeIgniter.php(410): CodeIgniter\CodeIgniter->runController(Object(App\Controllers\Home))
#7 C:\xampp\htdocs\ci2\system\CodeIgniter.php(318): CodeIgniter\CodeIgniter->handleRequest(NULL, Object(Config\Cache), false)
#8 C:\xampp\htdocs\ci2\public\index.php(37): CodeIgniter\CodeIgniter->run()
#9 {main}
ERROR - 2022-05-13 06:27:44 --> Table 'bcas_magang.user' doesn't exist
CRITICAL - 2022-05-13 06:27:44 --> Table 'bcas_magang.user' doesn't exist
#0 C:\xampp\htdocs\ci2\system\Database\MySQLi\Connection.php(292): mysqli->query('SELECT 1\nFROM `...', 0)
#1 C:\xampp\htdocs\ci2\system\Database\BaseConnection.php(670): CodeIgniter\Database\MySQLi\Connection->execute('SELECT 1\nFROM `...')
#2 C:\xampp\htdocs\ci2\system\Database\BaseConnection.php(598): CodeIgniter\Database\BaseConnection->simpleQuery('SELECT 1\nFROM `...')
#3 C:\xampp\htdocs\ci2\system\Database\BaseBuilder.php(1443): CodeIgniter\Database\BaseConnection->query('SELECT 1\nFROM `...', Array, false)
#4 C:\xampp\htdocs\ci2\system\Validation\Rules.php(161): CodeIgniter\Database\BaseBuilder->get()
#5 C:\xampp\htdocs\ci2\system\Validation\Validation.php(277): CodeIgniter\Validation\Rules->is_unique('admin@gmail.com', 'email', Array, NULL)
#6 C:\xampp\htdocs\ci2\system\Validation\Validation.php(151): CodeIgniter\Validation\Validation->processRules('email', 'email', 'admin@gmail.com', Array, Array)
#7 C:\xampp\htdocs\ci2\system\Controller.php(160): CodeIgniter\Validation\Validation->run()
#8 C:\xampp\htdocs\ci2\app\Controllers\userController.php(44): CodeIgniter\Controller->validate(Array)
#9 C:\xampp\htdocs\ci2\system\CodeIgniter.php(824): App\Controllers\userController->authregister()
#10 C:\xampp\htdocs\ci2\system\CodeIgniter.php(410): CodeIgniter\CodeIgniter->runController(Object(App\Controllers\userController))
#11 C:\xampp\htdocs\ci2\system\CodeIgniter.php(318): CodeIgniter\CodeIgniter->handleRequest(NULL, Object(Config\Cache), false)
#12 C:\xampp\htdocs\ci2\public\index.php(37): CodeIgniter\CodeIgniter->run()
#13 {main}
ERROR - 2022-05-13 06:30:35 --> Unknown column 'orders.tanggal' in 'field list'
CRITICAL - 2022-05-13 06:30:35 --> Unknown column 'orders.tanggal' in 'field list'
#0 C:\xampp\htdocs\ci2\system\Database\MySQLi\Connection.php(292): mysqli->query('SELECT orders.I...', 0)
#1 C:\xampp\htdocs\ci2\system\Database\BaseConnection.php(670): CodeIgniter\Database\MySQLi\Connection->execute('SELECT orders.I...')
#2 C:\xampp\htdocs\ci2\system\Database\BaseConnection.php(598): CodeIgniter\Database\BaseConnection->simpleQuery('SELECT orders.I...')
#3 C:\xampp\htdocs\ci2\system\Model.php(721): CodeIgniter\Database\BaseConnection->query('SELECT orders.I...')
#4 C:\xampp\htdocs\ci2\app\Controllers\Home.php(31): CodeIgniter\Model->__call('query', Array)
#5 C:\xampp\htdocs\ci2\system\CodeIgniter.php(824): App\Controllers\Home->order()
#6 C:\xampp\htdocs\ci2\system\CodeIgniter.php(410): CodeIgniter\CodeIgniter->runController(Object(App\Controllers\Home))
#7 C:\xampp\htdocs\ci2\system\CodeIgniter.php(318): CodeIgniter\CodeIgniter->handleRequest(NULL, Object(Config\Cache), false)
#8 C:\xampp\htdocs\ci2\public\index.php(37): CodeIgniter\CodeIgniter->run()
#9 {main}
ERROR - 2022-05-13 06:34:45 --> Table 'bcas_magang.user' doesn't exist
CRITICAL - 2022-05-13 06:34:45 --> Table 'bcas_magang.user' doesn't exist
#0 C:\xampp\htdocs\ci2\system\Database\MySQLi\Connection.php(292): mysqli->query('SELECT 1\nFROM `...', 0)
#1 C:\xampp\htdocs\ci2\system\Database\BaseConnection.php(670): CodeIgniter\Database\MySQLi\Connection->execute('SELECT 1\nFROM `...')
#2 C:\xampp\htdocs\ci2\system\Database\BaseConnection.php(598): CodeIgniter\Database\BaseConnection->simpleQuery('SELECT 1\nFROM `...')
#3 C:\xampp\htdocs\ci2\system\Database\BaseBuilder.php(1443): CodeIgniter\Database\BaseConnection->query('SELECT 1\nFROM `...', Array, false)
#4 C:\xampp\htdocs\ci2\system\Validation\Rules.php(161): CodeIgniter\Database\BaseBuilder->get()
#5 C:\xampp\htdocs\ci2\system\Validation\Validation.php(277): CodeIgniter\Validation\Rules->is_unique('admin@gmail.com', 'email', Array, NULL)
#6 C:\xampp\htdocs\ci2\system\Validation\Validation.php(151): CodeIgniter\Validation\Validation->processRules('email', 'email', 'admin@gmail.com', Array, Array)
#7 C:\xampp\htdocs\ci2\system\Controller.php(160): CodeIgniter\Validation\Validation->run()
#8 C:\xampp\htdocs\ci2\app\Controllers\userController.php(44): CodeIgniter\Controller->validate(Array)
#9 C:\xampp\htdocs\ci2\system\CodeIgniter.php(824): App\Controllers\userController->authregister()
#10 C:\xampp\htdocs\ci2\system\CodeIgniter.php(410): CodeIgniter\CodeIgniter->runController(Object(App\Controllers\userController))
#11 C:\xampp\htdocs\ci2\system\CodeIgniter.php(318): CodeIgniter\CodeIgniter->handleRequest(NULL, Object(Config\Cache), false)
#12 C:\xampp\htdocs\ci2\public\index.php(37): CodeIgniter\CodeIgniter->run()
#13 {main}
