CRITICAL - 2022-02-20 00:04:00 --> Too few arguments to function App\Controllers\DriverController::insert_status(), 0 passed in C:\xampp\htdocs\ci2\system\CodeIgniter.php on line 824 and exactly 1 expected
#0 C:\xampp\htdocs\ci2\system\CodeIgniter.php(824): App\Controllers\DriverController->insert_status()
#1 C:\xampp\htdocs\ci2\system\CodeIgniter.php(410): CodeIgniter\CodeIgniter->runController(Object(App\Controllers\DriverController))
#2 C:\xampp\htdocs\ci2\system\CodeIgniter.php(318): CodeIgniter\CodeIgniter->handleRequest(NULL, Object(Config\Cache), false)
#3 C:\xampp\htdocs\ci2\public\index.php(37): CodeIgniter\CodeIgniter->run()
#4 {main}
CRITICAL - 2022-02-20 00:08:57 --> Too few arguments to function App\Controllers\DriverController::insert_status(), 0 passed in C:\xampp\htdocs\ci2\system\CodeIgniter.php on line 824 and exactly 1 expected
#0 C:\xampp\htdocs\ci2\system\CodeIgniter.php(824): App\Controllers\DriverController->insert_status()
#1 C:\xampp\htdocs\ci2\system\CodeIgniter.php(410): CodeIgniter\CodeIgniter->runController(Object(App\Controllers\DriverController))
#2 C:\xampp\htdocs\ci2\system\CodeIgniter.php(318): CodeIgniter\CodeIgniter->handleRequest(NULL, Object(Config\Cache), false)
#3 C:\xampp\htdocs\ci2\public\index.php(37): CodeIgniter\CodeIgniter->run()
#4 {main}
CRITICAL - 2022-02-20 00:24:21 --> Too few arguments to function App\Controllers\DriverController::insert_status(), 0 passed in C:\xampp\htdocs\ci2\system\CodeIgniter.php on line 824 and exactly 1 expected
#0 C:\xampp\htdocs\ci2\system\CodeIgniter.php(824): App\Controllers\DriverController->insert_status()
#1 C:\xampp\htdocs\ci2\system\CodeIgniter.php(410): CodeIgniter\CodeIgniter->runController(Object(App\Controllers\DriverController))
#2 C:\xampp\htdocs\ci2\system\CodeIgniter.php(318): CodeIgniter\CodeIgniter->handleRequest(NULL, Object(Config\Cache), false)
#3 C:\xampp\htdocs\ci2\public\index.php(37): CodeIgniter\CodeIgniter->run()
#4 {main}
CRITICAL - 2022-02-20 00:24:53 --> Too few arguments to function App\Controllers\DriverController::insert_status(), 0 passed in C:\xampp\htdocs\ci2\system\CodeIgniter.php on line 824 and exactly 1 expected
#0 C:\xampp\htdocs\ci2\system\CodeIgniter.php(824): App\Controllers\DriverController->insert_status()
#1 C:\xampp\htdocs\ci2\system\CodeIgniter.php(410): CodeIgniter\CodeIgniter->runController(Object(App\Controllers\DriverController))
#2 C:\xampp\htdocs\ci2\system\CodeIgniter.php(318): CodeIgniter\CodeIgniter->handleRequest(NULL, Object(Config\Cache), false)
#3 C:\xampp\htdocs\ci2\public\index.php(37): CodeIgniter\CodeIgniter->run()
#4 {main}
CRITICAL - 2022-02-20 00:25:02 --> Too few arguments to function App\Controllers\DriverController::insert_status(), 0 passed in C:\xampp\htdocs\ci2\system\CodeIgniter.php on line 824 and exactly 1 expected
#0 C:\xampp\htdocs\ci2\system\CodeIgniter.php(824): App\Controllers\DriverController->insert_status()
#1 C:\xampp\htdocs\ci2\system\CodeIgniter.php(410): CodeIgniter\CodeIgniter->runController(Object(App\Controllers\DriverController))
#2 C:\xampp\htdocs\ci2\system\CodeIgniter.php(318): CodeIgniter\CodeIgniter->handleRequest(NULL, Object(Config\Cache), false)
#3 C:\xampp\htdocs\ci2\public\index.php(37): CodeIgniter\CodeIgniter->run()
#4 {main}
CRITICAL - 2022-02-20 00:25:20 --> Too few arguments to function App\Controllers\DriverController::insert_status(), 0 passed in C:\xampp\htdocs\ci2\system\CodeIgniter.php on line 824 and exactly 1 expected
#0 C:\xampp\htdocs\ci2\system\CodeIgniter.php(824): App\Controllers\DriverController->insert_status()
#1 C:\xampp\htdocs\ci2\system\CodeIgniter.php(410): CodeIgniter\CodeIgniter->runController(Object(App\Controllers\DriverController))
#2 C:\xampp\htdocs\ci2\system\CodeIgniter.php(318): CodeIgniter\CodeIgniter->handleRequest(NULL, Object(Config\Cache), false)
#3 C:\xampp\htdocs\ci2\public\index.php(37): CodeIgniter\CodeIgniter->run()
#4 {main}
CRITICAL - 2022-02-20 00:32:04 --> Too few arguments to function App\Controllers\DriverController::insert_status(), 0 passed in C:\xampp\htdocs\ci2\system\CodeIgniter.php on line 824 and exactly 1 expected
#0 C:\xampp\htdocs\ci2\system\CodeIgniter.php(824): App\Controllers\DriverController->insert_status()
#1 C:\xampp\htdocs\ci2\system\CodeIgniter.php(410): CodeIgniter\CodeIgniter->runController(Object(App\Controllers\DriverController))
#2 C:\xampp\htdocs\ci2\system\CodeIgniter.php(318): CodeIgniter\CodeIgniter->handleRequest(NULL, Object(Config\Cache), false)
#3 C:\xampp\htdocs\ci2\public\index.php(37): CodeIgniter\CodeIgniter->run()
#4 {main}
CRITICAL - 2022-02-20 00:33:04 --> Too few arguments to function App\Controllers\DriverController::insert_status(), 0 passed in C:\xampp\htdocs\ci2\system\CodeIgniter.php on line 824 and exactly 1 expected
#0 C:\xampp\htdocs\ci2\system\CodeIgniter.php(824): App\Controllers\DriverController->insert_status()
#1 C:\xampp\htdocs\ci2\system\CodeIgniter.php(410): CodeIgniter\CodeIgniter->runController(Object(App\Controllers\DriverController))
#2 C:\xampp\htdocs\ci2\system\CodeIgniter.php(318): CodeIgniter\CodeIgniter->handleRequest(NULL, Object(Config\Cache), false)
#3 C:\xampp\htdocs\ci2\public\index.php(37): CodeIgniter\CodeIgniter->run()
#4 {main}
CRITICAL - 2022-02-20 00:36:05 --> Too few arguments to function App\Controllers\DriverController::insert_status(), 0 passed in C:\xampp\htdocs\ci2\system\CodeIgniter.php on line 824 and exactly 1 expected
#0 C:\xampp\htdocs\ci2\system\CodeIgniter.php(824): App\Controllers\DriverController->insert_status()
#1 C:\xampp\htdocs\ci2\system\CodeIgniter.php(410): CodeIgniter\CodeIgniter->runController(Object(App\Controllers\DriverController))
#2 C:\xampp\htdocs\ci2\system\CodeIgniter.php(318): CodeIgniter\CodeIgniter->handleRequest(NULL, Object(Config\Cache), false)
#3 C:\xampp\htdocs\ci2\public\index.php(37): CodeIgniter\CodeIgniter->run()
#4 {main}
CRITICAL - 2022-02-20 00:37:26 --> Too few arguments to function App\Controllers\DriverController::insert_status(), 0 passed in C:\xampp\htdocs\ci2\system\CodeIgniter.php on line 824 and exactly 1 expected
#0 C:\xampp\htdocs\ci2\system\CodeIgniter.php(824): App\Controllers\DriverController->insert_status()
#1 C:\xampp\htdocs\ci2\system\CodeIgniter.php(410): CodeIgniter\CodeIgniter->runController(Object(App\Controllers\DriverController))
#2 C:\xampp\htdocs\ci2\system\CodeIgniter.php(318): CodeIgniter\CodeIgniter->handleRequest(NULL, Object(Config\Cache), false)
#3 C:\xampp\htdocs\ci2\public\index.php(37): CodeIgniter\CodeIgniter->run()
#4 {main}
CRITICAL - 2022-02-20 00:40:29 --> Too few arguments to function App\Controllers\DriverController::insert_status(), 0 passed in C:\xampp\htdocs\ci2\system\CodeIgniter.php on line 824 and exactly 1 expected
#0 C:\xampp\htdocs\ci2\system\CodeIgniter.php(824): App\Controllers\DriverController->insert_status()
#1 C:\xampp\htdocs\ci2\system\CodeIgniter.php(410): CodeIgniter\CodeIgniter->runController(Object(App\Controllers\DriverController))
#2 C:\xampp\htdocs\ci2\system\CodeIgniter.php(318): CodeIgniter\CodeIgniter->handleRequest(NULL, Object(Config\Cache), false)
#3 C:\xampp\htdocs\ci2\public\index.php(37): CodeIgniter\CodeIgniter->run()
#4 {main}
CRITICAL - 2022-02-20 00:49:09 --> Too few arguments to function App\Controllers\DriverController::insert_status(), 0 passed in C:\xampp\htdocs\ci2\system\CodeIgniter.php on line 824 and exactly 1 expected
#0 C:\xampp\htdocs\ci2\system\CodeIgniter.php(824): App\Controllers\DriverController->insert_status()
#1 C:\xampp\htdocs\ci2\system\CodeIgniter.php(410): CodeIgniter\CodeIgniter->runController(Object(App\Controllers\DriverController))
#2 C:\xampp\htdocs\ci2\system\CodeIgniter.php(318): CodeIgniter\CodeIgniter->handleRequest(NULL, Object(Config\Cache), false)
#3 C:\xampp\htdocs\ci2\public\index.php(37): CodeIgniter\CodeIgniter->run()
#4 {main}
CRITICAL - 2022-02-20 00:51:25 --> Too few arguments to function App\Controllers\DriverController::insert_status(), 0 passed in C:\xampp\htdocs\ci2\system\CodeIgniter.php on line 824 and exactly 1 expected
#0 C:\xampp\htdocs\ci2\system\CodeIgniter.php(824): App\Controllers\DriverController->insert_status()
#1 C:\xampp\htdocs\ci2\system\CodeIgniter.php(410): CodeIgniter\CodeIgniter->runController(Object(App\Controllers\DriverController))
#2 C:\xampp\htdocs\ci2\system\CodeIgniter.php(318): CodeIgniter\CodeIgniter->handleRequest(NULL, Object(Config\Cache), false)
#3 C:\xampp\htdocs\ci2\public\index.php(37): CodeIgniter\CodeIgniter->run()
#4 {main}
CRITICAL - 2022-02-20 00:54:30 --> Too few arguments to function App\Controllers\DriverController::insert_status(), 0 passed in C:\xampp\htdocs\ci2\system\CodeIgniter.php on line 824 and exactly 1 expected
#0 C:\xampp\htdocs\ci2\system\CodeIgniter.php(824): App\Controllers\DriverController->insert_status()
#1 C:\xampp\htdocs\ci2\system\CodeIgniter.php(410): CodeIgniter\CodeIgniter->runController(Object(App\Controllers\DriverController))
#2 C:\xampp\htdocs\ci2\system\CodeIgniter.php(318): CodeIgniter\CodeIgniter->handleRequest(NULL, Object(Config\Cache), false)
#3 C:\xampp\htdocs\ci2\public\index.php(37): CodeIgniter\CodeIgniter->run()
#4 {main}
CRITICAL - 2022-02-20 00:59:18 --> Too few arguments to function App\Controllers\DriverController::insert_status(), 0 passed in C:\xampp\htdocs\ci2\system\CodeIgniter.php on line 824 and exactly 1 expected
#0 C:\xampp\htdocs\ci2\system\CodeIgniter.php(824): App\Controllers\DriverController->insert_status()
#1 C:\xampp\htdocs\ci2\system\CodeIgniter.php(410): CodeIgniter\CodeIgniter->runController(Object(App\Controllers\DriverController))
#2 C:\xampp\htdocs\ci2\system\CodeIgniter.php(318): CodeIgniter\CodeIgniter->handleRequest(NULL, Object(Config\Cache), false)
#3 C:\xampp\htdocs\ci2\public\index.php(37): CodeIgniter\CodeIgniter->run()
#4 {main}
ERROR - 2022-02-20 17:35:55 --> Cannot add or update a child row: a foreign key constraint fails (`bcas_magang`.`pemesanan`, CONSTRAINT `pemesanan_ibfk_4` FOREIGN KEY (`id_user`) REFERENCES `oauth_user` (`id_user`))
CRITICAL - 2022-02-20 17:35:55 --> Cannot add or update a child row: a foreign key constraint fails (`bcas_magang`.`pemesanan`, CONSTRAINT `pemesanan_ibfk_4` FOREIGN KEY (`id_user`) REFERENCES `oauth_user` (`id_user`))
#0 C:\xampp\htdocs\ci2\system\Database\MySQLi\Connection.php(292): mysqli->query('INSERT INTO `pe...', 0)
#1 C:\xampp\htdocs\ci2\system\Database\BaseConnection.php(670): CodeIgniter\Database\MySQLi\Connection->execute('INSERT INTO `pe...')
#2 C:\xampp\htdocs\ci2\system\Database\BaseConnection.php(598): CodeIgniter\Database\BaseConnection->simpleQuery('INSERT INTO `pe...')
#3 C:\xampp\htdocs\ci2\system\Database\BaseBuilder.php(1759): CodeIgniter\Database\BaseConnection->query('INSERT INTO `pe...', Array, false)
#4 C:\xampp\htdocs\ci2\system\Model.php(239): CodeIgniter\Database\BaseBuilder->insert()
#5 C:\xampp\htdocs\ci2\system\BaseModel.php(738): CodeIgniter\Model->doInsert(Array)
#6 C:\xampp\htdocs\ci2\system\Model.php(620): CodeIgniter\BaseModel->insert(Array, true)
#7 C:\xampp\htdocs\ci2\app\Controllers\OrderController.php(158): CodeIgniter\Model->insert(Array)
#8 C:\xampp\htdocs\ci2\system\CodeIgniter.php(824): App\Controllers\OrderController->insert_order('1')
#9 C:\xampp\htdocs\ci2\system\CodeIgniter.php(410): CodeIgniter\CodeIgniter->runController(Object(App\Controllers\OrderController))
#10 C:\xampp\htdocs\ci2\system\CodeIgniter.php(318): CodeIgniter\CodeIgniter->handleRequest(NULL, Object(Config\Cache), false)
#11 C:\xampp\htdocs\ci2\public\index.php(37): CodeIgniter\CodeIgniter->run()
#12 {main}
ERROR - 2022-02-20 17:36:04 --> Cannot add or update a child row: a foreign key constraint fails (`bcas_magang`.`pemesanan`, CONSTRAINT `pemesanan_ibfk_4` FOREIGN KEY (`id_user`) REFERENCES `oauth_user` (`id_user`))
CRITICAL - 2022-02-20 17:36:04 --> Cannot add or update a child row: a foreign key constraint fails (`bcas_magang`.`pemesanan`, CONSTRAINT `pemesanan_ibfk_4` FOREIGN KEY (`id_user`) REFERENCES `oauth_user` (`id_user`))
#0 C:\xampp\htdocs\ci2\system\Database\MySQLi\Connection.php(292): mysqli->query('INSERT INTO `pe...', 0)
#1 C:\xampp\htdocs\ci2\system\Database\BaseConnection.php(670): CodeIgniter\Database\MySQLi\Connection->execute('INSERT INTO `pe...')
#2 C:\xampp\htdocs\ci2\system\Database\BaseConnection.php(598): CodeIgniter\Database\BaseConnection->simpleQuery('INSERT INTO `pe...')
#3 C:\xampp\htdocs\ci2\system\Database\BaseBuilder.php(1759): CodeIgniter\Database\BaseConnection->query('INSERT INTO `pe...', Array, false)
#4 C:\xampp\htdocs\ci2\system\Model.php(239): CodeIgniter\Database\BaseBuilder->insert()
#5 C:\xampp\htdocs\ci2\system\BaseModel.php(738): CodeIgniter\Model->doInsert(Array)
#6 C:\xampp\htdocs\ci2\system\Model.php(620): CodeIgniter\BaseModel->insert(Array, true)
#7 C:\xampp\htdocs\ci2\app\Controllers\OrderController.php(158): CodeIgniter\Model->insert(Array)
#8 C:\xampp\htdocs\ci2\system\CodeIgniter.php(824): App\Controllers\OrderController->insert_order('2')
#9 C:\xampp\htdocs\ci2\system\CodeIgniter.php(410): CodeIgniter\CodeIgniter->runController(Object(App\Controllers\OrderController))
#10 C:\xampp\htdocs\ci2\system\CodeIgniter.php(318): CodeIgniter\CodeIgniter->handleRequest(NULL, Object(Config\Cache), false)
#11 C:\xampp\htdocs\ci2\public\index.php(37): CodeIgniter\CodeIgniter->run()
#12 {main}
ERROR - 2022-02-20 17:36:16 --> Cannot add or update a child row: a foreign key constraint fails (`bcas_magang`.`pemesanan`, CONSTRAINT `pemesanan_ibfk_4` FOREIGN KEY (`id_user`) REFERENCES `oauth_user` (`id_user`))
CRITICAL - 2022-02-20 17:36:16 --> Cannot add or update a child row: a foreign key constraint fails (`bcas_magang`.`pemesanan`, CONSTRAINT `pemesanan_ibfk_4` FOREIGN KEY (`id_user`) REFERENCES `oauth_user` (`id_user`))
#0 C:\xampp\htdocs\ci2\system\Database\MySQLi\Connection.php(292): mysqli->query('INSERT INTO `pe...', 0)
#1 C:\xampp\htdocs\ci2\system\Database\BaseConnection.php(670): CodeIgniter\Database\MySQLi\Connection->execute('INSERT INTO `pe...')
#2 C:\xampp\htdocs\ci2\system\Database\BaseConnection.php(598): CodeIgniter\Database\BaseConnection->simpleQuery('INSERT INTO `pe...')
#3 C:\xampp\htdocs\ci2\system\Database\BaseBuilder.php(1759): CodeIgniter\Database\BaseConnection->query('INSERT INTO `pe...', Array, false)
#4 C:\xampp\htdocs\ci2\system\Model.php(239): CodeIgniter\Database\BaseBuilder->insert()
#5 C:\xampp\htdocs\ci2\system\BaseModel.php(738): CodeIgniter\Model->doInsert(Array)
#6 C:\xampp\htdocs\ci2\system\Model.php(620): CodeIgniter\BaseModel->insert(Array, true)
#7 C:\xampp\htdocs\ci2\app\Controllers\OrderController.php(158): CodeIgniter\Model->insert(Array)
#8 C:\xampp\htdocs\ci2\system\CodeIgniter.php(824): App\Controllers\OrderController->insert_order('1')
#9 C:\xampp\htdocs\ci2\system\CodeIgniter.php(410): CodeIgniter\CodeIgniter->runController(Object(App\Controllers\OrderController))
#10 C:\xampp\htdocs\ci2\system\CodeIgniter.php(318): CodeIgniter\CodeIgniter->handleRequest(NULL, Object(Config\Cache), false)
#11 C:\xampp\htdocs\ci2\public\index.php(37): CodeIgniter\CodeIgniter->run()
#12 {main}
ERROR - 2022-02-20 17:51:26 --> Cannot add or update a child row: a foreign key constraint fails (`bcas_magang`.`pemesanan`, CONSTRAINT `pemesanan_ibfk_4` FOREIGN KEY (`id_user`) REFERENCES `pemesanan` (`id`))
CRITICAL - 2022-02-20 17:51:26 --> Cannot add or update a child row: a foreign key constraint fails (`bcas_magang`.`pemesanan`, CONSTRAINT `pemesanan_ibfk_4` FOREIGN KEY (`id_user`) REFERENCES `pemesanan` (`id`))
#0 C:\xampp\htdocs\ci2\system\Database\MySQLi\Connection.php(292): mysqli->query('INSERT INTO `pe...', 0)
#1 C:\xampp\htdocs\ci2\system\Database\BaseConnection.php(670): CodeIgniter\Database\MySQLi\Connection->execute('INSERT INTO `pe...')
#2 C:\xampp\htdocs\ci2\system\Database\BaseConnection.php(598): CodeIgniter\Database\BaseConnection->simpleQuery('INSERT INTO `pe...')
#3 C:\xampp\htdocs\ci2\system\Database\BaseBuilder.php(1759): CodeIgniter\Database\BaseConnection->query('INSERT INTO `pe...', Array, false)
#4 C:\xampp\htdocs\ci2\system\Model.php(239): CodeIgniter\Database\BaseBuilder->insert()
#5 C:\xampp\htdocs\ci2\system\BaseModel.php(738): CodeIgniter\Model->doInsert(Array)
#6 C:\xampp\htdocs\ci2\system\Model.php(620): CodeIgniter\BaseModel->insert(Array, true)
#7 C:\xampp\htdocs\ci2\app\Controllers\OrderController.php(158): CodeIgniter\Model->insert(Array)
#8 C:\xampp\htdocs\ci2\system\CodeIgniter.php(824): App\Controllers\OrderController->insert_order('1')
#9 C:\xampp\htdocs\ci2\system\CodeIgniter.php(410): CodeIgniter\CodeIgniter->runController(Object(App\Controllers\OrderController))
#10 C:\xampp\htdocs\ci2\system\CodeIgniter.php(318): CodeIgniter\CodeIgniter->handleRequest(NULL, Object(Config\Cache), false)
#11 C:\xampp\htdocs\ci2\public\index.php(37): CodeIgniter\CodeIgniter->run()
#12 {main}
ERROR - 2022-02-20 17:52:07 --> Cannot add or update a child row: a foreign key constraint fails (`bcas_magang`.`pemesanan`, CONSTRAINT `pemesanan_ibfk_4` FOREIGN KEY (`id_user`) REFERENCES `pemesanan` (`id`))
CRITICAL - 2022-02-20 17:52:07 --> Cannot add or update a child row: a foreign key constraint fails (`bcas_magang`.`pemesanan`, CONSTRAINT `pemesanan_ibfk_4` FOREIGN KEY (`id_user`) REFERENCES `pemesanan` (`id`))
#0 C:\xampp\htdocs\ci2\system\Database\MySQLi\Connection.php(292): mysqli->query('INSERT INTO `pe...', 0)
#1 C:\xampp\htdocs\ci2\system\Database\BaseConnection.php(670): CodeIgniter\Database\MySQLi\Connection->execute('INSERT INTO `pe...')
#2 C:\xampp\htdocs\ci2\system\Database\BaseConnection.php(598): CodeIgniter\Database\BaseConnection->simpleQuery('INSERT INTO `pe...')
#3 C:\xampp\htdocs\ci2\system\Database\BaseBuilder.php(1759): CodeIgniter\Database\BaseConnection->query('INSERT INTO `pe...', Array, false)
#4 C:\xampp\htdocs\ci2\system\Model.php(239): CodeIgniter\Database\BaseBuilder->insert()
#5 C:\xampp\htdocs\ci2\system\BaseModel.php(738): CodeIgniter\Model->doInsert(Array)
#6 C:\xampp\htdocs\ci2\system\Model.php(620): CodeIgniter\BaseModel->insert(Array, true)
#7 C:\xampp\htdocs\ci2\app\Controllers\OrderController.php(158): CodeIgniter\Model->insert(Array)
#8 C:\xampp\htdocs\ci2\system\CodeIgniter.php(824): App\Controllers\OrderController->insert_order('1')
#9 C:\xampp\htdocs\ci2\system\CodeIgniter.php(410): CodeIgniter\CodeIgniter->runController(Object(App\Controllers\OrderController))
#10 C:\xampp\htdocs\ci2\system\CodeIgniter.php(318): CodeIgniter\CodeIgniter->handleRequest(NULL, Object(Config\Cache), false)
#11 C:\xampp\htdocs\ci2\public\index.php(37): CodeIgniter\CodeIgniter->run()
#12 {main}
ERROR - 2022-02-20 17:52:24 --> Cannot add or update a child row: a foreign key constraint fails (`bcas_magang`.`pemesanan`, CONSTRAINT `pemesanan_ibfk_4` FOREIGN KEY (`id_user`) REFERENCES `pemesanan` (`id`))
CRITICAL - 2022-02-20 17:52:24 --> Cannot add or update a child row: a foreign key constraint fails (`bcas_magang`.`pemesanan`, CONSTRAINT `pemesanan_ibfk_4` FOREIGN KEY (`id_user`) REFERENCES `pemesanan` (`id`))
#0 C:\xampp\htdocs\ci2\system\Database\MySQLi\Connection.php(292): mysqli->query('INSERT INTO `pe...', 0)
#1 C:\xampp\htdocs\ci2\system\Database\BaseConnection.php(670): CodeIgniter\Database\MySQLi\Connection->execute('INSERT INTO `pe...')
#2 C:\xampp\htdocs\ci2\system\Database\BaseConnection.php(598): CodeIgniter\Database\BaseConnection->simpleQuery('INSERT INTO `pe...')
#3 C:\xampp\htdocs\ci2\system\Database\BaseBuilder.php(1759): CodeIgniter\Database\BaseConnection->query('INSERT INTO `pe...', Array, false)
#4 C:\xampp\htdocs\ci2\system\Model.php(239): CodeIgniter\Database\BaseBuilder->insert()
#5 C:\xampp\htdocs\ci2\system\BaseModel.php(738): CodeIgniter\Model->doInsert(Array)
#6 C:\xampp\htdocs\ci2\system\Model.php(620): CodeIgniter\BaseModel->insert(Array, true)
#7 C:\xampp\htdocs\ci2\app\Controllers\OrderController.php(158): CodeIgniter\Model->insert(Array)
#8 C:\xampp\htdocs\ci2\system\CodeIgniter.php(824): App\Controllers\OrderController->insert_order('1')
#9 C:\xampp\htdocs\ci2\system\CodeIgniter.php(410): CodeIgniter\CodeIgniter->runController(Object(App\Controllers\OrderController))
#10 C:\xampp\htdocs\ci2\system\CodeIgniter.php(318): CodeIgniter\CodeIgniter->handleRequest(NULL, Object(Config\Cache), false)
#11 C:\xampp\htdocs\ci2\public\index.php(37): CodeIgniter\CodeIgniter->run()
#12 {main}
ERROR - 2022-02-20 17:55:40 --> Cannot add or update a child row: a foreign key constraint fails (`bcas_magang`.`pemesanan`, CONSTRAINT `pemesanan_ibfk_4` FOREIGN KEY (`id_user`) REFERENCES `pemesanan` (`id`))
CRITICAL - 2022-02-20 17:55:40 --> Cannot add or update a child row: a foreign key constraint fails (`bcas_magang`.`pemesanan`, CONSTRAINT `pemesanan_ibfk_4` FOREIGN KEY (`id_user`) REFERENCES `pemesanan` (`id`))
#0 C:\xampp\htdocs\ci2\system\Database\MySQLi\Connection.php(292): mysqli->query('INSERT INTO `pe...', 0)
#1 C:\xampp\htdocs\ci2\system\Database\BaseConnection.php(670): CodeIgniter\Database\MySQLi\Connection->execute('INSERT INTO `pe...')
#2 C:\xampp\htdocs\ci2\system\Database\BaseConnection.php(598): CodeIgniter\Database\BaseConnection->simpleQuery('INSERT INTO `pe...')
#3 C:\xampp\htdocs\ci2\system\Database\BaseBuilder.php(1759): CodeIgniter\Database\BaseConnection->query('INSERT INTO `pe...', Array, false)
#4 C:\xampp\htdocs\ci2\system\Model.php(239): CodeIgniter\Database\BaseBuilder->insert()
#5 C:\xampp\htdocs\ci2\system\BaseModel.php(738): CodeIgniter\Model->doInsert(Array)
#6 C:\xampp\htdocs\ci2\system\Model.php(620): CodeIgniter\BaseModel->insert(Array, true)
#7 C:\xampp\htdocs\ci2\app\Controllers\OrderController.php(158): CodeIgniter\Model->insert(Array)
#8 C:\xampp\htdocs\ci2\system\CodeIgniter.php(824): App\Controllers\OrderController->insert_order('2')
#9 C:\xampp\htdocs\ci2\system\CodeIgniter.php(410): CodeIgniter\CodeIgniter->runController(Object(App\Controllers\OrderController))
#10 C:\xampp\htdocs\ci2\system\CodeIgniter.php(318): CodeIgniter\CodeIgniter->handleRequest(NULL, Object(Config\Cache), false)
#11 C:\xampp\htdocs\ci2\public\index.php(37): CodeIgniter\CodeIgniter->run()
#12 {main}
ERROR - 2022-02-20 17:56:16 --> Cannot add or update a child row: a foreign key constraint fails (`bcas_magang`.`pemesanan`, CONSTRAINT `pemesanan_ibfk_4` FOREIGN KEY (`id_user`) REFERENCES `pemesanan` (`id`))
CRITICAL - 2022-02-20 17:56:16 --> Cannot add or update a child row: a foreign key constraint fails (`bcas_magang`.`pemesanan`, CONSTRAINT `pemesanan_ibfk_4` FOREIGN KEY (`id_user`) REFERENCES `pemesanan` (`id`))
#0 C:\xampp\htdocs\ci2\system\Database\MySQLi\Connection.php(292): mysqli->query('INSERT INTO `pe...', 0)
#1 C:\xampp\htdocs\ci2\system\Database\BaseConnection.php(670): CodeIgniter\Database\MySQLi\Connection->execute('INSERT INTO `pe...')
#2 C:\xampp\htdocs\ci2\system\Database\BaseConnection.php(598): CodeIgniter\Database\BaseConnection->simpleQuery('INSERT INTO `pe...')
#3 C:\xampp\htdocs\ci2\system\Database\BaseBuilder.php(1759): CodeIgniter\Database\BaseConnection->query('INSERT INTO `pe...', Array, false)
#4 C:\xampp\htdocs\ci2\system\Model.php(239): CodeIgniter\Database\BaseBuilder->insert()
#5 C:\xampp\htdocs\ci2\system\BaseModel.php(738): CodeIgniter\Model->doInsert(Array)
#6 C:\xampp\htdocs\ci2\system\Model.php(620): CodeIgniter\BaseModel->insert(Array, true)
#7 C:\xampp\htdocs\ci2\app\Controllers\OrderController.php(158): CodeIgniter\Model->insert(Array)
#8 C:\xampp\htdocs\ci2\system\CodeIgniter.php(824): App\Controllers\OrderController->insert_order('2')
#9 C:\xampp\htdocs\ci2\system\CodeIgniter.php(410): CodeIgniter\CodeIgniter->runController(Object(App\Controllers\OrderController))
#10 C:\xampp\htdocs\ci2\system\CodeIgniter.php(318): CodeIgniter\CodeIgniter->handleRequest(NULL, Object(Config\Cache), false)
#11 C:\xampp\htdocs\ci2\public\index.php(37): CodeIgniter\CodeIgniter->run()
#12 {main}
ERROR - 2022-02-20 17:57:03 --> Cannot add or update a child row: a foreign key constraint fails (`bcas_magang`.`pemesanan`, CONSTRAINT `pemesanan_ibfk_4` FOREIGN KEY (`id_user`) REFERENCES `pemesanan` (`id`))
CRITICAL - 2022-02-20 17:57:03 --> Cannot add or update a child row: a foreign key constraint fails (`bcas_magang`.`pemesanan`, CONSTRAINT `pemesanan_ibfk_4` FOREIGN KEY (`id_user`) REFERENCES `pemesanan` (`id`))
#0 C:\xampp\htdocs\ci2\system\Database\MySQLi\Connection.php(292): mysqli->query('INSERT INTO `pe...', 0)
#1 C:\xampp\htdocs\ci2\system\Database\BaseConnection.php(670): CodeIgniter\Database\MySQLi\Connection->execute('INSERT INTO `pe...')
#2 C:\xampp\htdocs\ci2\system\Database\BaseConnection.php(598): CodeIgniter\Database\BaseConnection->simpleQuery('INSERT INTO `pe...')
#3 C:\xampp\htdocs\ci2\system\Database\BaseBuilder.php(1759): CodeIgniter\Database\BaseConnection->query('INSERT INTO `pe...', Array, false)
#4 C:\xampp\htdocs\ci2\system\Model.php(239): CodeIgniter\Database\BaseBuilder->insert()
#5 C:\xampp\htdocs\ci2\system\BaseModel.php(738): CodeIgniter\Model->doInsert(Array)
#6 C:\xampp\htdocs\ci2\system\Model.php(620): CodeIgniter\BaseModel->insert(Array, true)
#7 C:\xampp\htdocs\ci2\app\Controllers\OrderController.php(158): CodeIgniter\Model->insert(Array)
#8 C:\xampp\htdocs\ci2\system\CodeIgniter.php(824): App\Controllers\OrderController->insert_order('1')
#9 C:\xampp\htdocs\ci2\system\CodeIgniter.php(410): CodeIgniter\CodeIgniter->runController(Object(App\Controllers\OrderController))
#10 C:\xampp\htdocs\ci2\system\CodeIgniter.php(318): CodeIgniter\CodeIgniter->handleRequest(NULL, Object(Config\Cache), false)
#11 C:\xampp\htdocs\ci2\public\index.php(37): CodeIgniter\CodeIgniter->run()
#12 {main}
ERROR - 2022-02-20 17:57:13 --> Cannot add or update a child row: a foreign key constraint fails (`bcas_magang`.`pemesanan`, CONSTRAINT `pemesanan_ibfk_4` FOREIGN KEY (`id_user`) REFERENCES `pemesanan` (`id`))
CRITICAL - 2022-02-20 17:57:13 --> Cannot add or update a child row: a foreign key constraint fails (`bcas_magang`.`pemesanan`, CONSTRAINT `pemesanan_ibfk_4` FOREIGN KEY (`id_user`) REFERENCES `pemesanan` (`id`))
#0 C:\xampp\htdocs\ci2\system\Database\MySQLi\Connection.php(292): mysqli->query('INSERT INTO `pe...', 0)
#1 C:\xampp\htdocs\ci2\system\Database\BaseConnection.php(670): CodeIgniter\Database\MySQLi\Connection->execute('INSERT INTO `pe...')
#2 C:\xampp\htdocs\ci2\system\Database\BaseConnection.php(598): CodeIgniter\Database\BaseConnection->simpleQuery('INSERT INTO `pe...')
#3 C:\xampp\htdocs\ci2\system\Database\BaseBuilder.php(1759): CodeIgniter\Database\BaseConnection->query('INSERT INTO `pe...', Array, false)
#4 C:\xampp\htdocs\ci2\system\Model.php(239): CodeIgniter\Database\BaseBuilder->insert()
#5 C:\xampp\htdocs\ci2\system\BaseModel.php(738): CodeIgniter\Model->doInsert(Array)
#6 C:\xampp\htdocs\ci2\system\Model.php(620): CodeIgniter\BaseModel->insert(Array, true)
#7 C:\xampp\htdocs\ci2\app\Controllers\OrderController.php(158): CodeIgniter\Model->insert(Array)
#8 C:\xampp\htdocs\ci2\system\CodeIgniter.php(824): App\Controllers\OrderController->insert_order('1')
#9 C:\xampp\htdocs\ci2\system\CodeIgniter.php(410): CodeIgniter\CodeIgniter->runController(Object(App\Controllers\OrderController))
#10 C:\xampp\htdocs\ci2\system\CodeIgniter.php(318): CodeIgniter\CodeIgniter->handleRequest(NULL, Object(Config\Cache), false)
#11 C:\xampp\htdocs\ci2\public\index.php(37): CodeIgniter\CodeIgniter->run()
#12 {main}
CRITICAL - 2022-02-20 18:31:09 --> Too few arguments to function App\Controllers\DriverController::insert_status(), 0 passed in C:\xampp\htdocs\ci2\system\CodeIgniter.php on line 824 and exactly 1 expected
#0 C:\xampp\htdocs\ci2\system\CodeIgniter.php(824): App\Controllers\DriverController->insert_status()
#1 C:\xampp\htdocs\ci2\system\CodeIgniter.php(410): CodeIgniter\CodeIgniter->runController(Object(App\Controllers\DriverController))
#2 C:\xampp\htdocs\ci2\system\CodeIgniter.php(318): CodeIgniter\CodeIgniter->handleRequest(NULL, Object(Config\Cache), false)
#3 C:\xampp\htdocs\ci2\public\index.php(37): CodeIgniter\CodeIgniter->run()
#4 {main}
CRITICAL - 2022-02-20 18:39:07 --> Too few arguments to function App\Controllers\DriverController::insert_status(), 0 passed in C:\xampp\htdocs\ci2\system\CodeIgniter.php on line 824 and exactly 1 expected
#0 C:\xampp\htdocs\ci2\system\CodeIgniter.php(824): App\Controllers\DriverController->insert_status()
#1 C:\xampp\htdocs\ci2\system\CodeIgniter.php(410): CodeIgniter\CodeIgniter->runController(Object(App\Controllers\DriverController))
#2 C:\xampp\htdocs\ci2\system\CodeIgniter.php(318): CodeIgniter\CodeIgniter->handleRequest(NULL, Object(Config\Cache), false)
#3 C:\xampp\htdocs\ci2\public\index.php(37): CodeIgniter\CodeIgniter->run()
#4 {main}
CRITICAL - 2022-02-20 18:50:07 --> Too few arguments to function App\Controllers\DriverController::insert_status(), 0 passed in C:\xampp\htdocs\ci2\system\CodeIgniter.php on line 824 and exactly 1 expected
#0 C:\xampp\htdocs\ci2\system\CodeIgniter.php(824): App\Controllers\DriverController->insert_status()
#1 C:\xampp\htdocs\ci2\system\CodeIgniter.php(410): CodeIgniter\CodeIgniter->runController(Object(App\Controllers\DriverController))
#2 C:\xampp\htdocs\ci2\system\CodeIgniter.php(318): CodeIgniter\CodeIgniter->handleRequest(NULL, Object(Config\Cache), false)
#3 C:\xampp\htdocs\ci2\public\index.php(37): CodeIgniter\CodeIgniter->run()
#4 {main}
