CRITICAL - 2022-05-23 10:16:59 --> Call to undefined function set_value()
#0 C:\xampp\htdocs\ci2\system\View\View.php(214): include()
#1 C:\xampp\htdocs\ci2\system\View\View.php(217): CodeIgniter\View\View->CodeIgniter\View\{closure}()
#2 C:\xampp\htdocs\ci2\system\Common.php(1097): CodeIgniter\View\View->render('login', Array, true)
#3 C:\xampp\htdocs\ci2\app\Controllers\userController.php(284): view('login')
#4 C:\xampp\htdocs\ci2\system\CodeIgniter.php(824): App\Controllers\userController->logout()
#5 C:\xampp\htdocs\ci2\system\CodeIgniter.php(410): CodeIgniter\CodeIgniter->runController(Object(App\Controllers\userController))
#6 C:\xampp\htdocs\ci2\system\CodeIgniter.php(318): CodeIgniter\CodeIgniter->handleRequest(NULL, Object(Config\Cache), false)
#7 C:\xampp\htdocs\ci2\public\index.php(37): CodeIgniter\CodeIgniter->run()
#8 {main}
CRITICAL - 2022-05-23 10:19:08 --> Call to undefined function set_value()
#0 C:\xampp\htdocs\ci2\system\View\View.php(214): include()
#1 C:\xampp\htdocs\ci2\system\View\View.php(217): CodeIgniter\View\View->CodeIgniter\View\{closure}()
#2 C:\xampp\htdocs\ci2\system\Common.php(1097): CodeIgniter\View\View->render('login', Array, true)
#3 C:\xampp\htdocs\ci2\app\Controllers\userController.php(284): view('login')
#4 C:\xampp\htdocs\ci2\system\CodeIgniter.php(824): App\Controllers\userController->logout()
#5 C:\xampp\htdocs\ci2\system\CodeIgniter.php(410): CodeIgniter\CodeIgniter->runController(Object(App\Controllers\userController))
#6 C:\xampp\htdocs\ci2\system\CodeIgniter.php(318): CodeIgniter\CodeIgniter->handleRequest(NULL, Object(Config\Cache), false)
#7 C:\xampp\htdocs\ci2\public\index.php(37): CodeIgniter\CodeIgniter->run()
#8 {main}
