ERROR - 2022-07-18 00:00:17 --> Error connecting to the database: Unknown database 'bcas_mobil'
CRITICAL - 2022-07-18 00:00:17 --> Unable to connect to the database.
Main connection [MySQLi]: Unknown database 'bcas_mobil'
#0 C:\xampp73\htdocs\order_mobil\system\Database\BaseConnection.php(577): CodeIgniter\Database\BaseConnection->initialize()
#1 C:\xampp73\htdocs\order_mobil\system\Database\BaseBuilder.php(1443): CodeIgniter\Database\BaseConnection->query('SELECT *\nFROM `...', Array, false)
#2 C:\xampp73\htdocs\order_mobil\system\Model.php(210): CodeIgniter\Database\BaseBuilder->get()
#3 C:\xampp73\htdocs\order_mobil\system\BaseModel.php(622): CodeIgniter\Model->doFirst()
#4 C:\xampp73\htdocs\order_mobil\app\Controllers\UserController.php(141): CodeIgniter\BaseModel->first()
#5 C:\xampp73\htdocs\order_mobil\system\CodeIgniter.php(824): App\Controllers\UserController->auth()
#6 C:\xampp73\htdocs\order_mobil\system\CodeIgniter.php(410): CodeIgniter\CodeIgniter->runController(Object(App\Controllers\UserController))
#7 C:\xampp73\htdocs\order_mobil\system\CodeIgniter.php(318): CodeIgniter\CodeIgniter->handleRequest(NULL, Object(Config\Cache), false)
#8 C:\xampp73\htdocs\order_mobil\public\index.php(37): CodeIgniter\CodeIgniter->run()
#9 {main}
CRITICAL - 2022-07-18 00:00:17 --> Uncaught ErrorException: print_r(): Property access is not allowed yet in C:\xampp73\htdocs\order_mobil\app\Views\errors\html\error_exception.php:96
Stack trace:
#0 [internal function]: CodeIgniter\Debug\Exceptions->errorHandler(2, 'print_r(): Prop...', 'C:\\xampp73\\htdo...', 96, Array)
#1 C:\xampp73\htdocs\order_mobil\app\Views\errors\html\error_exception.php(96): print_r(Object(App\Controllers\UserController), true)
#2 C:\xampp73\htdocs\order_mobil\system\Debug\Exceptions.php(229): include('C:\\xampp73\\htdo...')
#3 C:\xampp73\htdocs\order_mobil\system\Debug\Exceptions.php(232): CodeIgniter\Debug\Exceptions->CodeIgniter\Debug\{closure}()
#4 C:\xampp73\htdocs\order_mobil\system\Debug\Exceptions.php(116): CodeIgniter\Debug\Exceptions->render(Object(CodeIgniter\Database\Exceptions\DatabaseException), 500)
#5 [internal function]: CodeIgniter\Debug\Exceptions->exceptionHandler(Object(CodeIgniter\Database\Exceptions\DatabaseException))
#6 {main}
  thrown
#0 [internal function]: CodeIgniter\Debug\Exceptions->shutdownHandler()
#1 {main}
ERROR - 2022-07-18 01:12:48 --> Error connecting to the database: Unknown database 'bcas_mobil'
CRITICAL - 2022-07-18 01:12:48 --> Unable to connect to the database.
Main connection [MySQLi]: Unknown database 'bcas_mobil'
#0 C:\xampp73\htdocs\order_mobil\system\Database\BaseConnection.php(577): CodeIgniter\Database\BaseConnection->initialize()
#1 C:\xampp73\htdocs\order_mobil\system\Database\BaseBuilder.php(1443): CodeIgniter\Database\BaseConnection->query('SELECT *\nFROM `...', Array, false)
#2 C:\xampp73\htdocs\order_mobil\system\Model.php(210): CodeIgniter\Database\BaseBuilder->get()
#3 C:\xampp73\htdocs\order_mobil\system\BaseModel.php(622): CodeIgniter\Model->doFirst()
#4 C:\xampp73\htdocs\order_mobil\app\Controllers\UserController.php(141): CodeIgniter\BaseModel->first()
#5 C:\xampp73\htdocs\order_mobil\system\CodeIgniter.php(824): App\Controllers\UserController->auth()
#6 C:\xampp73\htdocs\order_mobil\system\CodeIgniter.php(410): CodeIgniter\CodeIgniter->runController(Object(App\Controllers\UserController))
#7 C:\xampp73\htdocs\order_mobil\system\CodeIgniter.php(318): CodeIgniter\CodeIgniter->handleRequest(NULL, Object(Config\Cache), false)
#8 C:\xampp73\htdocs\order_mobil\public\index.php(37): CodeIgniter\CodeIgniter->run()
#9 {main}
CRITICAL - 2022-07-18 01:12:48 --> Uncaught ErrorException: print_r(): Property access is not allowed yet in C:\xampp73\htdocs\order_mobil\app\Views\errors\html\error_exception.php:96
Stack trace:
#0 [internal function]: CodeIgniter\Debug\Exceptions->errorHandler(2, 'print_r(): Prop...', 'C:\\xampp73\\htdo...', 96, Array)
#1 C:\xampp73\htdocs\order_mobil\app\Views\errors\html\error_exception.php(96): print_r(Object(App\Controllers\UserController), true)
#2 C:\xampp73\htdocs\order_mobil\system\Debug\Exceptions.php(229): include('C:\\xampp73\\htdo...')
#3 C:\xampp73\htdocs\order_mobil\system\Debug\Exceptions.php(232): CodeIgniter\Debug\Exceptions->CodeIgniter\Debug\{closure}()
#4 C:\xampp73\htdocs\order_mobil\system\Debug\Exceptions.php(116): CodeIgniter\Debug\Exceptions->render(Object(CodeIgniter\Database\Exceptions\DatabaseException), 500)
#5 [internal function]: CodeIgniter\Debug\Exceptions->exceptionHandler(Object(CodeIgniter\Database\Exceptions\DatabaseException))
#6 {main}
  thrown
#0 [internal function]: CodeIgniter\Debug\Exceptions->shutdownHandler()
#1 {main}
ERROR - 2022-07-18 01:20:43 --> Error connecting to the database: Unknown database 'bcas_mobil'
CRITICAL - 2022-07-18 01:20:43 --> Unable to connect to the database.
Main connection [MySQLi]: Unknown database 'bcas_mobil'
#0 C:\xampp73\htdocs\order_mobil\system\Database\BaseConnection.php(577): CodeIgniter\Database\BaseConnection->initialize()
#1 C:\xampp73\htdocs\order_mobil\system\Database\BaseBuilder.php(1443): CodeIgniter\Database\BaseConnection->query('SELECT *\nFROM `...', Array, false)
#2 C:\xampp73\htdocs\order_mobil\system\Model.php(210): CodeIgniter\Database\BaseBuilder->get()
#3 C:\xampp73\htdocs\order_mobil\system\BaseModel.php(622): CodeIgniter\Model->doFirst()
#4 C:\xampp73\htdocs\order_mobil\app\Controllers\UserController.php(141): CodeIgniter\BaseModel->first()
#5 C:\xampp73\htdocs\order_mobil\system\CodeIgniter.php(824): App\Controllers\UserController->auth()
#6 C:\xampp73\htdocs\order_mobil\system\CodeIgniter.php(410): CodeIgniter\CodeIgniter->runController(Object(App\Controllers\UserController))
#7 C:\xampp73\htdocs\order_mobil\system\CodeIgniter.php(318): CodeIgniter\CodeIgniter->handleRequest(NULL, Object(Config\Cache), false)
#8 C:\xampp73\htdocs\order_mobil\public\index.php(37): CodeIgniter\CodeIgniter->run()
#9 {main}
CRITICAL - 2022-07-18 01:20:43 --> Uncaught ErrorException: print_r(): Property access is not allowed yet in C:\xampp73\htdocs\order_mobil\app\Views\errors\html\error_exception.php:96
Stack trace:
#0 [internal function]: CodeIgniter\Debug\Exceptions->errorHandler(2, 'print_r(): Prop...', 'C:\\xampp73\\htdo...', 96, Array)
#1 C:\xampp73\htdocs\order_mobil\app\Views\errors\html\error_exception.php(96): print_r(Object(App\Controllers\UserController), true)
#2 C:\xampp73\htdocs\order_mobil\system\Debug\Exceptions.php(229): include('C:\\xampp73\\htdo...')
#3 C:\xampp73\htdocs\order_mobil\system\Debug\Exceptions.php(232): CodeIgniter\Debug\Exceptions->CodeIgniter\Debug\{closure}()
#4 C:\xampp73\htdocs\order_mobil\system\Debug\Exceptions.php(116): CodeIgniter\Debug\Exceptions->render(Object(CodeIgniter\Database\Exceptions\DatabaseException), 500)
#5 [internal function]: CodeIgniter\Debug\Exceptions->exceptionHandler(Object(CodeIgniter\Database\Exceptions\DatabaseException))
#6 {main}
  thrown
#0 [internal function]: CodeIgniter\Debug\Exceptions->shutdownHandler()
#1 {main}
ERROR - 2022-07-18 01:29:08 --> Error connecting to the database: Unknown database 'bcas_mobil'
CRITICAL - 2022-07-18 01:29:08 --> Unable to connect to the database.
Main connection [MySQLi]: Unknown database 'bcas_mobil'
#0 C:\xampp73\htdocs\order_mobil\system\Database\BaseConnection.php(577): CodeIgniter\Database\BaseConnection->initialize()
#1 C:\xampp73\htdocs\order_mobil\system\Database\BaseBuilder.php(1443): CodeIgniter\Database\BaseConnection->query('SELECT *\nFROM `...', Array, false)
#2 C:\xampp73\htdocs\order_mobil\system\Model.php(210): CodeIgniter\Database\BaseBuilder->get()
#3 C:\xampp73\htdocs\order_mobil\system\BaseModel.php(622): CodeIgniter\Model->doFirst()
#4 C:\xampp73\htdocs\order_mobil\app\Controllers\UserController.php(141): CodeIgniter\BaseModel->first()
#5 C:\xampp73\htdocs\order_mobil\system\CodeIgniter.php(824): App\Controllers\UserController->auth()
#6 C:\xampp73\htdocs\order_mobil\system\CodeIgniter.php(410): CodeIgniter\CodeIgniter->runController(Object(App\Controllers\UserController))
#7 C:\xampp73\htdocs\order_mobil\system\CodeIgniter.php(318): CodeIgniter\CodeIgniter->handleRequest(NULL, Object(Config\Cache), false)
#8 C:\xampp73\htdocs\order_mobil\public\index.php(37): CodeIgniter\CodeIgniter->run()
#9 {main}
CRITICAL - 2022-07-18 01:29:08 --> Uncaught ErrorException: print_r(): Property access is not allowed yet in C:\xampp73\htdocs\order_mobil\app\Views\errors\html\error_exception.php:96
Stack trace:
#0 [internal function]: CodeIgniter\Debug\Exceptions->errorHandler(2, 'print_r(): Prop...', 'C:\\xampp73\\htdo...', 96, Array)
#1 C:\xampp73\htdocs\order_mobil\app\Views\errors\html\error_exception.php(96): print_r(Object(App\Controllers\UserController), true)
#2 C:\xampp73\htdocs\order_mobil\system\Debug\Exceptions.php(229): include('C:\\xampp73\\htdo...')
#3 C:\xampp73\htdocs\order_mobil\system\Debug\Exceptions.php(232): CodeIgniter\Debug\Exceptions->CodeIgniter\Debug\{closure}()
#4 C:\xampp73\htdocs\order_mobil\system\Debug\Exceptions.php(116): CodeIgniter\Debug\Exceptions->render(Object(CodeIgniter\Database\Exceptions\DatabaseException), 500)
#5 [internal function]: CodeIgniter\Debug\Exceptions->exceptionHandler(Object(CodeIgniter\Database\Exceptions\DatabaseException))
#6 {main}
  thrown
#0 [internal function]: CodeIgniter\Debug\Exceptions->shutdownHandler()
#1 {main}
ERROR - 2022-07-18 01:30:10 --> Error connecting to the database: Unknown database 'bcas_mobil'
CRITICAL - 2022-07-18 01:30:10 --> Unable to connect to the database.
Main connection [MySQLi]: Unknown database 'bcas_mobil'
#0 C:\xampp73\htdocs\order_mobil\system\Database\BaseConnection.php(577): CodeIgniter\Database\BaseConnection->initialize()
#1 C:\xampp73\htdocs\order_mobil\system\Database\BaseBuilder.php(1443): CodeIgniter\Database\BaseConnection->query('SELECT *\nFROM `...', Array, false)
#2 C:\xampp73\htdocs\order_mobil\system\Model.php(210): CodeIgniter\Database\BaseBuilder->get()
#3 C:\xampp73\htdocs\order_mobil\system\BaseModel.php(622): CodeIgniter\Model->doFirst()
#4 C:\xampp73\htdocs\order_mobil\app\Controllers\UserController.php(141): CodeIgniter\BaseModel->first()
#5 C:\xampp73\htdocs\order_mobil\system\CodeIgniter.php(824): App\Controllers\UserController->auth()
#6 C:\xampp73\htdocs\order_mobil\system\CodeIgniter.php(410): CodeIgniter\CodeIgniter->runController(Object(App\Controllers\UserController))
#7 C:\xampp73\htdocs\order_mobil\system\CodeIgniter.php(318): CodeIgniter\CodeIgniter->handleRequest(NULL, Object(Config\Cache), false)
#8 C:\xampp73\htdocs\order_mobil\public\index.php(37): CodeIgniter\CodeIgniter->run()
#9 {main}
CRITICAL - 2022-07-18 01:30:10 --> Uncaught ErrorException: print_r(): Property access is not allowed yet in C:\xampp73\htdocs\order_mobil\app\Views\errors\html\error_exception.php:96
Stack trace:
#0 [internal function]: CodeIgniter\Debug\Exceptions->errorHandler(2, 'print_r(): Prop...', 'C:\\xampp73\\htdo...', 96, Array)
#1 C:\xampp73\htdocs\order_mobil\app\Views\errors\html\error_exception.php(96): print_r(Object(App\Controllers\UserController), true)
#2 C:\xampp73\htdocs\order_mobil\system\Debug\Exceptions.php(229): include('C:\\xampp73\\htdo...')
#3 C:\xampp73\htdocs\order_mobil\system\Debug\Exceptions.php(232): CodeIgniter\Debug\Exceptions->CodeIgniter\Debug\{closure}()
#4 C:\xampp73\htdocs\order_mobil\system\Debug\Exceptions.php(116): CodeIgniter\Debug\Exceptions->render(Object(CodeIgniter\Database\Exceptions\DatabaseException), 500)
#5 [internal function]: CodeIgniter\Debug\Exceptions->exceptionHandler(Object(CodeIgniter\Database\Exceptions\DatabaseException))
#6 {main}
  thrown
#0 [internal function]: CodeIgniter\Debug\Exceptions->shutdownHandler()
#1 {main}
ERROR - 2022-07-18 01:35:33 --> Error connecting to the database: Unknown database 'bcas_mobil'
CRITICAL - 2022-07-18 01:35:33 --> Unable to connect to the database.
Main connection [MySQLi]: Unknown database 'bcas_mobil'
#0 C:\xampp73\htdocs\order_mobil\system\Database\BaseConnection.php(577): CodeIgniter\Database\BaseConnection->initialize()
#1 C:\xampp73\htdocs\order_mobil\system\Database\BaseBuilder.php(1443): CodeIgniter\Database\BaseConnection->query('SELECT *\nFROM `...', Array, false)
#2 C:\xampp73\htdocs\order_mobil\system\Model.php(210): CodeIgniter\Database\BaseBuilder->get()
#3 C:\xampp73\htdocs\order_mobil\system\BaseModel.php(622): CodeIgniter\Model->doFirst()
#4 C:\xampp73\htdocs\order_mobil\app\Controllers\UserController.php(141): CodeIgniter\BaseModel->first()
#5 C:\xampp73\htdocs\order_mobil\system\CodeIgniter.php(824): App\Controllers\UserController->auth()
#6 C:\xampp73\htdocs\order_mobil\system\CodeIgniter.php(410): CodeIgniter\CodeIgniter->runController(Object(App\Controllers\UserController))
#7 C:\xampp73\htdocs\order_mobil\system\CodeIgniter.php(318): CodeIgniter\CodeIgniter->handleRequest(NULL, Object(Config\Cache), false)
#8 C:\xampp73\htdocs\order_mobil\public\index.php(37): CodeIgniter\CodeIgniter->run()
#9 {main}
CRITICAL - 2022-07-18 01:35:33 --> Uncaught ErrorException: print_r(): Property access is not allowed yet in C:\xampp73\htdocs\order_mobil\app\Views\errors\html\error_exception.php:96
Stack trace:
#0 [internal function]: CodeIgniter\Debug\Exceptions->errorHandler(2, 'print_r(): Prop...', 'C:\\xampp73\\htdo...', 96, Array)
#1 C:\xampp73\htdocs\order_mobil\app\Views\errors\html\error_exception.php(96): print_r(Object(App\Controllers\UserController), true)
#2 C:\xampp73\htdocs\order_mobil\system\Debug\Exceptions.php(229): include('C:\\xampp73\\htdo...')
#3 C:\xampp73\htdocs\order_mobil\system\Debug\Exceptions.php(232): CodeIgniter\Debug\Exceptions->CodeIgniter\Debug\{closure}()
#4 C:\xampp73\htdocs\order_mobil\system\Debug\Exceptions.php(116): CodeIgniter\Debug\Exceptions->render(Object(CodeIgniter\Database\Exceptions\DatabaseException), 500)
#5 [internal function]: CodeIgniter\Debug\Exceptions->exceptionHandler(Object(CodeIgniter\Database\Exceptions\DatabaseException))
#6 {main}
  thrown
#0 [internal function]: CodeIgniter\Debug\Exceptions->shutdownHandler()
#1 {main}
ERROR - 2022-07-18 01:36:37 --> Error connecting to the database: Unknown database 'bcas_mobil'
CRITICAL - 2022-07-18 01:36:37 --> Unable to connect to the database.
Main connection [MySQLi]: Unknown database 'bcas_mobil'
#0 C:\xampp73\htdocs\order_mobil\system\Database\BaseConnection.php(577): CodeIgniter\Database\BaseConnection->initialize()
#1 C:\xampp73\htdocs\order_mobil\system\Database\BaseBuilder.php(1443): CodeIgniter\Database\BaseConnection->query('SELECT *\nFROM `...', Array, false)
#2 C:\xampp73\htdocs\order_mobil\system\Model.php(210): CodeIgniter\Database\BaseBuilder->get()
#3 C:\xampp73\htdocs\order_mobil\system\BaseModel.php(622): CodeIgniter\Model->doFirst()
#4 C:\xampp73\htdocs\order_mobil\app\Controllers\UserController.php(141): CodeIgniter\BaseModel->first()
#5 C:\xampp73\htdocs\order_mobil\system\CodeIgniter.php(824): App\Controllers\UserController->auth()
#6 C:\xampp73\htdocs\order_mobil\system\CodeIgniter.php(410): CodeIgniter\CodeIgniter->runController(Object(App\Controllers\UserController))
#7 C:\xampp73\htdocs\order_mobil\system\CodeIgniter.php(318): CodeIgniter\CodeIgniter->handleRequest(NULL, Object(Config\Cache), false)
#8 C:\xampp73\htdocs\order_mobil\public\index.php(37): CodeIgniter\CodeIgniter->run()
#9 {main}
CRITICAL - 2022-07-18 01:36:37 --> Uncaught ErrorException: print_r(): Property access is not allowed yet in C:\xampp73\htdocs\order_mobil\app\Views\errors\html\error_exception.php:96
Stack trace:
#0 [internal function]: CodeIgniter\Debug\Exceptions->errorHandler(2, 'print_r(): Prop...', 'C:\\xampp73\\htdo...', 96, Array)
#1 C:\xampp73\htdocs\order_mobil\app\Views\errors\html\error_exception.php(96): print_r(Object(App\Controllers\UserController), true)
#2 C:\xampp73\htdocs\order_mobil\system\Debug\Exceptions.php(229): include('C:\\xampp73\\htdo...')
#3 C:\xampp73\htdocs\order_mobil\system\Debug\Exceptions.php(232): CodeIgniter\Debug\Exceptions->CodeIgniter\Debug\{closure}()
#4 C:\xampp73\htdocs\order_mobil\system\Debug\Exceptions.php(116): CodeIgniter\Debug\Exceptions->render(Object(CodeIgniter\Database\Exceptions\DatabaseException), 500)
#5 [internal function]: CodeIgniter\Debug\Exceptions->exceptionHandler(Object(CodeIgniter\Database\Exceptions\DatabaseException))
#6 {main}
  thrown
#0 [internal function]: CodeIgniter\Debug\Exceptions->shutdownHandler()
#1 {main}
ERROR - 2022-07-18 01:41:28 --> Error connecting to the database: Unknown database 'bcas_mobil'
CRITICAL - 2022-07-18 01:41:28 --> Unable to connect to the database.
Main connection [MySQLi]: Unknown database 'bcas_mobil'
#0 C:\xampp73\htdocs\order_mobil\system\Database\BaseConnection.php(577): CodeIgniter\Database\BaseConnection->initialize()
#1 C:\xampp73\htdocs\order_mobil\system\Database\BaseBuilder.php(1443): CodeIgniter\Database\BaseConnection->query('SELECT *\nFROM `...', Array, false)
#2 C:\xampp73\htdocs\order_mobil\system\Model.php(210): CodeIgniter\Database\BaseBuilder->get()
#3 C:\xampp73\htdocs\order_mobil\system\BaseModel.php(622): CodeIgniter\Model->doFirst()
#4 C:\xampp73\htdocs\order_mobil\app\Controllers\UserController.php(141): CodeIgniter\BaseModel->first()
#5 C:\xampp73\htdocs\order_mobil\system\CodeIgniter.php(824): App\Controllers\UserController->auth()
#6 C:\xampp73\htdocs\order_mobil\system\CodeIgniter.php(410): CodeIgniter\CodeIgniter->runController(Object(App\Controllers\UserController))
#7 C:\xampp73\htdocs\order_mobil\system\CodeIgniter.php(318): CodeIgniter\CodeIgniter->handleRequest(NULL, Object(Config\Cache), false)
#8 C:\xampp73\htdocs\order_mobil\public\index.php(37): CodeIgniter\CodeIgniter->run()
#9 {main}
CRITICAL - 2022-07-18 01:41:28 --> Uncaught ErrorException: print_r(): Property access is not allowed yet in C:\xampp73\htdocs\order_mobil\app\Views\errors\html\error_exception.php:96
Stack trace:
#0 [internal function]: CodeIgniter\Debug\Exceptions->errorHandler(2, 'print_r(): Prop...', 'C:\\xampp73\\htdo...', 96, Array)
#1 C:\xampp73\htdocs\order_mobil\app\Views\errors\html\error_exception.php(96): print_r(Object(App\Controllers\UserController), true)
#2 C:\xampp73\htdocs\order_mobil\system\Debug\Exceptions.php(229): include('C:\\xampp73\\htdo...')
#3 C:\xampp73\htdocs\order_mobil\system\Debug\Exceptions.php(232): CodeIgniter\Debug\Exceptions->CodeIgniter\Debug\{closure}()
#4 C:\xampp73\htdocs\order_mobil\system\Debug\Exceptions.php(116): CodeIgniter\Debug\Exceptions->render(Object(CodeIgniter\Database\Exceptions\DatabaseException), 500)
#5 [internal function]: CodeIgniter\Debug\Exceptions->exceptionHandler(Object(CodeIgniter\Database\Exceptions\DatabaseException))
#6 {main}
  thrown
#0 [internal function]: CodeIgniter\Debug\Exceptions->shutdownHandler()
#1 {main}
ERROR - 2022-07-18 01:46:47 --> Error connecting to the database: Unknown database 'bcas_mobil'
CRITICAL - 2022-07-18 01:46:47 --> Unable to connect to the database.
Main connection [MySQLi]: Unknown database 'bcas_mobil'
#0 C:\xampp73\htdocs\order_mobil\system\Database\BaseConnection.php(577): CodeIgniter\Database\BaseConnection->initialize()
#1 C:\xampp73\htdocs\order_mobil\system\Database\BaseBuilder.php(1443): CodeIgniter\Database\BaseConnection->query('SELECT *\nFROM `...', Array, false)
#2 C:\xampp73\htdocs\order_mobil\system\Model.php(210): CodeIgniter\Database\BaseBuilder->get()
#3 C:\xampp73\htdocs\order_mobil\system\BaseModel.php(622): CodeIgniter\Model->doFirst()
#4 C:\xampp73\htdocs\order_mobil\app\Controllers\UserController.php(141): CodeIgniter\BaseModel->first()
#5 C:\xampp73\htdocs\order_mobil\system\CodeIgniter.php(824): App\Controllers\UserController->auth()
#6 C:\xampp73\htdocs\order_mobil\system\CodeIgniter.php(410): CodeIgniter\CodeIgniter->runController(Object(App\Controllers\UserController))
#7 C:\xampp73\htdocs\order_mobil\system\CodeIgniter.php(318): CodeIgniter\CodeIgniter->handleRequest(NULL, Object(Config\Cache), false)
#8 C:\xampp73\htdocs\order_mobil\public\index.php(37): CodeIgniter\CodeIgniter->run()
#9 {main}
CRITICAL - 2022-07-18 01:46:48 --> Uncaught ErrorException: print_r(): Property access is not allowed yet in C:\xampp73\htdocs\order_mobil\app\Views\errors\html\error_exception.php:96
Stack trace:
#0 [internal function]: CodeIgniter\Debug\Exceptions->errorHandler(2, 'print_r(): Prop...', 'C:\\xampp73\\htdo...', 96, Array)
#1 C:\xampp73\htdocs\order_mobil\app\Views\errors\html\error_exception.php(96): print_r(Object(App\Controllers\UserController), true)
#2 C:\xampp73\htdocs\order_mobil\system\Debug\Exceptions.php(229): include('C:\\xampp73\\htdo...')
#3 C:\xampp73\htdocs\order_mobil\system\Debug\Exceptions.php(232): CodeIgniter\Debug\Exceptions->CodeIgniter\Debug\{closure}()
#4 C:\xampp73\htdocs\order_mobil\system\Debug\Exceptions.php(116): CodeIgniter\Debug\Exceptions->render(Object(CodeIgniter\Database\Exceptions\DatabaseException), 500)
#5 [internal function]: CodeIgniter\Debug\Exceptions->exceptionHandler(Object(CodeIgniter\Database\Exceptions\DatabaseException))
#6 {main}
  thrown
#0 [internal function]: CodeIgniter\Debug\Exceptions->shutdownHandler()
#1 {main}
ERROR - 2022-07-18 01:59:18 --> Error connecting to the database: Unknown database 'bcas_mobil'
CRITICAL - 2022-07-18 01:59:18 --> Unable to connect to the database.
Main connection [MySQLi]: Unknown database 'bcas_mobil'
#0 C:\xampp73\htdocs\order_mobil\system\Database\BaseConnection.php(577): CodeIgniter\Database\BaseConnection->initialize()
#1 C:\xampp73\htdocs\order_mobil\system\Database\BaseBuilder.php(1443): CodeIgniter\Database\BaseConnection->query('SELECT *\nFROM `...', Array, false)
#2 C:\xampp73\htdocs\order_mobil\system\Model.php(210): CodeIgniter\Database\BaseBuilder->get()
#3 C:\xampp73\htdocs\order_mobil\system\BaseModel.php(622): CodeIgniter\Model->doFirst()
#4 C:\xampp73\htdocs\order_mobil\app\Controllers\UserController.php(141): CodeIgniter\BaseModel->first()
#5 C:\xampp73\htdocs\order_mobil\system\CodeIgniter.php(824): App\Controllers\UserController->auth()
#6 C:\xampp73\htdocs\order_mobil\system\CodeIgniter.php(410): CodeIgniter\CodeIgniter->runController(Object(App\Controllers\UserController))
#7 C:\xampp73\htdocs\order_mobil\system\CodeIgniter.php(318): CodeIgniter\CodeIgniter->handleRequest(NULL, Object(Config\Cache), false)
#8 C:\xampp73\htdocs\order_mobil\public\index.php(37): CodeIgniter\CodeIgniter->run()
#9 {main}
CRITICAL - 2022-07-18 01:59:18 --> Uncaught ErrorException: print_r(): Property access is not allowed yet in C:\xampp73\htdocs\order_mobil\app\Views\errors\html\error_exception.php:96
Stack trace:
#0 [internal function]: CodeIgniter\Debug\Exceptions->errorHandler(2, 'print_r(): Prop...', 'C:\\xampp73\\htdo...', 96, Array)
#1 C:\xampp73\htdocs\order_mobil\app\Views\errors\html\error_exception.php(96): print_r(Object(App\Controllers\UserController), true)
#2 C:\xampp73\htdocs\order_mobil\system\Debug\Exceptions.php(229): include('C:\\xampp73\\htdo...')
#3 C:\xampp73\htdocs\order_mobil\system\Debug\Exceptions.php(232): CodeIgniter\Debug\Exceptions->CodeIgniter\Debug\{closure}()
#4 C:\xampp73\htdocs\order_mobil\system\Debug\Exceptions.php(116): CodeIgniter\Debug\Exceptions->render(Object(CodeIgniter\Database\Exceptions\DatabaseException), 500)
#5 [internal function]: CodeIgniter\Debug\Exceptions->exceptionHandler(Object(CodeIgniter\Database\Exceptions\DatabaseException))
#6 {main}
  thrown
#0 [internal function]: CodeIgniter\Debug\Exceptions->shutdownHandler()
#1 {main}
ERROR - 2022-07-18 02:00:31 --> Error connecting to the database: Unknown database 'bcas_mobil'
CRITICAL - 2022-07-18 02:00:31 --> Unable to connect to the database.
Main connection [MySQLi]: Unknown database 'bcas_mobil'
#0 C:\xampp73\htdocs\order_mobil\system\Database\BaseConnection.php(577): CodeIgniter\Database\BaseConnection->initialize()
#1 C:\xampp73\htdocs\order_mobil\system\Database\BaseBuilder.php(1443): CodeIgniter\Database\BaseConnection->query('SELECT *\nFROM `...', Array, false)
#2 C:\xampp73\htdocs\order_mobil\system\Model.php(210): CodeIgniter\Database\BaseBuilder->get()
#3 C:\xampp73\htdocs\order_mobil\system\BaseModel.php(622): CodeIgniter\Model->doFirst()
#4 C:\xampp73\htdocs\order_mobil\app\Controllers\UserController.php(141): CodeIgniter\BaseModel->first()
#5 C:\xampp73\htdocs\order_mobil\system\CodeIgniter.php(824): App\Controllers\UserController->auth()
#6 C:\xampp73\htdocs\order_mobil\system\CodeIgniter.php(410): CodeIgniter\CodeIgniter->runController(Object(App\Controllers\UserController))
#7 C:\xampp73\htdocs\order_mobil\system\CodeIgniter.php(318): CodeIgniter\CodeIgniter->handleRequest(NULL, Object(Config\Cache), false)
#8 C:\xampp73\htdocs\order_mobil\public\index.php(37): CodeIgniter\CodeIgniter->run()
#9 {main}
CRITICAL - 2022-07-18 02:00:31 --> Uncaught ErrorException: print_r(): Property access is not allowed yet in C:\xampp73\htdocs\order_mobil\app\Views\errors\html\error_exception.php:96
Stack trace:
#0 [internal function]: CodeIgniter\Debug\Exceptions->errorHandler(2, 'print_r(): Prop...', 'C:\\xampp73\\htdo...', 96, Array)
#1 C:\xampp73\htdocs\order_mobil\app\Views\errors\html\error_exception.php(96): print_r(Object(App\Controllers\UserController), true)
#2 C:\xampp73\htdocs\order_mobil\system\Debug\Exceptions.php(229): include('C:\\xampp73\\htdo...')
#3 C:\xampp73\htdocs\order_mobil\system\Debug\Exceptions.php(232): CodeIgniter\Debug\Exceptions->CodeIgniter\Debug\{closure}()
#4 C:\xampp73\htdocs\order_mobil\system\Debug\Exceptions.php(116): CodeIgniter\Debug\Exceptions->render(Object(CodeIgniter\Database\Exceptions\DatabaseException), 500)
#5 [internal function]: CodeIgniter\Debug\Exceptions->exceptionHandler(Object(CodeIgniter\Database\Exceptions\DatabaseException))
#6 {main}
  thrown
#0 [internal function]: CodeIgniter\Debug\Exceptions->shutdownHandler()
#1 {main}
ERROR - 2022-07-18 02:22:56 --> Error connecting to the database: Unknown database 'bcas_mobil'
CRITICAL - 2022-07-18 02:22:56 --> Unable to connect to the database.
Main connection [MySQLi]: Unknown database 'bcas_mobil'
#0 C:\xampp73\htdocs\order_mobil\system\Database\BaseConnection.php(577): CodeIgniter\Database\BaseConnection->initialize()
#1 C:\xampp73\htdocs\order_mobil\system\Database\BaseBuilder.php(1443): CodeIgniter\Database\BaseConnection->query('SELECT *\nFROM `...', Array, false)
#2 C:\xampp73\htdocs\order_mobil\system\Model.php(210): CodeIgniter\Database\BaseBuilder->get()
#3 C:\xampp73\htdocs\order_mobil\system\BaseModel.php(622): CodeIgniter\Model->doFirst()
#4 C:\xampp73\htdocs\order_mobil\app\Controllers\UserController.php(141): CodeIgniter\BaseModel->first()
#5 C:\xampp73\htdocs\order_mobil\system\CodeIgniter.php(824): App\Controllers\UserController->auth()
#6 C:\xampp73\htdocs\order_mobil\system\CodeIgniter.php(410): CodeIgniter\CodeIgniter->runController(Object(App\Controllers\UserController))
#7 C:\xampp73\htdocs\order_mobil\system\CodeIgniter.php(318): CodeIgniter\CodeIgniter->handleRequest(NULL, Object(Config\Cache), false)
#8 C:\xampp73\htdocs\order_mobil\public\index.php(37): CodeIgniter\CodeIgniter->run()
#9 {main}
CRITICAL - 2022-07-18 02:22:56 --> Uncaught ErrorException: print_r(): Property access is not allowed yet in C:\xampp73\htdocs\order_mobil\app\Views\errors\html\error_exception.php:96
Stack trace:
#0 [internal function]: CodeIgniter\Debug\Exceptions->errorHandler(2, 'print_r(): Prop...', 'C:\\xampp73\\htdo...', 96, Array)
#1 C:\xampp73\htdocs\order_mobil\app\Views\errors\html\error_exception.php(96): print_r(Object(App\Controllers\UserController), true)
#2 C:\xampp73\htdocs\order_mobil\system\Debug\Exceptions.php(229): include('C:\\xampp73\\htdo...')
#3 C:\xampp73\htdocs\order_mobil\system\Debug\Exceptions.php(232): CodeIgniter\Debug\Exceptions->CodeIgniter\Debug\{closure}()
#4 C:\xampp73\htdocs\order_mobil\system\Debug\Exceptions.php(116): CodeIgniter\Debug\Exceptions->render(Object(CodeIgniter\Database\Exceptions\DatabaseException), 500)
#5 [internal function]: CodeIgniter\Debug\Exceptions->exceptionHandler(Object(CodeIgniter\Database\Exceptions\DatabaseException))
#6 {main}
  thrown
#0 [internal function]: CodeIgniter\Debug\Exceptions->shutdownHandler()
#1 {main}
ERROR - 2022-07-18 02:24:15 --> Error connecting to the database: Unknown database 'bcas_mobil'
CRITICAL - 2022-07-18 02:24:15 --> Unable to connect to the database.
Main connection [MySQLi]: Unknown database 'bcas_mobil'
#0 C:\xampp73\htdocs\order_mobil\system\Database\BaseConnection.php(577): CodeIgniter\Database\BaseConnection->initialize()
#1 C:\xampp73\htdocs\order_mobil\system\Database\BaseBuilder.php(1443): CodeIgniter\Database\BaseConnection->query('SELECT *\nFROM `...', Array, false)
#2 C:\xampp73\htdocs\order_mobil\system\Model.php(210): CodeIgniter\Database\BaseBuilder->get()
#3 C:\xampp73\htdocs\order_mobil\system\BaseModel.php(622): CodeIgniter\Model->doFirst()
#4 C:\xampp73\htdocs\order_mobil\app\Controllers\UserController.php(141): CodeIgniter\BaseModel->first()
#5 C:\xampp73\htdocs\order_mobil\system\CodeIgniter.php(824): App\Controllers\UserController->auth()
#6 C:\xampp73\htdocs\order_mobil\system\CodeIgniter.php(410): CodeIgniter\CodeIgniter->runController(Object(App\Controllers\UserController))
#7 C:\xampp73\htdocs\order_mobil\system\CodeIgniter.php(318): CodeIgniter\CodeIgniter->handleRequest(NULL, Object(Config\Cache), false)
#8 C:\xampp73\htdocs\order_mobil\public\index.php(37): CodeIgniter\CodeIgniter->run()
#9 {main}
CRITICAL - 2022-07-18 02:24:15 --> Uncaught ErrorException: print_r(): Property access is not allowed yet in C:\xampp73\htdocs\order_mobil\app\Views\errors\html\error_exception.php:96
Stack trace:
#0 [internal function]: CodeIgniter\Debug\Exceptions->errorHandler(2, 'print_r(): Prop...', 'C:\\xampp73\\htdo...', 96, Array)
#1 C:\xampp73\htdocs\order_mobil\app\Views\errors\html\error_exception.php(96): print_r(Object(App\Controllers\UserController), true)
#2 C:\xampp73\htdocs\order_mobil\system\Debug\Exceptions.php(229): include('C:\\xampp73\\htdo...')
#3 C:\xampp73\htdocs\order_mobil\system\Debug\Exceptions.php(232): CodeIgniter\Debug\Exceptions->CodeIgniter\Debug\{closure}()
#4 C:\xampp73\htdocs\order_mobil\system\Debug\Exceptions.php(116): CodeIgniter\Debug\Exceptions->render(Object(CodeIgniter\Database\Exceptions\DatabaseException), 500)
#5 [internal function]: CodeIgniter\Debug\Exceptions->exceptionHandler(Object(CodeIgniter\Database\Exceptions\DatabaseException))
#6 {main}
  thrown
#0 [internal function]: CodeIgniter\Debug\Exceptions->shutdownHandler()
#1 {main}
CRITICAL - 2022-07-18 02:37:54 --> Maximum execution time of 120 seconds exceeded
#0 [internal function]: CodeIgniter\Debug\Exceptions->shutdownHandler()
#1 {main}
CRITICAL - 2022-07-18 02:37:54 --> Maximum execution time of 120 seconds exceeded
#0 [internal function]: CodeIgniter\Debug\Exceptions->shutdownHandler()
#1 {main}
CRITICAL - 2022-07-18 02:42:55 --> Maximum execution time of 120 seconds exceeded
#0 [internal function]: CodeIgniter\Debug\Exceptions->shutdownHandler()
#1 {main}
CRITICAL - 2022-07-18 02:43:04 --> Maximum execution time of 120 seconds exceeded
#0 [internal function]: CodeIgniter\Debug\Exceptions->shutdownHandler()
#1 {main}
ERROR - 2022-07-18 03:54:33 --> Unknown column 'orders.tujuan_pakai' in 'field list'
CRITICAL - 2022-07-18 03:54:33 --> Unknown column 'orders.tujuan_pakai' in 'field list'
#0 C:\xampp73\htdocs\order_mobil\system\Database\MySQLi\Connection.php(292): mysqli->query('SELECT orders.I...', 0)
#1 C:\xampp73\htdocs\order_mobil\system\Database\BaseConnection.php(670): CodeIgniter\Database\MySQLi\Connection->execute('SELECT orders.I...')
#2 C:\xampp73\htdocs\order_mobil\system\Database\BaseConnection.php(598): CodeIgniter\Database\BaseConnection->simpleQuery('SELECT orders.I...')
#3 C:\xampp73\htdocs\order_mobil\system\Model.php(721): CodeIgniter\Database\BaseConnection->query('SELECT orders.I...')
#4 C:\xampp73\htdocs\order_mobil\app\Controllers\Home.php(88): CodeIgniter\Model->__call('query', Array)
#5 C:\xampp73\htdocs\order_mobil\system\CodeIgniter.php(824): App\Controllers\Home->process()
#6 C:\xampp73\htdocs\order_mobil\system\CodeIgniter.php(410): CodeIgniter\CodeIgniter->runController(Object(App\Controllers\Home))
#7 C:\xampp73\htdocs\order_mobil\system\CodeIgniter.php(318): CodeIgniter\CodeIgniter->handleRequest(NULL, Object(Config\Cache), false)
#8 C:\xampp73\htdocs\order_mobil\public\index.php(37): CodeIgniter\CodeIgniter->run()
#9 {main}
ERROR - 2022-07-18 03:55:33 --> Unknown column 'orders.tujuan_pakai' in 'field list'
CRITICAL - 2022-07-18 03:55:33 --> Unknown column 'orders.tujuan_pakai' in 'field list'
#0 C:\xampp73\htdocs\order_mobil\system\Database\MySQLi\Connection.php(292): mysqli->query('SELECT orders.I...', 0)
#1 C:\xampp73\htdocs\order_mobil\system\Database\BaseConnection.php(670): CodeIgniter\Database\MySQLi\Connection->execute('SELECT orders.I...')
#2 C:\xampp73\htdocs\order_mobil\system\Database\BaseConnection.php(598): CodeIgniter\Database\BaseConnection->simpleQuery('SELECT orders.I...')
#3 C:\xampp73\htdocs\order_mobil\system\Model.php(721): CodeIgniter\Database\BaseConnection->query('SELECT orders.I...')
#4 C:\xampp73\htdocs\order_mobil\app\Controllers\Home.php(88): CodeIgniter\Model->__call('query', Array)
#5 C:\xampp73\htdocs\order_mobil\system\CodeIgniter.php(824): App\Controllers\Home->process()
#6 C:\xampp73\htdocs\order_mobil\system\CodeIgniter.php(410): CodeIgniter\CodeIgniter->runController(Object(App\Controllers\Home))
#7 C:\xampp73\htdocs\order_mobil\system\CodeIgniter.php(318): CodeIgniter\CodeIgniter->handleRequest(NULL, Object(Config\Cache), false)
#8 C:\xampp73\htdocs\order_mobil\public\index.php(37): CodeIgniter\CodeIgniter->run()
#9 {main}
CRITICAL - 2022-07-18 03:58:12 --> Class 'PhpOffice\PhpSpreadsheet\Style\Protection' not found
#0 C:\xampp73\htdocs\order_mobil\vendor\phpoffice\phpspreadsheet\src\PhpSpreadsheet\Spreadsheet.php(493): PhpOffice\PhpSpreadsheet\Style\Style->__construct(true)
#1 C:\xampp73\htdocs\order_mobil\app\Controllers\ReimburseController.php(30): PhpOffice\PhpSpreadsheet\Spreadsheet->__construct()
#2 C:\xampp73\htdocs\order_mobil\system\CodeIgniter.php(801): App\Controllers\ReimburseController->__construct()
#3 C:\xampp73\htdocs\order_mobil\system\CodeIgniter.php(401): CodeIgniter\CodeIgniter->createController()
#4 C:\xampp73\htdocs\order_mobil\system\CodeIgniter.php(318): CodeIgniter\CodeIgniter->handleRequest(NULL, Object(Config\Cache), false)
#5 C:\xampp73\htdocs\order_mobil\index.php(37): CodeIgniter\CodeIgniter->run()
#6 {main}
CRITICAL - 2022-07-18 03:58:19 --> Class 'PhpOffice\PhpSpreadsheet\Style\Protection' not found
#0 C:\xampp73\htdocs\order_mobil\vendor\phpoffice\phpspreadsheet\src\PhpSpreadsheet\Spreadsheet.php(493): PhpOffice\PhpSpreadsheet\Style\Style->__construct(true)
#1 C:\xampp73\htdocs\order_mobil\app\Controllers\ReimburseController.php(30): PhpOffice\PhpSpreadsheet\Spreadsheet->__construct()
#2 C:\xampp73\htdocs\order_mobil\system\CodeIgniter.php(801): App\Controllers\ReimburseController->__construct()
#3 C:\xampp73\htdocs\order_mobil\system\CodeIgniter.php(401): CodeIgniter\CodeIgniter->createController()
#4 C:\xampp73\htdocs\order_mobil\system\CodeIgniter.php(318): CodeIgniter\CodeIgniter->handleRequest(NULL, Object(Config\Cache), false)
#5 C:\xampp73\htdocs\order_mobil\index.php(37): CodeIgniter\CodeIgniter->run()
#6 {main}
CRITICAL - 2022-07-18 03:58:59 --> syntax error, unexpected 'method' (T_STRING), expecting ')'
#0 C:\xampp73\htdocs\order_mobil\system\View\View.php(217): CodeIgniter\View\View->CodeIgniter\View\{closure}()
#1 C:\xampp73\htdocs\order_mobil\system\Common.php(1097): CodeIgniter\View\View->render('register', Array, true)
#2 C:\xampp73\htdocs\order_mobil\app\Controllers\RegisterController.php(22): view('register', Array)
#3 C:\xampp73\htdocs\order_mobil\system\CodeIgniter.php(824): App\Controllers\RegisterController->index()
#4 C:\xampp73\htdocs\order_mobil\system\CodeIgniter.php(410): CodeIgniter\CodeIgniter->runController(Object(App\Controllers\RegisterController))
#5 C:\xampp73\htdocs\order_mobil\system\CodeIgniter.php(318): CodeIgniter\CodeIgniter->handleRequest(NULL, Object(Config\Cache), false)
#6 C:\xampp73\htdocs\order_mobil\index.php(37): CodeIgniter\CodeIgniter->run()
#7 {main}
CRITICAL - 2022-07-18 03:59:43 --> Class 'PhpOffice\PhpSpreadsheet\Style\Protection' not found
#0 C:\xampp73\htdocs\order_mobil\vendor\phpoffice\phpspreadsheet\src\PhpSpreadsheet\Spreadsheet.php(493): PhpOffice\PhpSpreadsheet\Style\Style->__construct(true)
#1 C:\xampp73\htdocs\order_mobil\app\Controllers\ReimburseController.php(30): PhpOffice\PhpSpreadsheet\Spreadsheet->__construct()
#2 C:\xampp73\htdocs\order_mobil\system\CodeIgniter.php(801): App\Controllers\ReimburseController->__construct()
#3 C:\xampp73\htdocs\order_mobil\system\CodeIgniter.php(401): CodeIgniter\CodeIgniter->createController()
#4 C:\xampp73\htdocs\order_mobil\system\CodeIgniter.php(318): CodeIgniter\CodeIgniter->handleRequest(NULL, Object(Config\Cache), false)
#5 C:\xampp73\htdocs\order_mobil\index.php(37): CodeIgniter\CodeIgniter->run()
#6 {main}
CRITICAL - 2022-07-18 03:59:47 --> Class 'PhpOffice\PhpSpreadsheet\Style\Protection' not found
#0 C:\xampp73\htdocs\order_mobil\vendor\phpoffice\phpspreadsheet\src\PhpSpreadsheet\Spreadsheet.php(493): PhpOffice\PhpSpreadsheet\Style\Style->__construct(true)
#1 C:\xampp73\htdocs\order_mobil\app\Controllers\ReimburseController.php(30): PhpOffice\PhpSpreadsheet\Spreadsheet->__construct()
#2 C:\xampp73\htdocs\order_mobil\system\CodeIgniter.php(801): App\Controllers\ReimburseController->__construct()
#3 C:\xampp73\htdocs\order_mobil\system\CodeIgniter.php(401): CodeIgniter\CodeIgniter->createController()
#4 C:\xampp73\htdocs\order_mobil\system\CodeIgniter.php(318): CodeIgniter\CodeIgniter->handleRequest(NULL, Object(Config\Cache), false)
#5 C:\xampp73\htdocs\order_mobil\index.php(37): CodeIgniter\CodeIgniter->run()
#6 {main}
CRITICAL - 2022-07-18 04:58:55 --> key must be a string when using hmac
#0 C:\xampp73\htdocs\order_mobil\vendor\firebase\php-jwt\src\JWT.php(203): Firebase\JWT\JWT::sign('eyJ0eXAiOiJKV1Q...', false, 'HS256')
#1 C:\xampp73\htdocs\order_mobil\app\Controllers\UserController.php(240): Firebase\JWT\JWT::encode(Array, false, 'HS256')
#2 C:\xampp73\htdocs\order_mobil\system\CodeIgniter.php(824): App\Controllers\UserController->login()
#3 C:\xampp73\htdocs\order_mobil\system\CodeIgniter.php(410): CodeIgniter\CodeIgniter->runController(Object(App\Controllers\UserController))
#4 C:\xampp73\htdocs\order_mobil\system\CodeIgniter.php(318): CodeIgniter\CodeIgniter->handleRequest(NULL, Object(Config\Cache), false)
#5 C:\xampp73\htdocs\order_mobil\index.php(37): CodeIgniter\CodeIgniter->run()
#6 {main}
CRITICAL - 2022-07-18 04:58:56 --> key must be a string when using hmac
#0 C:\xampp73\htdocs\order_mobil\vendor\firebase\php-jwt\src\JWT.php(203): Firebase\JWT\JWT::sign('eyJ0eXAiOiJKV1Q...', false, 'HS256')
#1 C:\xampp73\htdocs\order_mobil\app\Controllers\UserController.php(240): Firebase\JWT\JWT::encode(Array, false, 'HS256')
#2 C:\xampp73\htdocs\order_mobil\system\CodeIgniter.php(824): App\Controllers\UserController->login()
#3 C:\xampp73\htdocs\order_mobil\system\CodeIgniter.php(410): CodeIgniter\CodeIgniter->runController(Object(App\Controllers\UserController))
#4 C:\xampp73\htdocs\order_mobil\system\CodeIgniter.php(318): CodeIgniter\CodeIgniter->handleRequest(NULL, Object(Config\Cache), false)
#5 C:\xampp73\htdocs\order_mobil\index.php(37): CodeIgniter\CodeIgniter->run()
#6 {main}
CRITICAL - 2022-07-18 04:58:56 --> key must be a string when using hmac
#0 C:\xampp73\htdocs\order_mobil\vendor\firebase\php-jwt\src\JWT.php(203): Firebase\JWT\JWT::sign('eyJ0eXAiOiJKV1Q...', false, 'HS256')
#1 C:\xampp73\htdocs\order_mobil\app\Controllers\UserController.php(240): Firebase\JWT\JWT::encode(Array, false, 'HS256')
#2 C:\xampp73\htdocs\order_mobil\system\CodeIgniter.php(824): App\Controllers\UserController->login()
#3 C:\xampp73\htdocs\order_mobil\system\CodeIgniter.php(410): CodeIgniter\CodeIgniter->runController(Object(App\Controllers\UserController))
#4 C:\xampp73\htdocs\order_mobil\system\CodeIgniter.php(318): CodeIgniter\CodeIgniter->handleRequest(NULL, Object(Config\Cache), false)
#5 C:\xampp73\htdocs\order_mobil\index.php(37): CodeIgniter\CodeIgniter->run()
#6 {main}
CRITICAL - 2022-07-18 04:58:59 --> key must be a string when using hmac
#0 C:\xampp73\htdocs\order_mobil\vendor\firebase\php-jwt\src\JWT.php(203): Firebase\JWT\JWT::sign('eyJ0eXAiOiJKV1Q...', false, 'HS256')
#1 C:\xampp73\htdocs\order_mobil\app\Controllers\UserController.php(240): Firebase\JWT\JWT::encode(Array, false, 'HS256')
#2 C:\xampp73\htdocs\order_mobil\system\CodeIgniter.php(824): App\Controllers\UserController->login()
#3 C:\xampp73\htdocs\order_mobil\system\CodeIgniter.php(410): CodeIgniter\CodeIgniter->runController(Object(App\Controllers\UserController))
#4 C:\xampp73\htdocs\order_mobil\system\CodeIgniter.php(318): CodeIgniter\CodeIgniter->handleRequest(NULL, Object(Config\Cache), false)
#5 C:\xampp73\htdocs\order_mobil\index.php(37): CodeIgniter\CodeIgniter->run()
#6 {main}
CRITICAL - 2022-07-18 04:59:00 --> key must be a string when using hmac
#0 C:\xampp73\htdocs\order_mobil\vendor\firebase\php-jwt\src\JWT.php(203): Firebase\JWT\JWT::sign('eyJ0eXAiOiJKV1Q...', false, 'HS256')
#1 C:\xampp73\htdocs\order_mobil\app\Controllers\UserController.php(240): Firebase\JWT\JWT::encode(Array, false, 'HS256')
#2 C:\xampp73\htdocs\order_mobil\system\CodeIgniter.php(824): App\Controllers\UserController->login()
#3 C:\xampp73\htdocs\order_mobil\system\CodeIgniter.php(410): CodeIgniter\CodeIgniter->runController(Object(App\Controllers\UserController))
#4 C:\xampp73\htdocs\order_mobil\system\CodeIgniter.php(318): CodeIgniter\CodeIgniter->handleRequest(NULL, Object(Config\Cache), false)
#5 C:\xampp73\htdocs\order_mobil\index.php(37): CodeIgniter\CodeIgniter->run()
#6 {main}
CRITICAL - 2022-07-18 04:59:00 --> key must be a string when using hmac
#0 C:\xampp73\htdocs\order_mobil\vendor\firebase\php-jwt\src\JWT.php(203): Firebase\JWT\JWT::sign('eyJ0eXAiOiJKV1Q...', false, 'HS256')
#1 C:\xampp73\htdocs\order_mobil\app\Controllers\UserController.php(240): Firebase\JWT\JWT::encode(Array, false, 'HS256')
#2 C:\xampp73\htdocs\order_mobil\system\CodeIgniter.php(824): App\Controllers\UserController->login()
#3 C:\xampp73\htdocs\order_mobil\system\CodeIgniter.php(410): CodeIgniter\CodeIgniter->runController(Object(App\Controllers\UserController))
#4 C:\xampp73\htdocs\order_mobil\system\CodeIgniter.php(318): CodeIgniter\CodeIgniter->handleRequest(NULL, Object(Config\Cache), false)
#5 C:\xampp73\htdocs\order_mobil\index.php(37): CodeIgniter\CodeIgniter->run()
#6 {main}
CRITICAL - 2022-07-18 04:59:02 --> key must be a string when using hmac
#0 C:\xampp73\htdocs\order_mobil\vendor\firebase\php-jwt\src\JWT.php(203): Firebase\JWT\JWT::sign('eyJ0eXAiOiJKV1Q...', false, 'HS256')
#1 C:\xampp73\htdocs\order_mobil\app\Controllers\UserController.php(240): Firebase\JWT\JWT::encode(Array, false, 'HS256')
#2 C:\xampp73\htdocs\order_mobil\system\CodeIgniter.php(824): App\Controllers\UserController->login()
#3 C:\xampp73\htdocs\order_mobil\system\CodeIgniter.php(410): CodeIgniter\CodeIgniter->runController(Object(App\Controllers\UserController))
#4 C:\xampp73\htdocs\order_mobil\system\CodeIgniter.php(318): CodeIgniter\CodeIgniter->handleRequest(NULL, Object(Config\Cache), false)
#5 C:\xampp73\htdocs\order_mobil\index.php(37): CodeIgniter\CodeIgniter->run()
#6 {main}
CRITICAL - 2022-07-18 04:59:02 --> key must be a string when using hmac
#0 C:\xampp73\htdocs\order_mobil\vendor\firebase\php-jwt\src\JWT.php(203): Firebase\JWT\JWT::sign('eyJ0eXAiOiJKV1Q...', false, 'HS256')
#1 C:\xampp73\htdocs\order_mobil\app\Controllers\UserController.php(240): Firebase\JWT\JWT::encode(Array, false, 'HS256')
#2 C:\xampp73\htdocs\order_mobil\system\CodeIgniter.php(824): App\Controllers\UserController->login()
#3 C:\xampp73\htdocs\order_mobil\system\CodeIgniter.php(410): CodeIgniter\CodeIgniter->runController(Object(App\Controllers\UserController))
#4 C:\xampp73\htdocs\order_mobil\system\CodeIgniter.php(318): CodeIgniter\CodeIgniter->handleRequest(NULL, Object(Config\Cache), false)
#5 C:\xampp73\htdocs\order_mobil\index.php(37): CodeIgniter\CodeIgniter->run()
#6 {main}
CRITICAL - 2022-07-18 04:59:02 --> key must be a string when using hmac
#0 C:\xampp73\htdocs\order_mobil\vendor\firebase\php-jwt\src\JWT.php(203): Firebase\JWT\JWT::sign('eyJ0eXAiOiJKV1Q...', false, 'HS256')
#1 C:\xampp73\htdocs\order_mobil\app\Controllers\UserController.php(240): Firebase\JWT\JWT::encode(Array, false, 'HS256')
#2 C:\xampp73\htdocs\order_mobil\system\CodeIgniter.php(824): App\Controllers\UserController->login()
#3 C:\xampp73\htdocs\order_mobil\system\CodeIgniter.php(410): CodeIgniter\CodeIgniter->runController(Object(App\Controllers\UserController))
#4 C:\xampp73\htdocs\order_mobil\system\CodeIgniter.php(318): CodeIgniter\CodeIgniter->handleRequest(NULL, Object(Config\Cache), false)
#5 C:\xampp73\htdocs\order_mobil\index.php(37): CodeIgniter\CodeIgniter->run()
#6 {main}
CRITICAL - 2022-07-18 04:59:02 --> key must be a string when using hmac
#0 C:\xampp73\htdocs\order_mobil\vendor\firebase\php-jwt\src\JWT.php(203): Firebase\JWT\JWT::sign('eyJ0eXAiOiJKV1Q...', false, 'HS256')
#1 C:\xampp73\htdocs\order_mobil\app\Controllers\UserController.php(240): Firebase\JWT\JWT::encode(Array, false, 'HS256')
#2 C:\xampp73\htdocs\order_mobil\system\CodeIgniter.php(824): App\Controllers\UserController->login()
#3 C:\xampp73\htdocs\order_mobil\system\CodeIgniter.php(410): CodeIgniter\CodeIgniter->runController(Object(App\Controllers\UserController))
#4 C:\xampp73\htdocs\order_mobil\system\CodeIgniter.php(318): CodeIgniter\CodeIgniter->handleRequest(NULL, Object(Config\Cache), false)
#5 C:\xampp73\htdocs\order_mobil\index.php(37): CodeIgniter\CodeIgniter->run()
#6 {main}
CRITICAL - 2022-07-18 04:59:05 --> key must be a string when using hmac
#0 C:\xampp73\htdocs\order_mobil\vendor\firebase\php-jwt\src\JWT.php(203): Firebase\JWT\JWT::sign('eyJ0eXAiOiJKV1Q...', false, 'HS256')
#1 C:\xampp73\htdocs\order_mobil\app\Controllers\UserController.php(240): Firebase\JWT\JWT::encode(Array, false, 'HS256')
#2 C:\xampp73\htdocs\order_mobil\system\CodeIgniter.php(824): App\Controllers\UserController->login()
#3 C:\xampp73\htdocs\order_mobil\system\CodeIgniter.php(410): CodeIgniter\CodeIgniter->runController(Object(App\Controllers\UserController))
#4 C:\xampp73\htdocs\order_mobil\system\CodeIgniter.php(318): CodeIgniter\CodeIgniter->handleRequest(NULL, Object(Config\Cache), false)
#5 C:\xampp73\htdocs\order_mobil\index.php(37): CodeIgniter\CodeIgniter->run()
#6 {main}
CRITICAL - 2022-07-18 04:59:05 --> key must be a string when using hmac
#0 C:\xampp73\htdocs\order_mobil\vendor\firebase\php-jwt\src\JWT.php(203): Firebase\JWT\JWT::sign('eyJ0eXAiOiJKV1Q...', false, 'HS256')
#1 C:\xampp73\htdocs\order_mobil\app\Controllers\UserController.php(240): Firebase\JWT\JWT::encode(Array, false, 'HS256')
#2 C:\xampp73\htdocs\order_mobil\system\CodeIgniter.php(824): App\Controllers\UserController->login()
#3 C:\xampp73\htdocs\order_mobil\system\CodeIgniter.php(410): CodeIgniter\CodeIgniter->runController(Object(App\Controllers\UserController))
#4 C:\xampp73\htdocs\order_mobil\system\CodeIgniter.php(318): CodeIgniter\CodeIgniter->handleRequest(NULL, Object(Config\Cache), false)
#5 C:\xampp73\htdocs\order_mobil\index.php(37): CodeIgniter\CodeIgniter->run()
#6 {main}
CRITICAL - 2022-07-18 04:59:05 --> key must be a string when using hmac
#0 C:\xampp73\htdocs\order_mobil\vendor\firebase\php-jwt\src\JWT.php(203): Firebase\JWT\JWT::sign('eyJ0eXAiOiJKV1Q...', false, 'HS256')
#1 C:\xampp73\htdocs\order_mobil\app\Controllers\UserController.php(240): Firebase\JWT\JWT::encode(Array, false, 'HS256')
#2 C:\xampp73\htdocs\order_mobil\system\CodeIgniter.php(824): App\Controllers\UserController->login()
#3 C:\xampp73\htdocs\order_mobil\system\CodeIgniter.php(410): CodeIgniter\CodeIgniter->runController(Object(App\Controllers\UserController))
#4 C:\xampp73\htdocs\order_mobil\system\CodeIgniter.php(318): CodeIgniter\CodeIgniter->handleRequest(NULL, Object(Config\Cache), false)
#5 C:\xampp73\htdocs\order_mobil\index.php(37): CodeIgniter\CodeIgniter->run()
#6 {main}
CRITICAL - 2022-07-18 04:59:27 --> key must be a string when using hmac
#0 C:\xampp73\htdocs\order_mobil\vendor\firebase\php-jwt\src\JWT.php(203): Firebase\JWT\JWT::sign('eyJ0eXAiOiJKV1Q...', false, 'HS256')
#1 C:\xampp73\htdocs\order_mobil\app\Controllers\UserController.php(240): Firebase\JWT\JWT::encode(Array, false, 'HS256')
#2 C:\xampp73\htdocs\order_mobil\system\CodeIgniter.php(824): App\Controllers\UserController->login()
#3 C:\xampp73\htdocs\order_mobil\system\CodeIgniter.php(410): CodeIgniter\CodeIgniter->runController(Object(App\Controllers\UserController))
#4 C:\xampp73\htdocs\order_mobil\system\CodeIgniter.php(318): CodeIgniter\CodeIgniter->handleRequest(NULL, Object(Config\Cache), false)
#5 C:\xampp73\htdocs\order_mobil\index.php(37): CodeIgniter\CodeIgniter->run()
#6 {main}
CRITICAL - 2022-07-18 04:59:42 --> key must be a string when using hmac
#0 C:\xampp73\htdocs\order_mobil\vendor\firebase\php-jwt\src\JWT.php(203): Firebase\JWT\JWT::sign('eyJ0eXAiOiJKV1Q...', false, 'HS256')
#1 C:\xampp73\htdocs\order_mobil\app\Controllers\UserController.php(240): Firebase\JWT\JWT::encode(Array, false, 'HS256')
#2 C:\xampp73\htdocs\order_mobil\system\CodeIgniter.php(824): App\Controllers\UserController->login()
#3 C:\xampp73\htdocs\order_mobil\system\CodeIgniter.php(410): CodeIgniter\CodeIgniter->runController(Object(App\Controllers\UserController))
#4 C:\xampp73\htdocs\order_mobil\system\CodeIgniter.php(318): CodeIgniter\CodeIgniter->handleRequest(NULL, Object(Config\Cache), false)
#5 C:\xampp73\htdocs\order_mobil\index.php(37): CodeIgniter\CodeIgniter->run()
#6 {main}
CRITICAL - 2022-07-18 04:59:43 --> key must be a string when using hmac
#0 C:\xampp73\htdocs\order_mobil\vendor\firebase\php-jwt\src\JWT.php(203): Firebase\JWT\JWT::sign('eyJ0eXAiOiJKV1Q...', false, 'HS256')
#1 C:\xampp73\htdocs\order_mobil\app\Controllers\UserController.php(240): Firebase\JWT\JWT::encode(Array, false, 'HS256')
#2 C:\xampp73\htdocs\order_mobil\system\CodeIgniter.php(824): App\Controllers\UserController->login()
#3 C:\xampp73\htdocs\order_mobil\system\CodeIgniter.php(410): CodeIgniter\CodeIgniter->runController(Object(App\Controllers\UserController))
#4 C:\xampp73\htdocs\order_mobil\system\CodeIgniter.php(318): CodeIgniter\CodeIgniter->handleRequest(NULL, Object(Config\Cache), false)
#5 C:\xampp73\htdocs\order_mobil\index.php(37): CodeIgniter\CodeIgniter->run()
#6 {main}
ERROR - 2022-07-18 05:24:47 --> Cannot add or update a child row: a foreign key constraint fails (`bcas_mobil`.`pengemudi`, CONSTRAINT `pengemudi_ibfk_2` FOREIGN KEY (`id_user`) REFERENCES `oauth_user` (`id_user`))
CRITICAL - 2022-07-18 05:24:47 --> Cannot add or update a child row: a foreign key constraint fails (`bcas_mobil`.`pengemudi`, CONSTRAINT `pengemudi_ibfk_2` FOREIGN KEY (`id_user`) REFERENCES `oauth_user` (`id_user`))
#0 C:\xampp73\htdocs\order_mobil\system\Database\MySQLi\Connection.php(292): mysqli->query('INSERT INTO `pe...', 0)
#1 C:\xampp73\htdocs\order_mobil\system\Database\BaseConnection.php(670): CodeIgniter\Database\MySQLi\Connection->execute('INSERT INTO `pe...')
#2 C:\xampp73\htdocs\order_mobil\system\Database\BaseConnection.php(598): CodeIgniter\Database\BaseConnection->simpleQuery('INSERT INTO `pe...')
#3 C:\xampp73\htdocs\order_mobil\system\Database\BaseBuilder.php(1759): CodeIgniter\Database\BaseConnection->query('INSERT INTO `pe...', Array, false)
#4 C:\xampp73\htdocs\order_mobil\system\Model.php(239): CodeIgniter\Database\BaseBuilder->insert()
#5 C:\xampp73\htdocs\order_mobil\system\BaseModel.php(738): CodeIgniter\Model->doInsert(Array)
#6 C:\xampp73\htdocs\order_mobil\system\Model.php(620): CodeIgniter\BaseModel->insert(Array, true)
#7 C:\xampp73\htdocs\order_mobil\app\Controllers\RegisterController.php(99): CodeIgniter\Model->insert(Array)
#8 C:\xampp73\htdocs\order_mobil\system\CodeIgniter.php(824): App\Controllers\RegisterController->auth_register_driver()
#9 C:\xampp73\htdocs\order_mobil\system\CodeIgniter.php(410): CodeIgniter\CodeIgniter->runController(Object(App\Controllers\RegisterController))
#10 C:\xampp73\htdocs\order_mobil\system\CodeIgniter.php(318): CodeIgniter\CodeIgniter->handleRequest(NULL, Object(Config\Cache), false)
#11 C:\xampp73\htdocs\order_mobil\index.php(37): CodeIgniter\CodeIgniter->run()
#12 {main}
CRITICAL - 2022-07-18 21:40:00 --> Class 'PhpOffice\PhpSpreadsheet\Style\Protection' not found
#0 C:\xampp73\htdocs\order_mobil\vendor\phpoffice\phpspreadsheet\src\PhpSpreadsheet\Spreadsheet.php(493): PhpOffice\PhpSpreadsheet\Style\Style->__construct(true)
#1 C:\xampp73\htdocs\order_mobil\app\Controllers\ReimburseController.php(30): PhpOffice\PhpSpreadsheet\Spreadsheet->__construct()
#2 C:\xampp73\htdocs\order_mobil\system\CodeIgniter.php(801): App\Controllers\ReimburseController->__construct()
#3 C:\xampp73\htdocs\order_mobil\system\CodeIgniter.php(401): CodeIgniter\CodeIgniter->createController()
#4 C:\xampp73\htdocs\order_mobil\system\CodeIgniter.php(318): CodeIgniter\CodeIgniter->handleRequest(NULL, Object(Config\Cache), false)
#5 C:\xampp73\htdocs\order_mobil\index.php(37): CodeIgniter\CodeIgniter->run()
#6 {main}
CRITICAL - 2022-07-18 22:32:12 --> authFilter filter must have a matching alias defined.
#0 C:\xampp73\htdocs\order_mobil\system\Filters\Filters.php(340): CodeIgniter\Filters\Exceptions\FilterException::forNoAlias('authFilter')
#1 C:\xampp73\htdocs\order_mobil\system\CodeIgniter.php(375): CodeIgniter\Filters\Filters->enableFilter('authFilter', 'before')
#2 C:\xampp73\htdocs\order_mobil\system\CodeIgniter.php(318): CodeIgniter\CodeIgniter->handleRequest(NULL, Object(Config\Cache), false)
#3 C:\xampp73\htdocs\order_mobil\index.php(37): CodeIgniter\CodeIgniter->run()
#4 {main}
CRITICAL - 2022-07-18 22:34:00 --> authFilter filter must have a matching alias defined.
#0 C:\xampp73\htdocs\order_mobil\system\Filters\Filters.php(340): CodeIgniter\Filters\Exceptions\FilterException::forNoAlias('authFilter')
#1 C:\xampp73\htdocs\order_mobil\system\CodeIgniter.php(375): CodeIgniter\Filters\Filters->enableFilter('authFilter', 'before')
#2 C:\xampp73\htdocs\order_mobil\system\CodeIgniter.php(318): CodeIgniter\CodeIgniter->handleRequest(NULL, Object(Config\Cache), false)
#3 C:\xampp73\htdocs\order_mobil\index.php(37): CodeIgniter\CodeIgniter->run()
#4 {main}
CRITICAL - 2022-07-18 22:34:16 --> authFilter filter must have a matching alias defined.
#0 C:\xampp73\htdocs\order_mobil\system\Filters\Filters.php(340): CodeIgniter\Filters\Exceptions\FilterException::forNoAlias('authFilter')
#1 C:\xampp73\htdocs\order_mobil\system\CodeIgniter.php(375): CodeIgniter\Filters\Filters->enableFilter('authFilter', 'before')
#2 C:\xampp73\htdocs\order_mobil\system\CodeIgniter.php(318): CodeIgniter\CodeIgniter->handleRequest(NULL, Object(Config\Cache), false)
#3 C:\xampp73\htdocs\order_mobil\index.php(37): CodeIgniter\CodeIgniter->run()
#4 {main}
CRITICAL - 2022-07-18 22:37:15 --> key must be a string when using hmac
#0 C:\xampp73\htdocs\order_mobil\vendor\firebase\php-jwt\src\JWT.php(203): Firebase\JWT\JWT::sign('eyJ0eXAiOiJKV1Q...', false, 'HS256')
#1 C:\xampp73\htdocs\order_mobil\app\Controllers\UserController.php(240): Firebase\JWT\JWT::encode(Array, false, 'HS256')
#2 C:\xampp73\htdocs\order_mobil\system\CodeIgniter.php(824): App\Controllers\UserController->login()
#3 C:\xampp73\htdocs\order_mobil\system\CodeIgniter.php(410): CodeIgniter\CodeIgniter->runController(Object(App\Controllers\UserController))
#4 C:\xampp73\htdocs\order_mobil\system\CodeIgniter.php(318): CodeIgniter\CodeIgniter->handleRequest(NULL, Object(Config\Cache), false)
#5 C:\xampp73\htdocs\order_mobil\index.php(37): CodeIgniter\CodeIgniter->run()
#6 {main}
CRITICAL - 2022-07-18 22:37:33 --> key must be a string when using hmac
#0 C:\xampp73\htdocs\order_mobil\vendor\firebase\php-jwt\src\JWT.php(203): Firebase\JWT\JWT::sign('eyJ0eXAiOiJKV1Q...', false, 'HS256')
#1 C:\xampp73\htdocs\order_mobil\app\Controllers\UserController.php(240): Firebase\JWT\JWT::encode(Array, false, 'HS256')
#2 C:\xampp73\htdocs\order_mobil\system\CodeIgniter.php(824): App\Controllers\UserController->login()
#3 C:\xampp73\htdocs\order_mobil\system\CodeIgniter.php(410): CodeIgniter\CodeIgniter->runController(Object(App\Controllers\UserController))
#4 C:\xampp73\htdocs\order_mobil\system\CodeIgniter.php(318): CodeIgniter\CodeIgniter->handleRequest(NULL, Object(Config\Cache), false)
#5 C:\xampp73\htdocs\order_mobil\index.php(37): CodeIgniter\CodeIgniter->run()
#6 {main}
