CRITICAL - 2022-06-15 01:40:31 --> Undefined index: keterangan
#0 C:\xampp\htdocs\ci2\app\Views\history_approve.php(35): CodeIgniter\Debug\Exceptions->errorHandler(8, 'Undefined index...', 'C:\\xampp\\htdocs...', 35, Array)
#1 C:\xampp\htdocs\ci2\system\View\View.php(214): include('C:\\xampp\\htdocs...')
#2 C:\xampp\htdocs\ci2\system\View\View.php(217): CodeIgniter\View\View->CodeIgniter\View\{closure}()
#3 C:\xampp\htdocs\ci2\system\Common.php(1097): CodeIgniter\View\View->render('history_approve', Array, true)
#4 C:\xampp\htdocs\ci2\app\Controllers\Home.php(102): view('history_approve', Array)
#5 C:\xampp\htdocs\ci2\system\CodeIgniter.php(824): App\Controllers\Home->history_approve()
#6 C:\xampp\htdocs\ci2\system\CodeIgniter.php(410): CodeIgniter\CodeIgniter->runController(Object(App\Controllers\Home))
#7 C:\xampp\htdocs\ci2\system\CodeIgniter.php(318): CodeIgniter\CodeIgniter->handleRequest(NULL, Object(Config\Cache), false)
#8 C:\xampp\htdocs\ci2\public\index.php(37): CodeIgniter\CodeIgniter->run()
#9 C:\xampp\htdocs\ci2\system\Commands\Server\rewrite.php(43): require_once('C:\\xampp\\htdocs...')
#10 {main}
CRITICAL - 2022-06-15 02:05:47 --> Undefined index: nip
#0 C:\xampp\htdocs\ci2\app\Views\history_approve.php(31): CodeIgniter\Debug\Exceptions->errorHandler(8, 'Undefined index...', 'C:\\xampp\\htdocs...', 31, Array)
#1 C:\xampp\htdocs\ci2\system\View\View.php(214): include('C:\\xampp\\htdocs...')
#2 C:\xampp\htdocs\ci2\system\View\View.php(217): CodeIgniter\View\View->CodeIgniter\View\{closure}()
#3 C:\xampp\htdocs\ci2\system\Common.php(1097): CodeIgniter\View\View->render('history_approve', Array, true)
#4 C:\xampp\htdocs\ci2\app\Controllers\Home.php(102): view('history_approve', Array)
#5 C:\xampp\htdocs\ci2\system\CodeIgniter.php(824): App\Controllers\Home->history_approve()
#6 C:\xampp\htdocs\ci2\system\CodeIgniter.php(410): CodeIgniter\CodeIgniter->runController(Object(App\Controllers\Home))
#7 C:\xampp\htdocs\ci2\system\CodeIgniter.php(318): CodeIgniter\CodeIgniter->handleRequest(NULL, Object(Config\Cache), false)
#8 C:\xampp\htdocs\ci2\public\index.php(37): CodeIgniter\CodeIgniter->run()
#9 C:\xampp\htdocs\ci2\system\Commands\Server\rewrite.php(43): require_once('C:\\xampp\\htdocs...')
#10 {main}
CRITICAL - 2022-06-15 02:07:31 --> Undefined index: nip
#0 C:\xampp\htdocs\ci2\app\Views\history_approve.php(31): CodeIgniter\Debug\Exceptions->errorHandler(8, 'Undefined index...', 'C:\\xampp\\htdocs...', 31, Array)
#1 C:\xampp\htdocs\ci2\system\View\View.php(214): include('C:\\xampp\\htdocs...')
#2 C:\xampp\htdocs\ci2\system\View\View.php(217): CodeIgniter\View\View->CodeIgniter\View\{closure}()
#3 C:\xampp\htdocs\ci2\system\Common.php(1097): CodeIgniter\View\View->render('history_approve', Array, true)
#4 C:\xampp\htdocs\ci2\app\Controllers\Home.php(102): view('history_approve', Array)
#5 C:\xampp\htdocs\ci2\system\CodeIgniter.php(824): App\Controllers\Home->history_approve()
#6 C:\xampp\htdocs\ci2\system\CodeIgniter.php(410): CodeIgniter\CodeIgniter->runController(Object(App\Controllers\Home))
#7 C:\xampp\htdocs\ci2\system\CodeIgniter.php(318): CodeIgniter\CodeIgniter->handleRequest(NULL, Object(Config\Cache), false)
#8 C:\xampp\htdocs\ci2\public\index.php(37): CodeIgniter\CodeIgniter->run()
#9 C:\xampp\htdocs\ci2\system\Commands\Server\rewrite.php(43): require_once('C:\\xampp\\htdocs...')
#10 {main}
ERROR - 2022-06-15 02:08:08 --> Table 'oauth_user.nip' doesn't exist
CRITICAL - 2022-06-15 02:08:08 --> Table 'oauth_user.nip' doesn't exist
#0 C:\xampp\htdocs\ci2\system\Database\MySQLi\Connection.php(292): mysqli->query('SELECT orders.I...', 0)
#1 C:\xampp\htdocs\ci2\system\Database\BaseConnection.php(670): CodeIgniter\Database\MySQLi\Connection->execute('SELECT orders.I...')
#2 C:\xampp\htdocs\ci2\system\Database\BaseConnection.php(598): CodeIgniter\Database\BaseConnection->simpleQuery('SELECT orders.I...')
#3 C:\xampp\htdocs\ci2\system\Model.php(721): CodeIgniter\Database\BaseConnection->query('SELECT orders.I...')
#4 C:\xampp\htdocs\ci2\app\Controllers\Home.php(96): CodeIgniter\Model->__call('query', Array)
#5 C:\xampp\htdocs\ci2\system\CodeIgniter.php(824): App\Controllers\Home->history_approve()
#6 C:\xampp\htdocs\ci2\system\CodeIgniter.php(410): CodeIgniter\CodeIgniter->runController(Object(App\Controllers\Home))
#7 C:\xampp\htdocs\ci2\system\CodeIgniter.php(318): CodeIgniter\CodeIgniter->handleRequest(NULL, Object(Config\Cache), false)
#8 C:\xampp\htdocs\ci2\public\index.php(37): CodeIgniter\CodeIgniter->run()
#9 C:\xampp\htdocs\ci2\system\Commands\Server\rewrite.php(43): require_once('C:\\xampp\\htdocs...')
#10 {main}
ERROR - 2022-06-15 02:08:41 --> You have an error in your SQL syntax; check the manual that corresponds to your MariaDB server version for the right syntax to use near '.id_user LEFT JOIN pemesanan on orders.id =pemesanan.id_pemesanan WHERE order...' at line 1
CRITICAL - 2022-06-15 02:08:41 --> You have an error in your SQL syntax; check the manual that corresponds to your MariaDB server version for the right syntax to use near '.id_user LEFT JOIN pemesanan on orders.id =pemesanan.id_pemesanan WHERE order...' at line 1
#0 C:\xampp\htdocs\ci2\system\Database\MySQLi\Connection.php(292): mysqli->query('SELECT orders.I...', 0)
#1 C:\xampp\htdocs\ci2\system\Database\BaseConnection.php(670): CodeIgniter\Database\MySQLi\Connection->execute('SELECT orders.I...')
#2 C:\xampp\htdocs\ci2\system\Database\BaseConnection.php(598): CodeIgniter\Database\BaseConnection->simpleQuery('SELECT orders.I...')
#3 C:\xampp\htdocs\ci2\system\Model.php(721): CodeIgniter\Database\BaseConnection->query('SELECT orders.I...')
#4 C:\xampp\htdocs\ci2\app\Controllers\Home.php(96): CodeIgniter\Model->__call('query', Array)
#5 C:\xampp\htdocs\ci2\system\CodeIgniter.php(824): App\Controllers\Home->history_approve()
#6 C:\xampp\htdocs\ci2\system\CodeIgniter.php(410): CodeIgniter\CodeIgniter->runController(Object(App\Controllers\Home))
#7 C:\xampp\htdocs\ci2\system\CodeIgniter.php(318): CodeIgniter\CodeIgniter->handleRequest(NULL, Object(Config\Cache), false)
#8 C:\xampp\htdocs\ci2\public\index.php(37): CodeIgniter\CodeIgniter->run()
#9 C:\xampp\htdocs\ci2\system\Commands\Server\rewrite.php(43): require_once('C:\\xampp\\htdocs...')
#10 {main}
ERROR - 2022-06-15 02:08:45 --> You have an error in your SQL syntax; check the manual that corresponds to your MariaDB server version for the right syntax to use near '.id_user LEFT JOIN pemesanan on orders.id =pemesanan.id_pemesanan WHERE order...' at line 1
CRITICAL - 2022-06-15 02:08:45 --> You have an error in your SQL syntax; check the manual that corresponds to your MariaDB server version for the right syntax to use near '.id_user LEFT JOIN pemesanan on orders.id =pemesanan.id_pemesanan WHERE order...' at line 1
#0 C:\xampp\htdocs\ci2\system\Database\MySQLi\Connection.php(292): mysqli->query('SELECT orders.I...', 0)
#1 C:\xampp\htdocs\ci2\system\Database\BaseConnection.php(670): CodeIgniter\Database\MySQLi\Connection->execute('SELECT orders.I...')
#2 C:\xampp\htdocs\ci2\system\Database\BaseConnection.php(598): CodeIgniter\Database\BaseConnection->simpleQuery('SELECT orders.I...')
#3 C:\xampp\htdocs\ci2\system\Model.php(721): CodeIgniter\Database\BaseConnection->query('SELECT orders.I...')
#4 C:\xampp\htdocs\ci2\app\Controllers\Home.php(96): CodeIgniter\Model->__call('query', Array)
#5 C:\xampp\htdocs\ci2\system\CodeIgniter.php(824): App\Controllers\Home->history_approve()
#6 C:\xampp\htdocs\ci2\system\CodeIgniter.php(410): CodeIgniter\CodeIgniter->runController(Object(App\Controllers\Home))
#7 C:\xampp\htdocs\ci2\system\CodeIgniter.php(318): CodeIgniter\CodeIgniter->handleRequest(NULL, Object(Config\Cache), false)
#8 C:\xampp\htdocs\ci2\public\index.php(37): CodeIgniter\CodeIgniter->run()
#9 C:\xampp\htdocs\ci2\system\Commands\Server\rewrite.php(43): require_once('C:\\xampp\\htdocs...')
#10 {main}
CRITICAL - 2022-06-15 02:09:10 --> Undefined index: nip
#0 C:\xampp\htdocs\ci2\app\Views\history_approve.php(31): CodeIgniter\Debug\Exceptions->errorHandler(8, 'Undefined index...', 'C:\\xampp\\htdocs...', 31, Array)
#1 C:\xampp\htdocs\ci2\system\View\View.php(214): include('C:\\xampp\\htdocs...')
#2 C:\xampp\htdocs\ci2\system\View\View.php(217): CodeIgniter\View\View->CodeIgniter\View\{closure}()
#3 C:\xampp\htdocs\ci2\system\Common.php(1097): CodeIgniter\View\View->render('history_approve', Array, true)
#4 C:\xampp\htdocs\ci2\app\Controllers\Home.php(102): view('history_approve', Array)
#5 C:\xampp\htdocs\ci2\system\CodeIgniter.php(824): App\Controllers\Home->history_approve()
#6 C:\xampp\htdocs\ci2\system\CodeIgniter.php(410): CodeIgniter\CodeIgniter->runController(Object(App\Controllers\Home))
#7 C:\xampp\htdocs\ci2\system\CodeIgniter.php(318): CodeIgniter\CodeIgniter->handleRequest(NULL, Object(Config\Cache), false)
#8 C:\xampp\htdocs\ci2\public\index.php(37): CodeIgniter\CodeIgniter->run()
#9 C:\xampp\htdocs\ci2\system\Commands\Server\rewrite.php(43): require_once('C:\\xampp\\htdocs...')
#10 {main}
CRITICAL - 2022-06-15 02:12:29 --> Undefined index: nip
#0 C:\xampp\htdocs\ci2\app\Views\history_approve.php(31): CodeIgniter\Debug\Exceptions->errorHandler(8, 'Undefined index...', 'C:\\xampp\\htdocs...', 31, Array)
#1 C:\xampp\htdocs\ci2\system\View\View.php(214): include('C:\\xampp\\htdocs...')
#2 C:\xampp\htdocs\ci2\system\View\View.php(217): CodeIgniter\View\View->CodeIgniter\View\{closure}()
#3 C:\xampp\htdocs\ci2\system\Common.php(1097): CodeIgniter\View\View->render('history_approve', Array, true)
#4 C:\xampp\htdocs\ci2\app\Controllers\Home.php(102): view('history_approve', Array)
#5 C:\xampp\htdocs\ci2\system\CodeIgniter.php(824): App\Controllers\Home->history_approve()
#6 C:\xampp\htdocs\ci2\system\CodeIgniter.php(410): CodeIgniter\CodeIgniter->runController(Object(App\Controllers\Home))
#7 C:\xampp\htdocs\ci2\system\CodeIgniter.php(318): CodeIgniter\CodeIgniter->handleRequest(NULL, Object(Config\Cache), false)
#8 C:\xampp\htdocs\ci2\public\index.php(37): CodeIgniter\CodeIgniter->run()
#9 C:\xampp\htdocs\ci2\system\Commands\Server\rewrite.php(43): require_once('C:\\xampp\\htdocs...')
#10 {main}
ERROR - 2022-06-15 02:22:57 --> Unknown column 'pemesanan.id' in 'field list'
CRITICAL - 2022-06-15 02:22:57 --> Unknown column 'pemesanan.id' in 'field list'
#0 C:\xampp\htdocs\ci2\system\Database\MySQLi\Connection.php(292): mysqli->query('SELECT orders.I...', 0)
#1 C:\xampp\htdocs\ci2\system\Database\BaseConnection.php(670): CodeIgniter\Database\MySQLi\Connection->execute('SELECT orders.I...')
#2 C:\xampp\htdocs\ci2\system\Database\BaseConnection.php(598): CodeIgniter\Database\BaseConnection->simpleQuery('SELECT orders.I...')
#3 C:\xampp\htdocs\ci2\system\Model.php(721): CodeIgniter\Database\BaseConnection->query('SELECT orders.I...')
#4 C:\xampp\htdocs\ci2\app\Controllers\Home.php(96): CodeIgniter\Model->__call('query', Array)
#5 C:\xampp\htdocs\ci2\system\CodeIgniter.php(824): App\Controllers\Home->history_approve()
#6 C:\xampp\htdocs\ci2\system\CodeIgniter.php(410): CodeIgniter\CodeIgniter->runController(Object(App\Controllers\Home))
#7 C:\xampp\htdocs\ci2\system\CodeIgniter.php(318): CodeIgniter\CodeIgniter->handleRequest(NULL, Object(Config\Cache), false)
#8 C:\xampp\htdocs\ci2\public\index.php(37): CodeIgniter\CodeIgniter->run()
#9 C:\xampp\htdocs\ci2\system\Commands\Server\rewrite.php(43): require_once('C:\\xampp\\htdocs...')
#10 {main}
