CRITICAL - 2022-06-09 04:29:57 --> Undefined index: id
#0 C:\xampp\htdocs\ci2\app\Views\order.php(36): CodeIgniter\Debug\Exceptions->errorHandler(8, 'Undefined index...', 'C:\\xampp\\htdocs...', 36, Array)
#1 C:\xampp\htdocs\ci2\system\View\View.php(214): include('C:\\xampp\\htdocs...')
#2 C:\xampp\htdocs\ci2\system\View\View.php(217): CodeIgniter\View\View->CodeIgniter\View\{closure}()
#3 C:\xampp\htdocs\ci2\system\Common.php(1097): CodeIgniter\View\View->render('order', Array, true)
#4 C:\xampp\htdocs\ci2\app\Controllers\Home.php(39): view('order', Array)
#5 C:\xampp\htdocs\ci2\system\CodeIgniter.php(824): App\Controllers\Home->order()
#6 C:\xampp\htdocs\ci2\system\CodeIgniter.php(410): CodeIgniter\CodeIgniter->runController(Object(App\Controllers\Home))
#7 C:\xampp\htdocs\ci2\system\CodeIgniter.php(318): CodeIgniter\CodeIgniter->handleRequest(NULL, Object(Config\Cache), false)
#8 C:\xampp\htdocs\ci2\public\index.php(37): CodeIgniter\CodeIgniter->run()
#9 C:\xampp\htdocs\ci2\system\Commands\Server\rewrite.php(43): require_once('C:\\xampp\\htdocs...')
#10 {main}
CRITICAL - 2022-06-09 04:37:46 --> Undefined property: App\Controllers\OrderController::$db
#0 C:\xampp\htdocs\ci2\app\Controllers\OrderController.php(199): CodeIgniter\Debug\Exceptions->errorHandler(8, 'Undefined prope...', 'C:\\xampp\\htdocs...', 199, Array)
#1 C:\xampp\htdocs\ci2\system\CodeIgniter.php(824): App\Controllers\OrderController->approve_order('119')
#2 C:\xampp\htdocs\ci2\system\CodeIgniter.php(410): CodeIgniter\CodeIgniter->runController(Object(App\Controllers\OrderController))
#3 C:\xampp\htdocs\ci2\system\CodeIgniter.php(318): CodeIgniter\CodeIgniter->handleRequest(NULL, Object(Config\Cache), false)
#4 C:\xampp\htdocs\ci2\public\index.php(37): CodeIgniter\CodeIgniter->run()
#5 C:\xampp\htdocs\ci2\system\Commands\Server\rewrite.php(43): require_once('C:\\xampp\\htdocs...')
#6 {main}
CRITICAL - 2022-06-09 05:21:26 --> Invalid file: approval_order.php
#0 C:\xampp\htdocs\ci2\system\View\View.php(198): CodeIgniter\Exceptions\FrameworkException::forInvalidFile('approval_order....')
#1 C:\xampp\htdocs\ci2\system\Common.php(1097): CodeIgniter\View\View->render('approval_order', Array, true)
#2 C:\xampp\htdocs\ci2\app\Controllers\Home.php(70): view('approval_order', Array)
#3 C:\xampp\htdocs\ci2\system\CodeIgniter.php(824): App\Controllers\Home->process()
#4 C:\xampp\htdocs\ci2\system\CodeIgniter.php(410): CodeIgniter\CodeIgniter->runController(Object(App\Controllers\Home))
#5 C:\xampp\htdocs\ci2\system\CodeIgniter.php(318): CodeIgniter\CodeIgniter->handleRequest(NULL, Object(Config\Cache), false)
#6 C:\xampp\htdocs\ci2\public\index.php(37): CodeIgniter\CodeIgniter->run()
#7 C:\xampp\htdocs\ci2\system\Commands\Server\rewrite.php(43): require_once('C:\\xampp\\htdocs...')
#8 {main}
CRITICAL - 2022-06-09 05:21:38 --> Invalid file: approval_order.php
#0 C:\xampp\htdocs\ci2\system\View\View.php(198): CodeIgniter\Exceptions\FrameworkException::forInvalidFile('approval_order....')
#1 C:\xampp\htdocs\ci2\system\Common.php(1097): CodeIgniter\View\View->render('approval_order', Array, true)
#2 C:\xampp\htdocs\ci2\app\Controllers\Home.php(70): view('approval_order', Array)
#3 C:\xampp\htdocs\ci2\system\CodeIgniter.php(824): App\Controllers\Home->process()
#4 C:\xampp\htdocs\ci2\system\CodeIgniter.php(410): CodeIgniter\CodeIgniter->runController(Object(App\Controllers\Home))
#5 C:\xampp\htdocs\ci2\system\CodeIgniter.php(318): CodeIgniter\CodeIgniter->handleRequest(NULL, Object(Config\Cache), false)
#6 C:\xampp\htdocs\ci2\public\index.php(37): CodeIgniter\CodeIgniter->run()
#7 C:\xampp\htdocs\ci2\system\Commands\Server\rewrite.php(43): require_once('C:\\xampp\\htdocs...')
#8 {main}
CRITICAL - 2022-06-09 05:23:22 --> Invalid file: approval_order.php
#0 C:\xampp\htdocs\ci2\system\View\View.php(198): CodeIgniter\Exceptions\FrameworkException::forInvalidFile('approval_order....')
#1 C:\xampp\htdocs\ci2\system\Common.php(1097): CodeIgniter\View\View->render('approval_order', Array, true)
#2 C:\xampp\htdocs\ci2\app\Controllers\Home.php(70): view('approval_order', Array)
#3 C:\xampp\htdocs\ci2\system\CodeIgniter.php(824): App\Controllers\Home->process()
#4 C:\xampp\htdocs\ci2\system\CodeIgniter.php(410): CodeIgniter\CodeIgniter->runController(Object(App\Controllers\Home))
#5 C:\xampp\htdocs\ci2\system\CodeIgniter.php(318): CodeIgniter\CodeIgniter->handleRequest(NULL, Object(Config\Cache), false)
#6 C:\xampp\htdocs\ci2\public\index.php(37): CodeIgniter\CodeIgniter->run()
#7 C:\xampp\htdocs\ci2\system\Commands\Server\rewrite.php(43): require_once('C:\\xampp\\htdocs...')
#8 {main}
