CRITICAL - 2023-01-11 10:39:54 --> App\Controllers\OrderController::show_order(): Failed opening required 'C:\xampp73\htdocs\order_mobil\app\\libraries\mailerku/PHPMailer.php' (include_path='C:\xampp73\php\PEAR')
#0 [internal function]: CodeIgniter\Debug\Exceptions->shutdownHandler()
#1 {main}
CRITICAL - 2023-01-11 10:46:04 --> App\Controllers\OrderController::show_order(): Failed opening required 'C:\xampp73\htdocs\order_mobil\app\\libraries\mailerku/PHPMailer.php' (include_path='.;C:\xampp\php\PEAR')
#0 [internal function]: CodeIgniter\Debug\Exceptions->shutdownHandler()
#1 {main}
CRITICAL - 2023-01-11 10:47:57 --> App\Controllers\OrderController::show_order(): Failed opening required 'C:\xampp73\htdocs\order_mobil\app\\libraries\mailerku/PHPMailer.php' (include_path='.;C:\xampp\php\PEAR')
#0 [internal function]: CodeIgniter\Debug\Exceptions->shutdownHandler()
#1 {main}
CRITICAL - 2023-01-11 11:04:34 --> App\Controllers\OrderController::show_order(): Failed opening required 'C:\xampp73\htdocs\order_mobil\app\\Libraries\mailerku/PHPMailer.php' (include_path='C:\xampp73\php\PEAR')
#0 [internal function]: CodeIgniter\Debug\Exceptions->shutdownHandler()
#1 {main}
CRITICAL - 2023-01-11 11:05:01 --> App\Controllers\OrderController::show_order(): Failed opening required 'C:\xampp73\htdocs\order_mobil\app\Libraries\mailerku/PHPMailer.php' (include_path='C:\xampp73\php\PEAR')
#0 [internal function]: CodeIgniter\Debug\Exceptions->shutdownHandler()
#1 {main}
CRITICAL - 2023-01-11 11:07:14 --> App\Controllers\OrderController::show_order(): Failed opening required 'C:\xampp73\htdocs\order_mobil\app\Libraries\mailerku/PHPMailer.php' (include_path='C:\xampp73\php\PEAR')
#0 [internal function]: CodeIgniter\Debug\Exceptions->shutdownHandler()
#1 {main}
CRITICAL - 2023-01-11 11:10:35 --> CodeIgniter\Autoloader\Autoloader::main(): Failed opening required 'mailerku/Exception.php' (include_path='C:\xampp73\php\PEAR')
#0 [internal function]: CodeIgniter\Debug\Exceptions->shutdownHandler()
#1 {main}
CRITICAL - 2023-01-11 11:24:12 --> CodeIgniter\Autoloader\Autoloader::main(): Failed opening required 'mailerku/Exception.php' (include_path='C:\xampp73\php\PEAR')
#0 [internal function]: CodeIgniter\Debug\Exceptions->shutdownHandler()
#1 {main}
CRITICAL - 2023-01-11 11:30:30 --> CodeIgniter\Autoloader\Autoloader::main(): Failed opening required 'mailerku/Exception.php' (include_path='C:\xampp73\php\PEAR')
#0 [internal function]: CodeIgniter\Debug\Exceptions->shutdownHandler()
#1 {main}
CRITICAL - 2023-01-11 11:30:42 --> CodeIgniter\Autoloader\Autoloader::main(): Failed opening required 'mailerku/Exception.php' (include_path='C:\xampp73\php\PEAR')
#0 [internal function]: CodeIgniter\Debug\Exceptions->shutdownHandler()
#1 {main}
CRITICAL - 2023-01-11 11:32:52 --> CodeIgniter\Autoloader\Autoloader::main(): Failed opening required 'mailerku/Exception.php' (include_path='.;C:\xampp\php\PEAR')
#0 [internal function]: CodeIgniter\Debug\Exceptions->shutdownHandler()
#1 {main}
CRITICAL - 2023-01-11 12:48:14 --> CodeIgniter\Autoloader\Autoloader::main(): Failed opening required 'mailerku/Exception.php' (include_path='C:\xampp73\php\PEAR')
#0 [internal function]: CodeIgniter\Debug\Exceptions->shutdownHandler()
#1 {main}
CRITICAL - 2023-01-11 13:18:27 --> CodeIgniter\Autoloader\Autoloader::main(): Failed opening required 'mailerku/Exception.php' (include_path='C:\xampp73\php\PEAR')
#0 [internal function]: CodeIgniter\Debug\Exceptions->shutdownHandler()
#1 {main}
CRITICAL - 2023-01-11 13:18:44 --> notif(): Failed opening required 'libraries\mailerku/PHPMailer.php' (include_path='C:\xampp73\php\PEAR')
#0 [internal function]: CodeIgniter\Debug\Exceptions->shutdownHandler()
#1 {main}
CRITICAL - 2023-01-11 13:19:25 --> notif(): Failed opening required 'C:\xampp73\htdocs\order_mobil\app\\Libraries\mailerku/PHPMailer.php' (include_path='C:\xampp73\php\PEAR')
#0 [internal function]: CodeIgniter\Debug\Exceptions->shutdownHandler()
#1 {main}
CRITICAL - 2023-01-11 13:19:50 --> notif(): Failed opening required 'C:\xampp73\htdocs\order_mobil\app\Libraries\mailerku/PHPMailer.php' (include_path='C:\xampp73\php\PEAR')
#0 [internal function]: CodeIgniter\Debug\Exceptions->shutdownHandler()
#1 {main}
CRITICAL - 2023-01-11 13:20:42 --> notif(): Failed opening required 'C:\xampp73\htdocs\order_mobil\app\Libraries\mailerku/PHPMailer.php' (include_path='C:\xampp73\php\PEAR')
#0 [internal function]: CodeIgniter\Debug\Exceptions->shutdownHandler()
#1 {main}
CRITICAL - 2023-01-11 13:29:44 --> notif(): Failed opening required 'C:\xampp73\htdocs\order_mobil\app\Libraries\mailerku\PHPMailer.php' (include_path='C:\xampp73\php\PEAR')
#0 [internal function]: CodeIgniter\Debug\Exceptions->shutdownHandler()
#1 {main}
CRITICAL - 2023-01-11 13:29:45 --> notif(): Failed opening required 'C:\xampp73\htdocs\order_mobil\app\Libraries\mailerku\PHPMailer.php' (include_path='C:\xampp73\php\PEAR')
#0 [internal function]: CodeIgniter\Debug\Exceptions->shutdownHandler()
#1 {main}
CRITICAL - 2023-01-11 13:29:46 --> notif(): Failed opening required 'C:\xampp73\htdocs\order_mobil\app\Libraries\mailerku\PHPMailer.php' (include_path='C:\xampp73\php\PEAR')
#0 [internal function]: CodeIgniter\Debug\Exceptions->shutdownHandler()
#1 {main}
CRITICAL - 2023-01-11 13:29:47 --> notif(): Failed opening required 'C:\xampp73\htdocs\order_mobil\app\Libraries\mailerku\PHPMailer.php' (include_path='C:\xampp73\php\PEAR')
#0 [internal function]: CodeIgniter\Debug\Exceptions->shutdownHandler()
#1 {main}
CRITICAL - 2023-01-11 13:29:48 --> notif(): Failed opening required 'C:\xampp73\htdocs\order_mobil\app\Libraries\mailerku\PHPMailer.php' (include_path='C:\xampp73\php\PEAR')
#0 [internal function]: CodeIgniter\Debug\Exceptions->shutdownHandler()
#1 {main}
CRITICAL - 2023-01-11 13:30:14 --> notif(): Failed opening required 'C:\xampp73\htdocs\order_mobil\app\Libraries\mailerku\PHPMailer.php' (include_path='C:\xampp73\php\PEAR')
#0 [internal function]: CodeIgniter\Debug\Exceptions->shutdownHandler()
#1 {main}
CRITICAL - 2023-01-11 13:33:09 --> notif(): Failed opening required 'PHPMailer.php' (include_path='C:\xampp73\php\PEAR')
#0 [internal function]: CodeIgniter\Debug\Exceptions->shutdownHandler()
#1 {main}
CRITICAL - 2023-01-11 13:34:39 --> include(PHPMailer.php): failed to open stream: No such file or directory
#0 C:\xampp73\htdocs\order_mobil\app\Helpers\custom_helper.php(18): CodeIgniter\Debug\Exceptions->errorHandler(2, 'include(PHPMail...', 'C:\\xampp73\\htdo...', 18, Array)
#1 C:\xampp73\htdocs\order_mobil\app\Helpers\custom_helper.php(18): include()
#2 C:\xampp73\htdocs\order_mobil\app\Controllers\OrderController.php(162): notif()
#3 C:\xampp73\htdocs\order_mobil\system\CodeIgniter.php(824): App\Controllers\OrderController->show_order('124', 'MBL001')
#4 C:\xampp73\htdocs\order_mobil\system\CodeIgniter.php(410): CodeIgniter\CodeIgniter->runController(Object(App\Controllers\OrderController))
#5 C:\xampp73\htdocs\order_mobil\system\CodeIgniter.php(318): CodeIgniter\CodeIgniter->handleRequest(NULL, Object(Config\Cache), false)
#6 C:\xampp73\htdocs\order_mobil\index.php(37): CodeIgniter\CodeIgniter->run()
#7 {main}
CRITICAL - 2023-01-11 13:37:09 --> include(mailerku/PHPMailer.php): failed to open stream: No such file or directory
#0 C:\xampp73\htdocs\order_mobil\app\Helpers\custom_helper.php(10): CodeIgniter\Debug\Exceptions->errorHandler(2, 'include(mailerk...', 'C:\\xampp73\\htdo...', 10, Array)
#1 C:\xampp73\htdocs\order_mobil\app\Helpers\custom_helper.php(10): include()
#2 C:\xampp73\htdocs\order_mobil\system\Common.php(633): include_once('C:\\xampp73\\htdo...')
#3 C:\xampp73\htdocs\order_mobil\system\Controller.php(85): helper(Array)
#4 C:\xampp73\htdocs\order_mobil\app\Controllers\BaseController.php(35): CodeIgniter\Controller->initController(Object(CodeIgniter\HTTP\IncomingRequest), Object(CodeIgniter\HTTP\Response), Object(CodeIgniter\Log\Logger))
#5 C:\xampp73\htdocs\order_mobil\system\CodeIgniter.php(802): App\Controllers\BaseController->initController(Object(CodeIgniter\HTTP\IncomingRequest), Object(CodeIgniter\HTTP\Response), Object(CodeIgniter\Log\Logger))
#6 C:\xampp73\htdocs\order_mobil\system\CodeIgniter.php(401): CodeIgniter\CodeIgniter->createController()
#7 C:\xampp73\htdocs\order_mobil\system\CodeIgniter.php(318): CodeIgniter\CodeIgniter->handleRequest(NULL, Object(Config\Cache), false)
#8 C:\xampp73\htdocs\order_mobil\index.php(37): CodeIgniter\CodeIgniter->run()
#9 {main}
CRITICAL - 2023-01-11 13:37:12 --> include(mailerku/PHPMailer.php): failed to open stream: No such file or directory
#0 C:\xampp73\htdocs\order_mobil\app\Helpers\custom_helper.php(10): CodeIgniter\Debug\Exceptions->errorHandler(2, 'include(mailerk...', 'C:\\xampp73\\htdo...', 10, Array)
#1 C:\xampp73\htdocs\order_mobil\app\Helpers\custom_helper.php(10): include()
#2 C:\xampp73\htdocs\order_mobil\system\Common.php(633): include_once('C:\\xampp73\\htdo...')
#3 C:\xampp73\htdocs\order_mobil\system\Controller.php(85): helper(Array)
#4 C:\xampp73\htdocs\order_mobil\app\Controllers\BaseController.php(35): CodeIgniter\Controller->initController(Object(CodeIgniter\HTTP\IncomingRequest), Object(CodeIgniter\HTTP\Response), Object(CodeIgniter\Log\Logger))
#5 C:\xampp73\htdocs\order_mobil\system\CodeIgniter.php(802): App\Controllers\BaseController->initController(Object(CodeIgniter\HTTP\IncomingRequest), Object(CodeIgniter\HTTP\Response), Object(CodeIgniter\Log\Logger))
#6 C:\xampp73\htdocs\order_mobil\system\CodeIgniter.php(401): CodeIgniter\CodeIgniter->createController()
#7 C:\xampp73\htdocs\order_mobil\system\CodeIgniter.php(318): CodeIgniter\CodeIgniter->handleRequest(NULL, Object(Config\Cache), false)
#8 C:\xampp73\htdocs\order_mobil\index.php(37): CodeIgniter\CodeIgniter->run()
#9 {main}
CRITICAL - 2023-01-11 13:38:49 --> include(mailerku/Exception.php): failed to open stream: No such file or directory
#0 C:\xampp73\htdocs\order_mobil\app\Helpers\custom_helper.php(10): CodeIgniter\Debug\Exceptions->errorHandler(2, 'include(mailerk...', 'C:\\xampp73\\htdo...', 10, Array)
#1 C:\xampp73\htdocs\order_mobil\app\Helpers\custom_helper.php(10): include()
#2 C:\xampp73\htdocs\order_mobil\system\Common.php(633): include_once('C:\\xampp73\\htdo...')
#3 C:\xampp73\htdocs\order_mobil\system\Controller.php(85): helper(Array)
#4 C:\xampp73\htdocs\order_mobil\app\Controllers\BaseController.php(35): CodeIgniter\Controller->initController(Object(CodeIgniter\HTTP\IncomingRequest), Object(CodeIgniter\HTTP\Response), Object(CodeIgniter\Log\Logger))
#5 C:\xampp73\htdocs\order_mobil\system\CodeIgniter.php(802): App\Controllers\BaseController->initController(Object(CodeIgniter\HTTP\IncomingRequest), Object(CodeIgniter\HTTP\Response), Object(CodeIgniter\Log\Logger))
#6 C:\xampp73\htdocs\order_mobil\system\CodeIgniter.php(401): CodeIgniter\CodeIgniter->createController()
#7 C:\xampp73\htdocs\order_mobil\system\CodeIgniter.php(318): CodeIgniter\CodeIgniter->handleRequest(NULL, Object(Config\Cache), false)
#8 C:\xampp73\htdocs\order_mobil\index.php(37): CodeIgniter\CodeIgniter->run()
#9 {main}
CRITICAL - 2023-01-11 13:39:40 --> include(/mailerku/Exception.php): failed to open stream: No such file or directory
#0 C:\xampp73\htdocs\order_mobil\app\Helpers\custom_helper.php(11): CodeIgniter\Debug\Exceptions->errorHandler(2, 'include(/mailer...', 'C:\\xampp73\\htdo...', 11, Array)
#1 C:\xampp73\htdocs\order_mobil\app\Helpers\custom_helper.php(11): include()
#2 C:\xampp73\htdocs\order_mobil\system\Common.php(633): include_once('C:\\xampp73\\htdo...')
#3 C:\xampp73\htdocs\order_mobil\system\Controller.php(85): helper(Array)
#4 C:\xampp73\htdocs\order_mobil\app\Controllers\BaseController.php(35): CodeIgniter\Controller->initController(Object(CodeIgniter\HTTP\IncomingRequest), Object(CodeIgniter\HTTP\Response), Object(CodeIgniter\Log\Logger))
#5 C:\xampp73\htdocs\order_mobil\system\CodeIgniter.php(802): App\Controllers\BaseController->initController(Object(CodeIgniter\HTTP\IncomingRequest), Object(CodeIgniter\HTTP\Response), Object(CodeIgniter\Log\Logger))
#6 C:\xampp73\htdocs\order_mobil\system\CodeIgniter.php(401): CodeIgniter\CodeIgniter->createController()
#7 C:\xampp73\htdocs\order_mobil\system\CodeIgniter.php(318): CodeIgniter\CodeIgniter->handleRequest(NULL, Object(Config\Cache), false)
#8 C:\xampp73\htdocs\order_mobil\index.php(37): CodeIgniter\CodeIgniter->run()
#9 {main}
CRITICAL - 2023-01-11 13:42:49 --> Class 'PHPMailer\PHPMailer\PHPMailer' not found
#0 C:\xampp73\htdocs\order_mobil\app\Controllers\OrderController.php(162): notif()
#1 C:\xampp73\htdocs\order_mobil\system\CodeIgniter.php(824): App\Controllers\OrderController->show_order('124', 'MBL001')
#2 C:\xampp73\htdocs\order_mobil\system\CodeIgniter.php(410): CodeIgniter\CodeIgniter->runController(Object(App\Controllers\OrderController))
#3 C:\xampp73\htdocs\order_mobil\system\CodeIgniter.php(318): CodeIgniter\CodeIgniter->handleRequest(NULL, Object(Config\Cache), false)
#4 C:\xampp73\htdocs\order_mobil\index.php(37): CodeIgniter\CodeIgniter->run()
#5 {main}
CRITICAL - 2023-01-11 13:46:31 --> Class 'PHPMailer' not found
#0 C:\xampp73\htdocs\order_mobil\app\Controllers\OrderController.php(162): notif()
#1 C:\xampp73\htdocs\order_mobil\system\CodeIgniter.php(824): App\Controllers\OrderController->show_order('124', 'MBL001')
#2 C:\xampp73\htdocs\order_mobil\system\CodeIgniter.php(410): CodeIgniter\CodeIgniter->runController(Object(App\Controllers\OrderController))
#3 C:\xampp73\htdocs\order_mobil\system\CodeIgniter.php(318): CodeIgniter\CodeIgniter->handleRequest(NULL, Object(Config\Cache), false)
#4 C:\xampp73\htdocs\order_mobil\index.php(37): CodeIgniter\CodeIgniter->run()
#5 {main}
