CRITICAL - 2022-08-18 13:34:16 --> Call to undefined method App\Models\OrderModel::getResultArray
#0 C:\xampp73\htdocs\order_mobil\app\Controllers\Home.php(78): CodeIgniter\Model->__call('getResultArray', Array)
#1 C:\xampp73\htdocs\order_mobil\system\CodeIgniter.php(824): App\Controllers\Home->history()
#2 C:\xampp73\htdocs\order_mobil\system\CodeIgniter.php(410): CodeIgniter\CodeIgniter->runController(Object(App\Controllers\Home))
#3 C:\xampp73\htdocs\order_mobil\system\CodeIgniter.php(318): CodeIgniter\CodeIgniter->handleRequest(NULL, Object(Config\Cache), false)
#4 C:\xampp73\htdocs\order_mobil\index.php(37): CodeIgniter\CodeIgniter->run()
#5 {main}
CRITICAL - 2022-08-18 13:34:54 --> Call to undefined method App\Models\OrderModel::getResultArray
#0 C:\xampp73\htdocs\order_mobil\app\Controllers\Home.php(79): CodeIgniter\Model->__call('getResultArray', Array)
#1 C:\xampp73\htdocs\order_mobil\system\CodeIgniter.php(824): App\Controllers\Home->history()
#2 C:\xampp73\htdocs\order_mobil\system\CodeIgniter.php(410): CodeIgniter\CodeIgniter->runController(Object(App\Controllers\Home))
#3 C:\xampp73\htdocs\order_mobil\system\CodeIgniter.php(318): CodeIgniter\CodeIgniter->handleRequest(NULL, Object(Config\Cache), false)
#4 C:\xampp73\htdocs\order_mobil\index.php(37): CodeIgniter\CodeIgniter->run()
#5 {main}
CRITICAL - 2022-08-18 13:35:36 --> Call to undefined method App\Models\OrderModel::getResult
#0 C:\xampp73\htdocs\order_mobil\app\Controllers\Home.php(79): CodeIgniter\Model->__call('getResult', Array)
#1 C:\xampp73\htdocs\order_mobil\system\CodeIgniter.php(824): App\Controllers\Home->history()
#2 C:\xampp73\htdocs\order_mobil\system\CodeIgniter.php(410): CodeIgniter\CodeIgniter->runController(Object(App\Controllers\Home))
#3 C:\xampp73\htdocs\order_mobil\system\CodeIgniter.php(318): CodeIgniter\CodeIgniter->handleRequest(NULL, Object(Config\Cache), false)
#4 C:\xampp73\htdocs\order_mobil\index.php(37): CodeIgniter\CodeIgniter->run()
#5 {main}
CRITICAL - 2022-08-18 13:35:47 --> count(): Parameter must be an array or an object that implements Countable
#0 [internal function]: CodeIgniter\Debug\Exceptions->errorHandler(2, 'count(): Parame...', 'C:\\xampp73\\htdo...', 80, Array)
#1 C:\xampp73\htdocs\order_mobil\app\Controllers\Home.php(80): count(Object(CodeIgniter\Database\MySQLi\Result))
#2 C:\xampp73\htdocs\order_mobil\system\CodeIgniter.php(824): App\Controllers\Home->history()
#3 C:\xampp73\htdocs\order_mobil\system\CodeIgniter.php(410): CodeIgniter\CodeIgniter->runController(Object(App\Controllers\Home))
#4 C:\xampp73\htdocs\order_mobil\system\CodeIgniter.php(318): CodeIgniter\CodeIgniter->handleRequest(NULL, Object(Config\Cache), false)
#5 C:\xampp73\htdocs\order_mobil\index.php(37): CodeIgniter\CodeIgniter->run()
#6 {main}
